[0m[7m[1m[31m FAIL [39m[22m[27m[0m [2msrc/app/services/[22m[1mrelease.service.spec.ts[22m
[1m[31m  [1m‚óè [22m[1mReleaseService ‚Ä∫ should be created[39m[22m

    Expected one matching request for criteria "Match URL: http://localhost:3000/api/releases", found none.
[2m[22m
[2m    [0m [90m 29 |[39m[22m
[2m     [90m 30 |[39m         [90m// Handle initial loadReleases call from constructor[39m[22m
[2m    [31m[1m>[22m[2m[39m[90m 31 |[39m         [36mconst[39m req [33m=[39m httpMock[33m.[39mexpectOne(apiUrl)[33m;[39m[22m
[2m     [90m    |[39m                              [31m[1m^[22m[2m[39m[22m
[2m     [90m 32 |[39m         expect(req[33m.[39mrequest[33m.[39mmethod)[33m.[39mtoBe([32m'GET'[39m)[33m;[39m[22m
[2m     [90m 33 |[39m         req[33m.[39mflush([])[33m;[39m[22m
[2m     [90m 34 |[39m     })[33m;[39m[0m[22m
[2m[22m
[2m      [2mat _HttpClientTestingBackend.expectOne ([22m[2mnode_modules/@angular/common/fesm2022/http/testing.mjs[2m:273:19)[22m[2m[22m
[2m      [2mat [22m[2m[0m[36msrc/app/services/release.service.spec.ts[39m[0m[2m:31:30[22m[2m[22m
[2m      [2mat _ZoneDelegate.invoke ([22m[2mnode_modules/zone.js/bundles/zone.umd.js[2m:410:32)[22m[2m[22m
[2m      [2mat ProxyZoneSpec.onInvoke ([22m[2mnode_modules/zone.js/bundles/zone-testing.umd.js[2m:2219:43)[22m[2m[22m
[2m      [2mat _ZoneDelegate.invoke ([22m[2mnode_modules/zone.js/bundles/zone.umd.js[2m:409:38)[22m[2m[22m
[2m      [2mat ZoneImpl.run ([22m[2mnode_modules/zone.js/bundles/zone.umd.js[2m:145:47)[22m[2m[22m
[2m      [2mat Object.wrappedFunc ([22m[2mnode_modules/zone.js/bundles/zone-testing.umd.js[2m:449:38)[22m[2m[22m

[1m[31m  [1m‚óè [22m[1mReleaseService ‚Ä∫ should load releases[39m[22m

    Expected one matching request for criteria "Match URL: http://localhost:3000/api/releases", found none.
[2m[22m
[2m    [0m [90m 29 |[39m[22m
[2m     [90m 30 |[39m         [90m// Handle initial loadReleases call from constructor[39m[22m
[2m    [31m[1m>[22m[2m[39m[90m 31 |[39m         [36mconst[39m req [33m=[39m httpMock[33m.[39mexpectOne(apiUrl)[33m;[39m[22m
[2m     [90m    |[39m                              [31m[1m^[22m[2m[39m[22m
[2m     [90m 32 |[39m         expect(req[33m.[39mrequest[33m.[39mmethod)[33m.[39mtoBe([32m'GET'[39m)[33m;[39m[22m
[2m     [90m 33 |[39m         req[33m.[39mflush([])[33m;[39m[22m
[2m     [90m 34 |[39m     })[33m;[39m[0m[22m
[2m[22m
[2m      [2mat _HttpClientTestingBackend.expectOne ([22m[2mnode_modules/@angular/common/fesm2022/http/testing.mjs[2m:273:19)[22m[2m[22m
[2m      [2mat [22m[2m[0m[36msrc/app/services/release.service.spec.ts[39m[0m[2m:31:30[22m[2m[22m
[2m      [2mat _ZoneDelegate.invoke ([22m[2mnode_modules/zone.js/bundles/zone.umd.js[2m:410:32)[22m[2m[22m
[2m      [2mat ProxyZoneSpec.onInvoke ([22m[2mnode_modules/zone.js/bundles/zone-testing.umd.js[2m:2219:43)[22m[2m[22m
[2m      [2mat _ZoneDelegate.invoke ([22m[2mnode_modules/zone.js/bundles/zone.umd.js[2m:409:38)[22m[2m[22m
[2m      [2mat ZoneImpl.run ([22m[2mnode_modules/zone.js/bundles/zone.umd.js[2m:145:47)[22m[2m[22m
[2m      [2mat Object.wrappedFunc ([22m[2mnode_modules/zone.js/bundles/zone-testing.umd.js[2m:449:38)[22m[2m[22m

[1m[31m  [1m‚óè [22m[1mReleaseService ‚Ä∫ should get release[39m[22m

    Expected one matching request for criteria "Match URL: http://localhost:3000/api/releases", found none.
[2m[22m
[2m    [0m [90m 29 |[39m[22m
[2m     [90m 30 |[39m         [90m// Handle initial loadReleases call from constructor[39m[22m
[2m    [31m[1m>[22m[2m[39m[90m 31 |[39m         [36mconst[39m req [33m=[39m httpMock[33m.[39mexpectOne(apiUrl)[33m;[39m[22m
[2m     [90m    |[39m                              [31m[1m^[22m[2m[39m[22m
[2m     [90m 32 |[39m         expect(req[33m.[39mrequest[33m.[39mmethod)[33m.[39mtoBe([32m'GET'[39m)[33m;[39m[22m
[2m     [90m 33 |[39m         req[33m.[39mflush([])[33m;[39m[22m
[2m     [90m 34 |[39m     })[33m;[39m[0m[22m
[2m[22m
[2m      [2mat _HttpClientTestingBackend.expectOne ([22m[2mnode_modules/@angular/common/fesm2022/http/testing.mjs[2m:273:19)[22m[2m[22m
[2m      [2mat [22m[2m[0m[36msrc/app/services/release.service.spec.ts[39m[0m[2m:31:30[22m[2m[22m
[2m      [2mat _ZoneDelegate.invoke ([22m[2mnode_modules/zone.js/bundles/zone.umd.js[2m:410:32)[22m[2m[22m
[2m      [2mat ProxyZoneSpec.onInvoke ([22m[2mnode_modules/zone.js/bundles/zone-testing.umd.js[2m:2219:43)[22m[2m[22m
[2m      [2mat _ZoneDelegate.invoke ([22m[2mnode_modules/zone.js/bundles/zone.umd.js[2m:409:38)[22m[2m[22m
[2m      [2mat ZoneImpl.run ([22m[2mnode_modules/zone.js/bundles/zone.umd.js[2m:145:47)[22m[2m[22m
[2m      [2mat Object.wrappedFunc ([22m[2mnode_modules/zone.js/bundles/zone-testing.umd.js[2m:449:38)[22m[2m[22m

[1m[31m  [1m‚óè [22m[1mReleaseService ‚Ä∫ should create release[39m[22m

    Expected one matching request for criteria "Match URL: http://localhost:3000/api/releases", found none.
[2m[22m
[2m    [0m [90m 29 |[39m[22m
[2m     [90m 30 |[39m         [90m// Handle initial loadReleases call from constructor[39m[22m
[2m    [31m[1m>[22m[2m[39m[90m 31 |[39m         [36mconst[39m req [33m=[39m httpMock[33m.[39mexpectOne(apiUrl)[33m;[39m[22m
[2m     [90m    |[39m                              [31m[1m^[22m[2m[39m[22m
[2m     [90m 32 |[39m         expect(req[33m.[39mrequest[33m.[39mmethod)[33m.[39mtoBe([32m'GET'[39m)[33m;[39m[22m
[2m     [90m 33 |[39m         req[33m.[39mflush([])[33m;[39m[22m
[2m     [90m 34 |[39m     })[33m;[39m[0m[22m
[2m[22m
[2m      [2mat _HttpClientTestingBackend.expectOne ([22m[2mnode_modules/@angular/common/fesm2022/http/testing.mjs[2m:273:19)[22m[2m[22m
[2m      [2mat [22m[2m[0m[36msrc/app/services/release.service.spec.ts[39m[0m[2m:31:30[22m[2m[22m
[2m      [2mat _ZoneDelegate.invoke ([22m[2mnode_modules/zone.js/bundles/zone.umd.js[2m:410:32)[22m[2m[22m
[2m      [2mat ProxyZoneSpec.onInvoke ([22m[2mnode_modules/zone.js/bundles/zone-testing.umd.js[2m:2219:43)[22m[2m[22m
[2m      [2mat _ZoneDelegate.invoke ([22m[2mnode_modules/zone.js/bundles/zone.umd.js[2m:409:38)[22m[2m[22m
[2m      [2mat ZoneImpl.run ([22m[2mnode_modules/zone.js/bundles/zone.umd.js[2m:145:47)[22m[2m[22m
[2m      [2mat Object.wrappedFunc ([22m[2mnode_modules/zone.js/bundles/zone-testing.umd.js[2m:449:38)[22m[2m[22m

[1m[31m  [1m‚óè [22m[1mReleaseService ‚Ä∫ should update release[39m[22m

    Expected one matching request for criteria "Match URL: http://localhost:3000/api/releases", found none.
[2m[22m
[2m    [0m [90m 29 |[39m[22m
[2m     [90m 30 |[39m         [90m// Handle initial loadReleases call from constructor[39m[22m
[2m    [31m[1m>[22m[2m[39m[90m 31 |[39m         [36mconst[39m req [33m=[39m httpMock[33m.[39mexpectOne(apiUrl)[33m;[39m[22m
[2m     [90m    |[39m                              [31m[1m^[22m[2m[39m[22m
[2m     [90m 32 |[39m         expect(req[33m.[39mrequest[33m.[39mmethod)[33m.[39mtoBe([32m'GET'[39m)[33m;[39m[22m
[2m     [90m 33 |[39m         req[33m.[39mflush([])[33m;[39m[22m
[2m     [90m 34 |[39m     })[33m;[39m[0m[22m
[2m[22m
[2m      [2mat _HttpClientTestingBackend.expectOne ([22m[2mnode_modules/@angular/common/fesm2022/http/testing.mjs[2m:273:19)[22m[2m[22m
[2m      [2mat [22m[2m[0m[36msrc/app/services/release.service.spec.ts[39m[0m[2m:31:30[22m[2m[22m
[2m      [2mat _ZoneDelegate.invoke ([22m[2mnode_modules/zone.js/bundles/zone.umd.js[2m:410:32)[22m[2m[22m
[2m      [2mat ProxyZoneSpec.onInvoke ([22m[2mnode_modules/zone.js/bundles/zone-testing.umd.js[2m:2219:43)[22m[2m[22m
[2m      [2mat _ZoneDelegate.invoke ([22m[2mnode_modules/zone.js/bundles/zone.umd.js[2m:409:38)[22m[2m[22m
[2m      [2mat ZoneImpl.run ([22m[2mnode_modules/zone.js/bundles/zone.umd.js[2m:145:47)[22m[2m[22m
[2m      [2mat Object.wrappedFunc ([22m[2mnode_modules/zone.js/bundles/zone-testing.umd.js[2m:449:38)[22m[2m[22m

[1m[31m  [1m‚óè [22m[1mReleaseService ‚Ä∫ should delete release[39m[22m

    Expected one matching request for criteria "Match URL: http://localhost:3000/api/releases", found none.
[2m[22m
[2m    [0m [90m 29 |[39m[22m
[2m     [90m 30 |[39m         [90m// Handle initial loadReleases call from constructor[39m[22m
[2m    [31m[1m>[22m[2m[39m[90m 31 |[39m         [36mconst[39m req [33m=[39m httpMock[33m.[39mexpectOne(apiUrl)[33m;[39m[22m
[2m     [90m    |[39m                              [31m[1m^[22m[2m[39m[22m
[2m     [90m 32 |[39m         expect(req[33m.[39mrequest[33m.[39mmethod)[33m.[39mtoBe([32m'GET'[39m)[33m;[39m[22m
[2m     [90m 33 |[39m         req[33m.[39mflush([])[33m;[39m[22m
[2m     [90m 34 |[39m     })[33m;[39m[0m[22m
[2m[22m
[2m      [2mat _HttpClientTestingBackend.expectOne ([22m[2mnode_modules/@angular/common/fesm2022/http/testing.mjs[2m:273:19)[22m[2m[22m
[2m      [2mat [22m[2m[0m[36msrc/app/services/release.service.spec.ts[39m[0m[2m:31:30[22m[2m[22m
[2m      [2mat _ZoneDelegate.invoke ([22m[2mnode_modules/zone.js/bundles/zone.umd.js[2m:410:32)[22m[2m[22m
[2m      [2mat ProxyZoneSpec.onInvoke ([22m[2mnode_modules/zone.js/bundles/zone-testing.umd.js[2m:2219:43)[22m[2m[22m
[2m      [2mat _ZoneDelegate.invoke ([22m[2mnode_modules/zone.js/bundles/zone.umd.js[2m:409:38)[22m[2m[22m
[2m      [2mat ZoneImpl.run ([22m[2mnode_modules/zone.js/bundles/zone.umd.js[2m:145:47)[22m[2m[22m
[2m      [2mat Object.wrappedFunc ([22m[2mnode_modules/zone.js/bundles/zone-testing.umd.js[2m:449:38)[22m[2m[22m

[1m[31m  [1m‚óè [22m[1mReleaseService ‚Ä∫ should add feature[39m[22m

    Expected one matching request for criteria "Match URL: http://localhost:3000/api/releases", found none.
[2m[22m
[2m    [0m [90m 29 |[39m[22m
[2m     [90m 30 |[39m         [90m// Handle initial loadReleases call from constructor[39m[22m
[2m    [31m[1m>[22m[2m[39m[90m 31 |[39m         [36mconst[39m req [33m=[39m httpMock[33m.[39mexpectOne(apiUrl)[33m;[39m[22m
[2m     [90m    |[39m                              [31m[1m^[22m[2m[39m[22m
[2m     [90m 32 |[39m         expect(req[33m.[39mrequest[33m.[39mmethod)[33m.[39mtoBe([32m'GET'[39m)[33m;[39m[22m
[2m     [90m 33 |[39m         req[33m.[39mflush([])[33m;[39m[22m
[2m     [90m 34 |[39m     })[33m;[39m[0m[22m
[2m[22m
[2m      [2mat _HttpClientTestingBackend.expectOne ([22m[2mnode_modules/@angular/common/fesm2022/http/testing.mjs[2m:273:19)[22m[2m[22m
[2m      [2mat [22m[2m[0m[36msrc/app/services/release.service.spec.ts[39m[0m[2m:31:30[22m[2m[22m
[2m      [2mat _ZoneDelegate.invoke ([22m[2mnode_modules/zone.js/bundles/zone.umd.js[2m:410:32)[22m[2m[22m
[2m      [2mat ProxyZoneSpec.onInvoke ([22m[2mnode_modules/zone.js/bundles/zone-testing.umd.js[2m:2219:43)[22m[2m[22m
[2m      [2mat _ZoneDelegate.invoke ([22m[2mnode_modules/zone.js/bundles/zone.umd.js[2m:409:38)[22m[2m[22m
[2m      [2mat ZoneImpl.run ([22m[2mnode_modules/zone.js/bundles/zone.umd.js[2m:145:47)[22m[2m[22m
[2m      [2mat Object.wrappedFunc ([22m[2mnode_modules/zone.js/bundles/zone-testing.umd.js[2m:449:38)[22m[2m[22m

[1m[31m  [1m‚óè [22m[1mReleaseService ‚Ä∫ should update feature[39m[22m

    Expected one matching request for criteria "Match URL: http://localhost:3000/api/releases", found none.
[2m[22m
[2m    [0m [90m 29 |[39m[22m
[2m     [90m 30 |[39m         [90m// Handle initial loadReleases call from constructor[39m[22m
[2m    [31m[1m>[22m[2m[39m[90m 31 |[39m         [36mconst[39m req [33m=[39m httpMock[33m.[39mexpectOne(apiUrl)[33m;[39m[22m
[2m     [90m    |[39m                              [31m[1m^[22m[2m[39m[22m
[2m     [90m 32 |[39m         expect(req[33m.[39mrequest[33m.[39mmethod)[33m.[39mtoBe([32m'GET'[39m)[33m;[39m[22m
[2m     [90m 33 |[39m         req[33m.[39mflush([])[33m;[39m[22m
[2m     [90m 34 |[39m     })[33m;[39m[0m[22m
[2m[22m
[2m      [2mat _HttpClientTestingBackend.expectOne ([22m[2mnode_modules/@angular/common/fesm2022/http/testing.mjs[2m:273:19)[22m[2m[22m
[2m      [2mat [22m[2m[0m[36msrc/app/services/release.service.spec.ts[39m[0m[2m:31:30[22m[2m[22m
[2m      [2mat _ZoneDelegate.invoke ([22m[2mnode_modules/zone.js/bundles/zone.umd.js[2m:410:32)[22m[2m[22m
[2m      [2mat ProxyZoneSpec.onInvoke ([22m[2mnode_modules/zone.js/bundles/zone-testing.umd.js[2m:2219:43)[22m[2m[22m
[2m      [2mat _ZoneDelegate.invoke ([22m[2mnode_modules/zone.js/bundles/zone.umd.js[2m:409:38)[22m[2m[22m
[2m      [2mat ZoneImpl.run ([22m[2mnode_modules/zone.js/bundles/zone.umd.js[2m:145:47)[22m[2m[22m
[2m      [2mat Object.wrappedFunc ([22m[2mnode_modules/zone.js/bundles/zone-testing.umd.js[2m:449:38)[22m[2m[22m

[1m[31m  [1m‚óè [22m[1mReleaseService ‚Ä∫ should delete feature[39m[22m

    Expected one matching request for criteria "Match URL: http://localhost:3000/api/releases", found none.
[2m[22m
[2m    [0m [90m 29 |[39m[22m
[2m     [90m 30 |[39m         [90m// Handle initial loadReleases call from constructor[39m[22m
[2m    [31m[1m>[22m[2m[39m[90m 31 |[39m         [36mconst[39m req [33m=[39m httpMock[33m.[39mexpectOne(apiUrl)[33m;[39m[22m
[2m     [90m    |[39m                              [31m[1m^[22m[2m[39m[22m
[2m     [90m 32 |[39m         expect(req[33m.[39mrequest[33m.[39mmethod)[33m.[39mtoBe([32m'GET'[39m)[33m;[39m[22m
[2m     [90m 33 |[39m         req[33m.[39mflush([])[33m;[39m[22m
[2m     [90m 34 |[39m     })[33m;[39m[0m[22m
[2m[22m
[2m      [2mat _HttpClientTestingBackend.expectOne ([22m[2mnode_modules/@angular/common/fesm2022/http/testing.mjs[2m:273:19)[22m[2m[22m
[2m      [2mat [22m[2m[0m[36msrc/app/services/release.service.spec.ts[39m[0m[2m:31:30[22m[2m[22m
[2m      [2mat _ZoneDelegate.invoke ([22m[2mnode_modules/zone.js/bundles/zone.umd.js[2m:410:32)[22m[2m[22m
[2m      [2mat ProxyZoneSpec.onInvoke ([22m[2mnode_modules/zone.js/bundles/zone-testing.umd.js[2m:2219:43)[22m[2m[22m
[2m      [2mat _ZoneDelegate.invoke ([22m[2mnode_modules/zone.js/bundles/zone.umd.js[2m:409:38)[22m[2m[22m
[2m      [2mat ZoneImpl.run ([22m[2mnode_modules/zone.js/bundles/zone.umd.js[2m:145:47)[22m[2m[22m
[2m      [2mat Object.wrappedFunc ([22m[2mnode_modules/zone.js/bundles/zone-testing.umd.js[2m:449:38)[22m[2m[22m

[1m[31m  [1m‚óè [22m[1mReleaseService ‚Ä∫ should add action[39m[22m

    Expected one matching request for criteria "Match URL: http://localhost:3000/api/releases", found none.
[2m[22m
[2m    [0m [90m 29 |[39m[22m
[2m     [90m 30 |[39m         [90m// Handle initial loadReleases call from constructor[39m[22m
[2m    [31m[1m>[22m[2m[39m[90m 31 |[39m         [36mconst[39m req [33m=[39m httpMock[33m.[39mexpectOne(apiUrl)[33m;[39m[22m
[2m     [90m    |[39m                              [31m[1m^[22m[2m[39m[22m
[2m     [90m 32 |[39m         expect(req[33m.[39mrequest[33m.[39mmethod)[33m.[39mtoBe([32m'GET'[39m)[33m;[39m[22m
[2m     [90m 33 |[39m         req[33m.[39mflush([])[33m;[39m[22m
[2m     [90m 34 |[39m     })[33m;[39m[0m[22m
[2m[22m
[2m      [2mat _HttpClientTestingBackend.expectOne ([22m[2mnode_modules/@angular/common/fesm2022/http/testing.mjs[2m:273:19)[22m[2m[22m
[2m      [2mat [22m[2m[0m[36msrc/app/services/release.service.spec.ts[39m[0m[2m:31:30[22m[2m[22m
[2m      [2mat _ZoneDelegate.invoke ([22m[2mnode_modules/zone.js/bundles/zone.umd.js[2m:410:32)[22m[2m[22m
[2m      [2mat ProxyZoneSpec.onInvoke ([22m[2mnode_modules/zone.js/bundles/zone-testing.umd.js[2m:2219:43)[22m[2m[22m
[2m      [2mat _ZoneDelegate.invoke ([22m[2mnode_modules/zone.js/bundles/zone.umd.js[2m:409:38)[22m[2m[22m
[2m      [2mat ZoneImpl.run ([22m[2mnode_modules/zone.js/bundles/zone.umd.js[2m:145:47)[22m[2m[22m
[2m      [2mat Object.wrappedFunc ([22m[2mnode_modules/zone.js/bundles/zone-testing.umd.js[2m:449:38)[22m[2m[22m

[1m[31m  [1m‚óè [22m[1mReleaseService ‚Ä∫ should update action[39m[22m

    Expected one matching request for criteria "Match URL: http://localhost:3000/api/releases", found none.
[2m[22m
[2m    [0m [90m 29 |[39m[22m
[2m     [90m 30 |[39m         [90m// Handle initial loadReleases call from constructor[39m[22m
[2m    [31m[1m>[22m[2m[39m[90m 31 |[39m         [36mconst[39m req [33m=[39m httpMock[33m.[39mexpectOne(apiUrl)[33m;[39m[22m
[2m     [90m    |[39m                              [31m[1m^[22m[2m[39m[22m
[2m     [90m 32 |[39m         expect(req[33m.[39mrequest[33m.[39mmethod)[33m.[39mtoBe([32m'GET'[39m)[33m;[39m[22m
[2m     [90m 33 |[39m         req[33m.[39mflush([])[33m;[39m[22m
[2m     [90m 34 |[39m     })[33m;[39m[0m[22m
[2m[22m
[2m      [2mat _HttpClientTestingBackend.expectOne ([22m[2mnode_modules/@angular/common/fesm2022/http/testing.mjs[2m:273:19)[22m[2m[22m
[2m      [2mat [22m[2m[0m[36msrc/app/services/release.service.spec.ts[39m[0m[2m:31:30[22m[2m[22m
[2m      [2mat _ZoneDelegate.invoke ([22m[2mnode_modules/zone.js/bundles/zone.umd.js[2m:410:32)[22m[2m[22m
[2m      [2mat ProxyZoneSpec.onInvoke ([22m[2mnode_modules/zone.js/bundles/zone-testing.umd.js[2m:2219:43)[22m[2m[22m
[2m      [2mat _ZoneDelegate.invoke ([22m[2mnode_modules/zone.js/bundles/zone.umd.js[2m:409:38)[22m[2m[22m
[2m      [2mat ZoneImpl.run ([22m[2mnode_modules/zone.js/bundles/zone.umd.js[2m:145:47)[22m[2m[22m
[2m      [2mat Object.wrappedFunc ([22m[2mnode_modules/zone.js/bundles/zone-testing.umd.js[2m:449:38)[22m[2m[22m

[1m[31m  [1m‚óè [22m[1mReleaseService ‚Ä∫ should delete action[39m[22m

    Expected one matching request for criteria "Match URL: http://localhost:3000/api/releases", found none.
[2m[22m
[2m    [0m [90m 29 |[39m[22m
[2m     [90m 30 |[39m         [90m// Handle initial loadReleases call from constructor[39m[22m
[2m    [31m[1m>[22m[2m[39m[90m 31 |[39m         [36mconst[39m req [33m=[39m httpMock[33m.[39mexpectOne(apiUrl)[33m;[39m[22m
[2m     [90m    |[39m                              [31m[1m^[22m[2m[39m[22m
[2m     [90m 32 |[39m         expect(req[33m.[39mrequest[33m.[39mmethod)[33m.[39mtoBe([32m'GET'[39m)[33m;[39m[22m
[2m     [90m 33 |[39m         req[33m.[39mflush([])[33m;[39m[22m
[2m     [90m 34 |[39m     })[33m;[39m[0m[22m
[2m[22m
[2m      [2mat _HttpClientTestingBackend.expectOne ([22m[2mnode_modules/@angular/common/fesm2022/http/testing.mjs[2m:273:19)[22m[2m[22m
[2m      [2mat [22m[2m[0m[36msrc/app/services/release.service.spec.ts[39m[0m[2m:31:30[22m[2m[22m
[2m      [2mat _ZoneDelegate.invoke ([22m[2mnode_modules/zone.js/bundles/zone.umd.js[2m:410:32)[22m[2m[22m
[2m      [2mat ProxyZoneSpec.onInvoke ([22m[2mnode_modules/zone.js/bundles/zone-testing.umd.js[2m:2219:43)[22m[2m[22m
[2m      [2mat _ZoneDelegate.invoke ([22m[2mnode_modules/zone.js/bundles/zone.umd.js[2m:409:38)[22m[2m[22m
[2m      [2mat ZoneImpl.run ([22m[2mnode_modules/zone.js/bundles/zone.umd.js[2m:145:47)[22m[2m[22m
[2m      [2mat Object.wrappedFunc ([22m[2mnode_modules/zone.js/bundles/zone-testing.umd.js[2m:449:38)[22m[2m[22m

[1m[31m  [1m‚óè [22m[1mReleaseService ‚Ä∫ should toggle action status[39m[22m

    Expected one matching request for criteria "Match URL: http://localhost:3000/api/releases", found none.
[2m[22m
[2m    [0m [90m 29 |[39m[22m
[2m     [90m 30 |[39m         [90m// Handle initial loadReleases call from constructor[39m[22m
[2m    [31m[1m>[22m[2m[39m[90m 31 |[39m         [36mconst[39m req [33m=[39m httpMock[33m.[39mexpectOne(apiUrl)[33m;[39m[22m
[2m     [90m    |[39m                              [31m[1m^[22m[2m[39m[22m
[2m     [90m 32 |[39m         expect(req[33m.[39mrequest[33m.[39mmethod)[33m.[39mtoBe([32m'GET'[39m)[33m;[39m[22m
[2m     [90m 33 |[39m         req[33m.[39mflush([])[33m;[39m[22m
[2m     [90m 34 |[39m     })[33m;[39m[0m[22m
[2m[22m
[2m      [2mat _HttpClientTestingBackend.expectOne ([22m[2mnode_modules/@angular/common/fesm2022/http/testing.mjs[2m:273:19)[22m[2m[22m
[2m      [2mat [22m[2m[0m[36msrc/app/services/release.service.spec.ts[39m[0m[2m:31:30[22m[2m[22m
[2m      [2mat _ZoneDelegate.invoke ([22m[2mnode_modules/zone.js/bundles/zone.umd.js[2m:410:32)[22m[2m[22m
[2m      [2mat ProxyZoneSpec.onInvoke ([22m[2mnode_modules/zone.js/bundles/zone-testing.umd.js[2m:2219:43)[22m[2m[22m
[2m      [2mat _ZoneDelegate.invoke ([22m[2mnode_modules/zone.js/bundles/zone.umd.js[2m:409:38)[22m[2m[22m
[2m      [2mat ZoneImpl.run ([22m[2mnode_modules/zone.js/bundles/zone.umd.js[2m:145:47)[22m[2m[22m
[2m      [2mat Object.wrappedFunc ([22m[2mnode_modules/zone.js/bundles/zone-testing.umd.js[2m:449:38)[22m[2m[22m

[1m[31m  [1m‚óè [22m[1mReleaseService ‚Ä∫ should handle API requests correctly[39m[22m

    Expected one matching request for criteria "Match URL: http://localhost:3000/api/releases", found none.
[2m[22m
[2m    [0m [90m 29 |[39m[22m
[2m     [90m 30 |[39m         [90m// Handle initial loadReleases call from constructor[39m[22m
[2m    [31m[1m>[22m[2m[39m[90m 31 |[39m         [36mconst[39m req [33m=[39m httpMock[33m.[39mexpectOne(apiUrl)[33m;[39m[22m
[2m     [90m    |[39m                              [31m[1m^[22m[2m[39m[22m
[2m     [90m 32 |[39m         expect(req[33m.[39mrequest[33m.[39mmethod)[33m.[39mtoBe([32m'GET'[39m)[33m;[39m[22m
[2m     [90m 33 |[39m         req[33m.[39mflush([])[33m;[39m[22m
[2m     [90m 34 |[39m     })[33m;[39m[0m[22m
[2m[22m
[2m      [2mat _HttpClientTestingBackend.expectOne ([22m[2mnode_modules/@angular/common/fesm2022/http/testing.mjs[2m:273:19)[22m[2m[22m
[2m      [2mat [22m[2m[0m[36msrc/app/services/release.service.spec.ts[39m[0m[2m:31:30[22m[2m[22m
[2m      [2mat _ZoneDelegate.invoke ([22m[2mnode_modules/zone.js/bundles/zone.umd.js[2m:410:32)[22m[2m[22m
[2m      [2mat ProxyZoneSpec.onInvoke ([22m[2mnode_modules/zone.js/bundles/zone-testing.umd.js[2m:2219:43)[22m[2m[22m
[2m      [2mat _ZoneDelegate.invoke ([22m[2mnode_modules/zone.js/bundles/zone.umd.js[2m:409:38)[22m[2m[22m
[2m      [2mat ZoneImpl.run ([22m[2mnode_modules/zone.js/bundles/zone.umd.js[2m:145:47)[22m[2m[22m
[2m      [2mat Object.wrappedFunc ([22m[2mnode_modules/zone.js/bundles/zone-testing.umd.js[2m:449:38)[22m[2m[22m

[0m[7m[1m[31m FAIL [39m[22m[27m[0m [2msrc/app/services/[22m[1mevent.service.spec.ts[22m
[1m[31m  [1m‚óè [22m[1mEventService ‚Ä∫ should be created[39m[22m

    Expected one matching request for criteria "Match URL: http://localhost:3000/api/events", found none.
[2m[22m
[2m    [0m [90m 35 |[39m[22m
[2m     [90m 36 |[39m         [90m// Handle the initial loadEvents call from constructor[39m[22m
[2m    [31m[1m>[22m[2m[39m[90m 37 |[39m         [36mconst[39m req [33m=[39m httpMock[33m.[39mexpectOne(apiUrl)[33m;[39m[22m
[2m     [90m    |[39m                              [31m[1m^[22m[2m[39m[22m
[2m     [90m 38 |[39m         req[33m.[39mflush(mockEvents)[33m;[39m[22m
[2m     [90m 39 |[39m     })[33m;[39m[22m
[2m     [90m 40 |[39m[0m[22m
[2m[22m
[2m      [2mat _HttpClientTestingBackend.expectOne ([22m[2mnode_modules/@angular/common/fesm2022/http/testing.mjs[2m:273:19)[22m[2m[22m
[2m      [2mat [22m[2m[0m[36msrc/app/services/event.service.spec.ts[39m[0m[2m:37:30[22m[2m[22m
[2m      [2mat _ZoneDelegate.invoke ([22m[2mnode_modules/zone.js/bundles/zone.umd.js[2m:410:32)[22m[2m[22m
[2m      [2mat ProxyZoneSpec.onInvoke ([22m[2mnode_modules/zone.js/bundles/zone-testing.umd.js[2m:2219:43)[22m[2m[22m
[2m      [2mat _ZoneDelegate.invoke ([22m[2mnode_modules/zone.js/bundles/zone.umd.js[2m:409:38)[22m[2m[22m
[2m      [2mat ZoneImpl.run ([22m[2mnode_modules/zone.js/bundles/zone.umd.js[2m:145:47)[22m[2m[22m
[2m      [2mat Object.wrappedFunc ([22m[2mnode_modules/zone.js/bundles/zone-testing.umd.js[2m:449:38)[22m[2m[22m

[1m[31m  [1m‚óè [22m[1mEventService ‚Ä∫ should load events on init[39m[22m

    Expected one matching request for criteria "Match URL: http://localhost:3000/api/events", found none.
[2m[22m
[2m    [0m [90m 35 |[39m[22m
[2m     [90m 36 |[39m         [90m// Handle the initial loadEvents call from constructor[39m[22m
[2m    [31m[1m>[22m[2m[39m[90m 37 |[39m         [36mconst[39m req [33m=[39m httpMock[33m.[39mexpectOne(apiUrl)[33m;[39m[22m
[2m     [90m    |[39m                              [31m[1m^[22m[2m[39m[22m
[2m     [90m 38 |[39m         req[33m.[39mflush(mockEvents)[33m;[39m[22m
[2m     [90m 39 |[39m     })[33m;[39m[22m
[2m     [90m 40 |[39m[0m[22m
[2m[22m
[2m      [2mat _HttpClientTestingBackend.expectOne ([22m[2mnode_modules/@angular/common/fesm2022/http/testing.mjs[2m:273:19)[22m[2m[22m
[2m      [2mat [22m[2m[0m[36msrc/app/services/event.service.spec.ts[39m[0m[2m:37:30[22m[2m[22m
[2m      [2mat _ZoneDelegate.invoke ([22m[2mnode_modules/zone.js/bundles/zone.umd.js[2m:410:32)[22m[2m[22m
[2m      [2mat ProxyZoneSpec.onInvoke ([22m[2mnode_modules/zone.js/bundles/zone-testing.umd.js[2m:2219:43)[22m[2m[22m
[2m      [2mat _ZoneDelegate.invoke ([22m[2mnode_modules/zone.js/bundles/zone.umd.js[2m:409:38)[22m[2m[22m
[2m      [2mat ZoneImpl.run ([22m[2mnode_modules/zone.js/bundles/zone.umd.js[2m:145:47)[22m[2m[22m
[2m      [2mat Object.wrappedFunc ([22m[2mnode_modules/zone.js/bundles/zone-testing.umd.js[2m:449:38)[22m[2m[22m

[1m[31m  [1m‚óè [22m[1mEventService ‚Ä∫ should handle load events error[39m[22m

    Expected one matching request for criteria "Match URL: http://localhost:3000/api/events", found none.
[2m[22m
[2m    [0m [90m 35 |[39m[22m
[2m     [90m 36 |[39m         [90m// Handle the initial loadEvents call from constructor[39m[22m
[2m    [31m[1m>[22m[2m[39m[90m 37 |[39m         [36mconst[39m req [33m=[39m httpMock[33m.[39mexpectOne(apiUrl)[33m;[39m[22m
[2m     [90m    |[39m                              [31m[1m^[22m[2m[39m[22m
[2m     [90m 38 |[39m         req[33m.[39mflush(mockEvents)[33m;[39m[22m
[2m     [90m 39 |[39m     })[33m;[39m[22m
[2m     [90m 40 |[39m[0m[22m
[2m[22m
[2m      [2mat _HttpClientTestingBackend.expectOne ([22m[2mnode_modules/@angular/common/fesm2022/http/testing.mjs[2m:273:19)[22m[2m[22m
[2m      [2mat [22m[2m[0m[36msrc/app/services/event.service.spec.ts[39m[0m[2m:37:30[22m[2m[22m
[2m      [2mat _ZoneDelegate.invoke ([22m[2mnode_modules/zone.js/bundles/zone.umd.js[2m:410:32)[22m[2m[22m
[2m      [2mat ProxyZoneSpec.onInvoke ([22m[2mnode_modules/zone.js/bundles/zone-testing.umd.js[2m:2219:43)[22m[2m[22m
[2m      [2mat _ZoneDelegate.invoke ([22m[2mnode_modules/zone.js/bundles/zone.umd.js[2m:409:38)[22m[2m[22m
[2m      [2mat ZoneImpl.run ([22m[2mnode_modules/zone.js/bundles/zone.umd.js[2m:145:47)[22m[2m[22m
[2m      [2mat Object.wrappedFunc ([22m[2mnode_modules/zone.js/bundles/zone-testing.umd.js[2m:449:38)[22m[2m[22m

[1m[31m  [1m‚óè [22m[1mEventService ‚Ä∫ should create event[39m[22m

    Expected one matching request for criteria "Match URL: http://localhost:3000/api/events", found none.
[2m[22m
[2m    [0m [90m 35 |[39m[22m
[2m     [90m 36 |[39m         [90m// Handle the initial loadEvents call from constructor[39m[22m
[2m    [31m[1m>[22m[2m[39m[90m 37 |[39m         [36mconst[39m req [33m=[39m httpMock[33m.[39mexpectOne(apiUrl)[33m;[39m[22m
[2m     [90m    |[39m                              [31m[1m^[22m[2m[39m[22m
[2m     [90m 38 |[39m         req[33m.[39mflush(mockEvents)[33m;[39m[22m
[2m     [90m 39 |[39m     })[33m;[39m[22m
[2m     [90m 40 |[39m[0m[22m
[2m[22m
[2m      [2mat _HttpClientTestingBackend.expectOne ([22m[2mnode_modules/@angular/common/fesm2022/http/testing.mjs[2m:273:19)[22m[2m[22m
[2m      [2mat [22m[2m[0m[36msrc/app/services/event.service.spec.ts[39m[0m[2m:37:30[22m[2m[22m
[2m      [2mat _ZoneDelegate.invoke ([22m[2mnode_modules/zone.js/bundles/zone.umd.js[2m:410:32)[22m[2m[22m
[2m      [2mat ProxyZoneSpec.onInvoke ([22m[2mnode_modules/zone.js/bundles/zone-testing.umd.js[2m:2219:43)[22m[2m[22m
[2m      [2mat _ZoneDelegate.invoke ([22m[2mnode_modules/zone.js/bundles/zone.umd.js[2m:409:38)[22m[2m[22m
[2m      [2mat ZoneImpl.run ([22m[2mnode_modules/zone.js/bundles/zone.umd.js[2m:145:47)[22m[2m[22m
[2m      [2mat Object.wrappedFunc ([22m[2mnode_modules/zone.js/bundles/zone-testing.umd.js[2m:449:38)[22m[2m[22m

[1m[31m  [1m‚óè [22m[1mEventService ‚Ä∫ should update event[39m[22m

    Expected one matching request for criteria "Match URL: http://localhost:3000/api/events", found none.
[2m[22m
[2m    [0m [90m 35 |[39m[22m
[2m     [90m 36 |[39m         [90m// Handle the initial loadEvents call from constructor[39m[22m
[2m    [31m[1m>[22m[2m[39m[90m 37 |[39m         [36mconst[39m req [33m=[39m httpMock[33m.[39mexpectOne(apiUrl)[33m;[39m[22m
[2m     [90m    |[39m                              [31m[1m^[22m[2m[39m[22m
[2m     [90m 38 |[39m         req[33m.[39mflush(mockEvents)[33m;[39m[22m
[2m     [90m 39 |[39m     })[33m;[39m[22m
[2m     [90m 40 |[39m[0m[22m
[2m[22m
[2m      [2mat _HttpClientTestingBackend.expectOne ([22m[2mnode_modules/@angular/common/fesm2022/http/testing.mjs[2m:273:19)[22m[2m[22m
[2m      [2mat [22m[2m[0m[36msrc/app/services/event.service.spec.ts[39m[0m[2m:37:30[22m[2m[22m
[2m      [2mat _ZoneDelegate.invoke ([22m[2mnode_modules/zone.js/bundles/zone.umd.js[2m:410:32)[22m[2m[22m
[2m      [2mat ProxyZoneSpec.onInvoke ([22m[2mnode_modules/zone.js/bundles/zone-testing.umd.js[2m:2219:43)[22m[2m[22m
[2m      [2mat _ZoneDelegate.invoke ([22m[2mnode_modules/zone.js/bundles/zone.umd.js[2m:409:38)[22m[2m[22m
[2m      [2mat ZoneImpl.run ([22m[2mnode_modules/zone.js/bundles/zone.umd.js[2m:145:47)[22m[2m[22m
[2m      [2mat Object.wrappedFunc ([22m[2mnode_modules/zone.js/bundles/zone-testing.umd.js[2m:449:38)[22m[2m[22m

[1m[31m  [1m‚óè [22m[1mEventService ‚Ä∫ should delete event[39m[22m

    Expected one matching request for criteria "Match URL: http://localhost:3000/api/events", found none.
[2m[22m
[2m    [0m [90m 35 |[39m[22m
[2m     [90m 36 |[39m         [90m// Handle the initial loadEvents call from constructor[39m[22m
[2m    [31m[1m>[22m[2m[39m[90m 37 |[39m         [36mconst[39m req [33m=[39m httpMock[33m.[39mexpectOne(apiUrl)[33m;[39m[22m
[2m     [90m    |[39m                              [31m[1m^[22m[2m[39m[22m
[2m     [90m 38 |[39m         req[33m.[39mflush(mockEvents)[33m;[39m[22m
[2m     [90m 39 |[39m     })[33m;[39m[22m
[2m     [90m 40 |[39m[0m[22m
[2m[22m
[2m      [2mat _HttpClientTestingBackend.expectOne ([22m[2mnode_modules/@angular/common/fesm2022/http/testing.mjs[2m:273:19)[22m[2m[22m
[2m      [2mat [22m[2m[0m[36msrc/app/services/event.service.spec.ts[39m[0m[2m:37:30[22m[2m[22m
[2m      [2mat _ZoneDelegate.invoke ([22m[2mnode_modules/zone.js/bundles/zone.umd.js[2m:410:32)[22m[2m[22m
[2m      [2mat ProxyZoneSpec.onInvoke ([22m[2mnode_modules/zone.js/bundles/zone-testing.umd.js[2m:2219:43)[22m[2m[22m
[2m      [2mat _ZoneDelegate.invoke ([22m[2mnode_modules/zone.js/bundles/zone.umd.js[2m:409:38)[22m[2m[22m
[2m      [2mat ZoneImpl.run ([22m[2mnode_modules/zone.js/bundles/zone.umd.js[2m:145:47)[22m[2m[22m
[2m      [2mat Object.wrappedFunc ([22m[2mnode_modules/zone.js/bundles/zone-testing.umd.js[2m:449:38)[22m[2m[22m

[1m[31m  [1m‚óè [22m[1mEventService ‚Ä∫ should duplicate event[39m[22m

    Expected one matching request for criteria "Match URL: http://localhost:3000/api/events", found none.
[2m[22m
[2m    [0m [90m 35 |[39m[22m
[2m     [90m 36 |[39m         [90m// Handle the initial loadEvents call from constructor[39m[22m
[2m    [31m[1m>[22m[2m[39m[90m 37 |[39m         [36mconst[39m req [33m=[39m httpMock[33m.[39mexpectOne(apiUrl)[33m;[39m[22m
[2m     [90m    |[39m                              [31m[1m^[22m[2m[39m[22m
[2m     [90m 38 |[39m         req[33m.[39mflush(mockEvents)[33m;[39m[22m
[2m     [90m 39 |[39m     })[33m;[39m[22m
[2m     [90m 40 |[39m[0m[22m
[2m[22m
[2m      [2mat _HttpClientTestingBackend.expectOne ([22m[2mnode_modules/@angular/common/fesm2022/http/testing.mjs[2m:273:19)[22m[2m[22m
[2m      [2mat [22m[2m[0m[36msrc/app/services/event.service.spec.ts[39m[0m[2m:37:30[22m[2m[22m
[2m      [2mat _ZoneDelegate.invoke ([22m[2mnode_modules/zone.js/bundles/zone.umd.js[2m:410:32)[22m[2m[22m
[2m      [2mat ProxyZoneSpec.onInvoke ([22m[2mnode_modules/zone.js/bundles/zone-testing.umd.js[2m:2219:43)[22m[2m[22m
[2m      [2mat _ZoneDelegate.invoke ([22m[2mnode_modules/zone.js/bundles/zone.umd.js[2m:409:38)[22m[2m[22m
[2m      [2mat ZoneImpl.run ([22m[2mnode_modules/zone.js/bundles/zone.umd.js[2m:145:47)[22m[2m[22m
[2m      [2mat Object.wrappedFunc ([22m[2mnode_modules/zone.js/bundles/zone-testing.umd.js[2m:449:38)[22m[2m[22m

[1m[31m  [1m‚óè [22m[1mEventService ‚Ä∫ should move event[39m[22m

    Expected one matching request for criteria "Match URL: http://localhost:3000/api/events", found none.
[2m[22m
[2m    [0m [90m 35 |[39m[22m
[2m     [90m 36 |[39m         [90m// Handle the initial loadEvents call from constructor[39m[22m
[2m    [31m[1m>[22m[2m[39m[90m 37 |[39m         [36mconst[39m req [33m=[39m httpMock[33m.[39mexpectOne(apiUrl)[33m;[39m[22m
[2m     [90m    |[39m                              [31m[1m^[22m[2m[39m[22m
[2m     [90m 38 |[39m         req[33m.[39mflush(mockEvents)[33m;[39m[22m
[2m     [90m 39 |[39m     })[33m;[39m[22m
[2m     [90m 40 |[39m[0m[22m
[2m[22m
[2m      [2mat _HttpClientTestingBackend.expectOne ([22m[2mnode_modules/@angular/common/fesm2022/http/testing.mjs[2m:273:19)[22m[2m[22m
[2m      [2mat [22m[2m[0m[36msrc/app/services/event.service.spec.ts[39m[0m[2m:37:30[22m[2m[22m
[2m      [2mat _ZoneDelegate.invoke ([22m[2mnode_modules/zone.js/bundles/zone.umd.js[2m:410:32)[22m[2m[22m
[2m      [2mat ProxyZoneSpec.onInvoke ([22m[2mnode_modules/zone.js/bundles/zone-testing.umd.js[2m:2219:43)[22m[2m[22m
[2m      [2mat _ZoneDelegate.invoke ([22m[2mnode_modules/zone.js/bundles/zone.umd.js[2m:409:38)[22m[2m[22m
[2m      [2mat ZoneImpl.run ([22m[2mnode_modules/zone.js/bundles/zone.umd.js[2m:145:47)[22m[2m[22m
[2m      [2mat Object.wrappedFunc ([22m[2mnode_modules/zone.js/bundles/zone-testing.umd.js[2m:449:38)[22m[2m[22m

[1m[31m  [1m‚óè [22m[1mEventService ‚Ä∫ should get event by id[39m[22m

    Expected one matching request for criteria "Match URL: http://localhost:3000/api/events", found none.
[2m[22m
[2m    [0m [90m 35 |[39m[22m
[2m     [90m 36 |[39m         [90m// Handle the initial loadEvents call from constructor[39m[22m
[2m    [31m[1m>[22m[2m[39m[90m 37 |[39m         [36mconst[39m req [33m=[39m httpMock[33m.[39mexpectOne(apiUrl)[33m;[39m[22m
[2m     [90m    |[39m                              [31m[1m^[22m[2m[39m[22m
[2m     [90m 38 |[39m         req[33m.[39mflush(mockEvents)[33m;[39m[22m
[2m     [90m 39 |[39m     })[33m;[39m[22m
[2m     [90m 40 |[39m[0m[22m
[2m[22m
[2m      [2mat _HttpClientTestingBackend.expectOne ([22m[2mnode_modules/@angular/common/fesm2022/http/testing.mjs[2m:273:19)[22m[2m[22m
[2m      [2mat [22m[2m[0m[36msrc/app/services/event.service.spec.ts[39m[0m[2m:37:30[22m[2m[22m
[2m      [2mat _ZoneDelegate.invoke ([22m[2mnode_modules/zone.js/bundles/zone.umd.js[2m:410:32)[22m[2m[22m
[2m      [2mat ProxyZoneSpec.onInvoke ([22m[2mnode_modules/zone.js/bundles/zone-testing.umd.js[2m:2219:43)[22m[2m[22m
[2m      [2mat _ZoneDelegate.invoke ([22m[2mnode_modules/zone.js/bundles/zone.umd.js[2m:409:38)[22m[2m[22m
[2m      [2mat ZoneImpl.run ([22m[2mnode_modules/zone.js/bundles/zone.umd.js[2m:145:47)[22m[2m[22m
[2m      [2mat Object.wrappedFunc ([22m[2mnode_modules/zone.js/bundles/zone-testing.umd.js[2m:449:38)[22m[2m[22m

[1m[31m  [1m‚óè [22m[1mEventService ‚Ä∫ should clear all events[39m[22m

    Expected one matching request for criteria "Match URL: http://localhost:3000/api/events", found none.
[2m[22m
[2m    [0m [90m 35 |[39m[22m
[2m     [90m 36 |[39m         [90m// Handle the initial loadEvents call from constructor[39m[22m
[2m    [31m[1m>[22m[2m[39m[90m 37 |[39m         [36mconst[39m req [33m=[39m httpMock[33m.[39mexpectOne(apiUrl)[33m;[39m[22m
[2m     [90m    |[39m                              [31m[1m^[22m[2m[39m[22m
[2m     [90m 38 |[39m         req[33m.[39mflush(mockEvents)[33m;[39m[22m
[2m     [90m 39 |[39m     })[33m;[39m[22m
[2m     [90m 40 |[39m[0m[22m
[2m[22m
[2m      [2mat _HttpClientTestingBackend.expectOne ([22m[2mnode_modules/@angular/common/fesm2022/http/testing.mjs[2m:273:19)[22m[2m[22m
[2m      [2mat [22m[2m[0m[36msrc/app/services/event.service.spec.ts[39m[0m[2m:37:30[22m[2m[22m
[2m      [2mat _ZoneDelegate.invoke ([22m[2mnode_modules/zone.js/bundles/zone.umd.js[2m:410:32)[22m[2m[22m
[2m      [2mat ProxyZoneSpec.onInvoke ([22m[2mnode_modules/zone.js/bundles/zone-testing.umd.js[2m:2219:43)[22m[2m[22m
[2m      [2mat _ZoneDelegate.invoke ([22m[2mnode_modules/zone.js/bundles/zone.umd.js[2m:409:38)[22m[2m[22m
[2m      [2mat ZoneImpl.run ([22m[2mnode_modules/zone.js/bundles/zone.umd.js[2m:145:47)[22m[2m[22m
[2m      [2mat Object.wrappedFunc ([22m[2mnode_modules/zone.js/bundles/zone-testing.umd.js[2m:449:38)[22m[2m[22m

[1m[31m  [1m‚óè [22m[1mEventService ‚Ä∫ should import events[39m[22m

    Expected one matching request for criteria "Match URL: http://localhost:3000/api/events", found none.
[2m[22m
[2m    [0m [90m 35 |[39m[22m
[2m     [90m 36 |[39m         [90m// Handle the initial loadEvents call from constructor[39m[22m
[2m    [31m[1m>[22m[2m[39m[90m 37 |[39m         [36mconst[39m req [33m=[39m httpMock[33m.[39mexpectOne(apiUrl)[33m;[39m[22m
[2m     [90m    |[39m                              [31m[1m^[22m[2m[39m[22m
[2m     [90m 38 |[39m         req[33m.[39mflush(mockEvents)[33m;[39m[22m
[2m     [90m 39 |[39m     })[33m;[39m[22m
[2m     [90m 40 |[39m[0m[22m
[2m[22m
[2m      [2mat _HttpClientTestingBackend.expectOne ([22m[2mnode_modules/@angular/common/fesm2022/http/testing.mjs[2m:273:19)[22m[2m[22m
[2m      [2mat [22m[2m[0m[36msrc/app/services/event.service.spec.ts[39m[0m[2m:37:30[22m[2m[22m
[2m      [2mat _ZoneDelegate.invoke ([22m[2mnode_modules/zone.js/bundles/zone.umd.js[2m:410:32)[22m[2m[22m
[2m      [2mat ProxyZoneSpec.onInvoke ([22m[2mnode_modules/zone.js/bundles/zone-testing.umd.js[2m:2219:43)[22m[2m[22m
[2m      [2mat _ZoneDelegate.invoke ([22m[2mnode_modules/zone.js/bundles/zone.umd.js[2m:409:38)[22m[2m[22m
[2m      [2mat ZoneImpl.run ([22m[2mnode_modules/zone.js/bundles/zone.umd.js[2m:145:47)[22m[2m[22m
[2m      [2mat Object.wrappedFunc ([22m[2mnode_modules/zone.js/bundles/zone-testing.umd.js[2m:449:38)[22m[2m[22m

[1m[31m  [1m‚óè [22m[1mEventService ‚Ä∫ should export events[39m[22m

    Expected one matching request for criteria "Match URL: http://localhost:3000/api/events", found none.
[2m[22m
[2m    [0m [90m 35 |[39m[22m
[2m     [90m 36 |[39m         [90m// Handle the initial loadEvents call from constructor[39m[22m
[2m    [31m[1m>[22m[2m[39m[90m 37 |[39m         [36mconst[39m req [33m=[39m httpMock[33m.[39mexpectOne(apiUrl)[33m;[39m[22m
[2m     [90m    |[39m                              [31m[1m^[22m[2m[39m[22m
[2m     [90m 38 |[39m         req[33m.[39mflush(mockEvents)[33m;[39m[22m
[2m     [90m 39 |[39m     })[33m;[39m[22m
[2m     [90m 40 |[39m[0m[22m
[2m[22m
[2m      [2mat _HttpClientTestingBackend.expectOne ([22m[2mnode_modules/@angular/common/fesm2022/http/testing.mjs[2m:273:19)[22m[2m[22m
[2m      [2mat [22m[2m[0m[36msrc/app/services/event.service.spec.ts[39m[0m[2m:37:30[22m[2m[22m
[2m      [2mat _ZoneDelegate.invoke ([22m[2mnode_modules/zone.js/bundles/zone.umd.js[2m:410:32)[22m[2m[22m
[2m      [2mat ProxyZoneSpec.onInvoke ([22m[2mnode_modules/zone.js/bundles/zone-testing.umd.js[2m:2219:43)[22m[2m[22m
[2m      [2mat _ZoneDelegate.invoke ([22m[2mnode_modules/zone.js/bundles/zone.umd.js[2m:409:38)[22m[2m[22m
[2m      [2mat ZoneImpl.run ([22m[2mnode_modules/zone.js/bundles/zone.umd.js[2m:145:47)[22m[2m[22m
[2m      [2mat Object.wrappedFunc ([22m[2mnode_modules/zone.js/bundles/zone-testing.umd.js[2m:449:38)[22m[2m[22m

[0m[7m[1m[32m PASS [39m[22m[27m[0m [2msrc/app/components/home/[22m[1mhome.component.spec.ts[22m
[0m[7m[1m[32m PASS [39m[22m[27m[0m [2msrc/app/components/releases/[22m[1mrelease-preparation.component.spec.ts[22m
[0m[7m[1m[32m PASS [39m[22m[27m[0m [2msrc/app/components/releases/[22m[1mreleases-list.component.spec.ts[22m
[0m[7m[1m[32m PASS [39m[22m[27m[0m [2msrc/app/components/shared/[22m[1msidebar.component.spec.ts[22m
[0m[7m[1m[32m PASS [39m[22m[27m[0m [2msrc/app/components/timeline/[22m[1mtimeline-container.component.spec.ts[22m
[0m[7m[1m[32m PASS [39m[22m[27m[0m [2msrc/app/components/releases/release-note/[22m[1mrelease-note.component.spec.ts[22m
[0m[7m[1m[32m PASS [39m[22m[27m[0m [2msrc/app/components/modals/[22m[1mevent-modal.component.spec.ts[22m
[0m[7m[1m[32m PASS [39m[22m[27m[0m [2msrc/app/components/admin/[22m[1madmin.component.spec.ts[22m
[0m[7m[1m[32m PASS [39m[22m[27m[0m [2msrc/app/components/releases/release-note/[22m[1mmicroservice-delete-modal.component.spec.ts[22m
[0m[7m[1m[32m PASS [39m[22m[27m[0m [2msrc/app/components/timeline/[22m[1msemester-view.component.spec.ts[22m
[0m[7m[1m[32m PASS [39m[22m[27m[0m [2msrc/app/components/settings/[22m[1msettings.component.spec.ts[22m
[0m[7m[1m[32m PASS [39m[22m[27m[0m [2msrc/app/components/admin/user-management/[22m[1muser-management.component.spec.ts[22m
[0m[7m[1m[32m PASS [39m[22m[27m[0m [2msrc/app/components/releases/release-tontons/[22m[1mrelease-tontons.component.spec.ts[22m
  [1m‚óè [22mConsole

    [2m[31mconsole.error[39m[22m
[31m      Error updating Tonton MEP: Error[39m
[2m[22m
[2m      140 |[22m
[2m      141 |     } catch (error) {[22m
[2m    > 142 |       console.error('Error updating Tonton MEP:', error);[22m
[2m          |               ^[22m
[2m      143 |       this.toastService.error([22m
[2m      144 |         'Erreur de mise √† jour',[22m
[2m      145 |         'Impossible de mettre √† jour le Tonton MEP. Veuillez r√©essayer.'[22m
[2m[22m
[2m      [2mat ReleaseTontonsComponent.updateTontonMep ([22m[2msrc/app/components/releases/release-tontons/release-tontons.component.ts[2m:142:15)[22m[2m[22m
[2m      [2mat [22m[2m[0m[36msrc/app/components/releases/release-tontons/release-tontons.component.spec.ts[39m[0m[2m:85:9[22m[2m[22m

[0m[7m[1m[32m PASS [39m[22m[27m[0m [2msrc/app/components/releases/release-actions/[22m[1mrelease-actions.component.spec.ts[22m
[0m[7m[1m[32m PASS [39m[22m[27m[0m [2msrc/app/components/admin/sprint-management/[22m[1msprint-management.component.spec.ts[22m
[0m[7m[1m[32m PASS [39m[22m[27m[0m [2msrc/app/[22m[1mapp.component.spec.ts[22m
[0m[7m[1m[32m PASS [39m[22m[27m[0m [2msrc/app/components/auth/[22m[1mlogin.component.spec.ts[22m
[0m[7m[1m[32m PASS [39m[22m[27m[0m [2msrc/app/components/filters/[22m[1mfilter-bar.component.spec.ts[22m
[0m[7m[1m[32m PASS [39m[22m[27m[0m [2msrc/app/components/admin/closed-days/[22m[1mclosed-day-management.component.spec.ts[22m
[0m[7m[1m[32m PASS [39m[22m[27m[0m [2msrc/app/components/confirmation/[22m[1mconfirmation-modal.component.spec.ts[22m
[0m[7m[1m[32m PASS [39m[22m[27m[0m [2msrc/app/components/absence/[22m[1mabsence.component.spec.ts[22m
[0m[7m[1m[32m PASS [39m[22m[27m[0m [2msrc/app/interceptors/[22m[1merror.interceptor.spec.ts[22m
[0m[7m[1m[32m PASS [39m[22m[27m[0m [2msrc/app/services/[22m[1mrelease-export.service.spec.ts[22m
[0m[7m[1m[32m PASS [39m[22m[27m[0m [2msrc/app/components/onboarding/welcome-modal/[22m[1mwelcome-modal.component.spec.ts[22m
[0m[7m[1m[32m PASS [39m[22m[27m[0m [2msrc/app/services/[22m[1msettings.service.spec.ts[22m
[0m[7m[1m[32m PASS [39m[22m[27m[0m [2msrc/app/services/[22m[1mtimeline.service.spec.ts[22m
[0m[7m[1m[32m PASS [39m[22m[27m[0m [2msrc/app/services/[22m[1mauth.service.spec.ts[22m
  [1m‚óè [22mConsole

    [2m[31mconsole.error[39m[22m
[31m      Auth Error: HttpErrorResponse {[39m
[31m        headers: HttpHeaders {[39m
[31m          headers: Map(0) {},[39m
[31m          normalizedNames: Map(0) {},[39m
[31m          lazyInit: undefined,[39m
[31m          lazyUpdate: null[39m
[31m        },[39m
[31m        status: 400,[39m
[31m        statusText: 'Bad Request',[39m
[31m        url: 'http://localhost:3000/api/auth/login',[39m
[31m        ok: false,[39m
[31m        type: undefined,[39m
[31m        redirected: undefined,[39m
[31m        name: 'HttpErrorResponse',[39m
[31m        message: 'Http failure response for http://localhost:3000/api/auth/login: 400 Bad Request',[39m
[31m        error: {[39m
[31m          error: { message: 'Email ou mot de passe incorrect', status: 400 }[39m
[31m        }[39m
[31m      }[39m
[2m[22m
[2m      91 |    */[22m
[2m      92 |   private getErrorMessage(error: any): string {[22m
[2m    > 93 |     console.error('Auth Error:', error);[22m
[2m         |             ^[22m
[2m      94 |[22m
[2m      95 |     // Cas 1: Erreur standard du backend { error: { message: "...", status: ... } }[22m
[2m      96 |     if (error.error?.error?.message) {[22m
[2m[22m
[2m      [2mat AuthService.getErrorMessage ([22m[2msrc/app/services/auth.service.ts[2m:93:13)[22m[2m[22m
[2m      [2mat AuthService.login ([22m[2msrc/app/services/auth.service.ts[2m:142:23)[22m[2m[22m
[2m      [2mat [22m[2m[0m[36msrc/app/services/auth.service.spec.ts[39m[0m[2m:102:24[22m[2m[22m

[0m[7m[1m[32m PASS [39m[22m[27m[0m [2msrc/app/services/[22m[1mtag.service.spec.ts[22m
[0m[7m[1m[32m PASS [39m[22m[27m[0m [2msrc/app/components/toast/[22m[1mtoast-container.component.spec.ts[22m
[0m[7m[1m[32m PASS [39m[22m[27m[0m [2msrc/app/services/[22m[1monboarding.service.spec.ts[22m
[0m[7m[1m[32m PASS [39m[22m[27m[0m [2msrc/app/services/[22m[1mcategory.service.spec.ts[22m
[0m[7m[1m[32m PASS [39m[22m[27m[0m [2msrc/app/services/[22m[1mpermission.service.spec.ts[22m
[0m[7m[1m[32m PASS [39m[22m[27m[0m [2msrc/app/services/[22m[1mtoast.service.spec.ts[22m
[0m[7m[1m[32m PASS [39m[22m[27m[0m [2msrc/app/services/[22m[1mfilter.service.spec.ts[22m
[0m[7m[1m[32m PASS [39m[22m[27m[0m [2msrc/app/services/[22m[1mabsence.service.spec.ts[22m
[0m[7m[1m[32m PASS [39m[22m[27m[0m [2msrc/app/services/[22m[1msprint.service.spec.ts[22m
[0m[7m[1m[31m FAIL [39m[22m[27m[0m [2msrc/app/services/[22m[1mevent.service.permissions.spec.ts[22m ([0m[1m[41m10.795 s[49m[22m[0m)
  [1m‚óè [22mConsole

    [2m[31mconsole.error[39m[22m
[31m      Error: Uncaught [Error: [2mexpect([22m[31mreceived[39m[31m[2m).[22mtoBe[2m([22m[32mexpected[39m[31m[2m) // Object.is equality[22m[39m
[31m      [39m
[31m      Expected: [32m"Permissions insuffisantes"[39m[31m[39m
[31m      Received: [31mnull[39m[31m][39m
[31m          at reportException (/Users/bilal/Documents/Projets perso/Claude/Planning/mabanquetools-webapp/node_modules/jest-environment-jsdom/node_modules/jsdom/lib/jsdom/living/helpers/runtime-script-errors.js:66:24)[39m
[31m          at Timeout.task [as _onTimeout] (/Users/bilal/Documents/Projets perso/Claude/Planning/mabanquetools-webapp/node_modules/jest-environment-jsdom/node_modules/jsdom/lib/jsdom/browser/Window.js:584:9)[39m
[31m          at listOnTimeout (node:internal/timers:605:17)[39m
[31m          at processTimers (node:internal/timers:541:7) {[39m
[31m        detail: JestAssertionError: [2mexpect([22m[31mreceived[39m[31m[2m).[22mtoBe[2m([22m[32mexpected[39m[31m[2m) // Object.is equality[22m[39m
[31m        [39m
[31m        Expected: [32m"Permissions insuffisantes"[39m[31m[39m
[31m        Received: [31mnull[39m[31m[39m
[31m            at Object.next (/Users/bilal/Documents/Projets perso/Claude/Planning/mabanquetools-webapp/src/app/services/event.service.permissions.spec.ts:52:31)[39m
[31m            at ConsumerObserver.next (/Users/bilal/Documents/Projets perso/Claude/Planning/mabanquetools-webapp/node_modules/rxjs/src/internal/Subscriber.ts:155:25)[39m
[31m            at SafeSubscriber.Subscriber._next (/Users/bilal/Documents/Projets perso/Claude/Planning/mabanquetools-webapp/node_modules/rxjs/src/internal/Subscriber.ts:113:22)[39m
[31m            at SafeSubscriber.Subscriber.next (/Users/bilal/Documents/Projets perso/Claude/Planning/mabanquetools-webapp/node_modules/rxjs/src/internal/Subscriber.ts:71:12)[39m
[31m            at BehaviorSubject._subscribe (/Users/bilal/Documents/Projets perso/Claude/Planning/mabanquetools-webapp/node_modules/rxjs/src/internal/BehaviorSubject.ts:21:40)[39m
[31m            at BehaviorSubject.Observable._trySubscribe (/Users/bilal/Documents/Projets perso/Claude/Planning/mabanquetools-webapp/node_modules/rxjs/src/internal/Observable.ts:235:19)[39m
[31m            at BehaviorSubject.Subject._trySubscribe (/Users/bilal/Documents/Projets perso/Claude/Planning/mabanquetools-webapp/node_modules/rxjs/src/internal/Subject.ts:112:31)[39m
[31m            at /Users/bilal/Documents/Projets perso/Claude/Planning/mabanquetools-webapp/node_modules/rxjs/src/internal/Observable.ts:225:18[39m
[31m            at Object.errorContext (/Users/bilal/Documents/Projets perso/Claude/Planning/mabanquetools-webapp/node_modules/rxjs/src/internal/util/errorContext.ts:29:5)[39m
[31m            at BehaviorSubject.Observable.subscribe (/Users/bilal/Documents/Projets perso/Claude/Planning/mabanquetools-webapp/node_modules/rxjs/src/internal/Observable.ts:211:5)[39m
[31m            at Observable._subscribe (/Users/bilal/Documents/Projets perso/Claude/Planning/mabanquetools-webapp/node_modules/rxjs/src/internal/Observable.ts:325:25)[39m
[31m            at /Users/bilal/Documents/Projets perso/Claude/Planning/mabanquetools-webapp/node_modules/rxjs/src/internal/Observable.ts:222:18[39m
[31m            at Object.errorContext (/Users/bilal/Documents/Projets perso/Claude/Planning/mabanquetools-webapp/node_modules/rxjs/src/internal/util/errorContext.ts:29:5)[39m
[31m            at Observable.subscribe (/Users/bilal/Documents/Projets perso/Claude/Planning/mabanquetools-webapp/node_modules/rxjs/src/internal/Observable.ts:211:5)[39m
[31m            at /Users/bilal/Documents/Projets perso/Claude/Planning/mabanquetools-webapp/src/app/services/event.service.permissions.spec.ts:51:28[39m
[31m            at timer (/Users/bilal/Documents/Projets perso/Claude/Planning/mabanquetools-webapp/node_modules/zone.js/bundles/zone.umd.js:1829:43)[39m
[31m            at _ZoneDelegate.invokeTask (/Users/bilal/Documents/Projets perso/Claude/Planning/mabanquetools-webapp/node_modules/zone.js/bundles/zone.umd.js:443:37)[39m
[31m            at ProxyZoneSpec.onInvokeTask (/Users/bilal/Documents/Projets perso/Claude/Planning/mabanquetools-webapp/node_modules/zone.js/bundles/zone-testing.umd.js:2250:43)[39m
[31m            at _ZoneDelegate.invokeTask (/Users/bilal/Documents/Projets perso/Claude/Planning/mabanquetools-webapp/node_modules/zone.js/bundles/zone.umd.js:442:42)[39m
[31m            at ZoneImpl.runTask (/Users/bilal/Documents/Projets perso/Claude/Planning/mabanquetools-webapp/node_modules/zone.js/bundles/zone.umd.js:194:51)[39m
[31m            at ZoneTask.invokeTask (/Users/bilal/Documents/Projets perso/Claude/Planning/mabanquetools-webapp/node_modules/zone.js/bundles/zone.umd.js:521:38)[39m
[31m            at ZoneTask.invoke (/Users/bilal/Documents/Projets perso/Claude/Planning/mabanquetools-webapp/node_modules/zone.js/bundles/zone.umd.js:510:52)[39m
[31m            at data.args.<computed> (/Users/bilal/Documents/Projets perso/Claude/Planning/mabanquetools-webapp/node_modules/zone.js/bundles/zone.umd.js:1797:36)[39m
[31m            at Timeout.task [as _onTimeout] (/Users/bilal/Documents/Projets perso/Claude/Planning/mabanquetools-webapp/node_modules/jest-environment-jsdom/node_modules/jsdom/lib/jsdom/browser/Window.js:579:19)[39m
[31m            at listOnTimeout (node:internal/timers:605:17)[39m
[31m            at processTimers (node:internal/timers:541:7) {[39m
[31m          matcherResult: {[39m
[31m            actual: null,[39m
[31m            expected: 'Permissions insuffisantes',[39m
[31m            message: '\x1B[2mexpect(\x1B[22m\x1B[31mreceived\x1B[39m\x1B[2m).\x1B[22mtoBe\x1B[2m(\x1B[22m\x1B[32mexpected\x1B[39m\x1B[2m) // Object.is equality\x1B[22m\n' +[39m
[31m              '\n' +[39m
[31m              'Expected: \x1B[32m"Permissions insuffisantes"\x1B[39m\n' +[39m
[31m              'Received: \x1B[31mnull\x1B[39m',[39m
[31m            name: 'toBe',[39m
[31m            pass: false[39m
[31m          }[39m
[31m        },[39m
[31m        type: 'unhandled exception'[39m
[31m      }[39m
[2m[22m
[2m      [2mat VirtualConsole.<anonymous> ([22m[2mnode_modules/@jest/environment-jsdom-abstract/build/index.js[2m:87:23)[22m[2m[22m

    [2m[33mconsole.warn[39m[22m
[33m      EventService: No permission to load events (CALENDAR READ required)[39m
[2m[22m
[2m      36 |     // V√©rifier les permissions avant de charger[22m
[2m      37 |     if (!this.permissionService.hasReadAccess('CALENDAR')) {[22m
[2m    > 38 |       console.warn('EventService: No permission to load events (CALENDAR READ required)');[22m
[2m         |               ^[22m
[2m      39 |       this.errorSubject.next('Permissions insuffisantes');[22m
[2m      40 |       return;[22m
[2m      41 |     }[22m
[2m[22m
[2m      [2mat EventService.loadEvents ([22m[2msrc/app/services/event.service.ts[2m:38:15)[22m[2m[22m
[2m      [2mat EventService.refreshEvents ([22m[2msrc/app/services/event.service.ts[2m:151:16)[22m[2m[22m
[2m      [2mat [22m[2m[0m[36msrc/app/services/event.service.permissions.spec.ts[39m[0m[2m:93:23[22m[2m[22m

    [2m[31mconsole.error[39m[22m
[31m      Error: Uncaught [Error: [2mexpect([22m[31mjest.fn()[39m[31m[2m).[22mtoHaveBeenCalledWith[2m([22m[32m...expected[39m[31m[2m)[22m[39m
[31m      [39m
[31m      Expected: [32m"EventService: No permission to load events (CALENDAR READ required)"[39m[31m[39m
[31m      [39m
[31m      Number of calls: [31m0[39m[31m][39m
[31m          at reportException (/Users/bilal/Documents/Projets perso/Claude/Planning/mabanquetools-webapp/node_modules/jest-environment-jsdom/node_modules/jsdom/lib/jsdom/living/helpers/runtime-script-errors.js:66:24)[39m
[31m          at Timeout.task [as _onTimeout] (/Users/bilal/Documents/Projets perso/Claude/Planning/mabanquetools-webapp/node_modules/jest-environment-jsdom/node_modules/jsdom/lib/jsdom/browser/Window.js:584:9)[39m
[31m          at listOnTimeout (node:internal/timers:605:17)[39m
[31m          at processTimers (node:internal/timers:541:7) {[39m
[31m        detail: JestAssertionError: [2mexpect([22m[31mjest.fn()[39m[31m[2m).[22mtoHaveBeenCalledWith[2m([22m[32m...expected[39m[31m[2m)[22m[39m
[31m        [39m
[31m        Expected: [32m"EventService: No permission to load events (CALENDAR READ required)"[39m[31m[39m
[31m        [39m
[31m        Number of calls: [31m0[39m[31m[39m
[31m            at /Users/bilal/Documents/Projets perso/Claude/Planning/mabanquetools-webapp/src/app/services/event.service.permissions.spec.ts:139:34[39m
[31m            at timer (/Users/bilal/Documents/Projets perso/Claude/Planning/mabanquetools-webapp/node_modules/zone.js/bundles/zone.umd.js:1829:43)[39m
[31m            at _ZoneDelegate.invokeTask (/Users/bilal/Documents/Projets perso/Claude/Planning/mabanquetools-webapp/node_modules/zone.js/bundles/zone.umd.js:443:37)[39m
[31m            at ProxyZoneSpec.onInvokeTask (/Users/bilal/Documents/Projets perso/Claude/Planning/mabanquetools-webapp/node_modules/zone.js/bundles/zone-testing.umd.js:2250:43)[39m
[31m            at _ZoneDelegate.invokeTask (/Users/bilal/Documents/Projets perso/Claude/Planning/mabanquetools-webapp/node_modules/zone.js/bundles/zone.umd.js:442:42)[39m
[31m            at ZoneImpl.runTask (/Users/bilal/Documents/Projets perso/Claude/Planning/mabanquetools-webapp/node_modules/zone.js/bundles/zone.umd.js:194:51)[39m
[31m            at ZoneTask.invokeTask (/Users/bilal/Documents/Projets perso/Claude/Planning/mabanquetools-webapp/node_modules/zone.js/bundles/zone.umd.js:521:38)[39m
[31m            at ZoneTask.invoke (/Users/bilal/Documents/Projets perso/Claude/Planning/mabanquetools-webapp/node_modules/zone.js/bundles/zone.umd.js:510:52)[39m
[31m            at data.args.<computed> (/Users/bilal/Documents/Projets perso/Claude/Planning/mabanquetools-webapp/node_modules/zone.js/bundles/zone.umd.js:1797:36)[39m
[31m            at Timeout.task [as _onTimeout] (/Users/bilal/Documents/Projets perso/Claude/Planning/mabanquetools-webapp/node_modules/jest-environment-jsdom/node_modules/jsdom/lib/jsdom/browser/Window.js:579:19)[39m
[31m            at listOnTimeout (node:internal/timers:605:17)[39m
[31m            at processTimers (node:internal/timers:541:7) {[39m
[31m          matcherResult: {[39m
[31m            message: '\x1B[2mexpect(\x1B[22m\x1B[31mjest.fn()\x1B[39m\x1B[2m).\x1B[22mtoHaveBeenCalledWith\x1B[2m(\x1B[22m\x1B[32m...expected\x1B[39m\x1B[2m)\x1B[22m\n' +[39m
[31m              '\n' +[39m
[31m              'Expected: \x1B[32m"EventService: No permission to load events (CALENDAR READ required)"\x1B[39m\n' +[39m
[31m              '\n' +[39m
[31m              'Number of calls: \x1B[31m0\x1B[39m',[39m
[31m            pass: false[39m
[31m          }[39m
[31m        },[39m
[31m        type: 'unhandled exception'[39m
[31m      }[39m
[2m[22m
[2m      [2mat VirtualConsole.<anonymous> ([22m[2mnode_modules/@jest/environment-jsdom-abstract/build/index.js[2m:87:23)[22m[2m[22m

[1m[31m  [1m‚óè [22m[1mEventService - Permission Checks ‚Ä∫ should NOT load events on init if user has no CALENDAR permission[39m[22m

    [2mexpect([22m[31mreceived[39m[2m).[22mtoBe[2m([22m[32mexpected[39m[2m) // Object.is equality[22m

    Expected: [32m"Permissions insuffisantes"[39m
    Received: [31mnull[39m
[2m[22m
[2m    [0m [90m 50 |[39m             [90m// Verify error state is set[39m[22m
[2m     [90m 51 |[39m             service[33m.[39merror$[33m.[39msubscribe(error [33m=>[39m {[22m
[2m    [31m[1m>[22m[2m[39m[90m 52 |[39m                 expect(error)[33m.[39mtoBe([32m'Permissions insuffisantes'[39m)[33m;[39m[22m
[2m     [90m    |[39m                               [31m[1m^[22m[2m[39m[22m
[2m     [90m 53 |[39m                 done()[33m;[39m[22m
[2m     [90m 54 |[39m             })[33m;[39m[22m
[2m     [90m 55 |[39m         }[33m,[39m [35m10[39m)[33m;[39m[0m[22m
[2m[22m
[2m      [2mat Object.next ([22m[2m[0m[36msrc/app/services/event.service.permissions.spec.ts[39m[0m[2m:52:31)[22m[2m[22m
[2m      [2mat ConsumerObserver.next ([22m[2mnode_modules/rxjs/src/internal/Subscriber.ts[2m:155:25)[22m[2m[22m
[2m      [2mat SafeSubscriber.Subscriber._next ([22m[2mnode_modules/rxjs/src/internal/Subscriber.ts[2m:113:22)[22m[2m[22m
[2m      [2mat SafeSubscriber.Subscriber.next ([22m[2mnode_modules/rxjs/src/internal/Subscriber.ts[2m:71:12)[22m[2m[22m
[2m      [2mat BehaviorSubject._subscribe ([22m[2mnode_modules/rxjs/src/internal/BehaviorSubject.ts[2m:21:40)[22m[2m[22m
[2m      [2mat BehaviorSubject.Observable._trySubscribe ([22m[2mnode_modules/rxjs/src/internal/Observable.ts[2m:235:19)[22m[2m[22m
[2m      [2mat BehaviorSubject.Subject._trySubscribe ([22m[2mnode_modules/rxjs/src/internal/Subject.ts[2m:112:31)[22m[2m[22m
[2m      [2mat [22m[2mnode_modules/rxjs/src/internal/Observable.ts[2m:225:18[22m[2m[22m
[2m      [2mat Object.errorContext ([22m[2mnode_modules/rxjs/src/internal/util/errorContext.ts[2m:29:5)[22m[2m[22m
[2m      [2mat BehaviorSubject.Observable.subscribe ([22m[2mnode_modules/rxjs/src/internal/Observable.ts[2m:211:5)[22m[2m[22m
[2m      [2mat Observable._subscribe ([22m[2mnode_modules/rxjs/src/internal/Observable.ts[2m:325:25)[22m[2m[22m
[2m      [2mat [22m[2mnode_modules/rxjs/src/internal/Observable.ts[2m:222:18[22m[2m[22m
[2m      [2mat Object.errorContext ([22m[2mnode_modules/rxjs/src/internal/util/errorContext.ts[2m:29:5)[22m[2m[22m
[2m      [2mat Observable.subscribe ([22m[2mnode_modules/rxjs/src/internal/Observable.ts[2m:211:5)[22m[2m[22m
[2m      [2mat [22m[2m[0m[36msrc/app/services/event.service.permissions.spec.ts[39m[0m[2m:51:28[22m[2m[22m
[2m      [2mat timer ([22m[2mnode_modules/zone.js/bundles/zone.umd.js[2m:1829:43)[22m[2m[22m
[2m      [2mat _ZoneDelegate.invokeTask ([22m[2mnode_modules/zone.js/bundles/zone.umd.js[2m:443:37)[22m[2m[22m
[2m      [2mat ProxyZoneSpec.onInvokeTask ([22m[2mnode_modules/zone.js/bundles/zone-testing.umd.js[2m:2250:43)[22m[2m[22m
[2m      [2mat _ZoneDelegate.invokeTask ([22m[2mnode_modules/zone.js/bundles/zone.umd.js[2m:442:42)[22m[2m[22m
[2m      [2mat ZoneImpl.runTask ([22m[2mnode_modules/zone.js/bundles/zone.umd.js[2m:194:51)[22m[2m[22m
[2m      [2mat ZoneTask.invokeTask ([22m[2mnode_modules/zone.js/bundles/zone.umd.js[2m:521:38)[22m[2m[22m
[2m      [2mat ZoneTask.invoke ([22m[2mnode_modules/zone.js/bundles/zone.umd.js[2m:510:52)[22m[2m[22m
[2m      [2mat data.args.<computed> ([22m[2mnode_modules/zone.js/bundles/zone.umd.js[2m:1797:36)[22m[2m[22m

[1m[31m  [1m‚óè [22m[1mEventService - Permission Checks ‚Ä∫ should NOT load events on init if user has no CALENDAR permission[39m[22m

    thrown: "Exceeded timeout of 5000 ms for a test while waiting for `done()` to be called.
    Add a timeout value to this test to increase the timeout, if this is a long-running test. See https://jestjs.io/docs/api#testname-fn-timeout."
[2m[22m
[2m    [0m [90m 36 |[39m     })[33m;[39m[22m
[2m     [90m 37 |[39m[22m
[2m    [31m[1m>[22m[2m[39m[90m 38 |[39m     it([32m'should NOT load events on init if user has no CALENDAR permission'[39m[33m,[39m (done) [33m=>[39m {[22m
[2m     [90m    |[39m     [31m[1m^[22m[2m[39m[22m
[2m     [90m 39 |[39m         [90m// Mock: User has NO permission[39m[22m
[2m     [90m 40 |[39m         permissionService[33m.[39mhasReadAccess[33m![39m[33m.[39mmockReturnValue([36mfalse[39m)[33m;[39m[22m
[2m     [90m 41 |[39m[0m[22m
[2m[22m
[2m      [2mat context.<computed> ([22m[2mnode_modules/zone.js/bundles/zone-testing.umd.js[2m:491:43)[22m[2m[22m
[2m      [2mat [22m[2m[0m[36msrc/app/services/event.service.permissions.spec.ts[39m[0m[2m:38:5[22m[2m[22m
[2m      [2mat _ZoneDelegate.invoke ([22m[2mnode_modules/zone.js/bundles/zone.umd.js[2m:410:32)[22m[2m[22m
[2m      [2mat ZoneImpl.run ([22m[2mnode_modules/zone.js/bundles/zone.umd.js[2m:145:47)[22m[2m[22m
[2m      [2mat [22m[2mnode_modules/zone.js/bundles/zone-testing.umd.js[2m:425:37[22m[2m[22m
[2m      [2mat context.<computed> ([22m[2mnode_modules/zone.js/bundles/zone-testing.umd.js[2m:473:43)[22m[2m[22m
[2m      [2mat Object.<anonymous> ([22m[2m[0m[36msrc/app/services/event.service.permissions.spec.ts[39m[0m[2m:7:1)[22m[2m[22m

[1m[31m  [1m‚óè [22m[1mEventService - Permission Checks ‚Ä∫ should log warning when permission check fails[39m[22m

    [2mexpect([22m[31mjest.fn()[39m[2m).[22mtoHaveBeenCalledWith[2m([22m[32m...expected[39m[2m)[22m

    Expected: [32m"EventService: No permission to load events (CALENDAR READ required)"[39m

    Number of calls: [31m0[39m
[2m[22m
[2m    [0m [90m 137 |[39m         setTimeout(() [33m=>[39m {[22m
[2m     [90m 138 |[39m             [90m// Verify warning was logged[39m[22m
[2m    [31m[1m>[22m[2m[39m[90m 139 |[39m             expect(console[33m.[39mwarn)[33m.[39mtoHaveBeenCalledWith([22m
[2m     [90m     |[39m                                  [31m[1m^[22m[2m[39m[22m
[2m     [90m 140 |[39m                 [32m'EventService: No permission to load events (CALENDAR READ required)'[39m[22m
[2m     [90m 141 |[39m             )[33m;[39m[22m
[2m     [90m 142 |[39m             done()[33m;[39m[0m[22m
[2m[22m
[2m      [2mat [22m[2m[0m[36msrc/app/services/event.service.permissions.spec.ts[39m[0m[2m:139:34[22m[2m[22m
[2m      [2mat timer ([22m[2mnode_modules/zone.js/bundles/zone.umd.js[2m:1829:43)[22m[2m[22m
[2m      [2mat _ZoneDelegate.invokeTask ([22m[2mnode_modules/zone.js/bundles/zone.umd.js[2m:443:37)[22m[2m[22m
[2m      [2mat ProxyZoneSpec.onInvokeTask ([22m[2mnode_modules/zone.js/bundles/zone-testing.umd.js[2m:2250:43)[22m[2m[22m
[2m      [2mat _ZoneDelegate.invokeTask ([22m[2mnode_modules/zone.js/bundles/zone.umd.js[2m:442:42)[22m[2m[22m
[2m      [2mat ZoneImpl.runTask ([22m[2mnode_modules/zone.js/bundles/zone.umd.js[2m:194:51)[22m[2m[22m
[2m      [2mat ZoneTask.invokeTask ([22m[2mnode_modules/zone.js/bundles/zone.umd.js[2m:521:38)[22m[2m[22m
[2m      [2mat ZoneTask.invoke ([22m[2mnode_modules/zone.js/bundles/zone.umd.js[2m:510:52)[22m[2m[22m
[2m      [2mat data.args.<computed> ([22m[2mnode_modules/zone.js/bundles/zone.umd.js[2m:1797:36)[22m[2m[22m

[1m[31m  [1m‚óè [22m[1mEventService - Permission Checks ‚Ä∫ should log warning when permission check fails[39m[22m

    thrown: "Exceeded timeout of 5000 ms for a test while waiting for `done()` to be called.
    Add a timeout value to this test to increase the timeout, if this is a long-running test. See https://jestjs.io/docs/api#testname-fn-timeout."
[2m[22m
[2m    [0m [90m 126 |[39m     })[33m;[39m[22m
[2m     [90m 127 |[39m[22m
[2m    [31m[1m>[22m[2m[39m[90m 128 |[39m     it([32m'should log warning when permission check fails'[39m[33m,[39m (done) [33m=>[39m {[22m
[2m     [90m     |[39m     [31m[1m^[22m[2m[39m[22m
[2m     [90m 129 |[39m         [90m// Spy on console.warn[39m[22m
[2m     [90m 130 |[39m         jest[33m.[39mspyOn(console[33m,[39m [32m'warn'[39m)[33m.[39mmockImplementation()[33m;[39m[22m
[2m     [90m 131 |[39m[0m[22m
[2m[22m
[2m      [2mat context.<computed> ([22m[2mnode_modules/zone.js/bundles/zone-testing.umd.js[2m:491:43)[22m[2m[22m
[2m      [2mat [22m[2m[0m[36msrc/app/services/event.service.permissions.spec.ts[39m[0m[2m:128:5[22m[2m[22m
[2m      [2mat _ZoneDelegate.invoke ([22m[2mnode_modules/zone.js/bundles/zone.umd.js[2m:410:32)[22m[2m[22m
[2m      [2mat ZoneImpl.run ([22m[2mnode_modules/zone.js/bundles/zone.umd.js[2m:145:47)[22m[2m[22m
[2m      [2mat [22m[2mnode_modules/zone.js/bundles/zone-testing.umd.js[2m:425:37[22m[2m[22m
[2m      [2mat context.<computed> ([22m[2mnode_modules/zone.js/bundles/zone-testing.umd.js[2m:473:43)[22m[2m[22m
[2m      [2mat Object.<anonymous> ([22m[2m[0m[36msrc/app/services/event.service.permissions.spec.ts[39m[0m[2m:7:1)[22m[2m[22m

[0m[7m[1m[31m FAIL [39m[22m[27m[0m [2msrc/app/services/[22m[1mrelease.service.permissions.spec.ts[22m ([0m[1m[41m15.823 s[49m[22m[0m)
  [1m‚óè [22mConsole

    [2m[31mconsole.error[39m[22m
[31m      Error: Uncaught [Error: [2mexpect([22m[31mreceived[39m[31m[2m).[22mtoBe[2m([22m[32mexpected[39m[31m[2m) // Object.is equality[22m[39m
[31m      [39m
[31m      Expected: [32m"Permissions insuffisantes"[39m[31m[39m
[31m      Received: [31mnull[39m[31m][39m
[31m          at reportException (/Users/bilal/Documents/Projets perso/Claude/Planning/mabanquetools-webapp/node_modules/jest-environment-jsdom/node_modules/jsdom/lib/jsdom/living/helpers/runtime-script-errors.js:66:24)[39m
[31m          at Timeout.task [as _onTimeout] (/Users/bilal/Documents/Projets perso/Claude/Planning/mabanquetools-webapp/node_modules/jest-environment-jsdom/node_modules/jsdom/lib/jsdom/browser/Window.js:584:9)[39m
[31m          at listOnTimeout (node:internal/timers:605:17)[39m
[31m          at processTimers (node:internal/timers:541:7) {[39m
[31m        detail: JestAssertionError: [2mexpect([22m[31mreceived[39m[31m[2m).[22mtoBe[2m([22m[32mexpected[39m[31m[2m) // Object.is equality[22m[39m
[31m        [39m
[31m        Expected: [32m"Permissions insuffisantes"[39m[31m[39m
[31m        Received: [31mnull[39m[31m[39m
[31m            at Object.next (/Users/bilal/Documents/Projets perso/Claude/Planning/mabanquetools-webapp/src/app/services/release.service.permissions.spec.ts:52:31)[39m
[31m            at ConsumerObserver.next (/Users/bilal/Documents/Projets perso/Claude/Planning/mabanquetools-webapp/node_modules/rxjs/src/internal/Subscriber.ts:155:25)[39m
[31m            at SafeSubscriber.Subscriber._next (/Users/bilal/Documents/Projets perso/Claude/Planning/mabanquetools-webapp/node_modules/rxjs/src/internal/Subscriber.ts:113:22)[39m
[31m            at SafeSubscriber.Subscriber.next (/Users/bilal/Documents/Projets perso/Claude/Planning/mabanquetools-webapp/node_modules/rxjs/src/internal/Subscriber.ts:71:12)[39m
[31m            at BehaviorSubject._subscribe (/Users/bilal/Documents/Projets perso/Claude/Planning/mabanquetools-webapp/node_modules/rxjs/src/internal/BehaviorSubject.ts:21:40)[39m
[31m            at BehaviorSubject.Observable._trySubscribe (/Users/bilal/Documents/Projets perso/Claude/Planning/mabanquetools-webapp/node_modules/rxjs/src/internal/Observable.ts:235:19)[39m
[31m            at BehaviorSubject.Subject._trySubscribe (/Users/bilal/Documents/Projets perso/Claude/Planning/mabanquetools-webapp/node_modules/rxjs/src/internal/Subject.ts:112:31)[39m
[31m            at /Users/bilal/Documents/Projets perso/Claude/Planning/mabanquetools-webapp/node_modules/rxjs/src/internal/Observable.ts:225:18[39m
[31m            at Object.errorContext (/Users/bilal/Documents/Projets perso/Claude/Planning/mabanquetools-webapp/node_modules/rxjs/src/internal/util/errorContext.ts:29:5)[39m
[31m            at BehaviorSubject.Observable.subscribe (/Users/bilal/Documents/Projets perso/Claude/Planning/mabanquetools-webapp/node_modules/rxjs/src/internal/Observable.ts:211:5)[39m
[31m            at Observable._subscribe (/Users/bilal/Documents/Projets perso/Claude/Planning/mabanquetools-webapp/node_modules/rxjs/src/internal/Observable.ts:325:25)[39m
[31m            at /Users/bilal/Documents/Projets perso/Claude/Planning/mabanquetools-webapp/node_modules/rxjs/src/internal/Observable.ts:222:18[39m
[31m            at Object.errorContext (/Users/bilal/Documents/Projets perso/Claude/Planning/mabanquetools-webapp/node_modules/rxjs/src/internal/util/errorContext.ts:29:5)[39m
[31m            at Observable.subscribe (/Users/bilal/Documents/Projets perso/Claude/Planning/mabanquetools-webapp/node_modules/rxjs/src/internal/Observable.ts:211:5)[39m
[31m            at /Users/bilal/Documents/Projets perso/Claude/Planning/mabanquetools-webapp/src/app/services/release.service.permissions.spec.ts:51:28[39m
[31m            at timer (/Users/bilal/Documents/Projets perso/Claude/Planning/mabanquetools-webapp/node_modules/zone.js/bundles/zone.umd.js:1829:43)[39m
[31m            at _ZoneDelegate.invokeTask (/Users/bilal/Documents/Projets perso/Claude/Planning/mabanquetools-webapp/node_modules/zone.js/bundles/zone.umd.js:443:37)[39m
[31m            at ProxyZoneSpec.onInvokeTask (/Users/bilal/Documents/Projets perso/Claude/Planning/mabanquetools-webapp/node_modules/zone.js/bundles/zone-testing.umd.js:2250:43)[39m
[31m            at _ZoneDelegate.invokeTask (/Users/bilal/Documents/Projets perso/Claude/Planning/mabanquetools-webapp/node_modules/zone.js/bundles/zone.umd.js:442:42)[39m
[31m            at ZoneImpl.runTask (/Users/bilal/Documents/Projets perso/Claude/Planning/mabanquetools-webapp/node_modules/zone.js/bundles/zone.umd.js:194:51)[39m
[31m            at ZoneTask.invokeTask (/Users/bilal/Documents/Projets perso/Claude/Planning/mabanquetools-webapp/node_modules/zone.js/bundles/zone.umd.js:521:38)[39m
[31m            at ZoneTask.invoke (/Users/bilal/Documents/Projets perso/Claude/Planning/mabanquetools-webapp/node_modules/zone.js/bundles/zone.umd.js:510:52)[39m
[31m            at data.args.<computed> (/Users/bilal/Documents/Projets perso/Claude/Planning/mabanquetools-webapp/node_modules/zone.js/bundles/zone.umd.js:1797:36)[39m
[31m            at Timeout.task [as _onTimeout] (/Users/bilal/Documents/Projets perso/Claude/Planning/mabanquetools-webapp/node_modules/jest-environment-jsdom/node_modules/jsdom/lib/jsdom/browser/Window.js:579:19)[39m
[31m            at listOnTimeout (node:internal/timers:605:17)[39m
[31m            at processTimers (node:internal/timers:541:7) {[39m
[31m          matcherResult: {[39m
[31m            actual: null,[39m
[31m            expected: 'Permissions insuffisantes',[39m
[31m            message: '\x1B[2mexpect(\x1B[22m\x1B[31mreceived\x1B[39m\x1B[2m).\x1B[22mtoBe\x1B[2m(\x1B[22m\x1B[32mexpected\x1B[39m\x1B[2m) // Object.is equality\x1B[22m\n' +[39m
[31m              '\n' +[39m
[31m              'Expected: \x1B[32m"Permissions insuffisantes"\x1B[39m\n' +[39m
[31m              'Received: \x1B[31mnull\x1B[39m',[39m
[31m            name: 'toBe',[39m
[31m            pass: false[39m
[31m          }[39m
[31m        },[39m
[31m        type: 'unhandled exception'[39m
[31m      }[39m
[2m[22m
[2m      [2mat VirtualConsole.<anonymous> ([22m[2mnode_modules/@jest/environment-jsdom-abstract/build/index.js[2m:87:23)[22m[2m[22m

    [2m[33mconsole.warn[39m[22m
[33m      ReleaseService: No permission to load releases (RELEASES READ required)[39m
[2m[22m
[2m      50 |     // V√©rifier les permissions avant de charger[22m
[2m      51 |     if (!this.permissionService.hasReadAccess('RELEASES')) {[22m
[2m    > 52 |       console.warn('ReleaseService: No permission to load releases (RELEASES READ required)');[22m
[2m         |               ^[22m
[2m      53 |       this.errorSubject.next('Permissions insuffisantes');[22m
[2m      54 |       return;[22m
[2m      55 |     }[22m
[2m[22m
[2m      [2mat ReleaseService.loadReleases ([22m[2msrc/app/services/release.service.ts[2m:52:15)[22m[2m[22m
[2m      [2mat ReleaseService.refreshReleases ([22m[2msrc/app/services/release.service.ts[2m:277:16)[22m[2m[22m
[2m      [2mat [22m[2m[0m[36msrc/app/services/release.service.permissions.spec.ts[39m[0m[2m:93:23[22m[2m[22m

    [2m[31mconsole.error[39m[22m
[31m      Error: Uncaught [Error: [2mexpect([22m[31mjest.fn()[39m[31m[2m).[22mtoHaveBeenCalledWith[2m([22m[32m...expected[39m[31m[2m)[22m[39m
[31m      [39m
[31m      Expected: [32m"ReleaseService: No permission to load releases (RELEASES READ required)"[39m[31m[39m
[31m      [39m
[31m      Number of calls: [31m0[39m[31m][39m
[31m          at reportException (/Users/bilal/Documents/Projets perso/Claude/Planning/mabanquetools-webapp/node_modules/jest-environment-jsdom/node_modules/jsdom/lib/jsdom/living/helpers/runtime-script-errors.js:66:24)[39m
[31m          at Timeout.task [as _onTimeout] (/Users/bilal/Documents/Projets perso/Claude/Planning/mabanquetools-webapp/node_modules/jest-environment-jsdom/node_modules/jsdom/lib/jsdom/browser/Window.js:584:9)[39m
[31m          at listOnTimeout (node:internal/timers:605:17)[39m
[31m          at processTimers (node:internal/timers:541:7) {[39m
[31m        detail: JestAssertionError: [2mexpect([22m[31mjest.fn()[39m[31m[2m).[22mtoHaveBeenCalledWith[2m([22m[32m...expected[39m[31m[2m)[22m[39m
[31m        [39m
[31m        Expected: [32m"ReleaseService: No permission to load releases (RELEASES READ required)"[39m[31m[39m
[31m        [39m
[31m        Number of calls: [31m0[39m[31m[39m
[31m            at /Users/bilal/Documents/Projets perso/Claude/Planning/mabanquetools-webapp/src/app/services/release.service.permissions.spec.ts:139:34[39m
[31m            at timer (/Users/bilal/Documents/Projets perso/Claude/Planning/mabanquetools-webapp/node_modules/zone.js/bundles/zone.umd.js:1829:43)[39m
[31m            at _ZoneDelegate.invokeTask (/Users/bilal/Documents/Projets perso/Claude/Planning/mabanquetools-webapp/node_modules/zone.js/bundles/zone.umd.js:443:37)[39m
[31m            at ProxyZoneSpec.onInvokeTask (/Users/bilal/Documents/Projets perso/Claude/Planning/mabanquetools-webapp/node_modules/zone.js/bundles/zone-testing.umd.js:2250:43)[39m
[31m            at _ZoneDelegate.invokeTask (/Users/bilal/Documents/Projets perso/Claude/Planning/mabanquetools-webapp/node_modules/zone.js/bundles/zone.umd.js:442:42)[39m
[31m            at ZoneImpl.runTask (/Users/bilal/Documents/Projets perso/Claude/Planning/mabanquetools-webapp/node_modules/zone.js/bundles/zone.umd.js:194:51)[39m
[31m            at ZoneTask.invokeTask (/Users/bilal/Documents/Projets perso/Claude/Planning/mabanquetools-webapp/node_modules/zone.js/bundles/zone.umd.js:521:38)[39m
[31m            at ZoneTask.invoke (/Users/bilal/Documents/Projets perso/Claude/Planning/mabanquetools-webapp/node_modules/zone.js/bundles/zone.umd.js:510:52)[39m
[31m            at data.args.<computed> (/Users/bilal/Documents/Projets perso/Claude/Planning/mabanquetools-webapp/node_modules/zone.js/bundles/zone.umd.js:1797:36)[39m
[31m            at Timeout.task [as _onTimeout] (/Users/bilal/Documents/Projets perso/Claude/Planning/mabanquetools-webapp/node_modules/jest-environment-jsdom/node_modules/jsdom/lib/jsdom/browser/Window.js:579:19)[39m
[31m            at listOnTimeout (node:internal/timers:605:17)[39m
[31m            at processTimers (node:internal/timers:541:7) {[39m
[31m          matcherResult: {[39m
[31m            message: '\x1B[2mexpect(\x1B[22m\x1B[31mjest.fn()\x1B[39m\x1B[2m).\x1B[22mtoHaveBeenCalledWith\x1B[2m(\x1B[22m\x1B[32m...expected\x1B[39m\x1B[2m)\x1B[22m\n' +[39m
[31m              '\n' +[39m
[31m              'Expected: \x1B[32m"ReleaseService: No permission to load releases (RELEASES READ required)"\x1B[39m\n' +[39m
[31m              '\n' +[39m
[31m              'Number of calls: \x1B[31m0\x1B[39m',[39m
[31m            pass: false[39m
[31m          }[39m
[31m        },[39m
[31m        type: 'unhandled exception'[39m
[31m      }[39m
[2m[22m
[2m      [2mat VirtualConsole.<anonymous> ([22m[2mnode_modules/@jest/environment-jsdom-abstract/build/index.js[2m:87:23)[22m[2m[22m

[1m[31m  [1m‚óè [22m[1mReleaseService - Permission Checks ‚Ä∫ should NOT load releases on init if user has no RELEASES permission[39m[22m

    [2mexpect([22m[31mreceived[39m[2m).[22mtoBe[2m([22m[32mexpected[39m[2m) // Object.is equality[22m

    Expected: [32m"Permissions insuffisantes"[39m
    Received: [31mnull[39m
[2m[22m
[2m    [0m [90m 50 |[39m             [90m// Verify error state is set[39m[22m
[2m     [90m 51 |[39m             service[33m.[39merror$[33m.[39msubscribe(error [33m=>[39m {[22m
[2m    [31m[1m>[22m[2m[39m[90m 52 |[39m                 expect(error)[33m.[39mtoBe([32m'Permissions insuffisantes'[39m)[33m;[39m[22m
[2m     [90m    |[39m                               [31m[1m^[22m[2m[39m[22m
[2m     [90m 53 |[39m                 done()[33m;[39m[22m
[2m     [90m 54 |[39m             })[33m;[39m[22m
[2m     [90m 55 |[39m         }[33m,[39m [35m10[39m)[33m;[39m[0m[22m
[2m[22m
[2m      [2mat Object.next ([22m[2m[0m[36msrc/app/services/release.service.permissions.spec.ts[39m[0m[2m:52:31)[22m[2m[22m
[2m      [2mat ConsumerObserver.next ([22m[2mnode_modules/rxjs/src/internal/Subscriber.ts[2m:155:25)[22m[2m[22m
[2m      [2mat SafeSubscriber.Subscriber._next ([22m[2mnode_modules/rxjs/src/internal/Subscriber.ts[2m:113:22)[22m[2m[22m
[2m      [2mat SafeSubscriber.Subscriber.next ([22m[2mnode_modules/rxjs/src/internal/Subscriber.ts[2m:71:12)[22m[2m[22m
[2m      [2mat BehaviorSubject._subscribe ([22m[2mnode_modules/rxjs/src/internal/BehaviorSubject.ts[2m:21:40)[22m[2m[22m
[2m      [2mat BehaviorSubject.Observable._trySubscribe ([22m[2mnode_modules/rxjs/src/internal/Observable.ts[2m:235:19)[22m[2m[22m
[2m      [2mat BehaviorSubject.Subject._trySubscribe ([22m[2mnode_modules/rxjs/src/internal/Subject.ts[2m:112:31)[22m[2m[22m
[2m      [2mat [22m[2mnode_modules/rxjs/src/internal/Observable.ts[2m:225:18[22m[2m[22m
[2m      [2mat Object.errorContext ([22m[2mnode_modules/rxjs/src/internal/util/errorContext.ts[2m:29:5)[22m[2m[22m
[2m      [2mat BehaviorSubject.Observable.subscribe ([22m[2mnode_modules/rxjs/src/internal/Observable.ts[2m:211:5)[22m[2m[22m
[2m      [2mat Observable._subscribe ([22m[2mnode_modules/rxjs/src/internal/Observable.ts[2m:325:25)[22m[2m[22m
[2m      [2mat [22m[2mnode_modules/rxjs/src/internal/Observable.ts[2m:222:18[22m[2m[22m
[2m      [2mat Object.errorContext ([22m[2mnode_modules/rxjs/src/internal/util/errorContext.ts[2m:29:5)[22m[2m[22m
[2m      [2mat Observable.subscribe ([22m[2mnode_modules/rxjs/src/internal/Observable.ts[2m:211:5)[22m[2m[22m
[2m      [2mat [22m[2m[0m[36msrc/app/services/release.service.permissions.spec.ts[39m[0m[2m:51:28[22m[2m[22m
[2m      [2mat timer ([22m[2mnode_modules/zone.js/bundles/zone.umd.js[2m:1829:43)[22m[2m[22m
[2m      [2mat _ZoneDelegate.invokeTask ([22m[2mnode_modules/zone.js/bundles/zone.umd.js[2m:443:37)[22m[2m[22m
[2m      [2mat ProxyZoneSpec.onInvokeTask ([22m[2mnode_modules/zone.js/bundles/zone-testing.umd.js[2m:2250:43)[22m[2m[22m
[2m      [2mat _ZoneDelegate.invokeTask ([22m[2mnode_modules/zone.js/bundles/zone.umd.js[2m:442:42)[22m[2m[22m
[2m      [2mat ZoneImpl.runTask ([22m[2mnode_modules/zone.js/bundles/zone.umd.js[2m:194:51)[22m[2m[22m
[2m      [2mat ZoneTask.invokeTask ([22m[2mnode_modules/zone.js/bundles/zone.umd.js[2m:521:38)[22m[2m[22m
[2m      [2mat ZoneTask.invoke ([22m[2mnode_modules/zone.js/bundles/zone.umd.js[2m:510:52)[22m[2m[22m
[2m      [2mat data.args.<computed> ([22m[2mnode_modules/zone.js/bundles/zone.umd.js[2m:1797:36)[22m[2m[22m

[1m[31m  [1m‚óè [22m[1mReleaseService - Permission Checks ‚Ä∫ should NOT load releases on init if user has no RELEASES permission[39m[22m

    thrown: "Exceeded timeout of 5000 ms for a test while waiting for `done()` to be called.
    Add a timeout value to this test to increase the timeout, if this is a long-running test. See https://jestjs.io/docs/api#testname-fn-timeout."
[2m[22m
[2m    [0m [90m 36 |[39m     })[33m;[39m[22m
[2m     [90m 37 |[39m[22m
[2m    [31m[1m>[22m[2m[39m[90m 38 |[39m     it([32m'should NOT load releases on init if user has no RELEASES permission'[39m[33m,[39m (done) [33m=>[39m {[22m
[2m     [90m    |[39m     [31m[1m^[22m[2m[39m[22m
[2m     [90m 39 |[39m         [90m// Mock: User has NO permission[39m[22m
[2m     [90m 40 |[39m         permissionService[33m.[39mhasReadAccess[33m![39m[33m.[39mmockReturnValue([36mfalse[39m)[33m;[39m[22m
[2m     [90m 41 |[39m[0m[22m
[2m[22m
[2m      [2mat context.<computed> ([22m[2mnode_modules/zone.js/bundles/zone-testing.umd.js[2m:491:43)[22m[2m[22m
[2m      [2mat [22m[2m[0m[36msrc/app/services/release.service.permissions.spec.ts[39m[0m[2m:38:5[22m[2m[22m
[2m      [2mat _ZoneDelegate.invoke ([22m[2mnode_modules/zone.js/bundles/zone.umd.js[2m:410:32)[22m[2m[22m
[2m      [2mat ZoneImpl.run ([22m[2mnode_modules/zone.js/bundles/zone.umd.js[2m:145:47)[22m[2m[22m
[2m      [2mat [22m[2mnode_modules/zone.js/bundles/zone-testing.umd.js[2m:425:37[22m[2m[22m
[2m      [2mat context.<computed> ([22m[2mnode_modules/zone.js/bundles/zone-testing.umd.js[2m:473:43)[22m[2m[22m
[2m      [2mat Object.<anonymous> ([22m[2m[0m[36msrc/app/services/release.service.permissions.spec.ts[39m[0m[2m:7:1)[22m[2m[22m

[1m[31m  [1m‚óè [22m[1mReleaseService - Permission Checks ‚Ä∫ should log warning when permission check fails[39m[22m

    [2mexpect([22m[31mjest.fn()[39m[2m).[22mtoHaveBeenCalledWith[2m([22m[32m...expected[39m[2m)[22m

    Expected: [32m"ReleaseService: No permission to load releases (RELEASES READ required)"[39m

    Number of calls: [31m0[39m
[2m[22m
[2m    [0m [90m 137 |[39m         setTimeout(() [33m=>[39m {[22m
[2m     [90m 138 |[39m             [90m// Verify warning was logged[39m[22m
[2m    [31m[1m>[22m[2m[39m[90m 139 |[39m             expect(console[33m.[39mwarn)[33m.[39mtoHaveBeenCalledWith([22m
[2m     [90m     |[39m                                  [31m[1m^[22m[2m[39m[22m
[2m     [90m 140 |[39m                 [32m'ReleaseService: No permission to load releases (RELEASES READ required)'[39m[22m
[2m     [90m 141 |[39m             )[33m;[39m[22m
[2m     [90m 142 |[39m             done()[33m;[39m[0m[22m
[2m[22m
[2m      [2mat [22m[2m[0m[36msrc/app/services/release.service.permissions.spec.ts[39m[0m[2m:139:34[22m[2m[22m
[2m      [2mat timer ([22m[2mnode_modules/zone.js/bundles/zone.umd.js[2m:1829:43)[22m[2m[22m
[2m      [2mat _ZoneDelegate.invokeTask ([22m[2mnode_modules/zone.js/bundles/zone.umd.js[2m:443:37)[22m[2m[22m
[2m      [2mat ProxyZoneSpec.onInvokeTask ([22m[2mnode_modules/zone.js/bundles/zone-testing.umd.js[2m:2250:43)[22m[2m[22m
[2m      [2mat _ZoneDelegate.invokeTask ([22m[2mnode_modules/zone.js/bundles/zone.umd.js[2m:442:42)[22m[2m[22m
[2m      [2mat ZoneImpl.runTask ([22m[2mnode_modules/zone.js/bundles/zone.umd.js[2m:194:51)[22m[2m[22m
[2m      [2mat ZoneTask.invokeTask ([22m[2mnode_modules/zone.js/bundles/zone.umd.js[2m:521:38)[22m[2m[22m
[2m      [2mat ZoneTask.invoke ([22m[2mnode_modules/zone.js/bundles/zone.umd.js[2m:510:52)[22m[2m[22m
[2m      [2mat data.args.<computed> ([22m[2mnode_modules/zone.js/bundles/zone.umd.js[2m:1797:36)[22m[2m[22m

[1m[31m  [1m‚óè [22m[1mReleaseService - Permission Checks ‚Ä∫ should log warning when permission check fails[39m[22m

    thrown: "Exceeded timeout of 5000 ms for a test while waiting for `done()` to be called.
    Add a timeout value to this test to increase the timeout, if this is a long-running test. See https://jestjs.io/docs/api#testname-fn-timeout."
[2m[22m
[2m    [0m [90m 126 |[39m     })[33m;[39m[22m
[2m     [90m 127 |[39m[22m
[2m    [31m[1m>[22m[2m[39m[90m 128 |[39m     it([32m'should log warning when permission check fails'[39m[33m,[39m (done) [33m=>[39m {[22m
[2m     [90m     |[39m     [31m[1m^[22m[2m[39m[22m
[2m     [90m 129 |[39m         [90m// Spy on console.warn[39m[22m
[2m     [90m 130 |[39m         jest[33m.[39mspyOn(console[33m,[39m [32m'warn'[39m)[33m.[39mmockImplementation()[33m;[39m[22m
[2m     [90m 131 |[39m[0m[22m
[2m[22m
[2m      [2mat context.<computed> ([22m[2mnode_modules/zone.js/bundles/zone-testing.umd.js[2m:491:43)[22m[2m[22m
[2m      [2mat [22m[2m[0m[36msrc/app/services/release.service.permissions.spec.ts[39m[0m[2m:128:5[22m[2m[22m
[2m      [2mat _ZoneDelegate.invoke ([22m[2mnode_modules/zone.js/bundles/zone.umd.js[2m:410:32)[22m[2m[22m
[2m      [2mat ZoneImpl.run ([22m[2mnode_modules/zone.js/bundles/zone.umd.js[2m:145:47)[22m[2m[22m
[2m      [2mat [22m[2mnode_modules/zone.js/bundles/zone-testing.umd.js[2m:425:37[22m[2m[22m
[2m      [2mat context.<computed> ([22m[2mnode_modules/zone.js/bundles/zone-testing.umd.js[2m:473:43)[22m[2m[22m
[2m      [2mat Object.<anonymous> ([22m[2m[0m[36msrc/app/services/release.service.permissions.spec.ts[39m[0m[2m:7:1)[22m[2m[22m

[1m[31m  [1m‚óè [22m[1mReleaseService - Permission Checks ‚Ä∫ should NOT load current release if user loses permission[39m[22m

    thrown: "Exceeded timeout of 5000 ms for a test.
    Add a timeout value to this test to increase the timeout, if this is a long-running test. See https://jestjs.io/docs/api#testname-fn-timeout."
[2m[22m
[2m    [0m [90m 159 |[39m     })[33m;[39m[22m
[2m     [90m 160 |[39m[22m
[2m    [31m[1m>[22m[2m[39m[90m 161 |[39m     it([32m'should NOT load current release if user loses permission'[39m[33m,[39m [36masync[39m () [33m=>[39m {[22m
[2m     [90m     |[39m     [31m[1m^[22m[2m[39m[22m
[2m     [90m 162 |[39m         [90m// Mock: User has permission initially[39m[22m
[2m     [90m 163 |[39m         permissionService[33m.[39mhasReadAccess[33m![39m[33m.[39mmockReturnValue([36mtrue[39m)[33m;[39m[22m
[2m     [90m 164 |[39m         service [33m=[39m [33mTestBed[39m[33m.[39minject([33mReleaseService[39m)[33m;[39m[0m[22m
[2m[22m
[2m      [2mat context.<computed> ([22m[2mnode_modules/zone.js/bundles/zone-testing.umd.js[2m:491:43)[22m[2m[22m
[2m      [2mat [22m[2m[0m[36msrc/app/services/release.service.permissions.spec.ts[39m[0m[2m:161:5[22m[2m[22m
[2m      [2mat _ZoneDelegate.invoke ([22m[2mnode_modules/zone.js/bundles/zone.umd.js[2m:410:32)[22m[2m[22m
[2m      [2mat ZoneImpl.run ([22m[2mnode_modules/zone.js/bundles/zone.umd.js[2m:145:47)[22m[2m[22m
[2m      [2mat [22m[2mnode_modules/zone.js/bundles/zone-testing.umd.js[2m:425:37[22m[2m[22m
[2m      [2mat context.<computed> ([22m[2mnode_modules/zone.js/bundles/zone-testing.umd.js[2m:473:43)[22m[2m[22m
[2m      [2mat Object.<anonymous> ([22m[2m[0m[36msrc/app/services/release.service.permissions.spec.ts[39m[0m[2m:7:1)[22m[2m[22m

[1m[31m  [1m‚óè [22m[1mReleaseService - Permission Checks ‚Ä∫ should NOT load current release if user loses permission[39m[22m

    Expected no open requests, found 1: GET http://localhost:3000/api/releases/rel1
[2m[22m
[2m    [0m [90m 32 |[39m     afterEach(() [33m=>[39m {[22m
[2m     [90m 33 |[39m         [36mif[39m (httpMock) {[22m
[2m    [31m[1m>[22m[2m[39m[90m 34 |[39m             httpMock[33m.[39mverify()[33m;[39m[22m
[2m     [90m    |[39m                      [31m[1m^[22m[2m[39m[22m
[2m     [90m 35 |[39m         }[22m
[2m     [90m 36 |[39m     })[33m;[39m[22m
[2m     [90m 37 |[39m[0m[22m
[2m[22m
[2m      [2mat _HttpClientTestingBackend.verify ([22m[2mnode_modules/@angular/common/fesm2022/http/testing.mjs[2m:301:19)[22m[2m[22m
[2m      [2mat [22m[2m[0m[36msrc/app/services/release.service.permissions.spec.ts[39m[0m[2m:34:22[22m[2m[22m
[2m      [2mat _ZoneDelegate.invoke ([22m[2mnode_modules/zone.js/bundles/zone.umd.js[2m:410:32)[22m[2m[22m
[2m      [2mat ProxyZoneSpec.onInvoke ([22m[2mnode_modules/zone.js/bundles/zone-testing.umd.js[2m:2219:43)[22m[2m[22m
[2m      [2mat _ZoneDelegate.invoke ([22m[2mnode_modules/zone.js/bundles/zone.umd.js[2m:409:38)[22m[2m[22m
[2m      [2mat ZoneImpl.run ([22m[2mnode_modules/zone.js/bundles/zone.umd.js[2m:145:47)[22m[2m[22m
[2m      [2mat Object.wrappedFunc ([22m[2mnode_modules/zone.js/bundles/zone-testing.umd.js[2m:449:38)[22m[2m[22m

[1mSummary of all failing tests[22m
[0m[7m[1m[31m FAIL [39m[22m[27m[0m [2msrc/app/services/[22m[1mrelease.service.spec.ts[22m
[1m[31m  [1m‚óè [22m[1mReleaseService ‚Ä∫ should be created[39m[22m

    Expected one matching request for criteria "Match URL: http://localhost:3000/api/releases", found none.
[2m[22m
[2m    [0m [90m 29 |[39m[22m
[2m     [90m 30 |[39m         [90m// Handle initial loadReleases call from constructor[39m[22m
[2m    [31m[1m>[22m[2m[39m[90m 31 |[39m         [36mconst[39m req [33m=[39m httpMock[33m.[39mexpectOne(apiUrl)[33m;[39m[22m
[2m     [90m    |[39m                              [31m[1m^[22m[2m[39m[22m
[2m     [90m 32 |[39m         expect(req[33m.[39mrequest[33m.[39mmethod)[33m.[39mtoBe([32m'GET'[39m)[33m;[39m[22m
[2m     [90m 33 |[39m         req[33m.[39mflush([])[33m;[39m[22m
[2m     [90m 34 |[39m     })[33m;[39m[0m[22m
[2m[22m
[2m      [2mat _HttpClientTestingBackend.expectOne ([22m[2mnode_modules/@angular/common/fesm2022/http/testing.mjs[2m:273:19)[22m[2m[22m
[2m      [2mat [22m[2m[0m[36msrc/app/services/release.service.spec.ts[39m[0m[2m:31:30[22m[2m[22m
[2m      [2mat _ZoneDelegate.invoke ([22m[2mnode_modules/zone.js/bundles/zone.umd.js[2m:410:32)[22m[2m[22m
[2m      [2mat ProxyZoneSpec.onInvoke ([22m[2mnode_modules/zone.js/bundles/zone-testing.umd.js[2m:2219:43)[22m[2m[22m
[2m      [2mat _ZoneDelegate.invoke ([22m[2mnode_modules/zone.js/bundles/zone.umd.js[2m:409:38)[22m[2m[22m
[2m      [2mat ZoneImpl.run ([22m[2mnode_modules/zone.js/bundles/zone.umd.js[2m:145:47)[22m[2m[22m
[2m      [2mat Object.wrappedFunc ([22m[2mnode_modules/zone.js/bundles/zone-testing.umd.js[2m:449:38)[22m[2m[22m

[1m[31m  [1m‚óè [22m[1mReleaseService ‚Ä∫ should load releases[39m[22m

    Expected one matching request for criteria "Match URL: http://localhost:3000/api/releases", found none.
[2m[22m
[2m    [0m [90m 29 |[39m[22m
[2m     [90m 30 |[39m         [90m// Handle initial loadReleases call from constructor[39m[22m
[2m    [31m[1m>[22m[2m[39m[90m 31 |[39m         [36mconst[39m req [33m=[39m httpMock[33m.[39mexpectOne(apiUrl)[33m;[39m[22m
[2m     [90m    |[39m                              [31m[1m^[22m[2m[39m[22m
[2m     [90m 32 |[39m         expect(req[33m.[39mrequest[33m.[39mmethod)[33m.[39mtoBe([32m'GET'[39m)[33m;[39m[22m
[2m     [90m 33 |[39m         req[33m.[39mflush([])[33m;[39m[22m
[2m     [90m 34 |[39m     })[33m;[39m[0m[22m
[2m[22m
[2m      [2mat _HttpClientTestingBackend.expectOne ([22m[2mnode_modules/@angular/common/fesm2022/http/testing.mjs[2m:273:19)[22m[2m[22m
[2m      [2mat [22m[2m[0m[36msrc/app/services/release.service.spec.ts[39m[0m[2m:31:30[22m[2m[22m
[2m      [2mat _ZoneDelegate.invoke ([22m[2mnode_modules/zone.js/bundles/zone.umd.js[2m:410:32)[22m[2m[22m
[2m      [2mat ProxyZoneSpec.onInvoke ([22m[2mnode_modules/zone.js/bundles/zone-testing.umd.js[2m:2219:43)[22m[2m[22m
[2m      [2mat _ZoneDelegate.invoke ([22m[2mnode_modules/zone.js/bundles/zone.umd.js[2m:409:38)[22m[2m[22m
[2m      [2mat ZoneImpl.run ([22m[2mnode_modules/zone.js/bundles/zone.umd.js[2m:145:47)[22m[2m[22m
[2m      [2mat Object.wrappedFunc ([22m[2mnode_modules/zone.js/bundles/zone-testing.umd.js[2m:449:38)[22m[2m[22m

[1m[31m  [1m‚óè [22m[1mReleaseService ‚Ä∫ should get release[39m[22m

    Expected one matching request for criteria "Match URL: http://localhost:3000/api/releases", found none.
[2m[22m
[2m    [0m [90m 29 |[39m[22m
[2m     [90m 30 |[39m         [90m// Handle initial loadReleases call from constructor[39m[22m
[2m    [31m[1m>[22m[2m[39m[90m 31 |[39m         [36mconst[39m req [33m=[39m httpMock[33m.[39mexpectOne(apiUrl)[33m;[39m[22m
[2m     [90m    |[39m                              [31m[1m^[22m[2m[39m[22m
[2m     [90m 32 |[39m         expect(req[33m.[39mrequest[33m.[39mmethod)[33m.[39mtoBe([32m'GET'[39m)[33m;[39m[22m
[2m     [90m 33 |[39m         req[33m.[39mflush([])[33m;[39m[22m
[2m     [90m 34 |[39m     })[33m;[39m[0m[22m
[2m[22m
[2m      [2mat _HttpClientTestingBackend.expectOne ([22m[2mnode_modules/@angular/common/fesm2022/http/testing.mjs[2m:273:19)[22m[2m[22m
[2m      [2mat [22m[2m[0m[36msrc/app/services/release.service.spec.ts[39m[0m[2m:31:30[22m[2m[22m
[2m      [2mat _ZoneDelegate.invoke ([22m[2mnode_modules/zone.js/bundles/zone.umd.js[2m:410:32)[22m[2m[22m
[2m      [2mat ProxyZoneSpec.onInvoke ([22m[2mnode_modules/zone.js/bundles/zone-testing.umd.js[2m:2219:43)[22m[2m[22m
[2m      [2mat _ZoneDelegate.invoke ([22m[2mnode_modules/zone.js/bundles/zone.umd.js[2m:409:38)[22m[2m[22m
[2m      [2mat ZoneImpl.run ([22m[2mnode_modules/zone.js/bundles/zone.umd.js[2m:145:47)[22m[2m[22m
[2m      [2mat Object.wrappedFunc ([22m[2mnode_modules/zone.js/bundles/zone-testing.umd.js[2m:449:38)[22m[2m[22m

[1m[31m  [1m‚óè [22m[1mReleaseService ‚Ä∫ should create release[39m[22m

    Expected one matching request for criteria "Match URL: http://localhost:3000/api/releases", found none.
[2m[22m
[2m    [0m [90m 29 |[39m[22m
[2m     [90m 30 |[39m         [90m// Handle initial loadReleases call from constructor[39m[22m
[2m    [31m[1m>[22m[2m[39m[90m 31 |[39m         [36mconst[39m req [33m=[39m httpMock[33m.[39mexpectOne(apiUrl)[33m;[39m[22m
[2m     [90m    |[39m                              [31m[1m^[22m[2m[39m[22m
[2m     [90m 32 |[39m         expect(req[33m.[39mrequest[33m.[39mmethod)[33m.[39mtoBe([32m'GET'[39m)[33m;[39m[22m
[2m     [90m 33 |[39m         req[33m.[39mflush([])[33m;[39m[22m
[2m     [90m 34 |[39m     })[33m;[39m[0m[22m
[2m[22m
[2m      [2mat _HttpClientTestingBackend.expectOne ([22m[2mnode_modules/@angular/common/fesm2022/http/testing.mjs[2m:273:19)[22m[2m[22m
[2m      [2mat [22m[2m[0m[36msrc/app/services/release.service.spec.ts[39m[0m[2m:31:30[22m[2m[22m
[2m      [2mat _ZoneDelegate.invoke ([22m[2mnode_modules/zone.js/bundles/zone.umd.js[2m:410:32)[22m[2m[22m
[2m      [2mat ProxyZoneSpec.onInvoke ([22m[2mnode_modules/zone.js/bundles/zone-testing.umd.js[2m:2219:43)[22m[2m[22m
[2m      [2mat _ZoneDelegate.invoke ([22m[2mnode_modules/zone.js/bundles/zone.umd.js[2m:409:38)[22m[2m[22m
[2m      [2mat ZoneImpl.run ([22m[2mnode_modules/zone.js/bundles/zone.umd.js[2m:145:47)[22m[2m[22m
[2m      [2mat Object.wrappedFunc ([22m[2mnode_modules/zone.js/bundles/zone-testing.umd.js[2m:449:38)[22m[2m[22m

[1m[31m  [1m‚óè [22m[1mReleaseService ‚Ä∫ should update release[39m[22m

    Expected one matching request for criteria "Match URL: http://localhost:3000/api/releases", found none.
[2m[22m
[2m    [0m [90m 29 |[39m[22m
[2m     [90m 30 |[39m         [90m// Handle initial loadReleases call from constructor[39m[22m
[2m    [31m[1m>[22m[2m[39m[90m 31 |[39m         [36mconst[39m req [33m=[39m httpMock[33m.[39mexpectOne(apiUrl)[33m;[39m[22m
[2m     [90m    |[39m                              [31m[1m^[22m[2m[39m[22m
[2m     [90m 32 |[39m         expect(req[33m.[39mrequest[33m.[39mmethod)[33m.[39mtoBe([32m'GET'[39m)[33m;[39m[22m
[2m     [90m 33 |[39m         req[33m.[39mflush([])[33m;[39m[22m
[2m     [90m 34 |[39m     })[33m;[39m[0m[22m
[2m[22m
[2m      [2mat _HttpClientTestingBackend.expectOne ([22m[2mnode_modules/@angular/common/fesm2022/http/testing.mjs[2m:273:19)[22m[2m[22m
[2m      [2mat [22m[2m[0m[36msrc/app/services/release.service.spec.ts[39m[0m[2m:31:30[22m[2m[22m
[2m      [2mat _ZoneDelegate.invoke ([22m[2mnode_modules/zone.js/bundles/zone.umd.js[2m:410:32)[22m[2m[22m
[2m      [2mat ProxyZoneSpec.onInvoke ([22m[2mnode_modules/zone.js/bundles/zone-testing.umd.js[2m:2219:43)[22m[2m[22m
[2m      [2mat _ZoneDelegate.invoke ([22m[2mnode_modules/zone.js/bundles/zone.umd.js[2m:409:38)[22m[2m[22m
[2m      [2mat ZoneImpl.run ([22m[2mnode_modules/zone.js/bundles/zone.umd.js[2m:145:47)[22m[2m[22m
[2m      [2mat Object.wrappedFunc ([22m[2mnode_modules/zone.js/bundles/zone-testing.umd.js[2m:449:38)[22m[2m[22m

[1m[31m  [1m‚óè [22m[1mReleaseService ‚Ä∫ should delete release[39m[22m

    Expected one matching request for criteria "Match URL: http://localhost:3000/api/releases", found none.
[2m[22m
[2m    [0m [90m 29 |[39m[22m
[2m     [90m 30 |[39m         [90m// Handle initial loadReleases call from constructor[39m[22m
[2m    [31m[1m>[22m[2m[39m[90m 31 |[39m         [36mconst[39m req [33m=[39m httpMock[33m.[39mexpectOne(apiUrl)[33m;[39m[22m
[2m     [90m    |[39m                              [31m[1m^[22m[2m[39m[22m
[2m     [90m 32 |[39m         expect(req[33m.[39mrequest[33m.[39mmethod)[33m.[39mtoBe([32m'GET'[39m)[33m;[39m[22m
[2m     [90m 33 |[39m         req[33m.[39mflush([])[33m;[39m[22m
[2m     [90m 34 |[39m     })[33m;[39m[0m[22m
[2m[22m
[2m      [2mat _HttpClientTestingBackend.expectOne ([22m[2mnode_modules/@angular/common/fesm2022/http/testing.mjs[2m:273:19)[22m[2m[22m
[2m      [2mat [22m[2m[0m[36msrc/app/services/release.service.spec.ts[39m[0m[2m:31:30[22m[2m[22m
[2m      [2mat _ZoneDelegate.invoke ([22m[2mnode_modules/zone.js/bundles/zone.umd.js[2m:410:32)[22m[2m[22m
[2m      [2mat ProxyZoneSpec.onInvoke ([22m[2mnode_modules/zone.js/bundles/zone-testing.umd.js[2m:2219:43)[22m[2m[22m
[2m      [2mat _ZoneDelegate.invoke ([22m[2mnode_modules/zone.js/bundles/zone.umd.js[2m:409:38)[22m[2m[22m
[2m      [2mat ZoneImpl.run ([22m[2mnode_modules/zone.js/bundles/zone.umd.js[2m:145:47)[22m[2m[22m
[2m      [2mat Object.wrappedFunc ([22m[2mnode_modules/zone.js/bundles/zone-testing.umd.js[2m:449:38)[22m[2m[22m

[1m[31m  [1m‚óè [22m[1mReleaseService ‚Ä∫ should add feature[39m[22m

    Expected one matching request for criteria "Match URL: http://localhost:3000/api/releases", found none.
[2m[22m
[2m    [0m [90m 29 |[39m[22m
[2m     [90m 30 |[39m         [90m// Handle initial loadReleases call from constructor[39m[22m
[2m    [31m[1m>[22m[2m[39m[90m 31 |[39m         [36mconst[39m req [33m=[39m httpMock[33m.[39mexpectOne(apiUrl)[33m;[39m[22m
[2m     [90m    |[39m                              [31m[1m^[22m[2m[39m[22m
[2m     [90m 32 |[39m         expect(req[33m.[39mrequest[33m.[39mmethod)[33m.[39mtoBe([32m'GET'[39m)[33m;[39m[22m
[2m     [90m 33 |[39m         req[33m.[39mflush([])[33m;[39m[22m
[2m     [90m 34 |[39m     })[33m;[39m[0m[22m
[2m[22m
[2m      [2mat _HttpClientTestingBackend.expectOne ([22m[2mnode_modules/@angular/common/fesm2022/http/testing.mjs[2m:273:19)[22m[2m[22m
[2m      [2mat [22m[2m[0m[36msrc/app/services/release.service.spec.ts[39m[0m[2m:31:30[22m[2m[22m
[2m      [2mat _ZoneDelegate.invoke ([22m[2mnode_modules/zone.js/bundles/zone.umd.js[2m:410:32)[22m[2m[22m
[2m      [2mat ProxyZoneSpec.onInvoke ([22m[2mnode_modules/zone.js/bundles/zone-testing.umd.js[2m:2219:43)[22m[2m[22m
[2m      [2mat _ZoneDelegate.invoke ([22m[2mnode_modules/zone.js/bundles/zone.umd.js[2m:409:38)[22m[2m[22m
[2m      [2mat ZoneImpl.run ([22m[2mnode_modules/zone.js/bundles/zone.umd.js[2m:145:47)[22m[2m[22m
[2m      [2mat Object.wrappedFunc ([22m[2mnode_modules/zone.js/bundles/zone-testing.umd.js[2m:449:38)[22m[2m[22m

[1m[31m  [1m‚óè [22m[1mReleaseService ‚Ä∫ should update feature[39m[22m

    Expected one matching request for criteria "Match URL: http://localhost:3000/api/releases", found none.
[2m[22m
[2m    [0m [90m 29 |[39m[22m
[2m     [90m 30 |[39m         [90m// Handle initial loadReleases call from constructor[39m[22m
[2m    [31m[1m>[22m[2m[39m[90m 31 |[39m         [36mconst[39m req [33m=[39m httpMock[33m.[39mexpectOne(apiUrl)[33m;[39m[22m
[2m     [90m    |[39m                              [31m[1m^[22m[2m[39m[22m
[2m     [90m 32 |[39m         expect(req[33m.[39mrequest[33m.[39mmethod)[33m.[39mtoBe([32m'GET'[39m)[33m;[39m[22m
[2m     [90m 33 |[39m         req[33m.[39mflush([])[33m;[39m[22m
[2m     [90m 34 |[39m     })[33m;[39m[0m[22m
[2m[22m
[2m      [2mat _HttpClientTestingBackend.expectOne ([22m[2mnode_modules/@angular/common/fesm2022/http/testing.mjs[2m:273:19)[22m[2m[22m
[2m      [2mat [22m[2m[0m[36msrc/app/services/release.service.spec.ts[39m[0m[2m:31:30[22m[2m[22m
[2m      [2mat _ZoneDelegate.invoke ([22m[2mnode_modules/zone.js/bundles/zone.umd.js[2m:410:32)[22m[2m[22m
[2m      [2mat ProxyZoneSpec.onInvoke ([22m[2mnode_modules/zone.js/bundles/zone-testing.umd.js[2m:2219:43)[22m[2m[22m
[2m      [2mat _ZoneDelegate.invoke ([22m[2mnode_modules/zone.js/bundles/zone.umd.js[2m:409:38)[22m[2m[22m
[2m      [2mat ZoneImpl.run ([22m[2mnode_modules/zone.js/bundles/zone.umd.js[2m:145:47)[22m[2m[22m
[2m      [2mat Object.wrappedFunc ([22m[2mnode_modules/zone.js/bundles/zone-testing.umd.js[2m:449:38)[22m[2m[22m

[1m[31m  [1m‚óè [22m[1mReleaseService ‚Ä∫ should delete feature[39m[22m

    Expected one matching request for criteria "Match URL: http://localhost:3000/api/releases", found none.
[2m[22m
[2m    [0m [90m 29 |[39m[22m
[2m     [90m 30 |[39m         [90m// Handle initial loadReleases call from constructor[39m[22m
[2m    [31m[1m>[22m[2m[39m[90m 31 |[39m         [36mconst[39m req [33m=[39m httpMock[33m.[39mexpectOne(apiUrl)[33m;[39m[22m
[2m     [90m    |[39m                              [31m[1m^[22m[2m[39m[22m
[2m     [90m 32 |[39m         expect(req[33m.[39mrequest[33m.[39mmethod)[33m.[39mtoBe([32m'GET'[39m)[33m;[39m[22m
[2m     [90m 33 |[39m         req[33m.[39mflush([])[33m;[39m[22m
[2m     [90m 34 |[39m     })[33m;[39m[0m[22m
[2m[22m
[2m      [2mat _HttpClientTestingBackend.expectOne ([22m[2mnode_modules/@angular/common/fesm2022/http/testing.mjs[2m:273:19)[22m[2m[22m
[2m      [2mat [22m[2m[0m[36msrc/app/services/release.service.spec.ts[39m[0m[2m:31:30[22m[2m[22m
[2m      [2mat _ZoneDelegate.invoke ([22m[2mnode_modules/zone.js/bundles/zone.umd.js[2m:410:32)[22m[2m[22m
[2m      [2mat ProxyZoneSpec.onInvoke ([22m[2mnode_modules/zone.js/bundles/zone-testing.umd.js[2m:2219:43)[22m[2m[22m
[2m      [2mat _ZoneDelegate.invoke ([22m[2mnode_modules/zone.js/bundles/zone.umd.js[2m:409:38)[22m[2m[22m
[2m      [2mat ZoneImpl.run ([22m[2mnode_modules/zone.js/bundles/zone.umd.js[2m:145:47)[22m[2m[22m
[2m      [2mat Object.wrappedFunc ([22m[2mnode_modules/zone.js/bundles/zone-testing.umd.js[2m:449:38)[22m[2m[22m

[1m[31m  [1m‚óè [22m[1mReleaseService ‚Ä∫ should add action[39m[22m

    Expected one matching request for criteria "Match URL: http://localhost:3000/api/releases", found none.
[2m[22m
[2m    [0m [90m 29 |[39m[22m
[2m     [90m 30 |[39m         [90m// Handle initial loadReleases call from constructor[39m[22m
[2m    [31m[1m>[22m[2m[39m[90m 31 |[39m         [36mconst[39m req [33m=[39m httpMock[33m.[39mexpectOne(apiUrl)[33m;[39m[22m
[2m     [90m    |[39m                              [31m[1m^[22m[2m[39m[22m
[2m     [90m 32 |[39m         expect(req[33m.[39mrequest[33m.[39mmethod)[33m.[39mtoBe([32m'GET'[39m)[33m;[39m[22m
[2m     [90m 33 |[39m         req[33m.[39mflush([])[33m;[39m[22m
[2m     [90m 34 |[39m     })[33m;[39m[0m[22m
[2m[22m
[2m      [2mat _HttpClientTestingBackend.expectOne ([22m[2mnode_modules/@angular/common/fesm2022/http/testing.mjs[2m:273:19)[22m[2m[22m
[2m      [2mat [22m[2m[0m[36msrc/app/services/release.service.spec.ts[39m[0m[2m:31:30[22m[2m[22m
[2m      [2mat _ZoneDelegate.invoke ([22m[2mnode_modules/zone.js/bundles/zone.umd.js[2m:410:32)[22m[2m[22m
[2m      [2mat ProxyZoneSpec.onInvoke ([22m[2mnode_modules/zone.js/bundles/zone-testing.umd.js[2m:2219:43)[22m[2m[22m
[2m      [2mat _ZoneDelegate.invoke ([22m[2mnode_modules/zone.js/bundles/zone.umd.js[2m:409:38)[22m[2m[22m
[2m      [2mat ZoneImpl.run ([22m[2mnode_modules/zone.js/bundles/zone.umd.js[2m:145:47)[22m[2m[22m
[2m      [2mat Object.wrappedFunc ([22m[2mnode_modules/zone.js/bundles/zone-testing.umd.js[2m:449:38)[22m[2m[22m

[1m[31m  [1m‚óè [22m[1mReleaseService ‚Ä∫ should update action[39m[22m

    Expected one matching request for criteria "Match URL: http://localhost:3000/api/releases", found none.
[2m[22m
[2m    [0m [90m 29 |[39m[22m
[2m     [90m 30 |[39m         [90m// Handle initial loadReleases call from constructor[39m[22m
[2m    [31m[1m>[22m[2m[39m[90m 31 |[39m         [36mconst[39m req [33m=[39m httpMock[33m.[39mexpectOne(apiUrl)[33m;[39m[22m
[2m     [90m    |[39m                              [31m[1m^[22m[2m[39m[22m
[2m     [90m 32 |[39m         expect(req[33m.[39mrequest[33m.[39mmethod)[33m.[39mtoBe([32m'GET'[39m)[33m;[39m[22m
[2m     [90m 33 |[39m         req[33m.[39mflush([])[33m;[39m[22m
[2m     [90m 34 |[39m     })[33m;[39m[0m[22m
[2m[22m
[2m      [2mat _HttpClientTestingBackend.expectOne ([22m[2mnode_modules/@angular/common/fesm2022/http/testing.mjs[2m:273:19)[22m[2m[22m
[2m      [2mat [22m[2m[0m[36msrc/app/services/release.service.spec.ts[39m[0m[2m:31:30[22m[2m[22m
[2m      [2mat _ZoneDelegate.invoke ([22m[2mnode_modules/zone.js/bundles/zone.umd.js[2m:410:32)[22m[2m[22m
[2m      [2mat ProxyZoneSpec.onInvoke ([22m[2mnode_modules/zone.js/bundles/zone-testing.umd.js[2m:2219:43)[22m[2m[22m
[2m      [2mat _ZoneDelegate.invoke ([22m[2mnode_modules/zone.js/bundles/zone.umd.js[2m:409:38)[22m[2m[22m
[2m      [2mat ZoneImpl.run ([22m[2mnode_modules/zone.js/bundles/zone.umd.js[2m:145:47)[22m[2m[22m
[2m      [2mat Object.wrappedFunc ([22m[2mnode_modules/zone.js/bundles/zone-testing.umd.js[2m:449:38)[22m[2m[22m

[1m[31m  [1m‚óè [22m[1mReleaseService ‚Ä∫ should delete action[39m[22m

    Expected one matching request for criteria "Match URL: http://localhost:3000/api/releases", found none.
[2m[22m
[2m    [0m [90m 29 |[39m[22m
[2m     [90m 30 |[39m         [90m// Handle initial loadReleases call from constructor[39m[22m
[2m    [31m[1m>[22m[2m[39m[90m 31 |[39m         [36mconst[39m req [33m=[39m httpMock[33m.[39mexpectOne(apiUrl)[33m;[39m[22m
[2m     [90m    |[39m                              [31m[1m^[22m[2m[39m[22m
[2m     [90m 32 |[39m         expect(req[33m.[39mrequest[33m.[39mmethod)[33m.[39mtoBe([32m'GET'[39m)[33m;[39m[22m
[2m     [90m 33 |[39m         req[33m.[39mflush([])[33m;[39m[22m
[2m     [90m 34 |[39m     })[33m;[39m[0m[22m
[2m[22m
[2m      [2mat _HttpClientTestingBackend.expectOne ([22m[2mnode_modules/@angular/common/fesm2022/http/testing.mjs[2m:273:19)[22m[2m[22m
[2m      [2mat [22m[2m[0m[36msrc/app/services/release.service.spec.ts[39m[0m[2m:31:30[22m[2m[22m
[2m      [2mat _ZoneDelegate.invoke ([22m[2mnode_modules/zone.js/bundles/zone.umd.js[2m:410:32)[22m[2m[22m
[2m      [2mat ProxyZoneSpec.onInvoke ([22m[2mnode_modules/zone.js/bundles/zone-testing.umd.js[2m:2219:43)[22m[2m[22m
[2m      [2mat _ZoneDelegate.invoke ([22m[2mnode_modules/zone.js/bundles/zone.umd.js[2m:409:38)[22m[2m[22m
[2m      [2mat ZoneImpl.run ([22m[2mnode_modules/zone.js/bundles/zone.umd.js[2m:145:47)[22m[2m[22m
[2m      [2mat Object.wrappedFunc ([22m[2mnode_modules/zone.js/bundles/zone-testing.umd.js[2m:449:38)[22m[2m[22m

[1m[31m  [1m‚óè [22m[1mReleaseService ‚Ä∫ should toggle action status[39m[22m

    Expected one matching request for criteria "Match URL: http://localhost:3000/api/releases", found none.
[2m[22m
[2m    [0m [90m 29 |[39m[22m
[2m     [90m 30 |[39m         [90m// Handle initial loadReleases call from constructor[39m[22m
[2m    [31m[1m>[22m[2m[39m[90m 31 |[39m         [36mconst[39m req [33m=[39m httpMock[33m.[39mexpectOne(apiUrl)[33m;[39m[22m
[2m     [90m    |[39m                              [31m[1m^[22m[2m[39m[22m
[2m     [90m 32 |[39m         expect(req[33m.[39mrequest[33m.[39mmethod)[33m.[39mtoBe([32m'GET'[39m)[33m;[39m[22m
[2m     [90m 33 |[39m         req[33m.[39mflush([])[33m;[39m[22m
[2m     [90m 34 |[39m     })[33m;[39m[0m[22m
[2m[22m
[2m      [2mat _HttpClientTestingBackend.expectOne ([22m[2mnode_modules/@angular/common/fesm2022/http/testing.mjs[2m:273:19)[22m[2m[22m
[2m      [2mat [22m[2m[0m[36msrc/app/services/release.service.spec.ts[39m[0m[2m:31:30[22m[2m[22m
[2m      [2mat _ZoneDelegate.invoke ([22m[2mnode_modules/zone.js/bundles/zone.umd.js[2m:410:32)[22m[2m[22m
[2m      [2mat ProxyZoneSpec.onInvoke ([22m[2mnode_modules/zone.js/bundles/zone-testing.umd.js[2m:2219:43)[22m[2m[22m
[2m      [2mat _ZoneDelegate.invoke ([22m[2mnode_modules/zone.js/bundles/zone.umd.js[2m:409:38)[22m[2m[22m
[2m      [2mat ZoneImpl.run ([22m[2mnode_modules/zone.js/bundles/zone.umd.js[2m:145:47)[22m[2m[22m
[2m      [2mat Object.wrappedFunc ([22m[2mnode_modules/zone.js/bundles/zone-testing.umd.js[2m:449:38)[22m[2m[22m

[1m[31m  [1m‚óè [22m[1mReleaseService ‚Ä∫ should handle API requests correctly[39m[22m

    Expected one matching request for criteria "Match URL: http://localhost:3000/api/releases", found none.
[2m[22m
[2m    [0m [90m 29 |[39m[22m
[2m     [90m 30 |[39m         [90m// Handle initial loadReleases call from constructor[39m[22m
[2m    [31m[1m>[22m[2m[39m[90m 31 |[39m         [36mconst[39m req [33m=[39m httpMock[33m.[39mexpectOne(apiUrl)[33m;[39m[22m
[2m     [90m    |[39m                              [31m[1m^[22m[2m[39m[22m
[2m     [90m 32 |[39m         expect(req[33m.[39mrequest[33m.[39mmethod)[33m.[39mtoBe([32m'GET'[39m)[33m;[39m[22m
[2m     [90m 33 |[39m         req[33m.[39mflush([])[33m;[39m[22m
[2m     [90m 34 |[39m     })[33m;[39m[0m[22m
[2m[22m
[2m      [2mat _HttpClientTestingBackend.expectOne ([22m[2mnode_modules/@angular/common/fesm2022/http/testing.mjs[2m:273:19)[22m[2m[22m
[2m      [2mat [22m[2m[0m[36msrc/app/services/release.service.spec.ts[39m[0m[2m:31:30[22m[2m[22m
[2m      [2mat _ZoneDelegate.invoke ([22m[2mnode_modules/zone.js/bundles/zone.umd.js[2m:410:32)[22m[2m[22m
[2m      [2mat ProxyZoneSpec.onInvoke ([22m[2mnode_modules/zone.js/bundles/zone-testing.umd.js[2m:2219:43)[22m[2m[22m
[2m      [2mat _ZoneDelegate.invoke ([22m[2mnode_modules/zone.js/bundles/zone.umd.js[2m:409:38)[22m[2m[22m
[2m      [2mat ZoneImpl.run ([22m[2mnode_modules/zone.js/bundles/zone.umd.js[2m:145:47)[22m[2m[22m
[2m      [2mat Object.wrappedFunc ([22m[2mnode_modules/zone.js/bundles/zone-testing.umd.js[2m:449:38)[22m[2m[22m

[0m[7m[1m[31m FAIL [39m[22m[27m[0m [2msrc/app/services/[22m[1mevent.service.spec.ts[22m
[1m[31m  [1m‚óè [22m[1mEventService ‚Ä∫ should be created[39m[22m

    Expected one matching request for criteria "Match URL: http://localhost:3000/api/events", found none.
[2m[22m
[2m    [0m [90m 35 |[39m[22m
[2m     [90m 36 |[39m         [90m// Handle the initial loadEvents call from constructor[39m[22m
[2m    [31m[1m>[22m[2m[39m[90m 37 |[39m         [36mconst[39m req [33m=[39m httpMock[33m.[39mexpectOne(apiUrl)[33m;[39m[22m
[2m     [90m    |[39m                              [31m[1m^[22m[2m[39m[22m
[2m     [90m 38 |[39m         req[33m.[39mflush(mockEvents)[33m;[39m[22m
[2m     [90m 39 |[39m     })[33m;[39m[22m
[2m     [90m 40 |[39m[0m[22m
[2m[22m
[2m      [2mat _HttpClientTestingBackend.expectOne ([22m[2mnode_modules/@angular/common/fesm2022/http/testing.mjs[2m:273:19)[22m[2m[22m
[2m      [2mat [22m[2m[0m[36msrc/app/services/event.service.spec.ts[39m[0m[2m:37:30[22m[2m[22m
[2m      [2mat _ZoneDelegate.invoke ([22m[2mnode_modules/zone.js/bundles/zone.umd.js[2m:410:32)[22m[2m[22m
[2m      [2mat ProxyZoneSpec.onInvoke ([22m[2mnode_modules/zone.js/bundles/zone-testing.umd.js[2m:2219:43)[22m[2m[22m
[2m      [2mat _ZoneDelegate.invoke ([22m[2mnode_modules/zone.js/bundles/zone.umd.js[2m:409:38)[22m[2m[22m
[2m      [2mat ZoneImpl.run ([22m[2mnode_modules/zone.js/bundles/zone.umd.js[2m:145:47)[22m[2m[22m
[2m      [2mat Object.wrappedFunc ([22m[2mnode_modules/zone.js/bundles/zone-testing.umd.js[2m:449:38)[22m[2m[22m

[1m[31m  [1m‚óè [22m[1mEventService ‚Ä∫ should load events on init[39m[22m

    Expected one matching request for criteria "Match URL: http://localhost:3000/api/events", found none.
[2m[22m
[2m    [0m [90m 35 |[39m[22m
[2m     [90m 36 |[39m         [90m// Handle the initial loadEvents call from constructor[39m[22m
[2m    [31m[1m>[22m[2m[39m[90m 37 |[39m         [36mconst[39m req [33m=[39m httpMock[33m.[39mexpectOne(apiUrl)[33m;[39m[22m
[2m     [90m    |[39m                              [31m[1m^[22m[2m[39m[22m
[2m     [90m 38 |[39m         req[33m.[39mflush(mockEvents)[33m;[39m[22m
[2m     [90m 39 |[39m     })[33m;[39m[22m
[2m     [90m 40 |[39m[0m[22m
[2m[22m
[2m      [2mat _HttpClientTestingBackend.expectOne ([22m[2mnode_modules/@angular/common/fesm2022/http/testing.mjs[2m:273:19)[22m[2m[22m
[2m      [2mat [22m[2m[0m[36msrc/app/services/event.service.spec.ts[39m[0m[2m:37:30[22m[2m[22m
[2m      [2mat _ZoneDelegate.invoke ([22m[2mnode_modules/zone.js/bundles/zone.umd.js[2m:410:32)[22m[2m[22m
[2m      [2mat ProxyZoneSpec.onInvoke ([22m[2mnode_modules/zone.js/bundles/zone-testing.umd.js[2m:2219:43)[22m[2m[22m
[2m      [2mat _ZoneDelegate.invoke ([22m[2mnode_modules/zone.js/bundles/zone.umd.js[2m:409:38)[22m[2m[22m
[2m      [2mat ZoneImpl.run ([22m[2mnode_modules/zone.js/bundles/zone.umd.js[2m:145:47)[22m[2m[22m
[2m      [2mat Object.wrappedFunc ([22m[2mnode_modules/zone.js/bundles/zone-testing.umd.js[2m:449:38)[22m[2m[22m

[1m[31m  [1m‚óè [22m[1mEventService ‚Ä∫ should handle load events error[39m[22m

    Expected one matching request for criteria "Match URL: http://localhost:3000/api/events", found none.
[2m[22m
[2m    [0m [90m 35 |[39m[22m
[2m     [90m 36 |[39m         [90m// Handle the initial loadEvents call from constructor[39m[22m
[2m    [31m[1m>[22m[2m[39m[90m 37 |[39m         [36mconst[39m req [33m=[39m httpMock[33m.[39mexpectOne(apiUrl)[33m;[39m[22m
[2m     [90m    |[39m                              [31m[1m^[22m[2m[39m[22m
[2m     [90m 38 |[39m         req[33m.[39mflush(mockEvents)[33m;[39m[22m
[2m     [90m 39 |[39m     })[33m;[39m[22m
[2m     [90m 40 |[39m[0m[22m
[2m[22m
[2m      [2mat _HttpClientTestingBackend.expectOne ([22m[2mnode_modules/@angular/common/fesm2022/http/testing.mjs[2m:273:19)[22m[2m[22m
[2m      [2mat [22m[2m[0m[36msrc/app/services/event.service.spec.ts[39m[0m[2m:37:30[22m[2m[22m
[2m      [2mat _ZoneDelegate.invoke ([22m[2mnode_modules/zone.js/bundles/zone.umd.js[2m:410:32)[22m[2m[22m
[2m      [2mat ProxyZoneSpec.onInvoke ([22m[2mnode_modules/zone.js/bundles/zone-testing.umd.js[2m:2219:43)[22m[2m[22m
[2m      [2mat _ZoneDelegate.invoke ([22m[2mnode_modules/zone.js/bundles/zone.umd.js[2m:409:38)[22m[2m[22m
[2m      [2mat ZoneImpl.run ([22m[2mnode_modules/zone.js/bundles/zone.umd.js[2m:145:47)[22m[2m[22m
[2m      [2mat Object.wrappedFunc ([22m[2mnode_modules/zone.js/bundles/zone-testing.umd.js[2m:449:38)[22m[2m[22m

[1m[31m  [1m‚óè [22m[1mEventService ‚Ä∫ should create event[39m[22m

    Expected one matching request for criteria "Match URL: http://localhost:3000/api/events", found none.
[2m[22m
[2m    [0m [90m 35 |[39m[22m
[2m     [90m 36 |[39m         [90m// Handle the initial loadEvents call from constructor[39m[22m
[2m    [31m[1m>[22m[2m[39m[90m 37 |[39m         [36mconst[39m req [33m=[39m httpMock[33m.[39mexpectOne(apiUrl)[33m;[39m[22m
[2m     [90m    |[39m                              [31m[1m^[22m[2m[39m[22m
[2m     [90m 38 |[39m         req[33m.[39mflush(mockEvents)[33m;[39m[22m
[2m     [90m 39 |[39m     })[33m;[39m[22m
[2m     [90m 40 |[39m[0m[22m
[2m[22m
[2m      [2mat _HttpClientTestingBackend.expectOne ([22m[2mnode_modules/@angular/common/fesm2022/http/testing.mjs[2m:273:19)[22m[2m[22m
[2m      [2mat [22m[2m[0m[36msrc/app/services/event.service.spec.ts[39m[0m[2m:37:30[22m[2m[22m
[2m      [2mat _ZoneDelegate.invoke ([22m[2mnode_modules/zone.js/bundles/zone.umd.js[2m:410:32)[22m[2m[22m
[2m      [2mat ProxyZoneSpec.onInvoke ([22m[2mnode_modules/zone.js/bundles/zone-testing.umd.js[2m:2219:43)[22m[2m[22m
[2m      [2mat _ZoneDelegate.invoke ([22m[2mnode_modules/zone.js/bundles/zone.umd.js[2m:409:38)[22m[2m[22m
[2m      [2mat ZoneImpl.run ([22m[2mnode_modules/zone.js/bundles/zone.umd.js[2m:145:47)[22m[2m[22m
[2m      [2mat Object.wrappedFunc ([22m[2mnode_modules/zone.js/bundles/zone-testing.umd.js[2m:449:38)[22m[2m[22m

[1m[31m  [1m‚óè [22m[1mEventService ‚Ä∫ should update event[39m[22m

    Expected one matching request for criteria "Match URL: http://localhost:3000/api/events", found none.
[2m[22m
[2m    [0m [90m 35 |[39m[22m
[2m     [90m 36 |[39m         [90m// Handle the initial loadEvents call from constructor[39m[22m
[2m    [31m[1m>[22m[2m[39m[90m 37 |[39m         [36mconst[39m req [33m=[39m httpMock[33m.[39mexpectOne(apiUrl)[33m;[39m[22m
[2m     [90m    |[39m                              [31m[1m^[22m[2m[39m[22m
[2m     [90m 38 |[39m         req[33m.[39mflush(mockEvents)[33m;[39m[22m
[2m     [90m 39 |[39m     })[33m;[39m[22m
[2m     [90m 40 |[39m[0m[22m
[2m[22m
[2m      [2mat _HttpClientTestingBackend.expectOne ([22m[2mnode_modules/@angular/common/fesm2022/http/testing.mjs[2m:273:19)[22m[2m[22m
[2m      [2mat [22m[2m[0m[36msrc/app/services/event.service.spec.ts[39m[0m[2m:37:30[22m[2m[22m
[2m      [2mat _ZoneDelegate.invoke ([22m[2mnode_modules/zone.js/bundles/zone.umd.js[2m:410:32)[22m[2m[22m
[2m      [2mat ProxyZoneSpec.onInvoke ([22m[2mnode_modules/zone.js/bundles/zone-testing.umd.js[2m:2219:43)[22m[2m[22m
[2m      [2mat _ZoneDelegate.invoke ([22m[2mnode_modules/zone.js/bundles/zone.umd.js[2m:409:38)[22m[2m[22m
[2m      [2mat ZoneImpl.run ([22m[2mnode_modules/zone.js/bundles/zone.umd.js[2m:145:47)[22m[2m[22m
[2m      [2mat Object.wrappedFunc ([22m[2mnode_modules/zone.js/bundles/zone-testing.umd.js[2m:449:38)[22m[2m[22m

[1m[31m  [1m‚óè [22m[1mEventService ‚Ä∫ should delete event[39m[22m

    Expected one matching request for criteria "Match URL: http://localhost:3000/api/events", found none.
[2m[22m
[2m    [0m [90m 35 |[39m[22m
[2m     [90m 36 |[39m         [90m// Handle the initial loadEvents call from constructor[39m[22m
[2m    [31m[1m>[22m[2m[39m[90m 37 |[39m         [36mconst[39m req [33m=[39m httpMock[33m.[39mexpectOne(apiUrl)[33m;[39m[22m
[2m     [90m    |[39m                              [31m[1m^[22m[2m[39m[22m
[2m     [90m 38 |[39m         req[33m.[39mflush(mockEvents)[33m;[39m[22m
[2m     [90m 39 |[39m     })[33m;[39m[22m
[2m     [90m 40 |[39m[0m[22m
[2m[22m
[2m      [2mat _HttpClientTestingBackend.expectOne ([22m[2mnode_modules/@angular/common/fesm2022/http/testing.mjs[2m:273:19)[22m[2m[22m
[2m      [2mat [22m[2m[0m[36msrc/app/services/event.service.spec.ts[39m[0m[2m:37:30[22m[2m[22m
[2m      [2mat _ZoneDelegate.invoke ([22m[2mnode_modules/zone.js/bundles/zone.umd.js[2m:410:32)[22m[2m[22m
[2m      [2mat ProxyZoneSpec.onInvoke ([22m[2mnode_modules/zone.js/bundles/zone-testing.umd.js[2m:2219:43)[22m[2m[22m
[2m      [2mat _ZoneDelegate.invoke ([22m[2mnode_modules/zone.js/bundles/zone.umd.js[2m:409:38)[22m[2m[22m
[2m      [2mat ZoneImpl.run ([22m[2mnode_modules/zone.js/bundles/zone.umd.js[2m:145:47)[22m[2m[22m
[2m      [2mat Object.wrappedFunc ([22m[2mnode_modules/zone.js/bundles/zone-testing.umd.js[2m:449:38)[22m[2m[22m

[1m[31m  [1m‚óè [22m[1mEventService ‚Ä∫ should duplicate event[39m[22m

    Expected one matching request for criteria "Match URL: http://localhost:3000/api/events", found none.
[2m[22m
[2m    [0m [90m 35 |[39m[22m
[2m     [90m 36 |[39m         [90m// Handle the initial loadEvents call from constructor[39m[22m
[2m    [31m[1m>[22m[2m[39m[90m 37 |[39m         [36mconst[39m req [33m=[39m httpMock[33m.[39mexpectOne(apiUrl)[33m;[39m[22m
[2m     [90m    |[39m                              [31m[1m^[22m[2m[39m[22m
[2m     [90m 38 |[39m         req[33m.[39mflush(mockEvents)[33m;[39m[22m
[2m     [90m 39 |[39m     })[33m;[39m[22m
[2m     [90m 40 |[39m[0m[22m
[2m[22m
[2m      [2mat _HttpClientTestingBackend.expectOne ([22m[2mnode_modules/@angular/common/fesm2022/http/testing.mjs[2m:273:19)[22m[2m[22m
[2m      [2mat [22m[2m[0m[36msrc/app/services/event.service.spec.ts[39m[0m[2m:37:30[22m[2m[22m
[2m      [2mat _ZoneDelegate.invoke ([22m[2mnode_modules/zone.js/bundles/zone.umd.js[2m:410:32)[22m[2m[22m
[2m      [2mat ProxyZoneSpec.onInvoke ([22m[2mnode_modules/zone.js/bundles/zone-testing.umd.js[2m:2219:43)[22m[2m[22m
[2m      [2mat _ZoneDelegate.invoke ([22m[2mnode_modules/zone.js/bundles/zone.umd.js[2m:409:38)[22m[2m[22m
[2m      [2mat ZoneImpl.run ([22m[2mnode_modules/zone.js/bundles/zone.umd.js[2m:145:47)[22m[2m[22m
[2m      [2mat Object.wrappedFunc ([22m[2mnode_modules/zone.js/bundles/zone-testing.umd.js[2m:449:38)[22m[2m[22m

[1m[31m  [1m‚óè [22m[1mEventService ‚Ä∫ should move event[39m[22m

    Expected one matching request for criteria "Match URL: http://localhost:3000/api/events", found none.
[2m[22m
[2m    [0m [90m 35 |[39m[22m
[2m     [90m 36 |[39m         [90m// Handle the initial loadEvents call from constructor[39m[22m
[2m    [31m[1m>[22m[2m[39m[90m 37 |[39m         [36mconst[39m req [33m=[39m httpMock[33m.[39mexpectOne(apiUrl)[33m;[39m[22m
[2m     [90m    |[39m                              [31m[1m^[22m[2m[39m[22m
[2m     [90m 38 |[39m         req[33m.[39mflush(mockEvents)[33m;[39m[22m
[2m     [90m 39 |[39m     })[33m;[39m[22m
[2m     [90m 40 |[39m[0m[22m
[2m[22m
[2m      [2mat _HttpClientTestingBackend.expectOne ([22m[2mnode_modules/@angular/common/fesm2022/http/testing.mjs[2m:273:19)[22m[2m[22m
[2m      [2mat [22m[2m[0m[36msrc/app/services/event.service.spec.ts[39m[0m[2m:37:30[22m[2m[22m
[2m      [2mat _ZoneDelegate.invoke ([22m[2mnode_modules/zone.js/bundles/zone.umd.js[2m:410:32)[22m[2m[22m
[2m      [2mat ProxyZoneSpec.onInvoke ([22m[2mnode_modules/zone.js/bundles/zone-testing.umd.js[2m:2219:43)[22m[2m[22m
[2m      [2mat _ZoneDelegate.invoke ([22m[2mnode_modules/zone.js/bundles/zone.umd.js[2m:409:38)[22m[2m[22m
[2m      [2mat ZoneImpl.run ([22m[2mnode_modules/zone.js/bundles/zone.umd.js[2m:145:47)[22m[2m[22m
[2m      [2mat Object.wrappedFunc ([22m[2mnode_modules/zone.js/bundles/zone-testing.umd.js[2m:449:38)[22m[2m[22m

[1m[31m  [1m‚óè [22m[1mEventService ‚Ä∫ should get event by id[39m[22m

    Expected one matching request for criteria "Match URL: http://localhost:3000/api/events", found none.
[2m[22m
[2m    [0m [90m 35 |[39m[22m
[2m     [90m 36 |[39m         [90m// Handle the initial loadEvents call from constructor[39m[22m
[2m    [31m[1m>[22m[2m[39m[90m 37 |[39m         [36mconst[39m req [33m=[39m httpMock[33m.[39mexpectOne(apiUrl)[33m;[39m[22m
[2m     [90m    |[39m                              [31m[1m^[22m[2m[39m[22m
[2m     [90m 38 |[39m         req[33m.[39mflush(mockEvents)[33m;[39m[22m
[2m     [90m 39 |[39m     })[33m;[39m[22m
[2m     [90m 40 |[39m[0m[22m
[2m[22m
[2m      [2mat _HttpClientTestingBackend.expectOne ([22m[2mnode_modules/@angular/common/fesm2022/http/testing.mjs[2m:273:19)[22m[2m[22m
[2m      [2mat [22m[2m[0m[36msrc/app/services/event.service.spec.ts[39m[0m[2m:37:30[22m[2m[22m
[2m      [2mat _ZoneDelegate.invoke ([22m[2mnode_modules/zone.js/bundles/zone.umd.js[2m:410:32)[22m[2m[22m
[2m      [2mat ProxyZoneSpec.onInvoke ([22m[2mnode_modules/zone.js/bundles/zone-testing.umd.js[2m:2219:43)[22m[2m[22m
[2m      [2mat _ZoneDelegate.invoke ([22m[2mnode_modules/zone.js/bundles/zone.umd.js[2m:409:38)[22m[2m[22m
[2m      [2mat ZoneImpl.run ([22m[2mnode_modules/zone.js/bundles/zone.umd.js[2m:145:47)[22m[2m[22m
[2m      [2mat Object.wrappedFunc ([22m[2mnode_modules/zone.js/bundles/zone-testing.umd.js[2m:449:38)[22m[2m[22m

[1m[31m  [1m‚óè [22m[1mEventService ‚Ä∫ should clear all events[39m[22m

    Expected one matching request for criteria "Match URL: http://localhost:3000/api/events", found none.
[2m[22m
[2m    [0m [90m 35 |[39m[22m
[2m     [90m 36 |[39m         [90m// Handle the initial loadEvents call from constructor[39m[22m
[2m    [31m[1m>[22m[2m[39m[90m 37 |[39m         [36mconst[39m req [33m=[39m httpMock[33m.[39mexpectOne(apiUrl)[33m;[39m[22m
[2m     [90m    |[39m                              [31m[1m^[22m[2m[39m[22m
[2m     [90m 38 |[39m         req[33m.[39mflush(mockEvents)[33m;[39m[22m
[2m     [90m 39 |[39m     })[33m;[39m[22m
[2m     [90m 40 |[39m[0m[22m
[2m[22m
[2m      [2mat _HttpClientTestingBackend.expectOne ([22m[2mnode_modules/@angular/common/fesm2022/http/testing.mjs[2m:273:19)[22m[2m[22m
[2m      [2mat [22m[2m[0m[36msrc/app/services/event.service.spec.ts[39m[0m[2m:37:30[22m[2m[22m
[2m      [2mat _ZoneDelegate.invoke ([22m[2mnode_modules/zone.js/bundles/zone.umd.js[2m:410:32)[22m[2m[22m
[2m      [2mat ProxyZoneSpec.onInvoke ([22m[2mnode_modules/zone.js/bundles/zone-testing.umd.js[2m:2219:43)[22m[2m[22m
[2m      [2mat _ZoneDelegate.invoke ([22m[2mnode_modules/zone.js/bundles/zone.umd.js[2m:409:38)[22m[2m[22m
[2m      [2mat ZoneImpl.run ([22m[2mnode_modules/zone.js/bundles/zone.umd.js[2m:145:47)[22m[2m[22m
[2m      [2mat Object.wrappedFunc ([22m[2mnode_modules/zone.js/bundles/zone-testing.umd.js[2m:449:38)[22m[2m[22m

[1m[31m  [1m‚óè [22m[1mEventService ‚Ä∫ should import events[39m[22m

    Expected one matching request for criteria "Match URL: http://localhost:3000/api/events", found none.
[2m[22m
[2m    [0m [90m 35 |[39m[22m
[2m     [90m 36 |[39m         [90m// Handle the initial loadEvents call from constructor[39m[22m
[2m    [31m[1m>[22m[2m[39m[90m 37 |[39m         [36mconst[39m req [33m=[39m httpMock[33m.[39mexpectOne(apiUrl)[33m;[39m[22m
[2m     [90m    |[39m                              [31m[1m^[22m[2m[39m[22m
[2m     [90m 38 |[39m         req[33m.[39mflush(mockEvents)[33m;[39m[22m
[2m     [90m 39 |[39m     })[33m;[39m[22m
[2m     [90m 40 |[39m[0m[22m
[2m[22m
[2m      [2mat _HttpClientTestingBackend.expectOne ([22m[2mnode_modules/@angular/common/fesm2022/http/testing.mjs[2m:273:19)[22m[2m[22m
[2m      [2mat [22m[2m[0m[36msrc/app/services/event.service.spec.ts[39m[0m[2m:37:30[22m[2m[22m
[2m      [2mat _ZoneDelegate.invoke ([22m[2mnode_modules/zone.js/bundles/zone.umd.js[2m:410:32)[22m[2m[22m
[2m      [2mat ProxyZoneSpec.onInvoke ([22m[2mnode_modules/zone.js/bundles/zone-testing.umd.js[2m:2219:43)[22m[2m[22m
[2m      [2mat _ZoneDelegate.invoke ([22m[2mnode_modules/zone.js/bundles/zone.umd.js[2m:409:38)[22m[2m[22m
[2m      [2mat ZoneImpl.run ([22m[2mnode_modules/zone.js/bundles/zone.umd.js[2m:145:47)[22m[2m[22m
[2m      [2mat Object.wrappedFunc ([22m[2mnode_modules/zone.js/bundles/zone-testing.umd.js[2m:449:38)[22m[2m[22m

[1m[31m  [1m‚óè [22m[1mEventService ‚Ä∫ should export events[39m[22m

    Expected one matching request for criteria "Match URL: http://localhost:3000/api/events", found none.
[2m[22m
[2m    [0m [90m 35 |[39m[22m
[2m     [90m 36 |[39m         [90m// Handle the initial loadEvents call from constructor[39m[22m
[2m    [31m[1m>[22m[2m[39m[90m 37 |[39m         [36mconst[39m req [33m=[39m httpMock[33m.[39mexpectOne(apiUrl)[33m;[39m[22m
[2m     [90m    |[39m                              [31m[1m^[22m[2m[39m[22m
[2m     [90m 38 |[39m         req[33m.[39mflush(mockEvents)[33m;[39m[22m
[2m     [90m 39 |[39m     })[33m;[39m[22m
[2m     [90m 40 |[39m[0m[22m
[2m[22m
[2m      [2mat _HttpClientTestingBackend.expectOne ([22m[2mnode_modules/@angular/common/fesm2022/http/testing.mjs[2m:273:19)[22m[2m[22m
[2m      [2mat [22m[2m[0m[36msrc/app/services/event.service.spec.ts[39m[0m[2m:37:30[22m[2m[22m
[2m      [2mat _ZoneDelegate.invoke ([22m[2mnode_modules/zone.js/bundles/zone.umd.js[2m:410:32)[22m[2m[22m
[2m      [2mat ProxyZoneSpec.onInvoke ([22m[2mnode_modules/zone.js/bundles/zone-testing.umd.js[2m:2219:43)[22m[2m[22m
[2m      [2mat _ZoneDelegate.invoke ([22m[2mnode_modules/zone.js/bundles/zone.umd.js[2m:409:38)[22m[2m[22m
[2m      [2mat ZoneImpl.run ([22m[2mnode_modules/zone.js/bundles/zone.umd.js[2m:145:47)[22m[2m[22m
[2m      [2mat Object.wrappedFunc ([22m[2mnode_modules/zone.js/bundles/zone-testing.umd.js[2m:449:38)[22m[2m[22m

[0m[7m[1m[31m FAIL [39m[22m[27m[0m [2msrc/app/services/[22m[1mevent.service.permissions.spec.ts[22m ([0m[1m[41m10.795 s[49m[22m[0m)
[1m[31m  [1m‚óè [22m[1mEventService - Permission Checks ‚Ä∫ should NOT load events on init if user has no CALENDAR permission[39m[22m

    [2mexpect([22m[31mreceived[39m[2m).[22mtoBe[2m([22m[32mexpected[39m[2m) // Object.is equality[22m

    Expected: [32m"Permissions insuffisantes"[39m
    Received: [31mnull[39m
[2m[22m
[2m    [0m [90m 50 |[39m             [90m// Verify error state is set[39m[22m
[2m     [90m 51 |[39m             service[33m.[39merror$[33m.[39msubscribe(error [33m=>[39m {[22m
[2m    [31m[1m>[22m[2m[39m[90m 52 |[39m                 expect(error)[33m.[39mtoBe([32m'Permissions insuffisantes'[39m)[33m;[39m[22m
[2m     [90m    |[39m                               [31m[1m^[22m[2m[39m[22m
[2m     [90m 53 |[39m                 done()[33m;[39m[22m
[2m     [90m 54 |[39m             })[33m;[39m[22m
[2m     [90m 55 |[39m         }[33m,[39m [35m10[39m)[33m;[39m[0m[22m
[2m[22m
[2m      [2mat Object.next ([22m[2m[0m[36msrc/app/services/event.service.permissions.spec.ts[39m[0m[2m:52:31)[22m[2m[22m
[2m      [2mat ConsumerObserver.next ([22m[2mnode_modules/rxjs/src/internal/Subscriber.ts[2m:155:25)[22m[2m[22m
[2m      [2mat SafeSubscriber.Subscriber._next ([22m[2mnode_modules/rxjs/src/internal/Subscriber.ts[2m:113:22)[22m[2m[22m
[2m      [2mat SafeSubscriber.Subscriber.next ([22m[2mnode_modules/rxjs/src/internal/Subscriber.ts[2m:71:12)[22m[2m[22m
[2m      [2mat BehaviorSubject._subscribe ([22m[2mnode_modules/rxjs/src/internal/BehaviorSubject.ts[2m:21:40)[22m[2m[22m
[2m      [2mat BehaviorSubject.Observable._trySubscribe ([22m[2mnode_modules/rxjs/src/internal/Observable.ts[2m:235:19)[22m[2m[22m
[2m      [2mat BehaviorSubject.Subject._trySubscribe ([22m[2mnode_modules/rxjs/src/internal/Subject.ts[2m:112:31)[22m[2m[22m
[2m      [2mat [22m[2mnode_modules/rxjs/src/internal/Observable.ts[2m:225:18[22m[2m[22m
[2m      [2mat Object.errorContext ([22m[2mnode_modules/rxjs/src/internal/util/errorContext.ts[2m:29:5)[22m[2m[22m
[2m      [2mat BehaviorSubject.Observable.subscribe ([22m[2mnode_modules/rxjs/src/internal/Observable.ts[2m:211:5)[22m[2m[22m
[2m      [2mat Observable._subscribe ([22m[2mnode_modules/rxjs/src/internal/Observable.ts[2m:325:25)[22m[2m[22m
[2m      [2mat [22m[2mnode_modules/rxjs/src/internal/Observable.ts[2m:222:18[22m[2m[22m
[2m      [2mat Object.errorContext ([22m[2mnode_modules/rxjs/src/internal/util/errorContext.ts[2m:29:5)[22m[2m[22m
[2m      [2mat Observable.subscribe ([22m[2mnode_modules/rxjs/src/internal/Observable.ts[2m:211:5)[22m[2m[22m
[2m      [2mat [22m[2m[0m[36msrc/app/services/event.service.permissions.spec.ts[39m[0m[2m:51:28[22m[2m[22m
[2m      [2mat timer ([22m[2mnode_modules/zone.js/bundles/zone.umd.js[2m:1829:43)[22m[2m[22m
[2m      [2mat _ZoneDelegate.invokeTask ([22m[2mnode_modules/zone.js/bundles/zone.umd.js[2m:443:37)[22m[2m[22m
[2m      [2mat ProxyZoneSpec.onInvokeTask ([22m[2mnode_modules/zone.js/bundles/zone-testing.umd.js[2m:2250:43)[22m[2m[22m
[2m      [2mat _ZoneDelegate.invokeTask ([22m[2mnode_modules/zone.js/bundles/zone.umd.js[2m:442:42)[22m[2m[22m
[2m      [2mat ZoneImpl.runTask ([22m[2mnode_modules/zone.js/bundles/zone.umd.js[2m:194:51)[22m[2m[22m
[2m      [2mat ZoneTask.invokeTask ([22m[2mnode_modules/zone.js/bundles/zone.umd.js[2m:521:38)[22m[2m[22m
[2m      [2mat ZoneTask.invoke ([22m[2mnode_modules/zone.js/bundles/zone.umd.js[2m:510:52)[22m[2m[22m
[2m      [2mat data.args.<computed> ([22m[2mnode_modules/zone.js/bundles/zone.umd.js[2m:1797:36)[22m[2m[22m

[1m[31m  [1m‚óè [22m[1mEventService - Permission Checks ‚Ä∫ should NOT load events on init if user has no CALENDAR permission[39m[22m

    thrown: "Exceeded timeout of 5000 ms for a test while waiting for `done()` to be called.
    Add a timeout value to this test to increase the timeout, if this is a long-running test. See https://jestjs.io/docs/api#testname-fn-timeout."
[2m[22m
[2m    [0m [90m 36 |[39m     })[33m;[39m[22m
[2m     [90m 37 |[39m[22m
[2m    [31m[1m>[22m[2m[39m[90m 38 |[39m     it([32m'should NOT load events on init if user has no CALENDAR permission'[39m[33m,[39m (done) [33m=>[39m {[22m
[2m     [90m    |[39m     [31m[1m^[22m[2m[39m[22m
[2m     [90m 39 |[39m         [90m// Mock: User has NO permission[39m[22m
[2m     [90m 40 |[39m         permissionService[33m.[39mhasReadAccess[33m![39m[33m.[39mmockReturnValue([36mfalse[39m)[33m;[39m[22m
[2m     [90m 41 |[39m[0m[22m
[2m[22m
[2m      [2mat context.<computed> ([22m[2mnode_modules/zone.js/bundles/zone-testing.umd.js[2m:491:43)[22m[2m[22m
[2m      [2mat [22m[2m[0m[36msrc/app/services/event.service.permissions.spec.ts[39m[0m[2m:38:5[22m[2m[22m
[2m      [2mat _ZoneDelegate.invoke ([22m[2mnode_modules/zone.js/bundles/zone.umd.js[2m:410:32)[22m[2m[22m
[2m      [2mat ZoneImpl.run ([22m[2mnode_modules/zone.js/bundles/zone.umd.js[2m:145:47)[22m[2m[22m
[2m      [2mat [22m[2mnode_modules/zone.js/bundles/zone-testing.umd.js[2m:425:37[22m[2m[22m
[2m      [2mat context.<computed> ([22m[2mnode_modules/zone.js/bundles/zone-testing.umd.js[2m:473:43)[22m[2m[22m
[2m      [2mat Object.<anonymous> ([22m[2m[0m[36msrc/app/services/event.service.permissions.spec.ts[39m[0m[2m:7:1)[22m[2m[22m

[1m[31m  [1m‚óè [22m[1mEventService - Permission Checks ‚Ä∫ should log warning when permission check fails[39m[22m

    [2mexpect([22m[31mjest.fn()[39m[2m).[22mtoHaveBeenCalledWith[2m([22m[32m...expected[39m[2m)[22m

    Expected: [32m"EventService: No permission to load events (CALENDAR READ required)"[39m

    Number of calls: [31m0[39m
[2m[22m
[2m    [0m [90m 137 |[39m         setTimeout(() [33m=>[39m {[22m
[2m     [90m 138 |[39m             [90m// Verify warning was logged[39m[22m
[2m    [31m[1m>[22m[2m[39m[90m 139 |[39m             expect(console[33m.[39mwarn)[33m.[39mtoHaveBeenCalledWith([22m
[2m     [90m     |[39m                                  [31m[1m^[22m[2m[39m[22m
[2m     [90m 140 |[39m                 [32m'EventService: No permission to load events (CALENDAR READ required)'[39m[22m
[2m     [90m 141 |[39m             )[33m;[39m[22m
[2m     [90m 142 |[39m             done()[33m;[39m[0m[22m
[2m[22m
[2m      [2mat [22m[2m[0m[36msrc/app/services/event.service.permissions.spec.ts[39m[0m[2m:139:34[22m[2m[22m
[2m      [2mat timer ([22m[2mnode_modules/zone.js/bundles/zone.umd.js[2m:1829:43)[22m[2m[22m
[2m      [2mat _ZoneDelegate.invokeTask ([22m[2mnode_modules/zone.js/bundles/zone.umd.js[2m:443:37)[22m[2m[22m
[2m      [2mat ProxyZoneSpec.onInvokeTask ([22m[2mnode_modules/zone.js/bundles/zone-testing.umd.js[2m:2250:43)[22m[2m[22m
[2m      [2mat _ZoneDelegate.invokeTask ([22m[2mnode_modules/zone.js/bundles/zone.umd.js[2m:442:42)[22m[2m[22m
[2m      [2mat ZoneImpl.runTask ([22m[2mnode_modules/zone.js/bundles/zone.umd.js[2m:194:51)[22m[2m[22m
[2m      [2mat ZoneTask.invokeTask ([22m[2mnode_modules/zone.js/bundles/zone.umd.js[2m:521:38)[22m[2m[22m
[2m      [2mat ZoneTask.invoke ([22m[2mnode_modules/zone.js/bundles/zone.umd.js[2m:510:52)[22m[2m[22m
[2m      [2mat data.args.<computed> ([22m[2mnode_modules/zone.js/bundles/zone.umd.js[2m:1797:36)[22m[2m[22m

[1m[31m  [1m‚óè [22m[1mEventService - Permission Checks ‚Ä∫ should log warning when permission check fails[39m[22m

    thrown: "Exceeded timeout of 5000 ms for a test while waiting for `done()` to be called.
    Add a timeout value to this test to increase the timeout, if this is a long-running test. See https://jestjs.io/docs/api#testname-fn-timeout."
[2m[22m
[2m    [0m [90m 126 |[39m     })[33m;[39m[22m
[2m     [90m 127 |[39m[22m
[2m    [31m[1m>[22m[2m[39m[90m 128 |[39m     it([32m'should log warning when permission check fails'[39m[33m,[39m (done) [33m=>[39m {[22m
[2m     [90m     |[39m     [31m[1m^[22m[2m[39m[22m
[2m     [90m 129 |[39m         [90m// Spy on console.warn[39m[22m
[2m     [90m 130 |[39m         jest[33m.[39mspyOn(console[33m,[39m [32m'warn'[39m)[33m.[39mmockImplementation()[33m;[39m[22m
[2m     [90m 131 |[39m[0m[22m
[2m[22m
[2m      [2mat context.<computed> ([22m[2mnode_modules/zone.js/bundles/zone-testing.umd.js[2m:491:43)[22m[2m[22m
[2m      [2mat [22m[2m[0m[36msrc/app/services/event.service.permissions.spec.ts[39m[0m[2m:128:5[22m[2m[22m
[2m      [2mat _ZoneDelegate.invoke ([22m[2mnode_modules/zone.js/bundles/zone.umd.js[2m:410:32)[22m[2m[22m
[2m      [2mat ZoneImpl.run ([22m[2mnode_modules/zone.js/bundles/zone.umd.js[2m:145:47)[22m[2m[22m
[2m      [2mat [22m[2mnode_modules/zone.js/bundles/zone-testing.umd.js[2m:425:37[22m[2m[22m
[2m      [2mat context.<computed> ([22m[2mnode_modules/zone.js/bundles/zone-testing.umd.js[2m:473:43)[22m[2m[22m
[2m      [2mat Object.<anonymous> ([22m[2m[0m[36msrc/app/services/event.service.permissions.spec.ts[39m[0m[2m:7:1)[22m[2m[22m

[0m[7m[1m[31m FAIL [39m[22m[27m[0m [2msrc/app/services/[22m[1mrelease.service.permissions.spec.ts[22m ([0m[1m[41m15.823 s[49m[22m[0m)
[1m[31m  [1m‚óè [22m[1mReleaseService - Permission Checks ‚Ä∫ should NOT load releases on init if user has no RELEASES permission[39m[22m

    [2mexpect([22m[31mreceived[39m[2m).[22mtoBe[2m([22m[32mexpected[39m[2m) // Object.is equality[22m

    Expected: [32m"Permissions insuffisantes"[39m
    Received: [31mnull[39m
[2m[22m
[2m    [0m [90m 50 |[39m             [90m// Verify error state is set[39m[22m
[2m     [90m 51 |[39m             service[33m.[39merror$[33m.[39msubscribe(error [33m=>[39m {[22m
[2m    [31m[1m>[22m[2m[39m[90m 52 |[39m                 expect(error)[33m.[39mtoBe([32m'Permissions insuffisantes'[39m)[33m;[39m[22m
[2m     [90m    |[39m                               [31m[1m^[22m[2m[39m[22m
[2m     [90m 53 |[39m                 done()[33m;[39m[22m
[2m     [90m 54 |[39m             })[33m;[39m[22m
[2m     [90m 55 |[39m         }[33m,[39m [35m10[39m)[33m;[39m[0m[22m
[2m[22m
[2m      [2mat Object.next ([22m[2m[0m[36msrc/app/services/release.service.permissions.spec.ts[39m[0m[2m:52:31)[22m[2m[22m
[2m      [2mat ConsumerObserver.next ([22m[2mnode_modules/rxjs/src/internal/Subscriber.ts[2m:155:25)[22m[2m[22m
[2m      [2mat SafeSubscriber.Subscriber._next ([22m[2mnode_modules/rxjs/src/internal/Subscriber.ts[2m:113:22)[22m[2m[22m
[2m      [2mat SafeSubscriber.Subscriber.next ([22m[2mnode_modules/rxjs/src/internal/Subscriber.ts[2m:71:12)[22m[2m[22m
[2m      [2mat BehaviorSubject._subscribe ([22m[2mnode_modules/rxjs/src/internal/BehaviorSubject.ts[2m:21:40)[22m[2m[22m
[2m      [2mat BehaviorSubject.Observable._trySubscribe ([22m[2mnode_modules/rxjs/src/internal/Observable.ts[2m:235:19)[22m[2m[22m
[2m      [2mat BehaviorSubject.Subject._trySubscribe ([22m[2mnode_modules/rxjs/src/internal/Subject.ts[2m:112:31)[22m[2m[22m
[2m      [2mat [22m[2mnode_modules/rxjs/src/internal/Observable.ts[2m:225:18[22m[2m[22m
[2m      [2mat Object.errorContext ([22m[2mnode_modules/rxjs/src/internal/util/errorContext.ts[2m:29:5)[22m[2m[22m
[2m      [2mat BehaviorSubject.Observable.subscribe ([22m[2mnode_modules/rxjs/src/internal/Observable.ts[2m:211:5)[22m[2m[22m
[2m      [2mat Observable._subscribe ([22m[2mnode_modules/rxjs/src/internal/Observable.ts[2m:325:25)[22m[2m[22m
[2m      [2mat [22m[2mnode_modules/rxjs/src/internal/Observable.ts[2m:222:18[22m[2m[22m
[2m      [2mat Object.errorContext ([22m[2mnode_modules/rxjs/src/internal/util/errorContext.ts[2m:29:5)[22m[2m[22m
[2m      [2mat Observable.subscribe ([22m[2mnode_modules/rxjs/src/internal/Observable.ts[2m:211:5)[22m[2m[22m
[2m      [2mat [22m[2m[0m[36msrc/app/services/release.service.permissions.spec.ts[39m[0m[2m:51:28[22m[2m[22m
[2m      [2mat timer ([22m[2mnode_modules/zone.js/bundles/zone.umd.js[2m:1829:43)[22m[2m[22m
[2m      [2mat _ZoneDelegate.invokeTask ([22m[2mnode_modules/zone.js/bundles/zone.umd.js[2m:443:37)[22m[2m[22m
[2m      [2mat ProxyZoneSpec.onInvokeTask ([22m[2mnode_modules/zone.js/bundles/zone-testing.umd.js[2m:2250:43)[22m[2m[22m
[2m      [2mat _ZoneDelegate.invokeTask ([22m[2mnode_modules/zone.js/bundles/zone.umd.js[2m:442:42)[22m[2m[22m
[2m      [2mat ZoneImpl.runTask ([22m[2mnode_modules/zone.js/bundles/zone.umd.js[2m:194:51)[22m[2m[22m
[2m      [2mat ZoneTask.invokeTask ([22m[2mnode_modules/zone.js/bundles/zone.umd.js[2m:521:38)[22m[2m[22m
[2m      [2mat ZoneTask.invoke ([22m[2mnode_modules/zone.js/bundles/zone.umd.js[2m:510:52)[22m[2m[22m
[2m      [2mat data.args.<computed> ([22m[2mnode_modules/zone.js/bundles/zone.umd.js[2m:1797:36)[22m[2m[22m

[1m[31m  [1m‚óè [22m[1mReleaseService - Permission Checks ‚Ä∫ should NOT load releases on init if user has no RELEASES permission[39m[22m

    thrown: "Exceeded timeout of 5000 ms for a test while waiting for `done()` to be called.
    Add a timeout value to this test to increase the timeout, if this is a long-running test. See https://jestjs.io/docs/api#testname-fn-timeout."
[2m[22m
[2m    [0m [90m 36 |[39m     })[33m;[39m[22m
[2m     [90m 37 |[39m[22m
[2m    [31m[1m>[22m[2m[39m[90m 38 |[39m     it([32m'should NOT load releases on init if user has no RELEASES permission'[39m[33m,[39m (done) [33m=>[39m {[22m
[2m     [90m    |[39m     [31m[1m^[22m[2m[39m[22m
[2m     [90m 39 |[39m         [90m// Mock: User has NO permission[39m[22m
[2m     [90m 40 |[39m         permissionService[33m.[39mhasReadAccess[33m![39m[33m.[39mmockReturnValue([36mfalse[39m)[33m;[39m[22m
[2m     [90m 41 |[39m[0m[22m
[2m[22m
[2m      [2mat context.<computed> ([22m[2mnode_modules/zone.js/bundles/zone-testing.umd.js[2m:491:43)[22m[2m[22m
[2m      [2mat [22m[2m[0m[36msrc/app/services/release.service.permissions.spec.ts[39m[0m[2m:38:5[22m[2m[22m
[2m      [2mat _ZoneDelegate.invoke ([22m[2mnode_modules/zone.js/bundles/zone.umd.js[2m:410:32)[22m[2m[22m
[2m      [2mat ZoneImpl.run ([22m[2mnode_modules/zone.js/bundles/zone.umd.js[2m:145:47)[22m[2m[22m
[2m      [2mat [22m[2mnode_modules/zone.js/bundles/zone-testing.umd.js[2m:425:37[22m[2m[22m
[2m      [2mat context.<computed> ([22m[2mnode_modules/zone.js/bundles/zone-testing.umd.js[2m:473:43)[22m[2m[22m
[2m      [2mat Object.<anonymous> ([22m[2m[0m[36msrc/app/services/release.service.permissions.spec.ts[39m[0m[2m:7:1)[22m[2m[22m

[1m[31m  [1m‚óè [22m[1mReleaseService - Permission Checks ‚Ä∫ should log warning when permission check fails[39m[22m

    [2mexpect([22m[31mjest.fn()[39m[2m).[22mtoHaveBeenCalledWith[2m([22m[32m...expected[39m[2m)[22m

    Expected: [32m"ReleaseService: No permission to load releases (RELEASES READ required)"[39m

    Number of calls: [31m0[39m
[2m[22m
[2m    [0m [90m 137 |[39m         setTimeout(() [33m=>[39m {[22m
[2m     [90m 138 |[39m             [90m// Verify warning was logged[39m[22m
[2m    [31m[1m>[22m[2m[39m[90m 139 |[39m             expect(console[33m.[39mwarn)[33m.[39mtoHaveBeenCalledWith([22m
[2m     [90m     |[39m                                  [31m[1m^[22m[2m[39m[22m
[2m     [90m 140 |[39m                 [32m'ReleaseService: No permission to load releases (RELEASES READ required)'[39m[22m
[2m     [90m 141 |[39m             )[33m;[39m[22m
[2m     [90m 142 |[39m             done()[33m;[39m[0m[22m
[2m[22m
[2m      [2mat [22m[2m[0m[36msrc/app/services/release.service.permissions.spec.ts[39m[0m[2m:139:34[22m[2m[22m
[2m      [2mat timer ([22m[2mnode_modules/zone.js/bundles/zone.umd.js[2m:1829:43)[22m[2m[22m
[2m      [2mat _ZoneDelegate.invokeTask ([22m[2mnode_modules/zone.js/bundles/zone.umd.js[2m:443:37)[22m[2m[22m
[2m      [2mat ProxyZoneSpec.onInvokeTask ([22m[2mnode_modules/zone.js/bundles/zone-testing.umd.js[2m:2250:43)[22m[2m[22m
[2m      [2mat _ZoneDelegate.invokeTask ([22m[2mnode_modules/zone.js/bundles/zone.umd.js[2m:442:42)[22m[2m[22m
[2m      [2mat ZoneImpl.runTask ([22m[2mnode_modules/zone.js/bundles/zone.umd.js[2m:194:51)[22m[2m[22m
[2m      [2mat ZoneTask.invokeTask ([22m[2mnode_modules/zone.js/bundles/zone.umd.js[2m:521:38)[22m[2m[22m
[2m      [2mat ZoneTask.invoke ([22m[2mnode_modules/zone.js/bundles/zone.umd.js[2m:510:52)[22m[2m[22m
[2m      [2mat data.args.<computed> ([22m[2mnode_modules/zone.js/bundles/zone.umd.js[2m:1797:36)[22m[2m[22m

[1m[31m  [1m‚óè [22m[1mReleaseService - Permission Checks ‚Ä∫ should log warning when permission check fails[39m[22m

    thrown: "Exceeded timeout of 5000 ms for a test while waiting for `done()` to be called.
    Add a timeout value to this test to increase the timeout, if this is a long-running test. See https://jestjs.io/docs/api#testname-fn-timeout."
[2m[22m
[2m    [0m [90m 126 |[39m     })[33m;[39m[22m
[2m     [90m 127 |[39m[22m
[2m    [31m[1m>[22m[2m[39m[90m 128 |[39m     it([32m'should log warning when permission check fails'[39m[33m,[39m (done) [33m=>[39m {[22m
[2m     [90m     |[39m     [31m[1m^[22m[2m[39m[22m
[2m     [90m 129 |[39m         [90m// Spy on console.warn[39m[22m
[2m     [90m 130 |[39m         jest[33m.[39mspyOn(console[33m,[39m [32m'warn'[39m)[33m.[39mmockImplementation()[33m;[39m[22m
[2m     [90m 131 |[39m[0m[22m
[2m[22m
[2m      [2mat context.<computed> ([22m[2mnode_modules/zone.js/bundles/zone-testing.umd.js[2m:491:43)[22m[2m[22m
[2m      [2mat [22m[2m[0m[36msrc/app/services/release.service.permissions.spec.ts[39m[0m[2m:128:5[22m[2m[22m
[2m      [2mat _ZoneDelegate.invoke ([22m[2mnode_modules/zone.js/bundles/zone.umd.js[2m:410:32)[22m[2m[22m
[2m      [2mat ZoneImpl.run ([22m[2mnode_modules/zone.js/bundles/zone.umd.js[2m:145:47)[22m[2m[22m
[2m      [2mat [22m[2mnode_modules/zone.js/bundles/zone-testing.umd.js[2m:425:37[22m[2m[22m
[2m      [2mat context.<computed> ([22m[2mnode_modules/zone.js/bundles/zone-testing.umd.js[2m:473:43)[22m[2m[22m
[2m      [2mat Object.<anonymous> ([22m[2m[0m[36msrc/app/services/release.service.permissions.spec.ts[39m[0m[2m:7:1)[22m[2m[22m

[1m[31m  [1m‚óè [22m[1mReleaseService - Permission Checks ‚Ä∫ should NOT load current release if user loses permission[39m[22m

    thrown: "Exceeded timeout of 5000 ms for a test.
    Add a timeout value to this test to increase the timeout, if this is a long-running test. See https://jestjs.io/docs/api#testname-fn-timeout."
[2m[22m
[2m    [0m [90m 159 |[39m     })[33m;[39m[22m
[2m     [90m 160 |[39m[22m
[2m    [31m[1m>[22m[2m[39m[90m 161 |[39m     it([32m'should NOT load current release if user loses permission'[39m[33m,[39m [36masync[39m () [33m=>[39m {[22m
[2m     [90m     |[39m     [31m[1m^[22m[2m[39m[22m
[2m     [90m 162 |[39m         [90m// Mock: User has permission initially[39m[22m
[2m     [90m 163 |[39m         permissionService[33m.[39mhasReadAccess[33m![39m[33m.[39mmockReturnValue([36mtrue[39m)[33m;[39m[22m
[2m     [90m 164 |[39m         service [33m=[39m [33mTestBed[39m[33m.[39minject([33mReleaseService[39m)[33m;[39m[0m[22m
[2m[22m
[2m      [2mat context.<computed> ([22m[2mnode_modules/zone.js/bundles/zone-testing.umd.js[2m:491:43)[22m[2m[22m
[2m      [2mat [22m[2m[0m[36msrc/app/services/release.service.permissions.spec.ts[39m[0m[2m:161:5[22m[2m[22m
[2m      [2mat _ZoneDelegate.invoke ([22m[2mnode_modules/zone.js/bundles/zone.umd.js[2m:410:32)[22m[2m[22m
[2m      [2mat ZoneImpl.run ([22m[2mnode_modules/zone.js/bundles/zone.umd.js[2m:145:47)[22m[2m[22m
[2m      [2mat [22m[2mnode_modules/zone.js/bundles/zone-testing.umd.js[2m:425:37[22m[2m[22m
[2m      [2mat context.<computed> ([22m[2mnode_modules/zone.js/bundles/zone-testing.umd.js[2m:473:43)[22m[2m[22m
[2m      [2mat Object.<anonymous> ([22m[2m[0m[36msrc/app/services/release.service.permissions.spec.ts[39m[0m[2m:7:1)[22m[2m[22m

[1m[31m  [1m‚óè [22m[1mReleaseService - Permission Checks ‚Ä∫ should NOT load current release if user loses permission[39m[22m

    Expected no open requests, found 1: GET http://localhost:3000/api/releases/rel1
[2m[22m
[2m    [0m [90m 32 |[39m     afterEach(() [33m=>[39m {[22m
[2m     [90m 33 |[39m         [36mif[39m (httpMock) {[22m
[2m    [31m[1m>[22m[2m[39m[90m 34 |[39m             httpMock[33m.[39mverify()[33m;[39m[22m
[2m     [90m    |[39m                      [31m[1m^[22m[2m[39m[22m
[2m     [90m 35 |[39m         }[22m
[2m     [90m 36 |[39m     })[33m;[39m[22m
[2m     [90m 37 |[39m[0m[22m
[2m[22m
[2m      [2mat _HttpClientTestingBackend.verify ([22m[2mnode_modules/@angular/common/fesm2022/http/testing.mjs[2m:301:19)[22m[2m[22m
[2m      [2mat [22m[2m[0m[36msrc/app/services/release.service.permissions.spec.ts[39m[0m[2m:34:22[22m[2m[22m
[2m      [2mat _ZoneDelegate.invoke ([22m[2mnode_modules/zone.js/bundles/zone.umd.js[2m:410:32)[22m[2m[22m
[2m      [2mat ProxyZoneSpec.onInvoke ([22m[2mnode_modules/zone.js/bundles/zone-testing.umd.js[2m:2219:43)[22m[2m[22m
[2m      [2mat _ZoneDelegate.invoke ([22m[2mnode_modules/zone.js/bundles/zone.umd.js[2m:409:38)[22m[2m[22m
[2m      [2mat ZoneImpl.run ([22m[2mnode_modules/zone.js/bundles/zone.umd.js[2m:145:47)[22m[2m[22m
[2m      [2mat Object.wrappedFunc ([22m[2mnode_modules/zone.js/bundles/zone-testing.umd.js[2m:449:38)[22m[2m[22m


[1mTest Suites: [22m[1m[31m4 failed[39m[22m, [1m[33m1 skipped[39m[22m, [1m[32m36 passed[39m[22m, 40 of 41 total
[1mTests:       [22m[1m[31m31 failed[39m[22m, [1m[33m11 skipped[39m[22m, [1m[32m222 passed[39m[22m, 264 total
[1mSnapshots:   [22m0 total
[1mTime:[22m        17.438 s
[2mRan all test suites[22m[2m.[22m
