{"/Users/bilal/Documents/Projets perso/Claude/Planning/event-planning-app/src/app/app.component.ts": {"path":"/Users/bilal/Documents/Projets perso/Claude/Planning/event-planning-app/src/app/app.component.ts","statementMap":{"0":{"start":{"line":1,"column":0},"end":{"line":1,"column":42}},"1":{"start":{"line":2,"column":0},"end":{"line":2,"column":47}},"2":{"start":{"line":3,"column":0},"end":{"line":3,"column":86}},"3":{"start":{"line":4,"column":0},"end":{"line":4,"column":99}},"4":{"start":{"line":21,"column":7},"end":{"line":21,"column":null}},"5":{"start":{"line":21,"column":13},"end":{"line":21,"column":25}},"6":{"start":{"line":21,"column":13},"end":{"line":21,"column":null}}},"fnMap":{},"branchMap":{},"s":{"0":0,"1":0,"2":0,"3":0,"4":0,"5":0,"6":0},"f":{},"b":{}}
,"/Users/bilal/Documents/Projets perso/Claude/Planning/event-planning-app/src/app/app.routes.ts": {"path":"/Users/bilal/Documents/Projets perso/Claude/Planning/event-planning-app/src/app/app.routes.ts","statementMap":{"0":{"start":{"line":2,"column":0},"end":{"line":2,"column":48}},"1":{"start":{"line":4,"column":13},"end":{"line":80,"column":2}},"2":{"start":{"line":8,"column":6},"end":{"line":9,"column":null}},"3":{"start":{"line":8,"column":6},"end":{"line":8,"column":50}},"4":{"start":{"line":9,"column":13},"end":{"line":9,"column":29}},"5":{"start":{"line":20,"column":6},"end":{"line":21,"column":null}},"6":{"start":{"line":20,"column":6},"end":{"line":20,"column":49}},"7":{"start":{"line":21,"column":13},"end":{"line":21,"column":28}},"8":{"start":{"line":28,"column":6},"end":{"line":29,"column":null}},"9":{"start":{"line":28,"column":6},"end":{"line":28,"column":52}},"10":{"start":{"line":29,"column":13},"end":{"line":29,"column":38}},"11":{"start":{"line":36,"column":10},"end":{"line":37,"column":null}},"12":{"start":{"line":36,"column":10},"end":{"line":36,"column":71}},"13":{"start":{"line":37,"column":17},"end":{"line":37,"column":45}},"14":{"start":{"line":43,"column":10},"end":{"line":44,"column":null}},"15":{"start":{"line":43,"column":10},"end":{"line":43,"column":61}},"16":{"start":{"line":44,"column":17},"end":{"line":44,"column":36}},"17":{"start":{"line":50,"column":10},"end":{"line":51,"column":null}},"18":{"start":{"line":50,"column":10},"end":{"line":50,"column":59}},"19":{"start":{"line":51,"column":17},"end":{"line":51,"column":35}},"20":{"start":{"line":59,"column":6},"end":{"line":60,"column":null}},"21":{"start":{"line":59,"column":6},"end":{"line":59,"column":52}},"22":{"start":{"line":60,"column":13},"end":{"line":60,"column":38}},"23":{"start":{"line":67,"column":10},"end":{"line":68,"column":null}},"24":{"start":{"line":67,"column":10},"end":{"line":67,"column":66}},"25":{"start":{"line":68,"column":17},"end":{"line":68,"column":40}},"26":{"start":{"line":74,"column":10},"end":{"line":75,"column":null}},"27":{"start":{"line":74,"column":10},"end":{"line":74,"column":67}},"28":{"start":{"line":75,"column":17},"end":{"line":75,"column":41}}},"fnMap":{"0":{"name":"(anonymous_9)","decl":{"start":{"line":7,"column":19},"end":{"line":7,"column":22}},"loc":{"start":{"line":8,"column":6},"end":{"line":9,"column":null}}},"1":{"name":"(anonymous_10)","decl":{"start":{"line":8,"column":6},"end":{"line":8,"column":13}},"loc":{"start":{"line":8,"column":6},"end":{"line":8,"column":50}}},"2":{"name":"(anonymous_11)","decl":{"start":{"line":9,"column":8},"end":{"line":9,"column":9}},"loc":{"start":{"line":9,"column":13},"end":{"line":9,"column":29}}},"3":{"name":"(anonymous_12)","decl":{"start":{"line":19,"column":19},"end":{"line":19,"column":22}},"loc":{"start":{"line":20,"column":6},"end":{"line":21,"column":null}}},"4":{"name":"(anonymous_13)","decl":{"start":{"line":20,"column":6},"end":{"line":20,"column":13}},"loc":{"start":{"line":20,"column":6},"end":{"line":20,"column":49}}},"5":{"name":"(anonymous_14)","decl":{"start":{"line":21,"column":8},"end":{"line":21,"column":9}},"loc":{"start":{"line":21,"column":13},"end":{"line":21,"column":28}}},"6":{"name":"(anonymous_15)","decl":{"start":{"line":27,"column":19},"end":{"line":27,"column":22}},"loc":{"start":{"line":28,"column":6},"end":{"line":29,"column":null}}},"7":{"name":"(anonymous_16)","decl":{"start":{"line":28,"column":6},"end":{"line":28,"column":13}},"loc":{"start":{"line":28,"column":6},"end":{"line":28,"column":52}}},"8":{"name":"(anonymous_17)","decl":{"start":{"line":29,"column":8},"end":{"line":29,"column":9}},"loc":{"start":{"line":29,"column":13},"end":{"line":29,"column":38}}},"9":{"name":"(anonymous_18)","decl":{"start":{"line":35,"column":23},"end":{"line":35,"column":26}},"loc":{"start":{"line":36,"column":10},"end":{"line":37,"column":null}}},"10":{"name":"(anonymous_19)","decl":{"start":{"line":36,"column":10},"end":{"line":36,"column":17}},"loc":{"start":{"line":36,"column":10},"end":{"line":36,"column":71}}},"11":{"name":"(anonymous_20)","decl":{"start":{"line":37,"column":12},"end":{"line":37,"column":13}},"loc":{"start":{"line":37,"column":17},"end":{"line":37,"column":45}}},"12":{"name":"(anonymous_21)","decl":{"start":{"line":42,"column":23},"end":{"line":42,"column":26}},"loc":{"start":{"line":43,"column":10},"end":{"line":44,"column":null}}},"13":{"name":"(anonymous_22)","decl":{"start":{"line":43,"column":10},"end":{"line":43,"column":17}},"loc":{"start":{"line":43,"column":10},"end":{"line":43,"column":61}}},"14":{"name":"(anonymous_23)","decl":{"start":{"line":44,"column":12},"end":{"line":44,"column":13}},"loc":{"start":{"line":44,"column":17},"end":{"line":44,"column":36}}},"15":{"name":"(anonymous_24)","decl":{"start":{"line":49,"column":23},"end":{"line":49,"column":26}},"loc":{"start":{"line":50,"column":10},"end":{"line":51,"column":null}}},"16":{"name":"(anonymous_25)","decl":{"start":{"line":50,"column":10},"end":{"line":50,"column":17}},"loc":{"start":{"line":50,"column":10},"end":{"line":50,"column":59}}},"17":{"name":"(anonymous_26)","decl":{"start":{"line":51,"column":12},"end":{"line":51,"column":13}},"loc":{"start":{"line":51,"column":17},"end":{"line":51,"column":35}}},"18":{"name":"(anonymous_27)","decl":{"start":{"line":58,"column":19},"end":{"line":58,"column":22}},"loc":{"start":{"line":59,"column":6},"end":{"line":60,"column":null}}},"19":{"name":"(anonymous_28)","decl":{"start":{"line":59,"column":6},"end":{"line":59,"column":13}},"loc":{"start":{"line":59,"column":6},"end":{"line":59,"column":52}}},"20":{"name":"(anonymous_29)","decl":{"start":{"line":60,"column":8},"end":{"line":60,"column":9}},"loc":{"start":{"line":60,"column":13},"end":{"line":60,"column":38}}},"21":{"name":"(anonymous_30)","decl":{"start":{"line":66,"column":23},"end":{"line":66,"column":26}},"loc":{"start":{"line":67,"column":10},"end":{"line":68,"column":null}}},"22":{"name":"(anonymous_31)","decl":{"start":{"line":67,"column":10},"end":{"line":67,"column":17}},"loc":{"start":{"line":67,"column":10},"end":{"line":67,"column":66}}},"23":{"name":"(anonymous_32)","decl":{"start":{"line":68,"column":12},"end":{"line":68,"column":13}},"loc":{"start":{"line":68,"column":17},"end":{"line":68,"column":40}}},"24":{"name":"(anonymous_33)","decl":{"start":{"line":73,"column":23},"end":{"line":73,"column":26}},"loc":{"start":{"line":74,"column":10},"end":{"line":75,"column":null}}},"25":{"name":"(anonymous_34)","decl":{"start":{"line":74,"column":10},"end":{"line":74,"column":17}},"loc":{"start":{"line":74,"column":10},"end":{"line":74,"column":67}}},"26":{"name":"(anonymous_35)","decl":{"start":{"line":75,"column":12},"end":{"line":75,"column":13}},"loc":{"start":{"line":75,"column":17},"end":{"line":75,"column":41}}}},"branchMap":{},"s":{"0":0,"1":0,"2":0,"3":0,"4":0,"5":0,"6":0,"7":0,"8":0,"9":0,"10":0,"11":0,"12":0,"13":0,"14":0,"15":0,"16":0,"17":0,"18":0,"19":0,"20":0,"21":0,"22":0,"23":0,"24":0,"25":0,"26":0,"27":0,"28":0},"f":{"0":0,"1":0,"2":0,"3":0,"4":0,"5":0,"6":0,"7":0,"8":0,"9":0,"10":0,"11":0,"12":0,"13":0,"14":0,"15":0,"16":0,"17":0,"18":0,"19":0,"20":0,"21":0,"22":0,"23":0,"24":0,"25":0,"26":0},"b":{}}
,"/Users/bilal/Documents/Projets perso/Claude/Planning/event-planning-app/src/app/components/auth/login.component.ts": {"path":"/Users/bilal/Documents/Projets perso/Claude/Planning/event-planning-app/src/app/components/auth/login.component.ts","statementMap":{"0":{"start":{"line":1,"column":0},"end":{"line":1,"column":42}},"1":{"start":{"line":2,"column":0},"end":{"line":2,"column":47}},"2":{"start":{"line":3,"column":0},"end":{"line":3,"column":45}},"3":{"start":{"line":4,"column":0},"end":{"line":4,"column":41}},"4":{"start":{"line":5,"column":0},"end":{"line":5,"column":53}},"5":{"start":{"line":105,"column":12},"end":{"line":105,"column":36}},"6":{"start":{"line":106,"column":12},"end":{"line":106,"column":26}},"7":{"start":{"line":100,"column":2},"end":{"line":100,"column":16}},"8":{"start":{"line":101,"column":2},"end":{"line":101,"column":20}},"9":{"start":{"line":102,"column":2},"end":{"line":102,"column":20}},"10":{"start":{"line":110,"column":4},"end":{"line":112,"column":5}},"11":{"start":{"line":111,"column":6},"end":{"line":111,"column":13}},"12":{"start":{"line":114,"column":4},"end":{"line":114,"column":26}},"13":{"start":{"line":115,"column":4},"end":{"line":115,"column":27}},"14":{"start":{"line":118,"column":4},"end":{"line":118,"column":59}},"15":{"start":{"line":118,"column":33},"end":{"line":118,"column":57}},"16":{"start":{"line":120,"column":20},"end":{"line":120,"column":63}},"17":{"start":{"line":122,"column":4},"end":{"line":122,"column":27}},"18":{"start":{"line":124,"column":4},"end":{"line":129,"column":5}},"19":{"start":{"line":125,"column":6},"end":{"line":125,"column":34}},"20":{"start":{"line":127,"column":6},"end":{"line":127,"column":28}},"21":{"start":{"line":128,"column":6},"end":{"line":128,"column":25}},"22":{"start":{"line":99,"column":13},"end":{"line":99,"column":27}},"23":{"start":{"line":99,"column":13},"end":{"line":131,"column":null}}},"fnMap":{"0":{"name":"(anonymous_0)","decl":{"start":{"line":104,"column":2},"end":{"line":104,"column":null}},"loc":{"start":{"line":106,"column":26},"end":{"line":107,"column":6}}},"1":{"name":"(anonymous_1)","decl":{"start":{"line":109,"column":2},"end":{"line":109,"column":7}},"loc":{"start":{"line":109,"column":16},"end":{"line":130,"column":3}}},"2":{"name":"(anonymous_2)","decl":{"start":{"line":118,"column":22},"end":{"line":118,"column":29}},"loc":{"start":{"line":118,"column":33},"end":{"line":118,"column":57}}}},"branchMap":{"0":{"loc":{"start":{"line":110,"column":4},"end":{"line":112,"column":5}},"type":"if","locations":[{"start":{"line":110,"column":4},"end":{"line":112,"column":5}}]},"1":{"loc":{"start":{"line":124,"column":4},"end":{"line":129,"column":5}},"type":"if","locations":[{"start":{"line":124,"column":4},"end":{"line":129,"column":5}},{"start":{"line":126,"column":11},"end":{"line":129,"column":5}}]}},"s":{"0":0,"1":0,"2":0,"3":0,"4":0,"5":0,"6":0,"7":0,"8":0,"9":0,"10":0,"11":0,"12":0,"13":0,"14":0,"15":0,"16":0,"17":0,"18":0,"19":0,"20":0,"21":0,"22":0,"23":0},"f":{"0":0,"1":0,"2":0},"b":{"0":[0],"1":[0,0]}}
,"/Users/bilal/Documents/Projets perso/Claude/Planning/event-planning-app/src/app/components/confirmation/confirmation-modal.component.ts": {"path":"/Users/bilal/Documents/Projets perso/Claude/Planning/event-planning-app/src/app/components/confirmation/confirmation-modal.component.ts","statementMap":{"0":{"start":{"line":1,"column":0},"end":{"line":1,"column":42}},"1":{"start":{"line":2,"column":0},"end":{"line":2,"column":47}},"2":{"start":{"line":3,"column":0},"end":{"line":3,"column":74}},"3":{"start":{"line":4,"column":0},"end":{"line":4,"column":69}},"4":{"start":{"line":118,"column":22},"end":{"line":118,"column":62}},"5":{"start":{"line":116,"column":2},"end":{"line":116,"column":57}},"6":{"start":{"line":121,"column":4},"end":{"line":129,"column":5}},"7":{"start":{"line":123,"column":8},"end":{"line":123,"column":25}},"8":{"start":{"line":125,"column":8},"end":{"line":125,"column":31}},"9":{"start":{"line":128,"column":8},"end":{"line":128,"column":30}},"10":{"start":{"line":133,"column":4},"end":{"line":133,"column":43}},"11":{"start":{"line":137,"column":4},"end":{"line":137,"column":44}},"12":{"start":{"line":115,"column":13},"end":{"line":115,"column":39}},"13":{"start":{"line":115,"column":13},"end":{"line":139,"column":null}}},"fnMap":{"0":{"name":"(anonymous_0)","decl":{"start":{"line":118,"column":2},"end":{"line":118,"column":22}},"loc":{"start":{"line":118,"column":62},"end":{"line":118,"column":66}}},"1":{"name":"(anonymous_1)","decl":{"start":{"line":120,"column":2},"end":{"line":120,"column":9}},"loc":{"start":{"line":120,"column":23},"end":{"line":130,"column":3}}},"2":{"name":"(anonymous_2)","decl":{"start":{"line":132,"column":2},"end":{"line":132,"column":9}},"loc":{"start":{"line":132,"column":9},"end":{"line":134,"column":3}}},"3":{"name":"(anonymous_3)","decl":{"start":{"line":136,"column":2},"end":{"line":136,"column":8}},"loc":{"start":{"line":136,"column":8},"end":{"line":138,"column":3}}}},"branchMap":{"0":{"loc":{"start":{"line":121,"column":4},"end":{"line":129,"column":5}},"type":"switch","locations":[{"start":{"line":122,"column":6},"end":{"line":123,"column":25}},{"start":{"line":124,"column":6},"end":{"line":125,"column":31}},{"start":{"line":126,"column":6},"end":{"line":126,"column":21}},{"start":{"line":127,"column":6},"end":{"line":128,"column":30}}]}},"s":{"0":0,"1":0,"2":0,"3":0,"4":0,"5":0,"6":0,"7":0,"8":0,"9":0,"10":0,"11":0,"12":0,"13":0},"f":{"0":0,"1":0,"2":0,"3":0},"b":{"0":[0,0,0,0]}}
,"/Users/bilal/Documents/Projets perso/Claude/Planning/event-planning-app/src/app/components/filters/filter-bar.component.ts": {"path":"/Users/bilal/Documents/Projets perso/Claude/Planning/event-planning-app/src/app/components/filters/filter-bar.component.ts","statementMap":{"0":{"start":{"line":1,"column":0},"end":{"line":1,"column":84}},"1":{"start":{"line":2,"column":0},"end":{"line":2,"column":47}},"2":{"start":{"line":3,"column":0},"end":{"line":3,"column":45}},"3":{"start":{"line":4,"column":0},"end":{"line":4,"column":64}},"4":{"start":{"line":5,"column":0},"end":{"line":5,"column":57}},"5":{"start":{"line":6,"column":0},"end":{"line":6,"column":75}},"6":{"start":{"line":93,"column":12},"end":{"line":93,"column":40}},"7":{"start":{"line":94,"column":12},"end":{"line":94,"column":44}},"8":{"start":{"line":83,"column":2},"end":{"line":83,"column":37}},"9":{"start":{"line":84,"column":2},"end":{"line":84,"column":36}},"10":{"start":{"line":85,"column":2},"end":{"line":85,"column":27}},"11":{"start":{"line":86,"column":2},"end":{"line":86,"column":32}},"12":{"start":{"line":87,"column":2},"end":{"line":87,"column":19}},"13":{"start":{"line":88,"column":2},"end":{"line":88,"column":22}},"14":{"start":{"line":90,"column":10},"end":{"line":90,"column":42}},"15":{"start":{"line":99,"column":4},"end":{"line":103,"column":9}},"16":{"start":{"line":102,"column":8},"end":{"line":102,"column":40}},"17":{"start":{"line":106,"column":4},"end":{"line":112,"column":9}},"18":{"start":{"line":109,"column":8},"end":{"line":109,"column":52}},"19":{"start":{"line":110,"column":8},"end":{"line":110,"column":70}},"20":{"start":{"line":111,"column":8},"end":{"line":111,"column":72}},"21":{"start":{"line":117,"column":4},"end":{"line":117,"column":41}},"22":{"start":{"line":121,"column":4},"end":{"line":121,"column":67}},"23":{"start":{"line":125,"column":4},"end":{"line":125,"column":56}},"24":{"start":{"line":129,"column":4},"end":{"line":129,"column":38}},"25":{"start":{"line":133,"column":4},"end":{"line":133,"column":41}},"26":{"start":{"line":82,"column":13},"end":{"line":82,"column":31}},"27":{"start":{"line":82,"column":13},"end":{"line":135,"column":null}}},"fnMap":{"0":{"name":"(anonymous_0)","decl":{"start":{"line":92,"column":2},"end":{"line":92,"column":null}},"loc":{"start":{"line":94,"column":44},"end":{"line":95,"column":6}}},"1":{"name":"(anonymous_1)","decl":{"start":{"line":97,"column":2},"end":{"line":97,"column":10}},"loc":{"start":{"line":97,"column":10},"end":{"line":113,"column":3}}},"2":{"name":"(anonymous_2)","decl":{"start":{"line":101,"column":17},"end":{"line":101,"column":27}},"loc":{"start":{"line":101,"column":30},"end":{"line":103,"column":7}}},"3":{"name":"(anonymous_3)","decl":{"start":{"line":108,"column":17},"end":{"line":108,"column":23}},"loc":{"start":{"line":108,"column":26},"end":{"line":112,"column":7}}},"4":{"name":"(anonymous_4)","decl":{"start":{"line":116,"column":2},"end":{"line":116,"column":16}},"loc":{"start":{"line":116,"column":16},"end":{"line":118,"column":3}}},"5":{"name":"(anonymous_5)","decl":{"start":{"line":120,"column":2},"end":{"line":120,"column":16}},"loc":{"start":{"line":120,"column":35},"end":{"line":122,"column":3}}},"6":{"name":"(anonymous_6)","decl":{"start":{"line":124,"column":2},"end":{"line":124,"column":20}},"loc":{"start":{"line":124,"column":39},"end":{"line":126,"column":3}}},"7":{"name":"(anonymous_7)","decl":{"start":{"line":128,"column":2},"end":{"line":128,"column":14}},"loc":{"start":{"line":128,"column":14},"end":{"line":130,"column":3}}},"8":{"name":"(anonymous_8)","decl":{"start":{"line":132,"column":2},"end":{"line":132,"column":18}},"loc":{"start":{"line":132,"column":18},"end":{"line":134,"column":3}}}},"branchMap":{},"s":{"0":0,"1":0,"2":0,"3":0,"4":0,"5":0,"6":0,"7":0,"8":0,"9":0,"10":0,"11":0,"12":0,"13":0,"14":0,"15":0,"16":0,"17":0,"18":0,"19":0,"20":0,"21":0,"22":0,"23":0,"24":0,"25":0,"26":0,"27":0},"f":{"0":0,"1":0,"2":0,"3":0,"4":0,"5":0,"6":0,"7":0,"8":0},"b":{}}
,"/Users/bilal/Documents/Projets perso/Claude/Planning/event-planning-app/src/app/components/history/history.component.ts": {"path":"/Users/bilal/Documents/Projets perso/Claude/Planning/event-planning-app/src/app/components/history/history.component.ts","statementMap":{"0":{"start":{"line":1,"column":0},"end":{"line":1,"column":70}},"1":{"start":{"line":2,"column":0},"end":{"line":2,"column":47}},"2":{"start":{"line":3,"column":0},"end":{"line":3,"column":64}},"3":{"start":{"line":4,"column":0},"end":{"line":4,"column":59}},"4":{"start":{"line":5,"column":0},"end":{"line":5,"column":55}},"5":{"start":{"line":7,"column":0},"end":{"line":7,"column":47}},"6":{"start":{"line":8,"column":0},"end":{"line":8,"column":37}},"7":{"start":{"line":132,"column":12},"end":{"line":132,"column":42}},"8":{"start":{"line":133,"column":12},"end":{"line":133,"column":38}},"9":{"start":{"line":127,"column":2},"end":{"line":127,"column":31}},"10":{"start":{"line":129,"column":10},"end":{"line":129,"column":42}},"11":{"start":{"line":138,"column":4},"end":{"line":142,"column":9}},"12":{"start":{"line":141,"column":8},"end":{"line":141,"column":31}},"13":{"start":{"line":146,"column":4},"end":{"line":155,"column":5}},"14":{"start":{"line":148,"column":8},"end":{"line":148,"column":28}},"15":{"start":{"line":150,"column":8},"end":{"line":150,"column":22}},"16":{"start":{"line":152,"column":8},"end":{"line":152,"column":24}},"17":{"start":{"line":154,"column":8},"end":{"line":154,"column":25}},"18":{"start":{"line":159,"column":23},"end":{"line":159,"column":89}},"19":{"start":{"line":161,"column":4},"end":{"line":170,"column":5}},"20":{"start":{"line":163,"column":8},"end":{"line":163,"column":47}},"21":{"start":{"line":165,"column":8},"end":{"line":165,"column":50}},"22":{"start":{"line":167,"column":8},"end":{"line":167,"column":51}},"23":{"start":{"line":169,"column":8},"end":{"line":169,"column":41}},"24":{"start":{"line":174,"column":4},"end":{"line":177,"column":7}},"25":{"start":{"line":181,"column":4},"end":{"line":181,"column":26}},"26":{"start":{"line":181,"column":19},"end":{"line":181,"column":26}},"27":{"start":{"line":183,"column":22},"end":{"line":184,"column":null}},"28":{"start":{"line":187,"column":4},"end":{"line":187,"column":27}},"29":{"start":{"line":187,"column":20},"end":{"line":187,"column":27}},"30":{"start":{"line":189,"column":4},"end":{"line":196,"column":5}},"31":{"start":{"line":190,"column":6},"end":{"line":190,"column":51}},"32":{"start":{"line":192,"column":6},"end":{"line":192,"column":42}},"33":{"start":{"line":193,"column":6},"end":{"line":193,"column":42}},"34":{"start":{"line":195,"column":6},"end":{"line":195,"column":44}},"35":{"start":{"line":200,"column":22},"end":{"line":201,"column":null}},"36":{"start":{"line":204,"column":4},"end":{"line":204,"column":27}},"37":{"start":{"line":204,"column":20},"end":{"line":204,"column":27}},"38":{"start":{"line":206,"column":4},"end":{"line":210,"column":5}},"39":{"start":{"line":207,"column":6},"end":{"line":207,"column":47}},"40":{"start":{"line":209,"column":6},"end":{"line":209,"column":61}},"41":{"start":{"line":126,"column":13},"end":{"line":126,"column":29}},"42":{"start":{"line":126,"column":13},"end":{"line":212,"column":null}}},"fnMap":{"0":{"name":"(anonymous_0)","decl":{"start":{"line":131,"column":2},"end":{"line":131,"column":null}},"loc":{"start":{"line":133,"column":38},"end":{"line":134,"column":6}}},"1":{"name":"(anonymous_1)","decl":{"start":{"line":136,"column":2},"end":{"line":136,"column":10}},"loc":{"start":{"line":136,"column":10},"end":{"line":143,"column":3}}},"2":{"name":"(anonymous_2)","decl":{"start":{"line":140,"column":17},"end":{"line":140,"column":24}},"loc":{"start":{"line":140,"column":27},"end":{"line":142,"column":7}}},"3":{"name":"(anonymous_3)","decl":{"start":{"line":145,"column":2},"end":{"line":145,"column":15}},"loc":{"start":{"line":145,"column":30},"end":{"line":156,"column":3}}},"4":{"name":"(anonymous_4)","decl":{"start":{"line":158,"column":2},"end":{"line":158,"column":22}},"loc":{"start":{"line":158,"column":42},"end":{"line":171,"column":3}}},"5":{"name":"(anonymous_5)","decl":{"start":{"line":173,"column":2},"end":{"line":173,"column":17}},"loc":{"start":{"line":173,"column":42},"end":{"line":178,"column":3}}},"6":{"name":"(anonymous_6)","decl":{"start":{"line":180,"column":2},"end":{"line":180,"column":7}},"loc":{"start":{"line":180,"column":36},"end":{"line":197,"column":3}}},"7":{"name":"(anonymous_7)","decl":{"start":{"line":199,"column":2},"end":{"line":199,"column":7}},"loc":{"start":{"line":199,"column":20},"end":{"line":211,"column":3}}}},"branchMap":{"0":{"loc":{"start":{"line":146,"column":4},"end":{"line":155,"column":5}},"type":"switch","locations":[{"start":{"line":147,"column":6},"end":{"line":148,"column":28}},{"start":{"line":149,"column":6},"end":{"line":150,"column":22}},{"start":{"line":151,"column":6},"end":{"line":152,"column":24}},{"start":{"line":153,"column":6},"end":{"line":154,"column":25}}]},"1":{"loc":{"start":{"line":159,"column":23},"end":{"line":159,"column":89}},"type":"binary-expr","locations":[{"start":{"line":159,"column":23},"end":{"line":159,"column":45}},{"start":{"line":159,"column":49},"end":{"line":159,"column":74}},{"start":{"line":159,"column":78},"end":{"line":159,"column":89}}]},"2":{"loc":{"start":{"line":161,"column":4},"end":{"line":170,"column":5}},"type":"switch","locations":[{"start":{"line":162,"column":6},"end":{"line":163,"column":47}},{"start":{"line":164,"column":6},"end":{"line":165,"column":50}},{"start":{"line":166,"column":6},"end":{"line":167,"column":51}},{"start":{"line":168,"column":6},"end":{"line":169,"column":41}}]},"3":{"loc":{"start":{"line":181,"column":4},"end":{"line":181,"column":26}},"type":"if","locations":[{"start":{"line":181,"column":4},"end":{"line":181,"column":26}}]},"4":{"loc":{"start":{"line":187,"column":4},"end":{"line":187,"column":27}},"type":"if","locations":[{"start":{"line":187,"column":4},"end":{"line":187,"column":27}}]},"5":{"loc":{"start":{"line":204,"column":4},"end":{"line":204,"column":27}},"type":"if","locations":[{"start":{"line":204,"column":4},"end":{"line":204,"column":27}}]}},"s":{"0":0,"1":0,"2":0,"3":0,"4":0,"5":0,"6":0,"7":0,"8":0,"9":0,"10":0,"11":0,"12":0,"13":0,"14":0,"15":0,"16":0,"17":0,"18":0,"19":0,"20":0,"21":0,"22":0,"23":0,"24":0,"25":0,"26":0,"27":0,"28":0,"29":0,"30":0,"31":0,"32":0,"33":0,"34":0,"35":0,"36":0,"37":0,"38":0,"39":0,"40":0,"41":0,"42":0},"f":{"0":0,"1":0,"2":0,"3":0,"4":0,"5":0,"6":0,"7":0},"b":{"0":[0,0,0,0],"1":[0,0,0],"2":[0,0,0,0],"3":[0],"4":[0],"5":[0]}}
,"/Users/bilal/Documents/Projets perso/Claude/Planning/event-planning-app/src/app/components/home/home.component.ts": {"path":"/Users/bilal/Documents/Projets perso/Claude/Planning/event-planning-app/src/app/components/home/home.component.ts","statementMap":{"0":{"start":{"line":1,"column":0},"end":{"line":1,"column":42}},"1":{"start":{"line":2,"column":0},"end":{"line":2,"column":47}},"2":{"start":{"line":3,"column":0},"end":{"line":3,"column":41}},"3":{"start":{"line":4,"column":0},"end":{"line":4,"column":61}},"4":{"start":{"line":101,"column":12},"end":{"line":101,"column":26}},"5":{"start":{"line":102,"column":11},"end":{"line":102,"column":43}},"6":{"start":{"line":106,"column":4},"end":{"line":106,"column":40}},"7":{"start":{"line":110,"column":4},"end":{"line":110,"column":40}},"8":{"start":{"line":114,"column":4},"end":{"line":114,"column":39}},"9":{"start":{"line":99,"column":13},"end":{"line":99,"column":26}},"10":{"start":{"line":99,"column":13},"end":{"line":116,"column":null}}},"fnMap":{"0":{"name":"(anonymous_0)","decl":{"start":{"line":100,"column":2},"end":{"line":100,"column":null}},"loc":{"start":{"line":102,"column":43},"end":{"line":103,"column":6}}},"1":{"name":"(anonymous_1)","decl":{"start":{"line":105,"column":2},"end":{"line":105,"column":20}},"loc":{"start":{"line":105,"column":20},"end":{"line":107,"column":3}}},"2":{"name":"(anonymous_2)","decl":{"start":{"line":109,"column":2},"end":{"line":109,"column":20}},"loc":{"start":{"line":109,"column":20},"end":{"line":111,"column":3}}},"3":{"name":"(anonymous_3)","decl":{"start":{"line":113,"column":2},"end":{"line":113,"column":13}},"loc":{"start":{"line":113,"column":13},"end":{"line":115,"column":3}}}},"branchMap":{},"s":{"0":0,"1":0,"2":0,"3":0,"4":0,"5":0,"6":0,"7":0,"8":0,"9":0,"10":0},"f":{"0":0,"1":0,"2":0,"3":0},"b":{}}
,"/Users/bilal/Documents/Projets perso/Claude/Planning/event-planning-app/src/app/components/modals/event-modal.component.ts": {"path":"/Users/bilal/Documents/Projets perso/Claude/Planning/event-planning-app/src/app/components/modals/event-modal.component.ts","statementMap":{"0":{"start":{"line":1,"column":0},"end":{"line":1,"column":79}},"1":{"start":{"line":2,"column":0},"end":{"line":2,"column":47}},"2":{"start":{"line":3,"column":0},"end":{"line":3,"column":45}},"3":{"start":{"line":5,"column":0},"end":{"line":5,"column":55}},"4":{"start":{"line":6,"column":0},"end":{"line":6,"column":75}},"5":{"start":{"line":7,"column":0},"end":{"line":7,"column":55}},"6":{"start":{"line":8,"column":0},"end":{"line":8,"column":69}},"7":{"start":{"line":199,"column":12},"end":{"line":199,"column":38}},"8":{"start":{"line":200,"column":12},"end":{"line":200,"column":44}},"9":{"start":{"line":201,"column":12},"end":{"line":201,"column":38}},"10":{"start":{"line":202,"column":12},"end":{"line":202,"column":52}},"11":{"start":{"line":181,"column":12},"end":{"line":181,"column":null}},"12":{"start":{"line":182,"column":12},"end":{"line":182,"column":null}},"13":{"start":{"line":184,"column":2},"end":{"line":184,"column":21}},"14":{"start":{"line":185,"column":2},"end":{"line":185,"column":37}},"15":{"start":{"line":187,"column":2},"end":{"line":196,"column":4}},"16":{"start":{"line":207,"column":4},"end":{"line":209,"column":7}},"17":{"start":{"line":208,"column":6},"end":{"line":208,"column":38}},"18":{"start":{"line":211,"column":4},"end":{"line":226,"column":5}},"19":{"start":{"line":212,"column":6},"end":{"line":212,"column":29}},"20":{"start":{"line":213,"column":6},"end":{"line":222,"column":8}},"21":{"start":{"line":225,"column":6},"end":{"line":225,"column":66}},"22":{"start":{"line":230,"column":4},"end":{"line":230,"column":40}},"23":{"start":{"line":231,"column":21},"end":{"line":231,"column":69}},"24":{"start":{"line":232,"column":4},"end":{"line":235,"column":5}},"25":{"start":{"line":233,"column":6},"end":{"line":233,"column":43}},"26":{"start":{"line":234,"column":6},"end":{"line":234,"column":41}},"27":{"start":{"line":239,"column":4},"end":{"line":239,"column":74}},"28":{"start":{"line":243,"column":4},"end":{"line":243,"column":36}},"29":{"start":{"line":243,"column":29},"end":{"line":243,"column":36}},"30":{"start":{"line":245,"column":4},"end":{"line":278,"column":5}},"31":{"start":{"line":246,"column":24},"end":{"line":255,"column":8}},"32":{"start":{"line":257,"column":6},"end":{"line":269,"column":7}},"33":{"start":{"line":258,"column":8},"end":{"line":258,"column":70}},"34":{"start":{"line":259,"column":8},"end":{"line":262,"column":10}},"35":{"start":{"line":264,"column":8},"end":{"line":264,"column":55}},"36":{"start":{"line":265,"column":8},"end":{"line":268,"column":10}},"37":{"start":{"line":271,"column":6},"end":{"line":271,"column":23}},"38":{"start":{"line":273,"column":6},"end":{"line":273,"column":50}},"39":{"start":{"line":274,"column":6},"end":{"line":277,"column":8}},"40":{"start":{"line":282,"column":4},"end":{"line":282,"column":32}},"41":{"start":{"line":282,"column":25},"end":{"line":282,"column":32}},"42":{"start":{"line":284,"column":22},"end":{"line":290,"column":6}},"43":{"start":{"line":292,"column":4},"end":{"line":292,"column":27}},"44":{"start":{"line":292,"column":20},"end":{"line":292,"column":27}},"45":{"start":{"line":294,"column":4},"end":{"line":308,"column":5}},"46":{"start":{"line":295,"column":25},"end":{"line":295,"column":41}},"47":{"start":{"line":296,"column":6},"end":{"line":296,"column":57}},"48":{"start":{"line":297,"column":6},"end":{"line":300,"column":8}},"49":{"start":{"line":301,"column":6},"end":{"line":301,"column":23}},"50":{"start":{"line":303,"column":6},"end":{"line":303,"column":52}},"51":{"start":{"line":304,"column":6},"end":{"line":307,"column":8}},"52":{"start":{"line":312,"column":4},"end":{"line":312,"column":22}},"53":{"start":{"line":179,"column":13},"end":{"line":179,"column":32}},"54":{"start":{"line":179,"column":13},"end":{"line":314,"column":null}}},"fnMap":{"0":{"name":"(anonymous_0)","decl":{"start":{"line":198,"column":2},"end":{"line":198,"column":null}},"loc":{"start":{"line":202,"column":52},"end":{"line":203,"column":6}}},"1":{"name":"(anonymous_1)","decl":{"start":{"line":205,"column":2},"end":{"line":205,"column":10}},"loc":{"start":{"line":205,"column":10},"end":{"line":227,"column":3}}},"2":{"name":"(anonymous_2)","decl":{"start":{"line":207,"column":50},"end":{"line":207,"column":60}},"loc":{"start":{"line":207,"column":63},"end":{"line":209,"column":5}}},"3":{"name":"(anonymous_3)","decl":{"start":{"line":229,"column":2},"end":{"line":229,"column":16}},"loc":{"start":{"line":229,"column":35},"end":{"line":236,"column":3}}},"4":{"name":"(anonymous_4)","decl":{"start":{"line":238,"column":2},"end":{"line":238,"column":13}},"loc":{"start":{"line":238,"column":13},"end":{"line":240,"column":3}}},"5":{"name":"(anonymous_5)","decl":{"start":{"line":242,"column":2},"end":{"line":242,"column":7}},"loc":{"start":{"line":242,"column":16},"end":{"line":279,"column":3}}},"6":{"name":"(anonymous_6)","decl":{"start":{"line":281,"column":2},"end":{"line":281,"column":7}},"loc":{"start":{"line":281,"column":16},"end":{"line":309,"column":3}}},"7":{"name":"(anonymous_7)","decl":{"start":{"line":311,"column":2},"end":{"line":311,"column":16}},"loc":{"start":{"line":311,"column":34},"end":{"line":313,"column":3}}}},"branchMap":{"0":{"loc":{"start":{"line":211,"column":4},"end":{"line":226,"column":5}},"type":"if","locations":[{"start":{"line":211,"column":4},"end":{"line":226,"column":5}},{"start":{"line":223,"column":11},"end":{"line":226,"column":5}}]},"1":{"loc":{"start":{"line":216,"column":19},"end":{"line":216,"column":45}},"type":"binary-expr","locations":[{"start":{"line":216,"column":19},"end":{"line":216,"column":39}},{"start":{"line":216,"column":43},"end":{"line":216,"column":45}}]},"2":{"loc":{"start":{"line":217,"column":17},"end":{"line":217,"column":41}},"type":"binary-expr","locations":[{"start":{"line":217,"column":17},"end":{"line":217,"column":35}},{"start":{"line":217,"column":39},"end":{"line":217,"column":41}}]},"3":{"loc":{"start":{"line":221,"column":21},"end":{"line":221,"column":49}},"type":"binary-expr","locations":[{"start":{"line":221,"column":21},"end":{"line":221,"column":43}},{"start":{"line":221,"column":47},"end":{"line":221,"column":49}}]},"4":{"loc":{"start":{"line":232,"column":4},"end":{"line":235,"column":5}},"type":"if","locations":[{"start":{"line":232,"column":4},"end":{"line":235,"column":5}}]},"5":{"loc":{"start":{"line":239,"column":11},"end":{"line":239,"column":73}},"type":"binary-expr","locations":[{"start":{"line":239,"column":11},"end":{"line":239,"column":44}},{"start":{"line":239,"column":48},"end":{"line":239,"column":73}}]},"6":{"loc":{"start":{"line":243,"column":4},"end":{"line":243,"column":36}},"type":"if","locations":[{"start":{"line":243,"column":4},"end":{"line":243,"column":36}}]},"7":{"loc":{"start":{"line":249,"column":19},"end":{"line":249,"column":55}},"type":"binary-expr","locations":[{"start":{"line":249,"column":19},"end":{"line":249,"column":42}},{"start":{"line":249,"column":46},"end":{"line":249,"column":55}}]},"8":{"loc":{"start":{"line":250,"column":17},"end":{"line":250,"column":51}},"type":"binary-expr","locations":[{"start":{"line":250,"column":17},"end":{"line":250,"column":38}},{"start":{"line":250,"column":42},"end":{"line":250,"column":51}}]},"9":{"loc":{"start":{"line":254,"column":21},"end":{"line":254,"column":66}},"type":"binary-expr","locations":[{"start":{"line":254,"column":21},"end":{"line":254,"column":53}},{"start":{"line":254,"column":57},"end":{"line":254,"column":66}}]},"10":{"loc":{"start":{"line":257,"column":6},"end":{"line":269,"column":7}},"type":"if","locations":[{"start":{"line":257,"column":6},"end":{"line":269,"column":7}},{"start":{"line":263,"column":13},"end":{"line":269,"column":7}}]},"11":{"loc":{"start":{"line":257,"column":10},"end":{"line":257,"column":43}},"type":"binary-expr","locations":[{"start":{"line":257,"column":10},"end":{"line":257,"column":25}},{"start":{"line":257,"column":29},"end":{"line":257,"column":43}}]},"12":{"loc":{"start":{"line":282,"column":4},"end":{"line":282,"column":32}},"type":"if","locations":[{"start":{"line":282,"column":4},"end":{"line":282,"column":32}}]},"13":{"loc":{"start":{"line":292,"column":4},"end":{"line":292,"column":27}},"type":"if","locations":[{"start":{"line":292,"column":4},"end":{"line":292,"column":27}}]}},"s":{"0":0,"1":0,"2":0,"3":0,"4":0,"5":0,"6":0,"7":0,"8":0,"9":0,"10":0,"11":0,"12":0,"13":0,"14":0,"15":0,"16":0,"17":0,"18":0,"19":0,"20":0,"21":0,"22":0,"23":0,"24":0,"25":0,"26":0,"27":0,"28":0,"29":0,"30":0,"31":0,"32":0,"33":0,"34":0,"35":0,"36":0,"37":0,"38":0,"39":0,"40":0,"41":0,"42":0,"43":0,"44":0,"45":0,"46":0,"47":0,"48":0,"49":0,"50":0,"51":0,"52":0,"53":0,"54":0},"f":{"0":0,"1":0,"2":0,"3":0,"4":0,"5":0,"6":0,"7":0},"b":{"0":[0,0],"1":[0,0],"2":[0,0],"3":[0,0],"4":[0],"5":[0,0],"6":[0],"7":[0,0],"8":[0,0],"9":[0,0],"10":[0,0],"11":[0,0],"12":[0],"13":[0]}}
,"/Users/bilal/Documents/Projets perso/Claude/Planning/event-planning-app/src/app/components/releases/release-detail.component.ts": {"path":"/Users/bilal/Documents/Projets perso/Claude/Planning/event-planning-app/src/app/components/releases/release-detail.component.ts","statementMap":{"0":{"start":{"line":1,"column":0},"end":{"line":1,"column":50}},"1":{"start":{"line":2,"column":0},"end":{"line":2,"column":47}},"2":{"start":{"line":3,"column":0},"end":{"line":3,"column":45}},"3":{"start":{"line":4,"column":0},"end":{"line":4,"column":57}},"4":{"start":{"line":5,"column":0},"end":{"line":5,"column":59}},"5":{"start":{"line":6,"column":0},"end":{"line":6,"column":55}},"6":{"start":{"line":7,"column":0},"end":{"line":7,"column":69}},"7":{"start":{"line":8,"column":0},"end":{"line":8,"column":null}},"8":{"start":{"line":30,"column":0},"end":{"line":30,"column":34}},"9":{"start":{"line":31,"column":0},"end":{"line":31,"column":37}},"10":{"start":{"line":772,"column":12},"end":{"line":772,"column":33}},"11":{"start":{"line":773,"column":12},"end":{"line":773,"column":26}},"12":{"start":{"line":774,"column":12},"end":{"line":774,"column":42}},"13":{"start":{"line":775,"column":12},"end":{"line":775,"column":38}},"14":{"start":{"line":776,"column":12},"end":{"line":776,"column":52}},"15":{"start":{"line":728,"column":2},"end":{"line":728,"column":33}},"16":{"start":{"line":729,"column":2},"end":{"line":729,"column":37}},"17":{"start":{"line":732,"column":2},"end":{"line":732,"column":44}},"18":{"start":{"line":733,"column":2},"end":{"line":733,"column":64}},"19":{"start":{"line":736,"column":2},"end":{"line":736,"column":43}},"20":{"start":{"line":737,"column":2},"end":{"line":737,"column":47}},"21":{"start":{"line":738,"column":2},"end":{"line":751,"column":4}},"22":{"start":{"line":754,"column":2},"end":{"line":754,"column":28}},"23":{"start":{"line":755,"column":2},"end":{"line":755,"column":28}},"24":{"start":{"line":756,"column":2},"end":{"line":756,"column":35}},"25":{"start":{"line":757,"column":2},"end":{"line":757,"column":28}},"26":{"start":{"line":758,"column":2},"end":{"line":758,"column":23}},"27":{"start":{"line":759,"column":2},"end":{"line":759,"column":27}},"28":{"start":{"line":760,"column":2},"end":{"line":760,"column":36}},"29":{"start":{"line":761,"column":2},"end":{"line":761,"column":29}},"30":{"start":{"line":763,"column":2},"end":{"line":763,"column":32}},"31":{"start":{"line":764,"column":2},"end":{"line":764,"column":32}},"32":{"start":{"line":765,"column":2},"end":{"line":765,"column":42}},"33":{"start":{"line":766,"column":2},"end":{"line":766,"column":44}},"34":{"start":{"line":767,"column":2},"end":{"line":767,"column":46}},"35":{"start":{"line":768,"column":2},"end":{"line":768,"column":42}},"36":{"start":{"line":769,"column":2},"end":{"line":769,"column":40}},"37":{"start":{"line":780,"column":15},"end":{"line":780,"column":53}},"38":{"start":{"line":781,"column":4},"end":{"line":792,"column":5}},"39":{"start":{"line":782,"column":6},"end":{"line":791,"column":7}},"40":{"start":{"line":783,"column":8},"end":{"line":783,"column":64}},"41":{"start":{"line":785,"column":8},"end":{"line":787,"column":9}},"42":{"start":{"line":786,"column":10},"end":{"line":786,"column":70}},"43":{"start":{"line":789,"column":8},"end":{"line":789,"column":55}},"44":{"start":{"line":790,"column":8},"end":{"line":790,"column":44}},"45":{"start":{"line":796,"column":15},"end":{"line":796,"column":53}},"46":{"start":{"line":797,"column":4},"end":{"line":803,"column":5}},"47":{"start":{"line":798,"column":6},"end":{"line":802,"column":7}},"48":{"start":{"line":799,"column":8},"end":{"line":799,"column":64}},"49":{"start":{"line":801,"column":8},"end":{"line":801,"column":55}},"50":{"start":{"line":807,"column":4},"end":{"line":807,"column":72}},"51":{"start":{"line":811,"column":4},"end":{"line":811,"column":40}},"52":{"start":{"line":815,"column":4},"end":{"line":819,"column":5}},"53":{"start":{"line":816,"column":6},"end":{"line":816,"column":46}},"54":{"start":{"line":818,"column":6},"end":{"line":818,"column":43}},"55":{"start":{"line":823,"column":4},"end":{"line":823,"column":56}},"56":{"start":{"line":823,"column":37},"end":{"line":823,"column":54}},"57":{"start":{"line":828,"column":20},"end":{"line":831,"column":null}},"58":{"start":{"line":829,"column":6},"end":{"line":831,"column":69}},"59":{"start":{"line":834,"column":20},"end":{"line":834,"column":51}},"60":{"start":{"line":835,"column":4},"end":{"line":840,"column":7}},"61":{"start":{"line":836,"column":6},"end":{"line":838,"column":7}},"62":{"start":{"line":837,"column":8},"end":{"line":837,"column":37}},"63":{"start":{"line":839,"column":6},"end":{"line":839,"column":45}},"64":{"start":{"line":842,"column":4},"end":{"line":842,"column":19}},"65":{"start":{"line":847,"column":4},"end":{"line":850,"column":6}},"66":{"start":{"line":848,"column":6},"end":{"line":849,"column":86}},"67":{"start":{"line":855,"column":4},"end":{"line":855,"column":38}},"68":{"start":{"line":856,"column":4},"end":{"line":856,"column":53}},"69":{"start":{"line":860,"column":4},"end":{"line":860,"column":46}},"70":{"start":{"line":860,"column":39},"end":{"line":860,"column":46}},"71":{"start":{"line":862,"column":4},"end":{"line":877,"column":5}},"72":{"start":{"line":863,"column":6},"end":{"line":863,"column":69}},"73":{"start":{"line":864,"column":6},"end":{"line":864,"column":31}},"74":{"start":{"line":865,"column":6},"end":{"line":865,"column":30}},"75":{"start":{"line":867,"column":6},"end":{"line":870,"column":8}},"76":{"start":{"line":872,"column":6},"end":{"line":872,"column":52}},"77":{"start":{"line":873,"column":6},"end":{"line":876,"column":8}},"78":{"start":{"line":881,"column":4},"end":{"line":881,"column":37}},"79":{"start":{"line":882,"column":4},"end":{"line":882,"column":53}},"80":{"start":{"line":886,"column":22},"end":{"line":892,"column":6}},"81":{"start":{"line":894,"column":4},"end":{"line":894,"column":27}},"82":{"start":{"line":894,"column":20},"end":{"line":894,"column":27}},"83":{"start":{"line":896,"column":4},"end":{"line":910,"column":5}},"84":{"start":{"line":897,"column":6},"end":{"line":897,"column":57}},"85":{"start":{"line":898,"column":6},"end":{"line":898,"column":31}},"86":{"start":{"line":900,"column":6},"end":{"line":903,"column":8}},"87":{"start":{"line":905,"column":6},"end":{"line":905,"column":54}},"88":{"start":{"line":906,"column":6},"end":{"line":909,"column":8}},"89":{"start":{"line":915,"column":4},"end":{"line":915,"column":37}},"90":{"start":{"line":916,"column":4},"end":{"line":916,"column":35}},"91":{"start":{"line":917,"column":4},"end":{"line":917,"column":27}},"92":{"start":{"line":921,"column":4},"end":{"line":934,"column":6}},"93":{"start":{"line":935,"column":4},"end":{"line":935,"column":35}},"94":{"start":{"line":936,"column":4},"end":{"line":936,"column":35}},"95":{"start":{"line":937,"column":4},"end":{"line":937,"column":42}},"96":{"start":{"line":938,"column":4},"end":{"line":938,"column":35}},"97":{"start":{"line":939,"column":4},"end":{"line":939,"column":30}},"98":{"start":{"line":940,"column":4},"end":{"line":940,"column":34}},"99":{"start":{"line":941,"column":4},"end":{"line":941,"column":43}},"100":{"start":{"line":942,"column":4},"end":{"line":942,"column":36}},"101":{"start":{"line":946,"column":4},"end":{"line":950,"column":5}},"102":{"start":{"line":947,"column":6},"end":{"line":947,"column":64}},"103":{"start":{"line":948,"column":11},"end":{"line":950,"column":5}},"104":{"start":{"line":949,"column":6},"end":{"line":949,"column":63}},"105":{"start":{"line":954,"column":4},"end":{"line":954,"column":27}},"106":{"start":{"line":956,"column":4},"end":{"line":962,"column":5}},"107":{"start":{"line":957,"column":6},"end":{"line":960,"column":8}},"108":{"start":{"line":961,"column":6},"end":{"line":961,"column":13}},"109":{"start":{"line":965,"column":4},"end":{"line":973,"column":5}},"110":{"start":{"line":966,"column":6},"end":{"line":972,"column":7}},"111":{"start":{"line":967,"column":8},"end":{"line":970,"column":10}},"112":{"start":{"line":971,"column":8},"end":{"line":971,"column":15}},"113":{"start":{"line":975,"column":4},"end":{"line":1028,"column":5}},"114":{"start":{"line":976,"column":41},"end":{"line":981,"column":8}},"115":{"start":{"line":984,"column":6},"end":{"line":1012,"column":7}},"116":{"start":{"line":985,"column":30},"end":{"line":987,"column":82}},"117":{"start":{"line":987,"column":58},"end":{"line":987,"column":66}},"118":{"start":{"line":987,"column":80},"end":{"line":987,"column":81}},"119":{"start":{"line":989,"column":30},"end":{"line":991,"column":57}},"120":{"start":{"line":993,"column":35},"end":{"line":993,"column":37}},"121":{"start":{"line":994,"column":8},"end":{"line":994,"column":53}},"122":{"start":{"line":994,"column":32},"end":{"line":994,"column":53}},"123":{"start":{"line":995,"column":8},"end":{"line":995,"column":61}},"124":{"start":{"line":995,"column":36},"end":{"line":995,"column":61}},"125":{"start":{"line":997,"column":31},"end":{"line":1001,"column":16}},"126":{"start":{"line":1003,"column":8},"end":{"line":1011,"column":10}},"127":{"start":{"line":1014,"column":6},"end":{"line":1014,"column":62}},"128":{"start":{"line":1015,"column":6},"end":{"line":1015,"column":31}},"129":{"start":{"line":1016,"column":6},"end":{"line":1016,"column":29}},"130":{"start":{"line":1018,"column":6},"end":{"line":1021,"column":8}},"131":{"start":{"line":1023,"column":6},"end":{"line":1023,"column":51}},"132":{"start":{"line":1024,"column":6},"end":{"line":1027,"column":8}},"133":{"start":{"line":1032,"column":4},"end":{"line":1032,"column":36}},"134":{"start":{"line":1033,"column":4},"end":{"line":1033,"column":34}},"135":{"start":{"line":1034,"column":4},"end":{"line":1034,"column":27}},"136":{"start":{"line":1038,"column":22},"end":{"line":1044,"column":6}},"137":{"start":{"line":1046,"column":4},"end":{"line":1046,"column":27}},"138":{"start":{"line":1046,"column":20},"end":{"line":1046,"column":27}},"139":{"start":{"line":1048,"column":4},"end":{"line":1062,"column":5}},"140":{"start":{"line":1049,"column":6},"end":{"line":1049,"column":55}},"141":{"start":{"line":1050,"column":6},"end":{"line":1050,"column":31}},"142":{"start":{"line":1052,"column":6},"end":{"line":1055,"column":8}},"143":{"start":{"line":1057,"column":6},"end":{"line":1057,"column":53}},"144":{"start":{"line":1058,"column":6},"end":{"line":1061,"column":8}},"145":{"start":{"line":1068,"column":4},"end":{"line":1070,"column":5}},"146":{"start":{"line":1069,"column":6},"end":{"line":1069,"column":37}},"147":{"start":{"line":1074,"column":4},"end":{"line":1076,"column":5}},"148":{"start":{"line":1075,"column":6},"end":{"line":1075,"column":37}},"149":{"start":{"line":1080,"column":4},"end":{"line":1082,"column":5}},"150":{"start":{"line":1081,"column":6},"end":{"line":1081,"column":38}},"151":{"start":{"line":1086,"column":4},"end":{"line":1086,"column":41}},"152":{"start":{"line":1086,"column":29},"end":{"line":1086,"column":41}},"153":{"start":{"line":1087,"column":4},"end":{"line":1091,"column":5}},"154":{"start":{"line":1088,"column":6},"end":{"line":1088,"column":30}},"155":{"start":{"line":1090,"column":6},"end":{"line":1090,"column":16}},"156":{"start":{"line":1096,"column":4},"end":{"line":1104,"column":5}},"157":{"start":{"line":1097,"column":6},"end":{"line":1097,"column":22}},"158":{"start":{"line":1099,"column":6},"end":{"line":1103,"column":7}},"159":{"start":{"line":1100,"column":8},"end":{"line":1100,"column":36}},"160":{"start":{"line":1102,"column":8},"end":{"line":1102,"column":18}},"161":{"start":{"line":1105,"column":4},"end":{"line":1105,"column":77}},"162":{"start":{"line":1105,"column":36},"end":{"line":1105,"column":64}},"163":{"start":{"line":1109,"column":4},"end":{"line":1109,"column":58}},"164":{"start":{"line":1113,"column":4},"end":{"line":1113,"column":62}},"165":{"start":{"line":1117,"column":4},"end":{"line":1117,"column":62}},"166":{"start":{"line":1121,"column":4},"end":{"line":1121,"column":58}},"167":{"start":{"line":1126,"column":20},"end":{"line":1126,"column":58}},"168":{"start":{"line":1127,"column":4},"end":{"line":1129,"column":5}},"169":{"start":{"line":1128,"column":6},"end":{"line":1128,"column":19}},"170":{"start":{"line":1130,"column":4},"end":{"line":1130,"column":30}},"171":{"start":{"line":1134,"column":4},"end":{"line":1136,"column":5}},"172":{"start":{"line":1135,"column":6},"end":{"line":1135,"column":19}},"173":{"start":{"line":1137,"column":4},"end":{"line":1137,"column":25}},"174":{"start":{"line":1141,"column":19},"end":{"line":1141,"column":52}},"175":{"start":{"line":1142,"column":4},"end":{"line":1144,"column":5}},"176":{"start":{"line":1143,"column":6},"end":{"line":1143,"column":19}},"177":{"start":{"line":1145,"column":4},"end":{"line":1145,"column":43}},"178":{"start":{"line":1150,"column":4},"end":{"line":1158,"column":5}},"179":{"start":{"line":1151,"column":6},"end":{"line":1151,"column":32}},"180":{"start":{"line":1153,"column":6},"end":{"line":1157,"column":7}},"181":{"start":{"line":1154,"column":8},"end":{"line":1154,"column":46}},"182":{"start":{"line":1156,"column":8},"end":{"line":1156,"column":22}},"183":{"start":{"line":1160,"column":4},"end":{"line":1162,"column":5}},"184":{"start":{"line":1161,"column":6},"end":{"line":1161,"column":19}},"185":{"start":{"line":1164,"column":4},"end":{"line":1164,"column":77}},"186":{"start":{"line":1164,"column":36},"end":{"line":1164,"column":64}},"187":{"start":{"line":1169,"column":22},"end":{"line":1169,"column":72}},"188":{"start":{"line":1170,"column":25},"end":{"line":1170,"column":63}},"189":{"start":{"line":1172,"column":4},"end":{"line":1174,"column":5}},"190":{"start":{"line":1173,"column":6},"end":{"line":1173,"column":23}},"191":{"start":{"line":1176,"column":19},"end":{"line":1176,"column":68}},"192":{"start":{"line":1177,"column":4},"end":{"line":1177,"column":46}},"193":{"start":{"line":1181,"column":4},"end":{"line":1181,"column":33}},"194":{"start":{"line":1181,"column":23},"end":{"line":1181,"column":33}},"195":{"start":{"line":1183,"column":21},"end":{"line":1183,"column":23}},"196":{"start":{"line":1184,"column":18},"end":{"line":1184,"column":53}},"197":{"start":{"line":1184,"column":44},"end":{"line":1184,"column":52}},"198":{"start":{"line":1186,"column":4},"end":{"line":1194,"column":5}},"199":{"start":{"line":1187,"column":20},"end":{"line":1187,"column":59}},"200":{"start":{"line":1188,"column":6},"end":{"line":1193,"column":7}},"201":{"start":{"line":1189,"column":8},"end":{"line":1192,"column":11}},"202":{"start":{"line":1196,"column":4},"end":{"line":1196,"column":20}},"203":{"start":{"line":1201,"column":4},"end":{"line":1205,"column":5}},"204":{"start":{"line":1202,"column":6},"end":{"line":1202,"column":25}},"205":{"start":{"line":1203,"column":11},"end":{"line":1205,"column":5}},"206":{"start":{"line":1204,"column":6},"end":{"line":1204,"column":25}},"207":{"start":{"line":1206,"column":4},"end":{"line":1206,"column":19}},"208":{"start":{"line":1211,"column":18},"end":{"line":1211,"column":50}},"209":{"start":{"line":1212,"column":22},"end":{"line":1212,"column":40}},"210":{"start":{"line":1214,"column":4},"end":{"line":1228,"column":5}},"211":{"start":{"line":1215,"column":6},"end":{"line":1215,"column":73}},"212":{"start":{"line":1216,"column":6},"end":{"line":1216,"column":31}},"213":{"start":{"line":1218,"column":6},"end":{"line":1221,"column":8}},"214":{"start":{"line":1223,"column":6},"end":{"line":1223,"column":57}},"215":{"start":{"line":1224,"column":6},"end":{"line":1227,"column":8}},"216":{"start":{"line":1232,"column":21},"end":{"line":1232,"column":53}},"217":{"start":{"line":1233,"column":24},"end":{"line":1233,"column":40}},"218":{"start":{"line":1235,"column":4},"end":{"line":1249,"column":5}},"219":{"start":{"line":1236,"column":6},"end":{"line":1236,"column":76}},"220":{"start":{"line":1237,"column":6},"end":{"line":1237,"column":31}},"221":{"start":{"line":1239,"column":6},"end":{"line":1242,"column":8}},"222":{"start":{"line":1244,"column":6},"end":{"line":1244,"column":63}},"223":{"start":{"line":1245,"column":6},"end":{"line":1248,"column":8}},"224":{"start":{"line":727,"column":13},"end":{"line":727,"column":35}},"225":{"start":{"line":727,"column":13},"end":{"line":1251,"column":null}}},"fnMap":{"0":{"name":"(anonymous_0)","decl":{"start":{"line":771,"column":2},"end":{"line":771,"column":null}},"loc":{"start":{"line":776,"column":52},"end":{"line":777,"column":6}}},"1":{"name":"(anonymous_1)","decl":{"start":{"line":779,"column":2},"end":{"line":779,"column":7}},"loc":{"start":{"line":779,"column":16},"end":{"line":793,"column":3}}},"2":{"name":"(anonymous_2)","decl":{"start":{"line":795,"column":2},"end":{"line":795,"column":7}},"loc":{"start":{"line":795,"column":19},"end":{"line":804,"column":3}}},"3":{"name":"(anonymous_3)","decl":{"start":{"line":806,"column":2},"end":{"line":806,"column":12}},"loc":{"start":{"line":806,"column":31},"end":{"line":808,"column":3}}},"4":{"name":"(anonymous_4)","decl":{"start":{"line":810,"column":2},"end":{"line":810,"column":8}},"loc":{"start":{"line":810,"column":8},"end":{"line":812,"column":3}}},"5":{"name":"(anonymous_5)","decl":{"start":{"line":814,"column":2},"end":{"line":814,"column":13}},"loc":{"start":{"line":814,"column":33},"end":{"line":820,"column":3}}},"6":{"name":"(anonymous_6)","decl":{"start":{"line":822,"column":2},"end":{"line":822,"column":19}},"loc":{"start":{"line":822,"column":52},"end":{"line":824,"column":3}}},"7":{"name":"(anonymous_7)","decl":{"start":{"line":823,"column":32},"end":{"line":823,"column":33}},"loc":{"start":{"line":823,"column":37},"end":{"line":823,"column":54}}},"8":{"name":"(anonymous_8)","decl":{"start":{"line":827,"column":2},"end":{"line":827,"column":26}},"loc":{"start":{"line":827,"column":59},"end":{"line":843,"column":3}}},"9":{"name":"(anonymous_9)","decl":{"start":{"line":828,"column":41},"end":{"line":828,"column":42}},"loc":{"start":{"line":829,"column":6},"end":{"line":831,"column":69}}},"10":{"name":"(anonymous_10)","decl":{"start":{"line":835,"column":20},"end":{"line":835,"column":26}},"loc":{"start":{"line":835,"column":29},"end":{"line":840,"column":5}}},"11":{"name":"(anonymous_11)","decl":{"start":{"line":846,"column":2},"end":{"line":846,"column":23}},"loc":{"start":{"line":846,"column":56},"end":{"line":851,"column":3}}},"12":{"name":"(anonymous_12)","decl":{"start":{"line":847,"column":32},"end":{"line":847,"column":33}},"loc":{"start":{"line":848,"column":6},"end":{"line":849,"column":86}}},"13":{"name":"(anonymous_13)","decl":{"start":{"line":854,"column":2},"end":{"line":854,"column":20}},"loc":{"start":{"line":854,"column":33},"end":{"line":857,"column":3}}},"14":{"name":"(anonymous_14)","decl":{"start":{"line":859,"column":2},"end":{"line":859,"column":7}},"loc":{"start":{"line":859,"column":34},"end":{"line":878,"column":3}}},"15":{"name":"(anonymous_15)","decl":{"start":{"line":880,"column":2},"end":{"line":880,"column":18}},"loc":{"start":{"line":880,"column":18},"end":{"line":883,"column":3}}},"16":{"name":"(anonymous_16)","decl":{"start":{"line":885,"column":2},"end":{"line":885,"column":7}},"loc":{"start":{"line":885,"column":39},"end":{"line":911,"column":3}}},"17":{"name":"(anonymous_17)","decl":{"start":{"line":914,"column":2},"end":{"line":914,"column":19}},"loc":{"start":{"line":914,"column":52},"end":{"line":918,"column":3}}},"18":{"name":"(anonymous_18)","decl":{"start":{"line":920,"column":2},"end":{"line":920,"column":17}},"loc":{"start":{"line":920,"column":17},"end":{"line":943,"column":3}}},"19":{"name":"(anonymous_19)","decl":{"start":{"line":945,"column":2},"end":{"line":945,"column":20}},"loc":{"start":{"line":945,"column":20},"end":{"line":951,"column":3}}},"20":{"name":"(anonymous_20)","decl":{"start":{"line":953,"column":2},"end":{"line":953,"column":7}},"loc":{"start":{"line":953,"column":67},"end":{"line":1029,"column":3}}},"21":{"name":"(anonymous_21)","decl":{"start":{"line":987,"column":53},"end":{"line":987,"column":54}},"loc":{"start":{"line":987,"column":58},"end":{"line":987,"column":66}}},"22":{"name":"(anonymous_22)","decl":{"start":{"line":987,"column":75},"end":{"line":987,"column":76}},"loc":{"start":{"line":987,"column":80},"end":{"line":987,"column":81}}},"23":{"name":"(anonymous_23)","decl":{"start":{"line":1031,"column":2},"end":{"line":1031,"column":17}},"loc":{"start":{"line":1031,"column":17},"end":{"line":1035,"column":3}}},"24":{"name":"(anonymous_24)","decl":{"start":{"line":1037,"column":2},"end":{"line":1037,"column":7}},"loc":{"start":{"line":1037,"column":37},"end":{"line":1063,"column":3}}},"25":{"name":"(anonymous_25)","decl":{"start":{"line":1067,"column":2},"end":{"line":1067,"column":18}},"loc":{"start":{"line":1067,"column":18},"end":{"line":1071,"column":3}}},"26":{"name":"(anonymous_26)","decl":{"start":{"line":1073,"column":2},"end":{"line":1073,"column":18}},"loc":{"start":{"line":1073,"column":18},"end":{"line":1077,"column":3}}},"27":{"name":"(anonymous_27)","decl":{"start":{"line":1079,"column":2},"end":{"line":1079,"column":19}},"loc":{"start":{"line":1079,"column":19},"end":{"line":1083,"column":3}}},"28":{"name":"(anonymous_28)","decl":{"start":{"line":1085,"column":2},"end":{"line":1085,"column":20}},"loc":{"start":{"line":1085,"column":44},"end":{"line":1092,"column":3}}},"29":{"name":"(anonymous_29)","decl":{"start":{"line":1094,"column":2},"end":{"line":1094,"column":21}},"loc":{"start":{"line":1094,"column":42},"end":{"line":1106,"column":3}}},"30":{"name":"(anonymous_30)","decl":{"start":{"line":1105,"column":24},"end":{"line":1105,"column":25}},"loc":{"start":{"line":1105,"column":36},"end":{"line":1105,"column":64}}},"31":{"name":"(anonymous_31)","decl":{"start":{"line":1108,"column":2},"end":{"line":1108,"column":20}},"loc":{"start":{"line":1108,"column":33},"end":{"line":1110,"column":3}}},"32":{"name":"(anonymous_32)","decl":{"start":{"line":1112,"column":2},"end":{"line":1112,"column":22}},"loc":{"start":{"line":1112,"column":35},"end":{"line":1114,"column":3}}},"33":{"name":"(anonymous_33)","decl":{"start":{"line":1116,"column":2},"end":{"line":1116,"column":20}},"loc":{"start":{"line":1116,"column":35},"end":{"line":1118,"column":3}}},"34":{"name":"(anonymous_34)","decl":{"start":{"line":1120,"column":2},"end":{"line":1120,"column":19}},"loc":{"start":{"line":1120,"column":33},"end":{"line":1122,"column":3}}},"35":{"name":"(anonymous_35)","decl":{"start":{"line":1125,"column":2},"end":{"line":1125,"column":27}},"loc":{"start":{"line":1125,"column":60},"end":{"line":1131,"column":3}}},"36":{"name":"(anonymous_36)","decl":{"start":{"line":1133,"column":2},"end":{"line":1133,"column":27}},"loc":{"start":{"line":1133,"column":57},"end":{"line":1138,"column":3}}},"37":{"name":"(anonymous_37)","decl":{"start":{"line":1140,"column":2},"end":{"line":1140,"column":22}},"loc":{"start":{"line":1140,"column":50},"end":{"line":1146,"column":3}}},"38":{"name":"(anonymous_38)","decl":{"start":{"line":1148,"column":2},"end":{"line":1148,"column":28}},"loc":{"start":{"line":1148,"column":59},"end":{"line":1165,"column":3}}},"39":{"name":"(anonymous_39)","decl":{"start":{"line":1164,"column":24},"end":{"line":1164,"column":25}},"loc":{"start":{"line":1164,"column":36},"end":{"line":1164,"column":64}}},"40":{"name":"(anonymous_40)","decl":{"start":{"line":1168,"column":2},"end":{"line":1168,"column":27}},"loc":{"start":{"line":1168,"column":42},"end":{"line":1178,"column":3}}},"41":{"name":"(anonymous_41)","decl":{"start":{"line":1180,"column":2},"end":{"line":1180,"column":15}},"loc":{"start":{"line":1180,"column":29},"end":{"line":1197,"column":3}}},"42":{"name":"(anonymous_42)","decl":{"start":{"line":1184,"column":39},"end":{"line":1184,"column":40}},"loc":{"start":{"line":1184,"column":44},"end":{"line":1184,"column":52}}},"43":{"name":"(anonymous_43)","decl":{"start":{"line":1200,"column":2},"end":{"line":1200,"column":28}},"loc":{"start":{"line":1200,"column":47},"end":{"line":1207,"column":3}}},"44":{"name":"(anonymous_44)","decl":{"start":{"line":1210,"column":2},"end":{"line":1210,"column":7}},"loc":{"start":{"line":1210,"column":53},"end":{"line":1229,"column":3}}},"45":{"name":"(anonymous_45)","decl":{"start":{"line":1231,"column":2},"end":{"line":1231,"column":7}},"loc":{"start":{"line":1231,"column":54},"end":{"line":1250,"column":3}}}},"branchMap":{"0":{"loc":{"start":{"line":781,"column":4},"end":{"line":792,"column":5}},"type":"if","locations":[{"start":{"line":781,"column":4},"end":{"line":792,"column":5}}]},"1":{"loc":{"start":{"line":785,"column":8},"end":{"line":787,"column":9}},"type":"if","locations":[{"start":{"line":785,"column":8},"end":{"line":787,"column":9}}]},"2":{"loc":{"start":{"line":797,"column":4},"end":{"line":803,"column":5}},"type":"if","locations":[{"start":{"line":797,"column":4},"end":{"line":803,"column":5}}]},"3":{"loc":{"start":{"line":815,"column":4},"end":{"line":819,"column":5}},"type":"if","locations":[{"start":{"line":815,"column":4},"end":{"line":819,"column":5}},{"start":{"line":817,"column":11},"end":{"line":819,"column":5}}]},"4":{"loc":{"start":{"line":829,"column":6},"end":{"line":831,"column":69}},"type":"binary-expr","locations":[{"start":{"line":829,"column":6},"end":{"line":829,"column":23}},{"start":{"line":830,"column":6},"end":{"line":830,"column":16}},{"start":{"line":831,"column":7},"end":{"line":831,"column":36}},{"start":{"line":831,"column":40},"end":{"line":831,"column":68}}]},"5":{"loc":{"start":{"line":836,"column":6},"end":{"line":838,"column":7}},"type":"if","locations":[{"start":{"line":836,"column":6},"end":{"line":838,"column":7}}]},"6":{"loc":{"start":{"line":848,"column":6},"end":{"line":849,"column":86}},"type":"binary-expr","locations":[{"start":{"line":848,"column":6},"end":{"line":848,"column":23}},{"start":{"line":849,"column":7},"end":{"line":849,"column":18}},{"start":{"line":849,"column":23},"end":{"line":849,"column":52}},{"start":{"line":849,"column":56},"end":{"line":849,"column":84}}]},"7":{"loc":{"start":{"line":860,"column":4},"end":{"line":860,"column":46}},"type":"if","locations":[{"start":{"line":860,"column":4},"end":{"line":860,"column":46}}]},"8":{"loc":{"start":{"line":894,"column":4},"end":{"line":894,"column":27}},"type":"if","locations":[{"start":{"line":894,"column":4},"end":{"line":894,"column":27}}]},"9":{"loc":{"start":{"line":946,"column":4},"end":{"line":950,"column":5}},"type":"if","locations":[{"start":{"line":946,"column":4},"end":{"line":950,"column":5}},{"start":{"line":948,"column":11},"end":{"line":950,"column":5}}]},"10":{"loc":{"start":{"line":948,"column":11},"end":{"line":950,"column":5}},"type":"if","locations":[{"start":{"line":948,"column":11},"end":{"line":950,"column":5}}]},"11":{"loc":{"start":{"line":956,"column":4},"end":{"line":962,"column":5}},"type":"if","locations":[{"start":{"line":956,"column":4},"end":{"line":962,"column":5}}]},"12":{"loc":{"start":{"line":956,"column":8},"end":{"line":956,"column":67}},"type":"binary-expr","locations":[{"start":{"line":956,"column":8},"end":{"line":956,"column":28}},{"start":{"line":956,"column":32},"end":{"line":956,"column":67}}]},"13":{"loc":{"start":{"line":965,"column":4},"end":{"line":973,"column":5}},"type":"if","locations":[{"start":{"line":965,"column":4},"end":{"line":973,"column":5}}]},"14":{"loc":{"start":{"line":965,"column":8},"end":{"line":965,"column":95}},"type":"binary-expr","locations":[{"start":{"line":965,"column":8},"end":{"line":965,"column":50}},{"start":{"line":965,"column":54},"end":{"line":965,"column":95}}]},"15":{"loc":{"start":{"line":966,"column":6},"end":{"line":972,"column":7}},"type":"if","locations":[{"start":{"line":966,"column":6},"end":{"line":972,"column":7}}]},"16":{"loc":{"start":{"line":966,"column":10},"end":{"line":966,"column":98}},"type":"binary-expr","locations":[{"start":{"line":966,"column":10},"end":{"line":966,"column":51}},{"start":{"line":966,"column":55},"end":{"line":966,"column":98}}]},"17":{"loc":{"start":{"line":984,"column":6},"end":{"line":1012,"column":7}},"type":"if","locations":[{"start":{"line":984,"column":6},"end":{"line":1012,"column":7}}]},"18":{"loc":{"start":{"line":984,"column":10},"end":{"line":984,"column":97}},"type":"binary-expr","locations":[{"start":{"line":984,"column":10},"end":{"line":984,"column":52}},{"start":{"line":984,"column":56},"end":{"line":984,"column":97}}]},"19":{"loc":{"start":{"line":985,"column":30},"end":{"line":987,"column":82}},"type":"cond-expr","locations":[{"start":{"line":986,"column":12},"end":{"line":986,"column":19}},{"start":{"line":987,"column":12},"end":{"line":987,"column":82}}]},"20":{"loc":{"start":{"line":989,"column":30},"end":{"line":991,"column":57}},"type":"cond-expr","locations":[{"start":{"line":990,"column":12},"end":{"line":990,"column":21}},{"start":{"line":991,"column":12},"end":{"line":991,"column":57}}]},"21":{"loc":{"start":{"line":991,"column":12},"end":{"line":991,"column":57}},"type":"binary-expr","locations":[{"start":{"line":991,"column":12},"end":{"line":991,"column":44}},{"start":{"line":991,"column":48},"end":{"line":991,"column":57}}]},"22":{"loc":{"start":{"line":994,"column":8},"end":{"line":994,"column":53}},"type":"if","locations":[{"start":{"line":994,"column":8},"end":{"line":994,"column":53}}]},"23":{"loc":{"start":{"line":995,"column":8},"end":{"line":995,"column":61}},"type":"if","locations":[{"start":{"line":995,"column":8},"end":{"line":995,"column":61}}]},"24":{"loc":{"start":{"line":997,"column":31},"end":{"line":1001,"column":16}},"type":"cond-expr","locations":[{"start":{"line":998,"column":12},"end":{"line":998,"column":14}},{"start":{"line":999,"column":12},"end":{"line":1001,"column":16}}]},"25":{"loc":{"start":{"line":999,"column":12},"end":{"line":1001,"column":16}},"type":"cond-expr","locations":[{"start":{"line":1000,"column":14},"end":{"line":1000,"column":60}},{"start":{"line":1001,"column":14},"end":{"line":1001,"column":16}}]},"26":{"loc":{"start":{"line":1020,"column":18},"end":{"line":1020,"column":62}},"type":"cond-expr","locations":[{"start":{"line":1020,"column":40},"end":{"line":1020,"column":49}},{"start":{"line":1020,"column":52},"end":{"line":1020,"column":62}}]},"27":{"loc":{"start":{"line":1046,"column":4},"end":{"line":1046,"column":27}},"type":"if","locations":[{"start":{"line":1046,"column":4},"end":{"line":1046,"column":27}}]},"28":{"loc":{"start":{"line":1068,"column":4},"end":{"line":1070,"column":5}},"type":"if","locations":[{"start":{"line":1068,"column":4},"end":{"line":1070,"column":5}}]},"29":{"loc":{"start":{"line":1074,"column":4},"end":{"line":1076,"column":5}},"type":"if","locations":[{"start":{"line":1074,"column":4},"end":{"line":1076,"column":5}}]},"30":{"loc":{"start":{"line":1080,"column":4},"end":{"line":1082,"column":5}},"type":"if","locations":[{"start":{"line":1080,"column":4},"end":{"line":1082,"column":5}}]},"31":{"loc":{"start":{"line":1086,"column":4},"end":{"line":1086,"column":41}},"type":"if","locations":[{"start":{"line":1086,"column":4},"end":{"line":1086,"column":41}}]},"32":{"loc":{"start":{"line":1096,"column":4},"end":{"line":1104,"column":5}},"type":"if","locations":[{"start":{"line":1096,"column":4},"end":{"line":1104,"column":5}},{"start":{"line":1098,"column":11},"end":{"line":1104,"column":5}}]},"33":{"loc":{"start":{"line":1109,"column":11},"end":{"line":1109,"column":57}},"type":"binary-expr","locations":[{"start":{"line":1109,"column":11},"end":{"line":1109,"column":49}},{"start":{"line":1109,"column":53},"end":{"line":1109,"column":57}}]},"34":{"loc":{"start":{"line":1113,"column":11},"end":{"line":1113,"column":61}},"type":"binary-expr","locations":[{"start":{"line":1113,"column":11},"end":{"line":1113,"column":53}},{"start":{"line":1113,"column":57},"end":{"line":1113,"column":61}}]},"35":{"loc":{"start":{"line":1117,"column":11},"end":{"line":1117,"column":61}},"type":"binary-expr","locations":[{"start":{"line":1117,"column":11},"end":{"line":1117,"column":51}},{"start":{"line":1117,"column":55},"end":{"line":1117,"column":61}}]},"36":{"loc":{"start":{"line":1121,"column":11},"end":{"line":1121,"column":57}},"type":"binary-expr","locations":[{"start":{"line":1121,"column":11},"end":{"line":1121,"column":48}},{"start":{"line":1121,"column":52},"end":{"line":1121,"column":57}}]},"37":{"loc":{"start":{"line":1127,"column":4},"end":{"line":1129,"column":5}},"type":"if","locations":[{"start":{"line":1127,"column":4},"end":{"line":1129,"column":5}}]},"38":{"loc":{"start":{"line":1127,"column":8},"end":{"line":1127,"column":55}},"type":"binary-expr","locations":[{"start":{"line":1127,"column":8},"end":{"line":1127,"column":28}},{"start":{"line":1127,"column":32},"end":{"line":1127,"column":55}}]},"39":{"loc":{"start":{"line":1134,"column":4},"end":{"line":1136,"column":5}},"type":"if","locations":[{"start":{"line":1134,"column":4},"end":{"line":1136,"column":5}}]},"40":{"loc":{"start":{"line":1142,"column":4},"end":{"line":1144,"column":5}},"type":"if","locations":[{"start":{"line":1142,"column":4},"end":{"line":1144,"column":5}}]},"41":{"loc":{"start":{"line":1142,"column":8},"end":{"line":1142,"column":85}},"type":"binary-expr","locations":[{"start":{"line":1142,"column":8},"end":{"line":1142,"column":27}},{"start":{"line":1142,"column":32},"end":{"line":1142,"column":54}},{"start":{"line":1142,"column":58},"end":{"line":1142,"column":84}}]},"42":{"loc":{"start":{"line":1150,"column":4},"end":{"line":1158,"column":5}},"type":"if","locations":[{"start":{"line":1150,"column":4},"end":{"line":1158,"column":5}},{"start":{"line":1152,"column":11},"end":{"line":1158,"column":5}}]},"43":{"loc":{"start":{"line":1160,"column":4},"end":{"line":1162,"column":5}},"type":"if","locations":[{"start":{"line":1160,"column":4},"end":{"line":1162,"column":5}}]},"44":{"loc":{"start":{"line":1169,"column":22},"end":{"line":1169,"column":72}},"type":"binary-expr","locations":[{"start":{"line":1169,"column":22},"end":{"line":1169,"column":62}},{"start":{"line":1169,"column":66},"end":{"line":1169,"column":72}}]},"45":{"loc":{"start":{"line":1172,"column":4},"end":{"line":1174,"column":5}},"type":"if","locations":[{"start":{"line":1172,"column":4},"end":{"line":1174,"column":5}}]},"46":{"loc":{"start":{"line":1176,"column":19},"end":{"line":1176,"column":68}},"type":"cond-expr","locations":[{"start":{"line":1176,"column":57},"end":{"line":1176,"column":61}},{"start":{"line":1176,"column":64},"end":{"line":1176,"column":68}}]},"47":{"loc":{"start":{"line":1181,"column":4},"end":{"line":1181,"column":33}},"type":"if","locations":[{"start":{"line":1181,"column":4},"end":{"line":1181,"column":33}}]},"48":{"loc":{"start":{"line":1188,"column":6},"end":{"line":1193,"column":7}},"type":"if","locations":[{"start":{"line":1188,"column":6},"end":{"line":1193,"column":7}}]},"49":{"loc":{"start":{"line":1201,"column":4},"end":{"line":1205,"column":5}},"type":"if","locations":[{"start":{"line":1201,"column":4},"end":{"line":1205,"column":5}},{"start":{"line":1203,"column":11},"end":{"line":1205,"column":5}}]},"50":{"loc":{"start":{"line":1203,"column":11},"end":{"line":1205,"column":5}},"type":"if","locations":[{"start":{"line":1203,"column":11},"end":{"line":1205,"column":5}}]},"51":{"loc":{"start":{"line":1220,"column":8},"end":{"line":1220,"column":66}},"type":"cond-expr","locations":[{"start":{"line":1220,"column":20},"end":{"line":1220,"column":44}},{"start":{"line":1220,"column":47},"end":{"line":1220,"column":66}}]},"52":{"loc":{"start":{"line":1240,"column":8},"end":{"line":1240,"column":68}},"type":"cond-expr","locations":[{"start":{"line":1240,"column":22},"end":{"line":1240,"column":39}},{"start":{"line":1240,"column":42},"end":{"line":1240,"column":68}}]},"53":{"loc":{"start":{"line":1241,"column":8},"end":{"line":1241,"column":89}},"type":"cond-expr","locations":[{"start":{"line":1241,"column":22},"end":{"line":1241,"column":56}},{"start":{"line":1241,"column":59},"end":{"line":1241,"column":89}}]}},"s":{"0":0,"1":0,"2":0,"3":0,"4":0,"5":0,"6":0,"7":0,"8":0,"9":0,"10":0,"11":0,"12":0,"13":0,"14":0,"15":0,"16":0,"17":0,"18":0,"19":0,"20":0,"21":0,"22":0,"23":0,"24":0,"25":0,"26":0,"27":0,"28":0,"29":0,"30":0,"31":0,"32":0,"33":0,"34":0,"35":0,"36":0,"37":0,"38":0,"39":0,"40":0,"41":0,"42":0,"43":0,"44":0,"45":0,"46":0,"47":0,"48":0,"49":0,"50":0,"51":0,"52":0,"53":0,"54":0,"55":0,"56":0,"57":0,"58":0,"59":0,"60":0,"61":0,"62":0,"63":0,"64":0,"65":0,"66":0,"67":0,"68":0,"69":0,"70":0,"71":0,"72":0,"73":0,"74":0,"75":0,"76":0,"77":0,"78":0,"79":0,"80":0,"81":0,"82":0,"83":0,"84":0,"85":0,"86":0,"87":0,"88":0,"89":0,"90":0,"91":0,"92":0,"93":0,"94":0,"95":0,"96":0,"97":0,"98":0,"99":0,"100":0,"101":0,"102":0,"103":0,"104":0,"105":0,"106":0,"107":0,"108":0,"109":0,"110":0,"111":0,"112":0,"113":0,"114":0,"115":0,"116":0,"117":0,"118":0,"119":0,"120":0,"121":0,"122":0,"123":0,"124":0,"125":0,"126":0,"127":0,"128":0,"129":0,"130":0,"131":0,"132":0,"133":0,"134":0,"135":0,"136":0,"137":0,"138":0,"139":0,"140":0,"141":0,"142":0,"143":0,"144":0,"145":0,"146":0,"147":0,"148":0,"149":0,"150":0,"151":0,"152":0,"153":0,"154":0,"155":0,"156":0,"157":0,"158":0,"159":0,"160":0,"161":0,"162":0,"163":0,"164":0,"165":0,"166":0,"167":0,"168":0,"169":0,"170":0,"171":0,"172":0,"173":0,"174":0,"175":0,"176":0,"177":0,"178":0,"179":0,"180":0,"181":0,"182":0,"183":0,"184":0,"185":0,"186":0,"187":0,"188":0,"189":0,"190":0,"191":0,"192":0,"193":0,"194":0,"195":0,"196":0,"197":0,"198":0,"199":0,"200":0,"201":0,"202":0,"203":0,"204":0,"205":0,"206":0,"207":0,"208":0,"209":0,"210":0,"211":0,"212":0,"213":0,"214":0,"215":0,"216":0,"217":0,"218":0,"219":0,"220":0,"221":0,"222":0,"223":0,"224":0,"225":0},"f":{"0":0,"1":0,"2":0,"3":0,"4":0,"5":0,"6":0,"7":0,"8":0,"9":0,"10":0,"11":0,"12":0,"13":0,"14":0,"15":0,"16":0,"17":0,"18":0,"19":0,"20":0,"21":0,"22":0,"23":0,"24":0,"25":0,"26":0,"27":0,"28":0,"29":0,"30":0,"31":0,"32":0,"33":0,"34":0,"35":0,"36":0,"37":0,"38":0,"39":0,"40":0,"41":0,"42":0,"43":0,"44":0,"45":0},"b":{"0":[0],"1":[0],"2":[0],"3":[0,0],"4":[0,0,0,0],"5":[0],"6":[0,0,0,0],"7":[0],"8":[0],"9":[0,0],"10":[0],"11":[0],"12":[0,0],"13":[0],"14":[0,0],"15":[0],"16":[0,0],"17":[0],"18":[0,0],"19":[0,0],"20":[0,0],"21":[0,0],"22":[0],"23":[0],"24":[0,0],"25":[0,0],"26":[0,0],"27":[0],"28":[0],"29":[0],"30":[0],"31":[0],"32":[0,0],"33":[0,0],"34":[0,0],"35":[0,0],"36":[0,0],"37":[0],"38":[0,0],"39":[0],"40":[0],"41":[0,0,0],"42":[0,0],"43":[0],"44":[0,0],"45":[0],"46":[0,0],"47":[0],"48":[0],"49":[0,0],"50":[0],"51":[0,0],"52":[0,0],"53":[0,0]}}
,"/Users/bilal/Documents/Projets perso/Claude/Planning/event-planning-app/src/app/components/releases/releases-list.component.ts": {"path":"/Users/bilal/Documents/Projets perso/Claude/Planning/event-planning-app/src/app/components/releases/releases-list.component.ts","statementMap":{"0":{"start":{"line":1,"column":0},"end":{"line":1,"column":50}},"1":{"start":{"line":2,"column":0},"end":{"line":2,"column":47}},"2":{"start":{"line":3,"column":0},"end":{"line":3,"column":45}},"3":{"start":{"line":4,"column":0},"end":{"line":4,"column":41}},"4":{"start":{"line":5,"column":0},"end":{"line":5,"column":59}},"5":{"start":{"line":6,"column":0},"end":{"line":6,"column":55}},"6":{"start":{"line":7,"column":0},"end":{"line":7,"column":69}},"7":{"start":{"line":8,"column":0},"end":{"line":8,"column":78}},"8":{"start":{"line":9,"column":0},"end":{"line":9,"column":34}},"9":{"start":{"line":10,"column":0},"end":{"line":10,"column":37}},"10":{"start":{"line":235,"column":12},"end":{"line":235,"column":42}},"11":{"start":{"line":236,"column":12},"end":{"line":236,"column":26}},"12":{"start":{"line":237,"column":12},"end":{"line":237,"column":38}},"13":{"start":{"line":238,"column":12},"end":{"line":238,"column":52}},"14":{"start":{"line":218,"column":2},"end":{"line":218,"column":44}},"15":{"start":{"line":220,"column":2},"end":{"line":220,"column":26}},"16":{"start":{"line":221,"column":2},"end":{"line":221,"column":21}},"17":{"start":{"line":222,"column":2},"end":{"line":222,"column":39}},"18":{"start":{"line":224,"column":2},"end":{"line":229,"column":4}},"19":{"start":{"line":231,"column":2},"end":{"line":231,"column":32}},"20":{"start":{"line":232,"column":2},"end":{"line":232,"column":32}},"21":{"start":{"line":242,"column":4},"end":{"line":242,"column":39}},"22":{"start":{"line":246,"column":4},"end":{"line":246,"column":72}},"23":{"start":{"line":250,"column":4},"end":{"line":250,"column":84}},"24":{"start":{"line":250,"column":51},"end":{"line":250,"column":79}},"25":{"start":{"line":255,"column":23},"end":{"line":255,"column":36}},"26":{"start":{"line":256,"column":4},"end":{"line":256,"column":52}},"27":{"start":{"line":260,"column":4},"end":{"line":260,"column":27}},"28":{"start":{"line":262,"column":4},"end":{"line":262,"column":32}},"29":{"start":{"line":262,"column":25},"end":{"line":262,"column":32}},"30":{"start":{"line":264,"column":4},"end":{"line":294,"column":5}},"31":{"start":{"line":265,"column":6},"end":{"line":265,"column":29}},"32":{"start":{"line":266,"column":22},"end":{"line":266,"column":78}},"33":{"start":{"line":269,"column":6},"end":{"line":274,"column":8}},"34":{"start":{"line":276,"column":6},"end":{"line":276,"column":35}},"35":{"start":{"line":279,"column":6},"end":{"line":282,"column":8}},"36":{"start":{"line":285,"column":6},"end":{"line":285,"column":54}},"37":{"start":{"line":287,"column":6},"end":{"line":287,"column":54}},"38":{"start":{"line":288,"column":6},"end":{"line":291,"column":8}},"39":{"start":{"line":293,"column":6},"end":{"line":293,"column":30}},"40":{"start":{"line":298,"column":4},"end":{"line":298,"column":28}},"41":{"start":{"line":300,"column":22},"end":{"line":306,"column":6}},"42":{"start":{"line":308,"column":4},"end":{"line":308,"column":27}},"43":{"start":{"line":308,"column":20},"end":{"line":308,"column":27}},"44":{"start":{"line":310,"column":4},"end":{"line":323,"column":5}},"45":{"start":{"line":311,"column":6},"end":{"line":311,"column":59}},"46":{"start":{"line":313,"column":6},"end":{"line":316,"column":8}},"47":{"start":{"line":318,"column":6},"end":{"line":318,"column":54}},"48":{"start":{"line":319,"column":6},"end":{"line":322,"column":8}},"49":{"start":{"line":327,"column":4},"end":{"line":327,"column":79}},"50":{"start":{"line":331,"column":4},"end":{"line":331,"column":31}},"51":{"start":{"line":333,"column":18},"end":{"line":333,"column":20}},"52":{"start":{"line":334,"column":21},"end":{"line":334,"column":79}},"53":{"start":{"line":336,"column":4},"end":{"line":342,"column":5}},"54":{"start":{"line":337,"column":6},"end":{"line":337,"column":47}},"55":{"start":{"line":338,"column":6},"end":{"line":338,"column":68}},"56":{"start":{"line":340,"column":6},"end":{"line":340,"column":43}},"57":{"start":{"line":341,"column":6},"end":{"line":341,"column":66}},"58":{"start":{"line":346,"column":13},"end":{"line":346,"column":36}},"59":{"start":{"line":347,"column":4},"end":{"line":347,"column":75}},"60":{"start":{"line":349,"column":4},"end":{"line":351,"column":5}},"61":{"start":{"line":350,"column":6},"end":{"line":350,"column":59}},"62":{"start":{"line":353,"column":4},"end":{"line":353,"column":26}},"63":{"start":{"line":355,"column":4},"end":{"line":395,"column":7}},"64":{"start":{"line":356,"column":31},"end":{"line":356,"column":60}},"65":{"start":{"line":357,"column":6},"end":{"line":357,"column":65}},"66":{"start":{"line":358,"column":6},"end":{"line":360,"column":7}},"67":{"start":{"line":359,"column":8},"end":{"line":359,"column":50}},"68":{"start":{"line":361,"column":6},"end":{"line":361,"column":19}},"69":{"start":{"line":364,"column":6},"end":{"line":374,"column":7}},"70":{"start":{"line":365,"column":8},"end":{"line":365,"column":50}},"71":{"start":{"line":366,"column":8},"end":{"line":372,"column":11}},"72":{"start":{"line":367,"column":10},"end":{"line":367,"column":41}},"73":{"start":{"line":368,"column":10},"end":{"line":370,"column":11}},"74":{"start":{"line":369,"column":12},"end":{"line":369,"column":45}},"75":{"start":{"line":371,"column":10},"end":{"line":371,"column":21}},"76":{"start":{"line":373,"column":8},"end":{"line":373,"column":19}},"77":{"start":{"line":377,"column":28},"end":{"line":377,"column":76}},"78":{"start":{"line":377,"column":54},"end":{"line":377,"column":75}},"79":{"start":{"line":378,"column":6},"end":{"line":384,"column":7}},"80":{"start":{"line":379,"column":8},"end":{"line":379,"column":41}},"81":{"start":{"line":380,"column":8},"end":{"line":382,"column":11}},"82":{"start":{"line":381,"column":10},"end":{"line":381,"column":50}},"83":{"start":{"line":383,"column":8},"end":{"line":38
[...]
umn":29},"end":{"line":57,"column":3}}},"3":{"name":"(anonymous_3)","decl":{"start":{"line":59,"column":2},"end":{"line":59,"column":7}},"loc":{"start":{"line":59,"column":43},"end":{"line":70,"column":3}}},"4":{"name":"(anonymous_4)","decl":{"start":{"line":72,"column":2},"end":{"line":72,"column":7}},"loc":{"start":{"line":72,"column":55},"end":{"line":89,"column":3}}},"5":{"name":"(anonymous_5)","decl":{"start":{"line":91,"column":2},"end":{"line":91,"column":7}},"loc":{"start":{"line":91,"column":32},"end":{"line":107,"column":3}}},"6":{"name":"(anonymous_6)","decl":{"start":{"line":111,"column":2},"end":{"line":111,"column":7}},"loc":{"start":{"line":111,"column":57},"end":{"line":127,"column":3}}},"7":{"name":"(anonymous_7)","decl":{"start":{"line":129,"column":2},"end":{"line":129,"column":7}},"loc":{"start":{"line":129,"column":62},"end":{"line":145,"column":3}}},"8":{"name":"(anonymous_8)","decl":{"start":{"line":147,"column":2},"end":{"line":147,"column":7}},"loc":{"start":{"line":147,"column":39},"end":{"line":161,"column":3}}},"9":{"name":"(anonymous_9)","decl":{"start":{"line":165,"column":2},"end":{"line":165,"column":7}},"loc":{"start":{"line":165,"column":55},"end":{"line":181,"column":3}}},"10":{"name":"(anonymous_10)","decl":{"start":{"line":183,"column":2},"end":{"line":183,"column":7}},"loc":{"start":{"line":183,"column":68},"end":{"line":199,"column":3}}},"11":{"name":"(anonymous_11)","decl":{"start":{"line":201,"column":2},"end":{"line":201,"column":7}},"loc":{"start":{"line":201,"column":37},"end":{"line":215,"column":3}}},"12":{"name":"(anonymous_12)","decl":{"start":{"line":218,"column":2},"end":{"line":218,"column":7}},"loc":{"start":{"line":218,"column":83},"end":{"line":221,"column":3}}},"13":{"name":"(anonymous_13)","decl":{"start":{"line":225,"column":2},"end":{"line":225,"column":7}},"loc":{"start":{"line":225,"column":63},"end":{"line":239,"column":3}}},"14":{"name":"(anonymous_14)","decl":{"start":{"line":241,"column":2},"end":{"line":241,"column":7}},"loc":{"start":{"line":241,"column":67},"end":{"line":255,"column":3}}}},"branchMap":{"0":{"loc":{"start":{"line":79,"column":6},"end":{"line":81,"column":7}},"type":"if","locations":[{"start":{"line":79,"column":6},"end":{"line":81,"column":7}}]},"1":{"loc":{"start":{"line":98,"column":6},"end":{"line":100,"column":7}},"type":"if","locations":[{"start":{"line":98,"column":6},"end":{"line":100,"column":7}}]},"2":{"loc":{"start":{"line":118,"column":6},"end":{"line":120,"column":7}},"type":"if","locations":[{"start":{"line":118,"column":6},"end":{"line":120,"column":7}}]},"3":{"loc":{"start":{"line":136,"column":6},"end":{"line":138,"column":7}},"type":"if","locations":[{"start":{"line":136,"column":6},"end":{"line":138,"column":7}}]},"4":{"loc":{"start":{"line":154,"column":6},"end":{"line":156,"column":7}},"type":"if","locations":[{"start":{"line":154,"column":6},"end":{"line":156,"column":7}}]},"5":{"loc":{"start":{"line":172,"column":6},"end":{"line":174,"column":7}},"type":"if","locations":[{"start":{"line":172,"column":6},"end":{"line":174,"column":7}}]},"6":{"loc":{"start":{"line":190,"column":6},"end":{"line":192,"column":7}},"type":"if","locations":[{"start":{"line":190,"column":6},"end":{"line":192,"column":7}}]},"7":{"loc":{"start":{"line":208,"column":6},"end":{"line":210,"column":7}},"type":"if","locations":[{"start":{"line":208,"column":6},"end":{"line":210,"column":7}}]},"8":{"loc":{"start":{"line":219,"column":22},"end":{"line":219,"column":75}},"type":"cond-expr","locations":[{"start":{"line":219,"column":52},"end":{"line":219,"column":63}},{"start":{"line":219,"column":66},"end":{"line":219,"column":75}}]},"9":{"loc":{"start":{"line":232,"column":6},"end":{"line":234,"column":7}},"type":"if","locations":[{"start":{"line":232,"column":6},"end":{"line":234,"column":7}}]},"10":{"loc":{"start":{"line":248,"column":6},"end":{"line":250,"column":7}},"type":"if","locations":[{"start":{"line":248,"column":6},"end":{"line":250,"column":7}}]}},"s":{"0":1,"1":1,"2":1,"3":1,"4":0,"5":0,"6":0,"7":0,"8":0,"9":0,"10":0,"11":0,"12":0,"13":0,"14":0,"15":0,"16":0,"17":0,"18":0,"19":0,"20":0,"21":0,"22":0,"23":0,"24":0,"25":0,"26":0,"27":0,"28":0,"29":0,"30":0,"31":0,"32":0,"33":0,"34":0,"35":0,"36":0,"37":0,"38":0,"39":0,"40":0,"41":0,"42":0,"43":0,"44":0,"45":0,"46":0,"47":0,"48":0,"49":0,"50":0,"51":0,"52":0,"53":0,"54":0,"55":0,"56":0,"57":0,"58":0,"59":0,"60":0,"61":0,"62":0,"63":0,"64":0,"65":0,"66":0,"67":0,"68":0,"69":0,"70":0,"71":0,"72":0,"73":0,"74":0,"75":0,"76":0,"77":0,"78":0,"79":0,"80":0,"81":0,"82":0,"83":0,"84":0,"85":0,"86":0,"87":0,"88":0,"89":0,"90":0,"91":0,"92":0,"93":0,"94":0,"95":0,"96":0,"97":1,"98":1},"f":{"0":0,"1":0,"2":0,"3":0,"4":0,"5":0,"6":0,"7":0,"8":0,"9":0,"10":0,"11":0,"12":0,"13":0,"14":0},"b":{"0":[0],"1":[0],"2":[0],"3":[0],"4":[0],"5":[0],"6":[0],"7":[0],"8":[0,0],"9":[0],"10":[0]}}
,"/Users/bilal/Documents/Projets perso/Claude/Planning/event-planning-app/src/app/services/settings.service.ts": {"path":"/Users/bilal/Documents/Projets perso/Claude/Planning/event-planning-app/src/app/services/settings.service.ts","statementMap":{"0":{"start":{"line":1,"column":0},"end":{"line":1,"column":43}},"1":{"start":{"line":2,"column":0},"end":{"line":2,"column":50}},"2":{"start":{"line":3,"column":0},"end":{"line":3,"column":67}},"3":{"start":{"line":4,"column":0},"end":{"line":4,"column":85}},"4":{"start":{"line":5,"column":0},"end":{"line":5,"column":61}},"5":{"start":{"line":16,"column":22},"end":{"line":16,"column":38}},"6":{"start":{"line":11,"column":10},"end":{"line":11,"column":52}},"7":{"start":{"line":13,"column":10},"end":{"line":13,"column":89}},"8":{"start":{"line":14,"column":9},"end":{"line":14,"column":92}},"9":{"start":{"line":17,"column":4},"end":{"line":17,"column":27}},"10":{"start":{"line":21,"column":4},"end":{"line":31,"column":5}},"11":{"start":{"line":22,"column":20},"end":{"line":23,"column":null}},"12":{"start":{"line":25,"column":6},"end":{"line":25,"column":42}},"13":{"start":{"line":26,"column":6},"end":{"line":26,"column":35}},"14":{"start":{"line":29,"column":6},"end":{"line":29,"column":56}},"15":{"start":{"line":30,"column":6},"end":{"line":30,"column":49}},"16":{"start":{"line":35,"column":4},"end":{"line":42,"column":5}},"17":{"start":{"line":36,"column":22},"end":{"line":37,"column":null}},"18":{"start":{"line":39,"column":6},"end":{"line":39,"column":44}},"19":{"start":{"line":41,"column":6},"end":{"line":41,"column":18}},"20":{"start":{"line":46,"column":20},"end":{"line":46,"column":49}},"21":{"start":{"line":47,"column":4},"end":{"line":47,"column":54}},"22":{"start":{"line":48,"column":4},"end":{"line":48,"column":27}},"23":{"start":{"line":52,"column":20},"end":{"line":52,"column":49}},"24":{"start":{"line":53,"column":4},"end":{"line":57,"column":7}},"25":{"start":{"line":58,"column":4},"end":{"line":58,"column":47}},"26":{"start":{"line":62,"column":24},"end":{"line":62,"column":48}},"27":{"start":{"line":63,"column":4},"end":{"line":67,"column":5}},"28":{"start":{"line":64,"column":6},"end":{"line":64,"column":40}},"29":{"start":{"line":66,"column":6},"end":{"line":66,"column":43}},"30":{"start":{"line":71,"column":4},"end":{"line":71,"column":41}},"31":{"start":{"line":75,"column":4},"end":{"line":75,"column":44}},"32":{"start":{"line":79,"column":20},"end":{"line":79,"column":49}},"33":{"start":{"line":80,"column":21},"end":{"line":80,"column":65}},"34":{"start":{"line":81,"column":4},"end":{"line":81,"column":28}},"35":{"start":{"line":10,"column":13},"end":{"line":10,"column":28}},"36":{"start":{"line":10,"column":13},"end":{"line":83,"column":null}}},"fnMap":{"0":{"name":"(anonymous_0)","decl":{"start":{"line":16,"column":2},"end":{"line":16,"column":22}},"loc":{"start":{"line":16,"column":38},"end":{"line":18,"column":3}}},"1":{"name":"(anonymous_1)","decl":{"start":{"line":20,"column":10},"end":{"line":20,"column":15}},"loc":{"start":{"line":20,"column":31},"end":{"line":32,"column":3}}},"2":{"name":"(anonymous_2)","decl":{"start":{"line":34,"column":10},"end":{"line":34,"column":15}},"loc":{"start":{"line":34,"column":60},"end":{"line":43,"column":3}}},"3":{"name":"(anonymous_3)","decl":{"start":{"line":45,"column":2},"end":{"line":45,"column":7}},"loc":{"start":{"line":45,"column":29},"end":{"line":49,"column":3}}},"4":{"name":"(anonymous_4)","decl":{"start":{"line":51,"column":2},"end":{"line":51,"column":7}},"loc":{"start":{"line":51,"column":23},"end":{"line":59,"column":3}}},"5":{"name":"(anonymous_5)","decl":{"start":{"line":61,"column":10},"end":{"line":61,"column":20}},"loc":{"start":{"line":61,"column":33},"end":{"line":68,"column":3}}},"6":{"name":"(anonymous_6)","decl":{"start":{"line":70,"column":2},"end":{"line":70,"column":23}},"loc":{"start":{"line":70,"column":23},"end":{"line":72,"column":3}}},"7":{"name":"(anonymous_7)","decl":{"start":{"line":74,"column":2},"end":{"line":74,"column":7}},"loc":{"start":{"line":74,"column":54},"end":{"line":76,"column":3}}},"8":{"name":"(anonymous_8)","decl":{"start":{"line":78,"column":2},"end":{"line":78,"column":13}},"loc":{"start":{"line":78,"column":13},"end":{"line":82,"column":3}}}},"branchMap":{"0":{"loc":{"start":{"line":63,"column":4},"end":{"line":67,"column":5}},"type":"if","locations":[{"start":{"line":63,"column":4},"end":{"line":67,"column":5}},{"start":{"line":65,"column":11},"end":{"line":67,"column":5}}]},"1":{"loc":{"start":{"line":80,"column":21},"end":{"line":80,"column":65}},"type":"cond-expr","locations":[{"start":{"line":80,"column":49},"end":{"line":80,"column":55}},{"start":{"line":80,"column":58},"end":{"line":80,"column":65}}]}},"s":{"0":0,"1":0,"2":0,"3":0,"4":0,"5":0,"6":0,"7":0,"8":0,"9":0,"10":0,"11":0,"12":0,"13":0,"14":0,"15":0,"16":0,"17":0,"18":0,"19":0,"20":0,"21":0,"22":0,"23":0,"24":0,"25":0,"26":0,"27":0,"28":0,"29":0,"30":0,"31":0,"32":0,"33":0,"34":0,"35":0,"36":0},"f":{"0":0,"1":0,"2":0,"3":0,"4":0,"5":0,"6":0,"7":0,"8":0},"b":{"0":[0,0],"1":[0,0]}}
,"/Users/bilal/Documents/Projets perso/Claude/Planning/event-planning-app/src/app/services/timeline.service.ts": {"path":"/Users/bilal/Documents/Projets perso/Claude/Planning/event-planning-app/src/app/services/timeline.service.ts","statementMap":{"0":{"start":{"line":1,"column":0},"end":{"line":1,"column":43}},"1":{"start":{"line":2,"column":0},"end":{"line":2,"column":60}},"2":{"start":{"line":8,"column":7},"end":{"line":83,"column":null}},"3":{"start":{"line":9,"column":10},"end":{"line":12,"column":5}},"4":{"start":{"line":14,"column":9},"end":{"line":14,"column":78}},"5":{"start":{"line":73,"column":10},"end":{"line":73,"column":53}},"6":{"start":{"line":74,"column":9},"end":{"line":74,"column":67}},"7":{"start":{"line":17,"column":20},"end":{"line":17,"column":43}},"8":{"start":{"line":18,"column":4},"end":{"line":18,"column":49}},"9":{"start":{"line":22,"column":20},"end":{"line":22,"column":43}},"10":{"start":{"line":23,"column":4},"end":{"line":23,"column":62}},"11":{"start":{"line":27,"column":20},"end":{"line":27,"column":43}},"12":{"start":{"line":28,"column":4},"end":{"line":28,"column":63}},"13":{"start":{"line":32,"column":18},"end":{"line":32,"column":41}},"14":{"start":{"line":33,"column":20},"end":{"line":33,"column":37}},"15":{"start":{"line":36,"column":4},"end":{"line":44,"column":5}},"16":{"start":{"line":39,"column":8},"end":{"line":39,"column":60}},"17":{"start":{"line":40,"column":8},"end":{"line":40,"column":14}},"18":{"start":{"line":42,"column":8},"end":{"line":42,"column":77}},"19":{"start":{"line":43,"column":8},"end":{"line":43,"column":14}},"20":{"start":{"line":46,"column":4},"end":{"line":46,"column":33}},"21":{"start":{"line":50,"column":18},"end":{"line":50,"column":41}},"22":{"start":{"line":51,"column":20},"end":{"line":51,"column":37}},"23":{"start":{"line":54,"column":4},"end":{"line":62,"column":5}},"24":{"start":{"line":57,"column":8},"end":{"line":57,"column":60}},"25":{"start":{"line":58,"column":8},"end":{"line":58,"column":14}},"26":{"start":{"line":60,"column":8},"end":{"line":60,"column":77}},"27":{"start":{"line":61,"column":8},"end":{"line":61,"column":14}},"28":{"start":{"line":64,"column":4},"end":{"line":64,"column":33}},"29":{"start":{"line":68,"column":4},"end":{"line":68,"column":36}},"30":{"start":{"line":70,"column":4},"end":{"line":70,"column":37}},"31":{"start":{"line":77,"column":4},"end":{"line":77,"column":70}},"32":{"start":{"line":77,"column":48},"end":{"line":77,"column":68}},"33":{"start":{"line":81,"column":4},"end":{"line":81,"column":35}},"34":{"start":{"line":8,"column":13},"end":{"line":8,"column":28}},"35":{"start":{"line":8,"column":13},"end":{"line":83,"column":null}}},"fnMap":{"0":{"name":"(anonymous_0)","decl":{"start":{"line":8,"column":7},"end":{"line":8,"column":13}},"loc":{"start":{"line":8,"column":7},"end":{"line":83,"column":1}}},"1":{"name":"(anonymous_1)","decl":{"start":{"line":16,"column":2},"end":{"line":16,"column":9}},"loc":{"start":{"line":16,"column":28},"end":{"line":19,"column":3}}},"2":{"name":"(anonymous_2)","decl":{"start":{"line":21,"column":2},"end":{"line":21,"column":16}},"loc":{"start":{"line":21,"column":27},"end":{"line":24,"column":3}}},"3":{"name":"(anonymous_3)","decl":{"start":{"line":26,"column":2},"end":{"line":26,"column":12}},"loc":{"start":{"line":26,"column":23},"end":{"line":29,"column":3}}},"4":{"name":"(anonymous_4)","decl":{"start":{"line":31,"column":2},"end":{"line":31,"column":12}},"loc":{"start":{"line":31,"column":12},"end":{"line":47,"column":3}}},"5":{"name":"(anonymous_5)","decl":{"start":{"line":49,"column":2},"end":{"line":49,"column":16}},"loc":{"start":{"line":49,"column":16},"end":{"line":65,"column":3}}},"6":{"name":"(anonymous_6)","decl":{"start":{"line":67,"column":2},"end":{"line":67,"column":11}},"loc":{"start":{"line":67,"column":11},"end":{"line":71,"column":3}}},"7":{"name":"(anonymous_7)","decl":{"start":{"line":76,"column":2},"end":{"line":76,"column":15}},"loc":{"start":{"line":76,"column":28},"end":{"line":78,"column":3}}},"8":{"name":"(anonymous_8)","decl":{"start":{"line":77,"column":38},"end":{"line":77,"column":39}},"loc":{"start":{"line":77,"column":48},"end":{"line":77,"column":68}}},"9":{"name":"(anonymous_9)","decl":{"start":{"line":80,"column":2},"end":{"line":80,"column":17}},"loc":{"start":{"line":80,"column":17},"end":{"line":82,"column":3}}}},"branchMap":{"0":{"loc":{"start":{"line":36,"column":4},"end":{"line":44,"column":5}},"type":"switch","locations":[{"start":{"line":37,"column":6},"end":{"line":40,"column":14}},{"start":{"line":41,"column":6},"end":{"line":43,"column":14}}]},"1":{"loc":{"start":{"line":54,"column":4},"end":{"line":62,"column":5}},"type":"switch","locations":[{"start":{"line":55,"column":6},"end":{"line":58,"column":14}},{"start":{"line":59,"column":6},"end":{"line":61,"column":14}}]}},"s":{"0":0,"1":0,"2":0,"3":0,"4":0,"5":0,"6":0,"7":0,"8":0,"9":0,"10":0,"11":0,"12":0,"13":0,"14":0,"15":0,"16":0,"17":0,"18":0,"19":0,"20":0,"21":0,"22":0,"23":0,"24":0,"25":0,"26":0,"27":0,"28":0,"29":0,"30":0,"31":0,"32":0,"33":0,"34":0,"35":0},"f":{"0":0,"1":0,"2":0,"3":0,"4":0,"5":0,"6":0,"7":0,"8":0,"9":0},"b":{"0":[0,0],"1":[0,0]}}
,"/Users/bilal/Documents/Projets perso/Claude/Planning/event-planning-app/src/app/services/toast.service.ts": {"path":"/Users/bilal/Documents/Projets perso/Claude/Planning/event-planning-app/src/app/services/toast.service.ts","statementMap":{"0":{"start":{"line":1,"column":0},"end":{"line":1,"column":43}},"1":{"start":{"line":2,"column":0},"end":{"line":2,"column":51}},"2":{"start":{"line":8,"column":7},"end":{"line":85,"column":null}},"3":{"start":{"line":9,"column":10},"end":{"line":9,"column":59}},"4":{"start":{"line":10,"column":9},"end":{"line":10,"column":74}},"5":{"start":{"line":13,"column":4},"end":{"line":13,"column":76}},"6":{"start":{"line":17,"column":25},"end":{"line":25,"column":6}},"7":{"start":{"line":27,"column":26},"end":{"line":27,"column":50}},"8":{"start":{"line":28,"column":4},"end":{"line":28,"column":55}},"9":{"start":{"line":31,"column":4},"end":{"line":35,"column":5}},"10":{"start":{"line":32,"column":6},"end":{"line":34,"column":25}},"11":{"start":{"line":33,"column":8},"end":{"line":33,"column":31}},"12":{"start":{"line":37,"column":4},"end":{"line":37,"column":20}},"13":{"start":{"line":41,"column":4},"end":{"line":46,"column":7}},"14":{"start":{"line":50,"column":4},"end":{"line":55,"column":7}},"15":{"start":{"line":59,"column":4},"end":{"line":65,"column":7}},"16":{"start":{"line":69,"column":4},"end":{"line":74,"column":7}},"17":{"start":{"line":78,"column":26},"end":{"line":78,"column":50}},"18":{"start":{"line":79,"column":4},"end":{"line":79,"column":68}},"19":{"start":{"line":79,"column":54},"end":{"line":79,"column":65}},"20":{"start":{"line":83,"column":4},"end":{"line":83,"column":32}},"21":{"start":{"line":8,"column":13},"end":{"line":8,"column":25}},"22":{"start":{"line":8,"column":13},"end":{"line":85,"column":null}}},"fnMap":{"0":{"name":"(anonymous_0)","decl":{"start":{"line":8,"column":7},"end":{"line":8,"column":13}},"loc":{"start":{"line":8,"column":7},"end":{"line":85,"column":1}}},"1":{"name":"(anonymous_1)","decl":{"start":{"line":12,"column":10},"end":{"line":12,"column":20}},"loc":{"start":{"line":12,"column":20},"end":{"line":14,"column":3}}},"2":{"name":"(anonymous_2)","decl":{"start":{"line":16,"column":10},"end":{"line":16,"column":14}},"loc":{"start":{"line":16,"column":34},"end":{"line":38,"column":3}}},"3":{"name":"(anonymous_3)","decl":{"start":{"line":32,"column":17},"end":{"line":32,"column":20}},"loc":{"start":{"line":32,"column":22},"end":{"line":34,"column":7}}},"4":{"name":"(anonymous_4)","decl":{"start":{"line":40,"column":2},"end":{"line":40,"column":9}},"loc":{"start":{"line":40,"column":60},"end":{"line":47,"column":3}}},"5":{"name":"(anonymous_5)","decl":{"start":{"line":49,"column":2},"end":{"line":49,"column":7}},"loc":{"start":{"line":49,"column":58},"end":{"line":56,"column":3}}},"6":{"name":"(anonymous_6)","decl":{"start":{"line":58,"column":2},"end":{"line":58,"column":9}},"loc":{"start":{"line":58,"column":82},"end":{"line":66,"column":3}}},"7":{"name":"(anonymous_7)","decl":{"start":{"line":68,"column":2},"end":{"line":68,"column":6}},"loc":{"start":{"line":68,"column":57},"end":{"line":75,"column":3}}},"8":{"name":"(anonymous_8)","decl":{"start":{"line":77,"column":2},"end":{"line":77,"column":9}},"loc":{"start":{"line":77,"column":20},"end":{"line":80,"column":3}}},"9":{"name":"(anonymous_9)","decl":{"start":{"line":79,"column":49},"end":{"line":79,"column":50}},"loc":{"start":{"line":79,"column":54},"end":{"line":79,"column":65}}},"10":{"name":"(anonymous_10)","decl":{"start":{"line":82,"column":2},"end":{"line":82,"column":12}},"loc":{"start":{"line":82,"column":12},"end":{"line":84,"column":3}}}},"branchMap":{"0":{"loc":{"start":{"line":22,"column":16},"end":{"line":22,"column":39}},"type":"binary-expr","locations":[{"start":{"line":22,"column":16},"end":{"line":22,"column":31}},{"start":{"line":22,"column":35},"end":{"line":22,"column":39}}]},"1":{"loc":{"start":{"line":31,"column":4},"end":{"line":35,"column":5}},"type":"if","locations":[{"start":{"line":31,"column":4},"end":{"line":35,"column":5}}]},"2":{"loc":{"start":{"line":31,"column":8},"end":{"line":31,"column":44}},"type":"binary-expr","locations":[{"start":{"line":31,"column":8},"end":{"line":31,"column":22}},{"start":{"line":31,"column":26},"end":{"line":31,"column":44}}]},"3":{"loc":{"start":{"line":54,"column":16},"end":{"line":54,"column":32}},"type":"binary-expr","locations":[{"start":{"line":54,"column":16},"end":{"line":54,"column":24}},{"start":{"line":54,"column":28},"end":{"line":54,"column":32}}]}},"s":{"0":1,"1":1,"2":1,"3":0,"4":0,"5":0,"6":0,"7":0,"8":0,"9":0,"10":0,"11":0,"12":0,"13":0,"14":0,"15":0,"16":0,"17":0,"18":0,"19":0,"20":0,"21":1,"22":1},"f":{"0":0,"1":0,"2":0,"3":0,"4":0,"5":0,"6":0,"7":0,"8":0,"9":0,"10":0},"b":{"0":[0,0],"1":[0],"2":[0,0],"3":[0,0]}}
}
