TN:
SF:src/app/app.component.ts
FNF:0
FNH:0
DA:1,0
DA:2,0
DA:3,0
DA:4,0
DA:21,0
LF:5
LH:0
BRF:0
BRH:0
end_of_record
TN:
SF:src/app/app.routes.ts
FN:7,(anonymous_9)
FN:8,(anonymous_10)
FN:9,(anonymous_11)
FN:19,(anonymous_12)
FN:20,(anonymous_13)
FN:21,(anonymous_14)
FN:27,(anonymous_15)
FN:28,(anonymous_16)
FN:29,(anonymous_17)
FN:35,(anonymous_18)
FN:36,(anonymous_19)
FN:37,(anonymous_20)
FN:42,(anonymous_21)
FN:43,(anonymous_22)
FN:44,(anonymous_23)
FN:49,(anonymous_24)
FN:50,(anonymous_25)
FN:51,(anonymous_26)
FN:58,(anonymous_27)
FN:59,(anonymous_28)
FN:60,(anonymous_29)
FN:66,(anonymous_30)
FN:67,(anonymous_31)
FN:68,(anonymous_32)
FN:73,(anonymous_33)
FN:74,(anonymous_34)
FN:75,(anonymous_35)
FNF:27
FNH:0
FNDA:0,(anonymous_9)
FNDA:0,(anonymous_10)
FNDA:0,(anonymous_11)
FNDA:0,(anonymous_12)
FNDA:0,(anonymous_13)
FNDA:0,(anonymous_14)
FNDA:0,(anonymous_15)
FNDA:0,(anonymous_16)
FNDA:0,(anonymous_17)
FNDA:0,(anonymous_18)
FNDA:0,(anonymous_19)
FNDA:0,(anonymous_20)
FNDA:0,(anonymous_21)
FNDA:0,(anonymous_22)
FNDA:0,(anonymous_23)
FNDA:0,(anonymous_24)
FNDA:0,(anonymous_25)
FNDA:0,(anonymous_26)
FNDA:0,(anonymous_27)
FNDA:0,(anonymous_28)
FNDA:0,(anonymous_29)
FNDA:0,(anonymous_30)
FNDA:0,(anonymous_31)
FNDA:0,(anonymous_32)
FNDA:0,(anonymous_33)
FNDA:0,(anonymous_34)
FNDA:0,(anonymous_35)
DA:2,0
DA:4,0
DA:8,0
DA:9,0
DA:20,0
DA:21,0
DA:28,0
DA:29,0
DA:36,0
DA:37,0
DA:43,0
DA:44,0
DA:50,0
DA:51,0
DA:59,0
DA:60,0
DA:67,0
DA:68,0
DA:74,0
DA:75,0
LF:20
LH:0
BRF:0
BRH:0
end_of_record
TN:
SF:src/app/components/auth/login.component.ts
FN:104,(anonymous_0)
FN:109,(anonymous_1)
FN:118,(anonymous_2)
FNF:3
FNH:0
FNDA:0,(anonymous_0)
FNDA:0,(anonymous_1)
FNDA:0,(anonymous_2)
DA:1,0
DA:2,0
DA:3,0
DA:4,0
DA:5,0
DA:99,0
DA:100,0
DA:101,0
DA:102,0
DA:105,0
DA:106,0
DA:110,0
DA:111,0
DA:114,0
DA:115,0
DA:118,0
DA:120,0
DA:122,0
DA:124,0
DA:125,0
DA:127,0
DA:128,0
LF:22
LH:0
BRDA:110,0,0,0
BRDA:124,1,0,0
BRDA:124,1,1,0
BRF:3
BRH:0
end_of_record
TN:
SF:src/app/components/confirmation/confirmation-modal.component.ts
FN:118,(anonymous_0)
FN:120,(anonymous_1)
FN:132,(anonymous_2)
FN:136,(anonymous_3)
FNF:4
FNH:0
FNDA:0,(anonymous_0)
FNDA:0,(anonymous_1)
FNDA:0,(anonymous_2)
FNDA:0,(anonymous_3)
DA:1,0
DA:2,0
DA:3,0
DA:4,0
DA:115,0
DA:116,0
DA:118,0
DA:121,0
DA:123,0
DA:125,0
DA:128,0
DA:133,0
DA:137,0
LF:13
LH:0
BRDA:121,0,0,0
BRDA:121,0,1,0
BRDA:121,0,2,0
BRDA:121,0,3,0
BRF:4
BRH:0
end_of_record
TN:
SF:src/app/components/filters/filter-bar.component.ts
FN:92,(anonymous_0)
FN:97,(anonymous_1)
FN:101,(anonymous_2)
FN:108,(anonymous_3)
FN:116,(anonymous_4)
FN:120,(anonymous_5)
FN:124,(anonymous_6)
FN:128,(anonymous_7)
FN:132,(anonymous_8)
FNF:9
FNH:0
FNDA:0,(anonymous_0)
FNDA:0,(anonymous_1)
FNDA:0,(anonymous_2)
FNDA:0,(anonymous_3)
FNDA:0,(anonymous_4)
FNDA:0,(anonymous_5)
FNDA:0,(anonymous_6)
FNDA:0,(anonymous_7)
FNDA:0,(anonymous_8)
DA:1,0
DA:2,0
DA:3,0
DA:4,0
DA:5,0
DA:6,0
DA:82,0
DA:83,0
DA:84,0
DA:85,0
DA:86,0
DA:87,0
DA:88,0
DA:90,0
DA:93,0
DA:94,0
DA:99,0
DA:102,0
DA:106,0
DA:109,0
DA:110,0
DA:111,0
DA:117,0
DA:121,0
DA:125,0
DA:129,0
DA:133,0
LF:27
LH:0
BRF:0
BRH:0
end_of_record
TN:
SF:src/app/components/history/history.component.ts
FN:131,(anonymous_0)
FN:136,(anonymous_1)
FN:140,(anonymous_2)
FN:145,(anonymous_3)
FN:158,(anonymous_4)
FN:173,(anonymous_5)
FN:180,(anonymous_6)
FN:199,(anonymous_7)
FNF:8
FNH:0
FNDA:0,(anonymous_0)
FNDA:0,(anonymous_1)
FNDA:0,(anonymous_2)
FNDA:0,(anonymous_3)
FNDA:0,(anonymous_4)
FNDA:0,(anonymous_5)
FNDA:0,(anonymous_6)
FNDA:0,(anonymous_7)
DA:1,0
DA:2,0
DA:3,0
DA:4,0
DA:5,0
DA:7,0
DA:8,0
DA:126,0
DA:127,0
DA:129,0
DA:132,0
DA:133,0
DA:138,0
DA:141,0
DA:146,0
DA:148,0
DA:150,0
DA:152,0
DA:154,0
DA:159,0
DA:161,0
DA:163,0
DA:165,0
DA:167,0
DA:169,0
DA:174,0
DA:181,0
DA:183,0
DA:187,0
DA:189,0
DA:190,0
DA:192,0
DA:193,0
DA:195,0
DA:200,0
DA:204,0
DA:206,0
DA:207,0
DA:209,0
LF:39
LH:0
BRDA:146,0,0,0
BRDA:146,0,1,0
BRDA:146,0,2,0
BRDA:146,0,3,0
BRDA:159,1,0,0
BRDA:159,1,1,0
BRDA:159,1,2,0
BRDA:161,2,0,0
BRDA:161,2,1,0
BRDA:161,2,2,0
BRDA:161,2,3,0
BRDA:181,3,0,0
BRDA:187,4,0,0
BRDA:204,5,0,0
BRF:14
BRH:0
end_of_record
TN:
SF:src/app/components/home/home.component.ts
FN:100,(anonymous_0)
FN:105,(anonymous_1)
FN:109,(anonymous_2)
FN:113,(anonymous_3)
FNF:4
FNH:0
FNDA:0,(anonymous_0)
FNDA:0,(anonymous_1)
FNDA:0,(anonymous_2)
FNDA:0,(anonymous_3)
DA:1,0
DA:2,0
DA:3,0
DA:4,0
DA:99,0
DA:101,0
DA:102,0
DA:106,0
DA:110,0
DA:114,0
LF:10
LH:0
BRF:0
BRH:0
end_of_record
TN:
SF:src/app/components/modals/event-modal.component.ts
FN:198,(anonymous_0)
FN:205,(anonymous_1)
FN:207,(anonymous_2)
FN:229,(anonymous_3)
FN:238,(anonymous_4)
FN:242,(anonymous_5)
FN:281,(anonymous_6)
FN:311,(anonymous_7)
FNF:8
FNH:0
FNDA:0,(anonymous_0)
FNDA:0,(anonymous_1)
FNDA:0,(anonymous_2)
FNDA:0,(anonymous_3)
FNDA:0,(anonymous_4)
FNDA:0,(anonymous_5)
FNDA:0,(anonymous_6)
FNDA:0,(anonymous_7)
DA:1,0
DA:2,0
DA:3,0
DA:5,0
DA:6,0
DA:7,0
DA:8,0
DA:179,0
DA:181,0
DA:182,0
DA:184,0
DA:185,0
DA:187,0
DA:199,0
DA:200,0
DA:201,0
DA:202,0
DA:207,0
DA:208,0
DA:211,0
DA:212,0
DA:213,0
DA:225,0
DA:230,0
DA:231,0
DA:232,0
DA:233,0
DA:234,0
DA:239,0
DA:243,0
DA:245,0
DA:246,0
DA:257,0
DA:258,0
DA:259,0
DA:264,0
DA:265,0
DA:271,0
DA:273,0
DA:274,0
DA:282,0
DA:284,0
DA:292,0
DA:294,0
DA:295,0
DA:296,0
DA:297,0
DA:301,0
DA:303,0
DA:304,0
DA:312,0
LF:51
LH:0
BRDA:211,0,0,0
BRDA:211,0,1,0
BRDA:216,1,0,0
BRDA:216,1,1,0
BRDA:217,2,0,0
BRDA:217,2,1,0
BRDA:221,3,0,0
BRDA:221,3,1,0
BRDA:232,4,0,0
BRDA:239,5,0,0
BRDA:239,5,1,0
BRDA:243,6,0,0
BRDA:249,7,0,0
BRDA:249,7,1,0
BRDA:250,8,0,0
BRDA:250,8,1,0
BRDA:254,9,0,0
BRDA:254,9,1,0
BRDA:257,10,0,0
BRDA:257,10,1,0
BRDA:257,11,0,0
BRDA:257,11,1,0
BRDA:282,12,0,0
BRDA:292,13,0,0
BRF:24
BRH:0
end_of_record
TN:
SF:src/app/components/releases/release-detail.component.ts
FN:771,(anonymous_0)
FN:779,(anonymous_1)
FN:795,(anonymous_2)
FN:806,(anonymous_3)
FN:810,(anonymous_4)
FN:814,(anonymous_5)
FN:822,(anonymous_6)
FN:823,(anonymous_7)
FN:827,(anonymous_8)
FN:828,(anonymous_9)
FN:835,(anonymous_10)
FN:846,(anonymous_11)
FN:847,(anonymous_12)
FN:854,(anonymous_13)
FN:859,(anonymous_14)
FN:880,(anonymous_15)
FN:885,(anonymous_16)
FN:914,(anonymous_17)
FN:920,(anonymous_18)
FN:945,(anonymous_19)
FN:953,(anonymous_20)
FN:987,(anonymous_21)
FN:987,(anonymous_22)
FN:1031,(anonymous_23)
FN:1037,(anonymous_24)
FN:1067,(anonymous_25)
FN:1073,(anonymous_26)
FN:1079,(anonymous_27)
FN:1085,(anonymous_28)
FN:1094,(anonymous_29)
FN:1105,(anonymous_30)
FN:1108,(anonymous_31)
FN:1112,(anonymous_32)
FN:1116,(anonymous_33)
FN:1120,(anonymous_34)
FN:1125,(anonymous_35)
FN:1133,(anonymous_36)
FN:1140,(anonymous_37)
FN:1148,(anonymous_38)
FN:1164,(anonymous_39)
FN:1168,(anonymous_40)
FN:1180,(anonymous_41)
FN:1184,(anonymous_42)
FN:1200,(anonymous_43)
FN:1210,(anonymous_44)
FN:1231,(anonymous_45)
FNF:46
FNH:0
FNDA:0,(anonymous_0)
FNDA:0,(anonymous_1)
FNDA:0,(anonymous_2)
FNDA:0,(anonymous_3)
FNDA:0,(anonymous_4)
FNDA:0,(anonymous_5)
FNDA:0,(anonymous_6)
FNDA:0,(anonymous_7)
FNDA:0,(anonymous_8)
FNDA:0,(anonymous_9)
FNDA:0,(anonymous_10)
FNDA:0,(anonymous_11)
FNDA:0,(anonymous_12)
FNDA:0,(anonymous_13)
FNDA:0,(anonymous_14)
FNDA:0,(anonymous_15)
FNDA:0,(anonymous_16)
FNDA:0,(anonymous_17)
FNDA:0,(anonymous_18)
FNDA:0,(anonymous_19)
FNDA:0,(anonymous_20)
FNDA:0,(anonymous_21)
FNDA:0,(anonymous_22)
FNDA:0,(anonymous_23)
FNDA:0,(anonymous_24)
FNDA:0,(anonymous_25)
FNDA:0,(anonymous_26)
FNDA:0,(anonymous_27)
FNDA:0,(anonymous_28)
FNDA:0,(anonymous_29)
FNDA:0,(anonymous_30)
FNDA:0,(anonymous_31)
FNDA:0,(anonymous_32)
FNDA:0,(anonymous_33)
FNDA:0,(anonymous_34)
FNDA:0,(anonymous_35)
FNDA:0,(anonymous_36)
FNDA:0,(anonymous_37)
FNDA:0,(anonymous_38)
FNDA:0,(anonymous_39)
FNDA:0,(anonymous_40)
FNDA:0,(anonymous_41)
FNDA:0,(anonymous_42)
FNDA:0,(anonymous_43)
FNDA:0,(anonymous_44)
FNDA:0,(anonymous_45)
DA:1,0
DA:2,0
DA:3,0
DA:4,0
DA:5,0
DA:6,0
DA:7,0
DA:8,0
DA:30,0
DA:31,0
DA:727,0
DA:728,0
DA:729,0
DA:732,0
DA:733,0
DA:736,0
DA:737,0
DA:738,0
DA:754,0
DA:755,0
DA:756,0
DA:757,0
DA:758,0
DA:759,0
DA:760,0
DA:761,0
DA:763,0
DA:764,0
DA:765,0
DA:766,0
DA:767,0
DA:768,0
DA:769,0
DA:772,0
DA:773,0
DA:774,0
DA:775,0
DA:776,0
DA:780,0
DA:781,0
DA:782,0
DA:783,0
DA:785,0
DA:786,0
DA:789,0
DA:790,0
DA:796,0
DA:797,0
DA:798,0
DA:799,0
DA:801,0
DA:807,0
DA:811,0
DA:815,0
DA:816,0
DA:818,0
DA:823,0
DA:828,0
DA:829,0
DA:834,0
DA:835,0
DA:836,0
DA:837,0
DA:839,0
DA:842,0
DA:847,0
DA:848,0
DA:855,0
DA:856,0
DA:860,0
DA:862,0
DA:863,0
DA:864,0
DA:865,0
DA:867,0
DA:872,0
DA:873,0
DA:881,0
DA:882,0
DA:886,0
DA:894,0
DA:896,0
DA:897,0
DA:898,0
DA:900,0
DA:905,0
DA:906,0
DA:915,0
DA:916,0
DA:917,0
DA:921,0
DA:935,0
DA:936,0
DA:937,0
DA:938,0
DA:939,0
DA:940,0
DA:941,0
DA:942,0
DA:946,0
DA:947,0
DA:948,0
DA:949,0
DA:954,0
DA:956,0
DA:957,0
DA:961,0
DA:965,0
DA:966,0
DA:967,0
DA:971,0
DA:975,0
DA:976,0
DA:984,0
DA:985,0
DA:987,0
DA:989,0
DA:993,0
DA:994,0
DA:995,0
DA:997,0
DA:1003,0
DA:1014,0
DA:1015,0
DA:1016,0
DA:1018,0
DA:1023,0
DA:1024,0
DA:1032,0
DA:1033,0
DA:1034,0
DA:1038,0
DA:1046,0
DA:1048,0
DA:1049,0
DA:1050,0
DA:1052,0
DA:1057,0
DA:1058,0
DA:1068,0
DA:1069,0
DA:1074,0
DA:1075,0
DA:1080,0
DA:1081,0
DA:1086,0
DA:1087,0
DA:1088,0
DA:1090,0
DA:1096,0
DA:1097,0
DA:1099,0
DA:1100,0
DA:1102,0
DA:1105,0
DA:1109,0
DA:1113,0
DA:1117,0
DA:1121,0
DA:1126,0
DA:1127,0
DA:1128,0
DA:1130,0
DA:1134,0
DA:1135,0
DA:1137,0
DA:1141,0
DA:1142,0
DA:1143,0
DA:1145,0
DA:1150,0
DA:1151,0
DA:1153,0
DA:1154,0
DA:1156,0
DA:1160,0
DA:1161,0
DA:1164,0
DA:1169,0
DA:1170,0
DA:1172,0
DA:1173,0
DA:1176,0
DA:1177,0
DA:1181,0
DA:1183,0
DA:1184,0
DA:1186,0
DA:1187,0
DA:1188,0
DA:1189,0
DA:1196,0
DA:1201,0
DA:1202,0
DA:1203,0
DA:1204,0
DA:1206,0
DA:1211,0
DA:1212,0
DA:1214,0
DA:1215,0
DA:1216,0
DA:1218,0
DA:1223,0
DA:1224,0
DA:1232,0
DA:1233,0
DA:1235,0
DA:1236,0
DA:1237,0
DA:1239,0
DA:1244,0
DA:1245,0
LF:213
LH:0
BRDA:781,0,0,0
BRDA:785,1,0,0
BRDA:797,2,0,0
BRDA:815,3,0,0
BRDA:815,3,1,0
BRDA:829,4,0,0
BRDA:829,4,1,0
BRDA:829,4,2,0
BRDA:829,4,3,0
BRDA:836,5,0,0
BRDA:848,6,0,0
BRDA:848,6,1,0
BRDA:848,6,2,0
BRDA:848,6,3,0
BRDA:860,7,0,0
BRDA:894,8,0,0
BRDA:946,9,0,0
BRDA:946,9,1,0
BRDA:948,10,0,0
BRDA:956,11,0,0
BRDA:956,12,0,0
BRDA:956,12,1,0
BRDA:965,13,0,0
BRDA:965,14,0,0
BRDA:965,14,1,0
BRDA:966,15,0,0
BRDA:966,16,0,0
BRDA:966,16,1,0
BRDA:984,17,0,0
BRDA:984,18,0,0
BRDA:984,18,1,0
BRDA:985,19,0,0
BRDA:985,19,1,0
BRDA:989,20,0,0
BRDA:989,20,1,0
BRDA:991,21,0,0
BRDA:991,21,1,0
BRDA:994,22,0,0
BRDA:995,23,0,0
BRDA:997,24,0,0
BRDA:997,24,1,0
BRDA:999,25,0,0
BRDA:999,25,1,0
BRDA:1020,26,0,0
BRDA:1020,26,1,0
BRDA:1046,27,0,0
BRDA:1068,28,0,0
BRDA:1074,29,0,0
BRDA:1080,30,0,0
BRDA:1086,31,0,0
BRDA:1096,32,0,0
BRDA:1096,32,1,0
BRDA:1109,33,0,0
BRDA:1109,33,1,0
BRDA:1113,34,0,0
BRDA:1113,34,1,0
BRDA:1117,35,0,0
BRDA:1117,35,1,0
BRDA:1121,36,0,0
BRDA:1121,36,1,0
BRDA:1127,37,0,0
BRDA:1127,38,0,0
BRDA:1127,38,1,0
BRDA:1134,39,0,0
BRDA:1142,40,0,0
BRDA:1142,41,0,0
BRDA:1142,41,1,0
BRDA:1142,41,2,0
BRDA:1150,42,0,0
BRDA:1150,42,1,0
BRDA:1160,43,0,0
BRDA:1169,44,0,0
BRDA:1169,44,1,0
BRDA:1172,45,0,0
BRDA:1176,46,0,0
BRDA:1176,46,1,0
BRDA:1181,47,0,0
BRDA:1188,48,0,0
BRDA:1201,49,0,0
BRDA:1201,49,1,0
BRDA:1203,50,0,0
BRDA:1220,51,0,0
BRDA:1220,51,1,0
BRDA:1240,52,0,0
BRDA:1240,52,1,0
BRDA:1241,53,0,0
BRDA:1241,53,1,0
BRF:87
BRH:0
end_of_record
TN:
SF:src/app/components/releases/releases-list.component.ts
FN:234,(anonymous_0)
FN:241,(anonymous_1)
FN:245,(anonymous_2)
FN:249,(anonymous_3)
FN:250,(anonymous_4)
FN:253,(anonymous_5)
FN:259,(anonymous_6)
FN:297,(anonymous_7)
FN:326,(anonymous_8)
FN:330,(anonymous_9)
FN:345,(anonymous_10)
FN:355,(anonymous_11)
FN:366,(anonymous_12)
FN:377,(anonymous_13)
FN:380,(anonymous_14)
FN:387,(anonymous_15)
FN:390,(anonymous_16)
FN:400,(anonymous_17)
FN:431,(anonymous_18)
FN:444,(anonymous_19)
FN:455,(anonymous_20)
FN:458,(anonymous_21)
FN:464,(anonymous_22)
FN:467,(anonymous_23)
FN:479,(anonymous_24)
FN:524,(anonymous_25)
FN:533,(anonymous_26)
FN:580,(anonymous_27)
FN:591,(anonymous_28)
FN:601,(anonymous_29)
FNF:30
FNH:11
FNDA:11,(anonymous_0)
FNDA:11,(anonymous_1)
FNDA:24,(anonymous_2)
FNDA:0,(anonymous_3)
FNDA:0,(anonymous_4)
FNDA:2,(anonymous_5)
FNDA:2,(anonymous_6)
FNDA:3,(anonymous_7)
FNDA:2,(anonymous_8)
FNDA:2,(anonymous_9)
FNDA:1,(anonymous_10)
FNDA:0,(anonymous_11)
FNDA:0,(anonymous_12)
FNDA:0,(anonymous_13)
FNDA:0,(anonymous_14)
FNDA:0,(anonymous_15)
FNDA:0,(anonymous_16)
FNDA:1,(anonymous_17)
FNDA:0,(anonymous_18)
FNDA:0,(anonymous_19)
FNDA:0,(anonymous_20)
FNDA:0,(anonymous_21)
FNDA:0,(anonymous_22)
FNDA:0,(anonymous_23)
FNDA:0,(anonymous_24)
FNDA:0,(anonymous_25)
FNDA:0,(anonymous_26)
FNDA:0,(anonymous_27)
FNDA:0,(anonymous_28)
FNDA:2,(anonymous_29)
DA:1,1
DA:2,1
DA:3,1
DA:4,1
DA:5,1
DA:6,1
DA:7,1
DA:8,1
DA:9,1
DA:10,1
DA:217,1
DA:218,11
DA:220,11
DA:221,11
DA:222,11
DA:224,11
DA:231,11
DA:232,11
DA:235,11
DA:236,11
DA:237,11
DA:238,11
DA:242,11
DA:246,24
DA:250,0
DA:255,2
DA:256,2
DA:260,2
DA:262,2
DA:264,2
DA:265,2
DA:266,2
DA:269,1
DA:276,1
DA:279,1
DA:285,1
DA:287,1
DA:288,1
DA:293,2
DA:298,3
DA:300,3
DA:308,3
DA:310,2
DA:311,2
DA:313,1
DA:318,1
DA:319,1
DA:327,2
DA:331,2
DA:333,2
DA:334,2
DA:336,2
DA:337,1
DA:338,1
DA:340,1
DA:341,1
DA:346,1
DA:347,1
DA:349,1
DA:350,0
DA:353,1
DA:355,1
DA:356,0
DA:357,0
DA:358,0
DA:359,0
DA:361,0
DA:364,0
DA:365,0
DA:366,0
DA:367,0
DA:368,0
DA:369,0
DA:371,0
DA:373,0
DA:377,0
DA:378,0
DA:379,0
DA:380,0
DA:381,0
DA:383,0
DA:387,0
DA:388,0
DA:389,0
DA:390,0
DA:391,0
DA:393,0
DA:397,1
DA:401,1
DA:425,1
DA:426,0
DA:429,1
DA:431,1
DA:432,0
DA:433,0
DA:434,0
DA:435,0
DA:436,0
DA:437,0
DA:439,0
DA:442,0
DA:443,0
DA:444,0
DA:445,0
DA:446,0
DA:447,0
DA:449,0
DA:451,0
DA:455,0
DA:456,0
DA:457,0
DA:458,0
DA:459,0
DA:464,0
DA:465,0
DA:466,0
DA:467,0
DA:468,0
DA:472,0
DA:475,1
DA:476,1
DA:480,0
DA:482,0
DA:483,0
DA:487,0
DA:488,0
DA:489,0
DA:490,0
DA:491,0
DA:494,0
DA:497,0
DA:498,0
DA:499,0
DA:501,0
DA:505,0
DA:506,0
DA:508,0
DA:512,0
DA:513,0
DA:514,0
DA:516,0
DA:520,0
DA:521,0
DA:522,0
DA:524,0
DA:525,0
DA:529,0
DA:530,0
DA:534,0
DA:535,0
DA:537,0
DA:538,0
DA:542,0
DA:543,0
DA:544,0
DA:545,0
DA:546,0
DA:549,0
DA:550,0
DA:553,0
DA:554,0
DA:555,0
DA:557,0
DA:561,0
DA:562,0
DA:564,0
DA:568,0
DA:569,0
DA:570,0
DA:572,0
DA:576,0
DA:577,0
DA:578,0
DA:580,0
DA:581,0
DA:584,0
DA:587,0
DA:588,0
DA:592,0
DA:598,0
DA:602,2
DA:603,2
DA:604,2
DA:605,2
DA:606,2
DA:607,2
DA:608,2
LF:187
LH:74
BRDA:255,0,0,2
BRDA:255,0,1,1
BRDA:262,1,0,0
BRDA:308,2,0,1
BRDA:327,3,0,1
BRDA:327,3,1,1
BRDA:336,4,0,1
BRDA:336,4,1,1
BRDA:349,5,0,0
BRDA:356,6,0,0
BRDA:356,6,1,0
BRDA:358,7,0,0
BRDA:364,8,0,0
BRDA:368,9,0,0
BRDA:378,10,0,0
BRDA:388,11,0,0
BRDA:425,12,0,0
BRDA:432,13,0,0
BRDA:432,13,1,0
BRDA:433,14,0,0
BRDA:433,14,1,0
BRDA:436,15,0,0
BRDA:442,16,0,0
BRDA:446,17,0,0
BRDA:456,18,0,0
BRDA:465,19,0,0
BRDA:482,20,0,0
BRDA:487,21,0,0
BRDA:489,22,0,0
BRDA:489,22,1,0
BRDA:497,23,0,0
BRDA:497,23,1,0
BRDA:497,24,0,0
BRDA:497,24,1,0
BRDA:498,25,0,0
BRDA:498,25,1,0
BRDA:498,26,0,0
BRDA:498,26,1,0
BRDA:505,27,0,0
BRDA:505,27,1,0
BRDA:512,28,0,0
BRDA:512,28,1,0
BRDA:512,29,0,0
BRDA:512,29,1,0
BRDA:513,30,0,0
BRDA:513,30,1,0
BRDA:513,31,0,0
BRDA:513,31,1,0
BRDA:513,31,2,0
BRDA:520,32,0,0
BRDA:520,32,1,0
BRDA:520,33,0,0
BRDA:520,33,1,0
BRDA:521,34,0,0
BRDA:521,34,1,0
BRDA:537,35,0,0
BRDA:542,36,0,0
BRDA:544,37,0,0
BRDA:544,37,1,0
BRDA:553,38,0,0
BRDA:553,38,1,0
BRDA:553,39,0,0
BRDA:553,39,1,0
BRDA:554,40,0,0
BRDA:554,40,1,0
BRDA:554,41,0,0
BRDA:554,41,1,0
BRDA:561,42,0,0
BRDA:561,42,1,0
BRDA:568,43,0,0
BRDA:568,43,1,0
BRDA:568,44,0,0
BRDA:568,44,1,0
BRDA:569,45,0,0
BRDA:569,45,1,0
BRDA:569,46,0,0
BRDA:569,46,1,0
BRDA:569,46,2,0
BRDA:576,47,0,0
BRDA:576,47,1,0
BRDA:576,48,0,0
BRDA:576,48,1,0
BRDA:577,49,0,0
BRDA:577,49,1,0
BRDA:598,50,0,0
BRDA:598,50,1,0
BRF:86
BRH:7
end_of_record
TN:
SF:src/app/components/settings/settings.component.ts
FN:263,(anonymous_0)
FN:268,(anonymous_1)
FN:272,(anonymous_2)
FN:279,(anonymous_3)
FN:284,(anonymous_4)
FN:288,(anonymous_5)
FN:295,(anonymous_6)
FN:296,(anonymous_7)
FN:300,(anonymous_8)
FN:322,(anonymous_9)
FN:329,(anonymous_10)
FNF:11
FNH:0
FNDA:0,(anonymous_0)
FNDA:0,(anonymous_1)
FNDA:0,(anonymous_2)
FNDA:0,(anonymous_3)
FNDA:0,(anonymous_4)
FNDA:0,(anonymous_5)
FNDA:0,(anonymous_6)
FNDA:0,(anonymous_7)
FNDA:0,(anonymous_8)
FNDA:0,(anonymous_9)
FNDA:0,(anonymous_10)
DA:1,0
DA:2,0
DA:3,0
DA:4,0
DA:5,0
DA:6,0
DA:229,0
DA:230,0
DA:237,0
DA:240,0
DA:241,0
DA:242,0
DA:243,0
DA:246,0
DA:261,0
DA:264,0
DA:265,0
DA:270,0
DA:273,0
DA:277,0
DA:280,0
DA:285,0
DA:289,0
DA:290,0
DA:291,0
DA:296,0
DA:301,0
DA:302,0
DA:305,0
DA:306,0
DA:313,0
DA:314,0
DA:315,0
DA:316,0
DA:318,0
DA:323,0
DA:324,0
DA:325,0
DA:326,0
DA:330,0
DA:331,0
DA:332,0
DA:333,0
DA:335,0
LF:44
LH:0
BRDA:290,0,0,0
BRDA:301,1,0,0
BRDA:301,2,0,0
BRDA:301,2,1,0
BRDA:309,3,0,0
BRDA:309,3,1,0
BRDA:331,4,0,0
BRF:7
BRH:0
end_of_record
TN:
SF:src/app/components/timeline/annual-view.component.ts
FN:207,(anonymous_0)
FN:216,(anonymous_1)
FN:219,(anonymous_2)
FN:225,(anonymous_3)
FN:233,(anonymous_4)
FN:234,(anonymous_5)
FN:240,(anonymous_6)
FN:244,(anonymous_7)
FN:252,(anonymous_8)
FN:260,(anonymous_9)
FN:265,(anonymous_10)
FN:269,(anonymous_11)
FN:272,(anonymous_12)
FN:282,(anonymous_13)
FN:287,(anonymous_14)
FN:290,(anonymous_15)
FN:293,(anonymous_16)
FN:297,(anonymous_17)
FN:302,(anonymous_18)
FN:314,(anonymous_19)
FN:318,(anonymous_20)
FN:323,(anonymous_21)
FN:327,(anonymous_22)
FN:331,(anonymous_23)
FN:337,(anonymous_24)
FN:342,(anonymous_25)
FN:352,(anonymous_26)
FNF:27
FNH:0
FNDA:0,(anonymous_0)
FNDA:0,(anonymous_1)
FNDA:0,(anonymous_2)
FNDA:0,(anonymous_3)
FNDA:0,(anonymous_4)
FNDA:0,(anonymous_5)
FNDA:0,(anonymous_6)
FNDA:0,(anonymous_7)
FNDA:0,(anonymous_8)
FNDA:0,(anonymous_9)
FNDA:0,(anonymous_10)
FNDA:0,(anonymous_11)
FNDA:0,(anonymous_12)
FNDA:0,(anonymous_13)
FNDA:0,(anonymous_14)
FNDA:0,(anonymous_15)
FNDA:0,(anonymous_16)
FNDA:0,(anonymous_17)
FNDA:0,(anonymous_18)
FNDA:0,(anonymous_19)
FNDA:0,(anonymous_20)
FNDA:0,(anonymous_21)
FNDA:0,(anonymous_22)
FNDA:0,(anonymous_23)
FNDA:0,(anonymous_24)
FNDA:0,(anonymous_25)
FNDA:0,(anonymous_26)
DA:1,0
DA:2,0
DA:3,0
DA:4,0
DA:5,0
DA:6,0
DA:7,0
DA:8,0
DA:9,0
DA:196,0
DA:197,0
DA:198,0
DA:199,0
DA:200,0
DA:202,0
DA:203,0
DA:204,0
DA:205,0
DA:208,0
DA:209,0
DA:210,0
DA:211,0
DA:214,0
DA:218,0
DA:219,0
DA:223,0
DA:226,0
DA:227,0
DA:231,0
DA:234,0
DA:235,0
DA:245,0
DA:246,0
DA:248,0
DA:253,0
DA:254,0
DA:255,0
DA:256,0
DA:261,0
DA:262,0
DA:266,0
DA:267,0
DA:268,0
DA:269,0
DA:273,0
DA:274,0
DA:277,0
DA:279,0
DA:283,0
DA:284,0
DA:288,0
DA:289,0
DA:290,0
DA:294,0
DA:298,0
DA:299,0
DA:303,0
DA:304,0
DA:306,0
DA:309,0
DA:310,0
DA:315,0
DA:319,0
DA:320,0
DA:324,0
DA:328,0
DA:332,0
DA:333,0
DA:334,0
DA:338,0
DA:339,0
DA:343,0
DA:344,0
DA:347,0
DA:348,0
DA:354,0
DA:355,0
DA:357,0
LF:78
LH:0
BRDA:245,0,0,0
BRDA:245,0,1,0
BRDA:255,1,0,0
BRDA:277,2,0,0
BRDA:277,2,1,0
BRDA:284,3,0,0
BRDA:284,3,1,0
BRDA:288,4,0,0
BRDA:298,5,0,0
BRDA:304,6,0,0
BRDA:304,6,1,0
BRDA:319,7,0,0
BRDA:347,8,0,0
BRDA:354,9,0,0
BRF:14
BRH:0
end_of_record
TN:
SF:src/app/components/timeline/month-view.component.ts
FN:202,(anonymous_0)
FN:210,(anonymous_1)
FN:217,(anonymous_2)
FN:223,(anonymous_3)
FN:229,(anonymous_4)
FN:237,(anonymous_5)
FN:251,(anonymous_6)
FN:254,(anonymous_7)
FN:257,(anonymous_8)
FN:260,(anonymous_9)
FN:264,(anonymous_10)
FN:276,(anonymous_11)
FN:280,(anonymous_12)
FN:285,(anonymous_13)
FN:289,(anonymous_14)
FN:294,(anonymous_15)
FN:298,(anonymous_16)
FN:304,(anonymous_17)
FN:309,(anonymous_18)
FN:319,(anonymous_19)
FNF:20
FNH:0
FNDA:0,(anonymous_0)
FNDA:0,(anonymous_1)
FNDA:0,(anonymous_2)
FNDA:0,(anonymous_3)
FNDA:0,(anonymous_4)
FNDA:0,(anonymous_5)
FNDA:0,(anonymous_6)
FNDA:0,(anonymous_7)
FNDA:0,(anonymous_8)
FNDA:0,(anonymous_9)
FNDA:0,(anonymous_10)
FNDA:0,(anonymous_11)
FNDA:0,(anonymous_12)
FNDA:0,(anonymous_13)
FNDA:0,(anonymous_14)
FNDA:0,(anonymous_15)
FNDA:0,(anonymous_16)
FNDA:0,(anonymous_17)
FNDA:0,(anonymous_18)
FNDA:0,(anonymous_19)
DA:1,0
DA:2,0
DA:3,0
DA:4,0
DA:5,0
DA:6,0
DA:7,0
DA:8,0
DA:9,0
DA:188,0
DA:189,0
DA:190,0
DA:191,0
DA:192,0
DA:194,0
DA:195,0
DA:196,0
DA:197,0
DA:198,0
DA:203,0
DA:204,0
DA:205,0
DA:208,0
DA:211,0
DA:212,0
DA:215,0
DA:218,0
DA:219,0
DA:224,0
DA:230,0
DA:231,0
DA:233,0
DA:238,0
DA:239,0
DA:241,0
DA:242,0
DA:244,0
DA:245,0
DA:248,0
DA:250,0
DA:251,0
DA:255,0
DA:256,0
DA:257,0
DA:261,0
DA:265,0
DA:266,0
DA:268,0
DA:271,0
DA:272,0
DA:277,0
DA:281,0
DA:282,0
DA:286,0
DA:290,0
DA:291,0
DA:295,0
DA:299,0
DA:300,0
DA:301,0
DA:305,0
DA:306,0
DA:310,0
DA:311,0
DA:314,0
DA:315,0
DA:321,0
DA:322,0
DA:324,0
LF:69
LH:0
BRDA:224,0,0,0
BRDA:230,1,0,0
BRDA:230,1,1,0
BRDA:248,2,0,0
BRDA:248,2,1,0
BRDA:255,3,0,0
BRDA:266,4,0,0
BRDA:266,4,1,0
BRDA:281,5,0,0
BRDA:314,6,0,0
BRDA:321,7,0,0
BRF:11
BRH:0
end_of_record
TN:
SF:src/app/components/timeline/timeline-container.component.ts
FN:225,(anonymous_0)
FN:237,(anonymous_1)
FN:241,(anonymous_2)
FN:245,(anonymous_3)
FN:249,(anonymous_4)
FN:253,(anonymous_5)
FN:257,(anonymous_6)
FN:261,(anonymous_7)
FN:279,(anonymous_8)
FN:284,(anonymous_9)
FN:298,(anonymous_10)
FN:303,(anonymous_11)
FN:308,(anonymous_12)
FN:312,(anonymous_13)
FN:322,(anonymous_14)
FN:326,(anonymous_15)
FN:337,(anonymous_16)
FN:348,(anonymous_17)
FN:359,(anonymous_18)
FN:371,(anonymous_19)
FN:379,(anonymous_20)
FNF:21
FNH:0
FNDA:0,(anonymous_0)
FNDA:0,(anonymous_1)
FNDA:0,(anonymous_2)
FNDA:0,(anonymous_3)
FNDA:0,(anonymous_4)
FNDA:0,(anonymous_5)
FNDA:0,(anonymous_6)
FNDA:0,(anonymous_7)
FNDA:0,(anonymous_8)
FNDA:0,(anonymous_9)
FNDA:0,(anonymous_10)
FNDA:0,(anonymous_11)
FNDA:0,(anonymous_12)
FNDA:0,(anonymous_13)
FNDA:0,(anonymous_14)
FNDA:0,(anonymous_15)
FNDA:0,(anonymous_16)
FNDA:0,(anonymous_17)
FNDA:0,(anonymous_18)
FNDA:0,(anonymous_19)
FNDA:0,(anonymous_20)
DA:1,0
DA:2,0
DA:3,0
DA:4,0
DA:5,0
DA:6,0
DA:7,0
DA:10,0
DA:12,0
DA:13,0
DA:14,0
DA:15,0
DA:212,0
DA:213,0
DA:221,0
DA:223,0
DA:226,0
DA:227,0
DA:228,0
DA:229,0
DA:230,0
DA:233,0
DA:236,0
DA:237,0
DA:246,0
DA:250,0
DA:254,0
DA:258,0
DA:262,0
DA:263,0
DA:264,0
DA:265,0
DA:267,0
DA:269,0
DA:271,0
DA:273,0
DA:275,0
DA:280,0
DA:281,0
DA:286,0
DA:295,0
DA:299,0
DA:300,0
DA:304,0
DA:305,0
DA:309,0
DA:313,0
DA:315,0
DA:316,0
DA:318,0
DA:323,0
DA:327,0
DA:328,0
DA:329,0
DA:330,0
DA:331,0
DA:333,0
DA:338,0
DA:339,0
DA:340,0
DA:341,0
DA:342,0
DA:344,0
DA:349,0
DA:350,0
DA:351,0
DA:352,0
DA:353,0
DA:355,0
DA:360,0
DA:361,0
DA:362,0
DA:363,0
DA:364,0
DA:366,0
DA:372,0
DA:373,0
DA:374,0
DA:380,0
DA:381,0
DA:382,0
DA:383,0
LF:82
LH:0
BRDA:267,0,0,0
BRDA:267,0,1,0
BRDA:267,0,2,0
BRDA:313,1,0,0
BRDA:373,2,0,0
BRDA:380,3,0,0
BRDA:380,3,1,0
BRDA:382,4,0,0
BRF:8
BRH:0
end_of_record
TN:
SF:src/app/components/timeline/year-view.component.ts
FN:67,(anonymous_0)
FN:68,(anonymous_1)
FN:74,(anonymous_2)
FN:78,(anonymous_3)
FN:82,(anonymous_4)
FN:88,(anonymous_5)
FNF:6
FNH:0
FNDA:0,(anonymous_0)
FNDA:0,(anonymous_1)
FNDA:0,(anonymous_2)
FNDA:0,(anonymous_3)
FNDA:0,(anonymous_4)
FNDA:0,(anonymous_5)
DA:1,0
DA:2,0
DA:4,0
DA:5,0
DA:6,0
DA:62,0
DA:63,0
DA:65,0
DA:67,0
DA:68,0
DA:69,0
DA:70,0
DA:75,0
DA:79,0
DA:80,0
DA:81,0
DA:82,0
DA:83,0
DA:84,0
DA:89,0
DA:90,0
LF:21
LH:0
BRDA:79,0,0,0
BRDA:84,1,0,0
BRDA:84,1,1,0
BRF:3
BRH:0
end_of_record
TN:
SF:src/app/components/toast/toast-container.component.ts
FN:135,(anonymous_0)
FN:137,(anonymous_1)
FN:147,(anonymous_2)
FN:151,(anonymous_3)
FNF:4
FNH:0
FNDA:0,(anonymous_0)
FNDA:0,(anonymous_1)
FNDA:0,(anonymous_2)
FNDA:0,(anonymous_3)
DA:1,0
DA:2,0
DA:3,0
DA:4,0
DA:132,0
DA:133,0
DA:135,0
DA:138,0
DA:144,0
DA:148,0
DA:152,0
DA:153,0
DA:154,0
LF:13
LH:0
BRDA:144,0,0,0
BRDA:144,0,1,0
BRDA:152,1,0,0
BRF:3
BRH:0
end_of_record
TN:
SF:src/app/guards/auth.guard.ts
FN:5,(anonymous_0)
FNF:1
FNH:0
FNDA:0,(anonymous_0)
DA:1,0
DA:2,0
DA:3,0
DA:5,0
DA:6,0
DA:7,0
DA:9,0
DA:10,0
DA:14,0
LF:9
LH:0
BRDA:9,0,0,0
BRF:1
BRH:0
end_of_record
TN:
SF:src/app/layouts/planning-layout.component.ts
FN:95,(anonymous_0)
FN:101,(anonymous_1)
FN:105,(anonymous_2)
FN:109,(anonymous_3)
FNF:4
FNH:0
FNDA:0,(anonymous_0)
FNDA:0,(anonymous_1)
FNDA:0,(anonymous_2)
FNDA:0,(anonymous_3)
DA:1,0
DA:2,0
DA:3,0
DA:4,0
DA:5,0
DA:94,0
DA:96,0
DA:97,0
DA:98,0
DA:102,0
DA:106,0
DA:110,0
DA:111,0
LF:13
LH:0
BRF:0
BRH:0
end_of_record
TN:
SF:src/app/layouts/releases-layout.component.ts
FN:74,(anonymous_0)
FN:80,(anonymous_1)
FN:84,(anonymous_2)
FN:88,(anonymous_3)
FNF:4
FNH:0
FNDA:0,(anonymous_0)
FNDA:0,(anonymous_1)
FNDA:0,(anonymous_2)
FNDA:0,(anonymous_3)
DA:1,0
DA:2,0
DA:3,0
DA:4,0
DA:5,0
DA:73,0
DA:75,0
DA:76,0
DA:77,0
DA:81,0
DA:85,0
DA:89,0
DA:90,0
LF:13
LH:0
BRF:0
BRH:0
end_of_record
TN:
SF:src/app/models/event.model.ts
FNF:0
FNH:0
DA:24,0
DA:35,0
DA:47,0
LF:3
LH:0
BRF:0
BRH:0
end_of_record
TN:
SF:src/app/models/filter.model.ts
FNF:0
FNH:0
DA:7,0
LF:1
LH:0
BRF:0
BRH:0
end_of_record
TN:
SF:src/app/models/history.model.ts
FNF:0
FNH:0
DA:19,0
LF:1
LH:0
BRF:0
BRH:0
end_of_record
TN:
SF:src/app/models/index.ts
FNF:0
FNH:0
DA:1,0
DA:2,0
DA:3,0
DA:4,0
DA:5,0
LF:5
LH:0
BRF:0
BRH:0
end_of_record
TN:
SF:src/app/models/release.model.ts
FNF:0
FNH:0
DA:138,1
DA:144,1
DA:149,1
DA:154,1
DA:161,1
DA:166,1
DA:173,1
LF:7
LH:7
BRF:0
BRH:0
end_of_record
TN:
SF:src/app/models/settings.model.ts
FNF:0
FNH:0
DA:20,0
LF:1
LH:0
BRF:0
BRH:0
end_of_record
TN:
SF:src/app/models/timeline.model.ts
FNF:0
FNH:0
DA:22,0
DA:27,0
DA:32,0
DA:36,0
DA:38,0
DA:43,0
DA:48,0
DA:52,0
LF:8
LH:0
BRF:0
BRH:0
end_of_record
TN:
SF:src/app/services/auth.service.ts
FN:14,(anonymous_0)
FN:16,(anonymous_1)
FN:24,(anonymous_2)
FN:45,(anonymous_3)
FN:53,(anonymous_4)
FN:61,(anonymous_5)
FN:69,(anonymous_6)
FNF:7
FNH:0
FNDA:0,(anonymous_0)
FNDA:0,(anonymous_1)
FNDA:0,(anonymous_2)
FNDA:0,(anonymous_3)
FNDA:0,(anonymous_4)
FNDA:0,(anonymous_5)
FNDA:0,(anonymous_6)
DA:1,0
DA:2,0
DA:7,0
DA:8,0
DA:9,0
DA:11,0
DA:12,0
DA:17,0
DA:32,0
DA:33,0
DA:34,0
DA:35,0
DA:36,0
DA:39,0
DA:46,0
DA:47,0
DA:54,0
DA:62,0
DA:70,0
LF:19
LH:0
BRDA:32,0,0,0
BRF:1
BRH:0
end_of_record
TN:
SF:src/app/services/category.service.ts
FN:32,(anonymous_0)
FN:35,(anonymous_1)
FN:39,(anonymous_2)
FN:50,(anonymous_3)
FN:66,(anonymous_4)
FN:71,(anonymous_5)
FN:82,(anonymous_6)
FN:96,(anonymous_7)
FN:97,(anonymous_8)
FN:101,(anonymous_9)
FN:102,(anonymous_10)
FN:106,(anonymous_11)
FN:112,(anonymous_12)
FN:118,(anonymous_13)
FN:124,(anonymous_14)
FN:145,(anonymous_15)
FN:149,(anonymous_16)
FN:156,(anonymous_17)
FN:160,(anonymous_18)
FNF:19
FNH:0
FNDA:0,(anonymous_0)
FNDA:0,(anonymous_1)
FNDA:0,(anonymous_2)
FNDA:0,(anonymous_3)
FNDA:0,(anonymous_4)
FNDA:0,(anonymous_5)
FNDA:0,(anonymous_6)
FNDA:0,(anonymous_7)
FNDA:0,(anonymous_8)
FNDA:0,(anonymous_9)
FNDA:0,(anonymous_10)
FNDA:0,(anonymous_11)
FNDA:0,(anonymous_12)
FNDA:0,(anonymous_13)
FNDA:0,(anonymous_14)
FNDA:0,(anonymous_15)
FNDA:0,(anonymous_16)
FNDA:0,(anonymous_17)
FNDA:0,(anonymous_18)
DA:1,0
DA:2,0
DA:3,0
DA:4,0
DA:23,0
DA:24,0
DA:32,0
DA:34,0
DA:36,0
DA:39,0
DA:40,0
DA:50,0
DA:51,0
DA:60,0
DA:67,0
DA:68,0
DA:71,0
DA:72,0
DA:82,0
DA:83,0
DA:92,0
DA:97,0
DA:102,0
DA:107,0
DA:108,0
DA:113,0
DA:114,0
DA:119,0
DA:120,0
DA:125,0
DA:134,0
DA:135,0
DA:140,0
DA:141,0
DA:146,0
DA:147,0
DA:149,0
DA:152,0
DA:157,0
DA:158,0
DA:161,0
DA:165,0
LF:42
LH:0
BRDA:108,0,0,0
BRDA:108,0,1,0
BRDA:114,1,0,0
BRDA:114,1,1,0
BRDA:120,2,0,0
BRDA:120,2,1,0
BRDA:161,3,0,0
BRDA:161,3,1,0
BRF:8
BRH:0
end_of_record
TN:
SF:src/app/services/confirmation.service.ts
FN:8,(anonymous_0)
FN:14,(anonymous_1)
FN:15,(anonymous_2)
FN:21,(anonymous_3)
FN:29,(anonymous_4)
FNF:5
FNH:0
FNDA:0,(anonymous_0)
FNDA:0,(anonymous_1)
FNDA:0,(anonymous_2)
FNDA:0,(anonymous_3)
FNDA:0,(anonymous_4)
DA:1,1
DA:2,1
DA:8,1
DA:9,0
DA:10,0
DA:15,0
DA:16,0
DA:17,0
DA:22,0
DA:23,0
DA:24,0
DA:26,0
DA:30,0
LF:13
LH:3
BRDA:22,0,0,0
BRF:1
BRH:0
end_of_record
TN:
SF:src/app/services/database.service.ts
FN:12,(anonymous_0)
FNF:1
FNH:0
FNDA:0,(anonymous_0)
DA:1,0
DA:6,0
DA:13,0
DA:15,0
DA:24,0
LF:5
LH:0
BRF:0
BRH:0
end_of_record
TN:
SF:src/app/services/event.service.ts
FN:19,(anonymous_0)
FN:23,(anonymous_1)
FN:35,(anonymous_2)
FN:47,(anonymous_3)
FN:59,(anonymous_4)
FN:70,(anonymous_5)
FN:89,(anonymous_6)
FN:93,(anonymous_7)
FN:97,(anonymous_8)
FN:108,(anonymous_9)
FN:120,(anonymous_10)
FNF:11
FNH:0
FNDA:0,(anonymous_0)
FNDA:0,(anonymous_1)
FNDA:0,(anonymous_2)
FNDA:0,(anonymous_3)
FNDA:0,(anonymous_4)
FNDA:0,(anonymous_5)
FNDA:0,(anonymous_6)
FNDA:0,(anonymous_7)
FNDA:0,(anonymous_8)
FNDA:0,(anonymous_9)
FNDA:0,(anonymous_10)
DA:1,0
DA:2,0
DA:3,0
DA:5,0
DA:10,0
DA:11,0
DA:13,0
DA:14,0
DA:16,0
DA:17,0
DA:19,0
DA:20,0
DA:24,0
DA:25,0
DA:26,0
DA:27,0
DA:29,0
DA:31,0
DA:36,0
DA:37,0
DA:40,0
DA:41,0
DA:43,0
DA:48,0
DA:49,0
DA:52,0
DA:53,0
DA:55,0
DA:60,0
DA:61,0
DA:64,0
DA:66,0
DA:71,0
DA:72,0
DA:76,0
DA:77,0
DA:83,0
DA:85,0
DA:90,0
DA:94,0
DA:98,0
DA:99,0
DA:102,0
DA:104,0
DA:109,0
DA:110,0
DA:111,0
DA:114,0
DA:116,0
DA:121,0
LF:50
LH:0
BRDA:80,0,0,0
BRDA:80,0,1,0
BRF:2
BRH:0
end_of_record
TN:
SF:src/app/services/export.service.ts
FN:13,(anonymous_0)
FN:15,(anonymous_1)
FN:26,(anonymous_2)
FN:37,(anonymous_3)
FN:72,(anonymous_4)
FN:85,(anonymous_5)
FN:101,(anonymous_6)
FN:119,(anonymous_7)
FN:138,(anonymous_8)
FN:154,(anonymous_9)
FN:160,(anonymous_10)
FN:167,(anonymous_11)
FNF:12
FNH:0
FNDA:0,(anonymous_0)
FNDA:0,(anonymous_1)
FNDA:0,(anonymous_2)
FNDA:0,(anonymous_3)
FNDA:0,(anonymous_4)
FNDA:0,(anonymous_5)
FNDA:0,(anonymous_6)
FNDA:0,(anonymous_7)
FNDA:0,(anonymous_8)
FNDA:0,(anonymous_9)
FNDA:0,(anonymous_10)
FNDA:0,(anonymous_11)
DA:1,0
DA:2,0
DA:3,0
DA:5,0
DA:12,0
DA:13,0
DA:16,0
DA:17,0
DA:18,0
DA:19,0
DA:21,0
DA:22,0
DA:27,0
DA:28,0
DA:29,0
DA:30,0
DA:32,0
DA:33,0
DA:38,0
DA:39,0
DA:40,0
DA:41,0
DA:44,0
DA:50,0
DA:51,0
DA:56,0
DA:57,0
DA:58,0
DA:59,0
DA:60,0
DA:61,0
DA:62,0
DA:64,0
DA:65,0
DA:67,0
DA:68,0
DA:73,0
DA:74,0
DA:75,0
DA:76,0
DA:79,0
DA:85,0
DA:86,0
DA:87,0
DA:88,0
DA:89,0
DA:90,0
DA:91,0
DA:92,0
DA:96,0
DA:97,0
DA:102,0
DA:103,0
DA:104,0
DA:107,0
DA:108,0
DA:111,0
DA:112,0
DA:114,0
DA:115,0
DA:120,0
DA:121,0
DA:124,0
DA:138,0
DA:152,0
DA:154,0
DA:157,0
DA:161,0
DA:162,0
DA:164,0
DA:168,0
DA:169,0
DA:170,0
DA:171,0
DA:172,0
DA:173,0
DA:174,0
LF:77
LH:0
BRDA:37,0,0,0
BRDA:40,1,0,0
BRDA:52,2,0,0
BRDA:52,2,1,0
BRDA:72,3,0,0
BRDA:75,4,0,0
BRDA:86,5,0,0
BRDA:107,6,0,0
BRDA:120,7,0,0
BRDA:139,8,0,0
BRDA:139,8,1,0
BRDA:142,9,0,0
BRDA:142,9,1,0
BRDA:143,10,0,0
BRDA:143,10,1,0
BRDA:147,11,0,0
BRDA:147,11,1,0
BRDA:161,12,0,0
BRDA:161,13,0,0
BRDA:161,13,1,0
BRDA:161,13,2,0
BRF:21
BRH:0
end_of_record
TN:
SF:src/app/services/filter.service.ts
FN:16,(anonymous_0)
FN:21,(anonymous_1)
FN:24,(anonymous_2)
FN:28,(anonymous_3)
FN:33,(anonymous_4)
FN:41,(anonymous_5)
FN:46,(anonymous_6)
FN:50,(anonymous_7)
FN:64,(anonymous_8)
FN:68,(anonymous_9)
FN:72,(anonymous_10)
FNF:11
FNH:0
FNDA:0,(anonymous_0)
FNDA:0,(anonymous_1)
FNDA:0,(anonymous_2)
FNDA:0,(anonymous_3)
FNDA:0,(anonymous_4)
FNDA:0,(anonymous_5)
FNDA:0,(anonymous_6)
FNDA:0,(anonymous_7)
FNDA:0,(anonymous_8)
FNDA:0,(anonymous_9)
FNDA:0,(anonymous_10)
DA:1,0
DA:2,0
DA:4,0
DA:5,0
DA:10,0
DA:11,0
DA:12,0
DA:16,0
DA:17,0
DA:21,0
DA:24,0
DA:29,0
DA:32,0
DA:33,0
DA:34,0
DA:38,0
DA:42,0
DA:43,0
DA:47,0
DA:51,0
DA:52,0
DA:53,0
DA:55,0
DA:56,0
DA:58,0
DA:61,0
DA:65,0
DA:69,0
DA:73,0
DA:74,0
LF:30
LH:0
BRDA:32,0,0,0
BRDA:55,1,0,0
BRDA:55,1,1,0
BRF:3
BRH:0
end_of_record
TN:
SF:src/app/services/history.service.ts
FN:18,(anonymous_0)
FN:25,(anonymous_1)
FN:29,(anonymous_2)
FN:40,(anonymous_3)
FN:51,(anonymous_4)
FN:63,(anonymous_5)
FN:68,(anonymous_6)
FN:69,(anonymous_7)
FN:75,(anonymous_8)
FNF:9
FNH:0
FNDA:0,(anonymous_0)
FNDA:0,(anonymous_1)
FNDA:0,(anonymous_2)
FNDA:0,(anonymous_3)
FNDA:0,(anonymous_4)
FNDA:0,(anonymous_5)
FNDA:0,(anonymous_6)
FNDA:0,(anonymous_7)
FNDA:0,(anonymous_8)
DA:1,0
DA:2,0
DA:3,0
DA:5,0
DA:10,0
DA:11,0
DA:13,0
DA:14,0
DA:18,0
DA:19,0
DA:21,0
DA:26,0
DA:30,0
DA:31,0
DA:34,0
DA:41,0
DA:42,0
DA:45,0
DA:47,0
DA:52,0
DA:53,0
DA:56,0
DA:58,0
DA:64,0
DA:69,0
DA:70,0
DA:76,0
DA:77,0
DA:78,0
LF:29
LH:0
BRDA:76,0,0,0
BRF:1
BRH:0
end_of_record
TN:
SF:src/app/services/release.service.ts
FN:28,(anonymous_0)
FN:34,(anonymous_1)
FN:46,(anonymous_2)
FN:59,(anonymous_3)
FN:72,(anonymous_4)
FN:91,(anonymous_5)
FN:111,(anonymous_6)
FN:129,(anonymous_7)
FN:147,(anonymous_8)
FN:165,(anonymous_9)
FN:183,(anonymous_10)
FN:201,(anonymous_11)
FN:218,(anonymous_12)
FN:225,(anonymous_13)
FN:241,(anonymous_14)
FNF:15
FNH:0
FNDA:0,(anonymous_0)
FNDA:0,(anonymous_1)
FNDA:0,(anonymous_2)
FNDA:0,(anonymous_3)
FNDA:0,(anonymous_4)
FNDA:0,(anonymous_5)
FNDA:0,(anonymous_6)
FNDA:0,(anonymous_7)
FNDA:0,(anonymous_8)
FNDA:0,(anonymous_9)
FNDA:0,(anonymous_10)
FNDA:0,(anonymous_11)
FNDA:0,(anonymous_12)
FNDA:0,(anonymous_13)
FNDA:0,(anonymous_14)
DA:1,1
DA:2,1
DA:3,1
DA:5,1
DA:19,1
DA:20,0
DA:22,0
DA:23,0
DA:25,0
DA:26,0
DA:28,0
DA:29,0
DA:35,0
DA:36,0
DA:39,0
DA:41,0
DA:42,0
DA:47,0
DA:48,0
DA:51,0
DA:52,0
DA:54,0
DA:55,0
DA:60,0
DA:61,0
DA:64,0
DA:65,0
DA:67,0
DA:68,0
DA:73,0
DA:74,0
DA:79,0
DA:80,0
DA:83,0
DA:84,0
DA:86,0
DA:87,0
DA:92,0
DA:93,0
DA:98,0
DA:99,0
DA:102,0
DA:104,0
DA:105,0
DA:112,0
DA:113,0
DA:118,0
DA:119,0
DA:122,0
DA:124,0
DA:125,0
DA:130,0
DA:131,0
DA:136,0
DA:137,0
DA:140,0
DA:142,0
DA:143,0
DA:148,0
DA:149,0
DA:154,0
DA:155,0
DA:158,0
DA:159,0
DA:166,0
DA:167,0
DA:172,0
DA:173,0
DA:176,0
DA:178,0
DA:179,0
DA:184,0
DA:185,0
DA:190,0
DA:191,0
DA:194,0
DA:196,0
DA:197,0
DA:202,0
DA:203,0
DA:208,0
DA:209,0
DA:212,0
DA:213,0
DA:219,0
DA:220,0
DA:226,0
DA:227,0
DA:232,0
DA:233,0
DA:236,0
DA:237,0
DA:242,0
DA:243,0
DA:248,0
DA:249,0
DA:252,0
DA:253,0
LF:98
LH:5
BRDA:79,0,0,0
BRDA:98,1,0,0
BRDA:118,2,0,0
BRDA:136,3,0,0
BRDA:154,4,0,0
BRDA:172,5,0,0
BRDA:190,6,0,0
BRDA:208,7,0,0
BRDA:219,8,0,0
BRDA:219,8,1,0
BRDA:232,9,0,0
BRDA:248,10,0,0
BRF:12
BRH:0
end_of_record
TN:
SF:src/app/services/settings.service.ts
FN:16,(anonymous_0)
FN:20,(anonymous_1)
FN:34,(anonymous_2)
FN:45,(anonymous_3)
FN:51,(anonymous_4)
FN:61,(anonymous_5)
FN:70,(anonymous_6)
FN:74,(anonymous_7)
FN:78,(anonymous_8)
FNF:9
FNH:0
FNDA:0,(anonymous_0)
FNDA:0,(anonymous_1)
FNDA:0,(anonymous_2)
FNDA:0,(anonymous_3)
FNDA:0,(anonymous_4)
FNDA:0,(anonymous_5)
FNDA:0,(anonymous_6)
FNDA:0,(anonymous_7)
FNDA:0,(anonymous_8)
DA:1,0
DA:2,0
DA:3,0
DA:4,0
DA:5,0
DA:10,0
DA:11,0
DA:13,0
DA:14,0
DA:16,0
DA:17,0
DA:21,0
DA:22,0
DA:25,0
DA:26,0
DA:29,0
DA:30,0
DA:35,0
DA:36,0
DA:39,0
DA:41,0
DA:46,0
DA:47,0
DA:48,0
DA:52,0
DA:53,0
DA:58,0
DA:62,0
DA:63,0
DA:64,0
DA:66,0
DA:71,0
DA:75,0
DA:79,0
DA:80,0
DA:81,0
LF:36
LH:0
BRDA:63,0,0,0
BRDA:63,0,1,0
BRDA:80,1,0,0
BRDA:80,1,1,0
BRF:4
BRH:0
end_of_record
TN:
SF:src/app/services/timeline.service.ts
FN:8,(anonymous_0)
FN:16,(anonymous_1)
FN:21,(anonymous_2)
FN:26,(anonymous_3)
FN:31,(anonymous_4)
FN:49,(anonymous_5)
FN:67,(anonymous_6)
FN:76,(anonymous_7)
FN:77,(anonymous_8)
FN:80,(anonymous_9)
FNF:10
FNH:0
FNDA:0,(anonymous_0)
FNDA:0,(anonymous_1)
FNDA:0,(anonymous_2)
FNDA:0,(anonymous_3)
FNDA:0,(anonymous_4)
FNDA:0,(anonymous_5)
FNDA:0,(anonymous_6)
FNDA:0,(anonymous_7)
FNDA:0,(anonymous_8)
FNDA:0,(anonymous_9)
DA:1,0
DA:2,0
DA:8,0
DA:9,0
DA:14,0
DA:17,0
DA:18,0
DA:22,0
DA:23,0
DA:27,0
DA:28,0
DA:32,0
DA:33,0
DA:36,0
DA:39,0
DA:40,0
DA:42,0
DA:43,0
DA:46,0
DA:50,0
DA:51,0
DA:54,0
DA:57,0
DA:58,0
DA:60,0
DA:61,0
DA:64,0
DA:68,0
DA:70,0
DA:73,0
DA:74,0
DA:77,0
DA:81,0
LF:33
LH:0
BRDA:36,0,0,0
BRDA:36,0,1,0
BRDA:54,1,0,0
BRDA:54,1,1,0
BRF:4
BRH:0
end_of_record
TN:
SF:src/app/services/toast.service.ts
FN:8,(anonymous_0)
FN:12,(anonymous_1)
FN:16,(anonymous_2)
FN:32,(anonymous_3)
FN:40,(anonymous_4)
FN:49,(anonymous_5)
FN:58,(anonymous_6)
FN:68,(anonymous_7)
FN:77,(anonymous_8)
FN:79,(anonymous_9)
FN:82,(anonymous_10)
FNF:11
FNH:0
FNDA:0,(anonymous_0)
FNDA:0,(anonymous_1)
FNDA:0,(anonymous_2)
FNDA:0,(anonymous_3)
FNDA:0,(anonymous_4)
FNDA:0,(anonymous_5)
FNDA:0,(anonymous_6)
FNDA:0,(anonymous_7)
FNDA:0,(anonymous_8)
FNDA:0,(anonymous_9)
FNDA:0,(anonymous_10)
DA:1,1
DA:2,1
DA:8,1
DA:9,0
DA:10,0
DA:13,0
DA:17,0
DA:27,0
DA:28,0
DA:31,0
DA:32,0
DA:33,0
DA:37,0
DA:41,0
DA:50,0
DA:59,0
DA:69,0
DA:78,0
DA:79,0
DA:83,0
LF:20
LH:3
BRDA:22,0,0,0
BRDA:22,0,1,0
BRDA:31,1,0,0
BRDA:31,2,0,0
BRDA:31,2,1,0
BRDA:54,3,0,0
BRDA:54,3,1,0
BRF:7
BRH:0
end_of_record
