<?xml version="1.0" encoding="UTF-8"?>
<testsuite xmlns:xsi="http://www.w3.org/2001/XMLSchema-instance" xsi:noNamespaceSchemaLocation="https://maven.apache.org/surefire/maven-surefire-plugin/xsd/surefire-test-report.xsd" version="3.0.2" name="com.catsbanque.mabanquetools.controller.ReleaseControllerIntegrationTest" time="0.207" tests="8" errors="0" skipped="0" failures="0">
  <properties>
[...]
</properties>
  <testcase name="testGetReleaseById_Success" classname="ReleaseController - Tests d&apos;intégration E2E" time="0.053">
    <system-out><![CDATA[2025-12-18 22:01:02 - 
    select
        r1_0.id,
        r1_0.created_at,
        r1_0.description,
        r1_0.name,
        r1_0.release_date,
        r1_0.slug,
        r1_0.status,
        r1_0.type,
        r1_0.updated_at 
    from
        app_release r1_0
2025-12-18 22:01:02 - POST /api/releases - name: Release v1.0.0
2025-12-18 22:01:02 - Release created: cmjbxdk9cys8tgrwk
2025-12-18 22:01:02 - GET /api/releases/cmjbxdk9cys8tgrwk
2025-12-18 22:01:02 - 
    insert 
    into
        app_release
        (created_at, description, name, release_date, slug, status, type, updated_at, id) 
    values
        (?, ?, ?, ?, ?, ?, ?, ?, ?)
2025-12-18 22:01:02 - 
    insert 
    into
        squad
        (created_at, features_empty_confirmed, is_completed, post_mep_empty_confirmed, pre_mep_empty_confirmed, release_id, squad_number, tonton_mep, updated_at, id) 
    values
        (?, ?, ?, ?, ?, ?, ?, ?, ?, ?)
2025-12-18 22:01:02 - 
    insert 
    into
        squad
        (created_at, features_empty_confirmed, is_completed, post_mep_empty_confirmed, pre_mep_empty_confirmed, release_id, squad_number, tonton_mep, updated_at, id) 
    values
        (?, ?, ?, ?, ?, ?, ?, ?, ?, ?)
2025-12-18 22:01:02 - 
    insert 
    into
        squad
        (created_at, features_empty_confirmed, is_completed, post_mep_empty_confirmed, pre_mep_empty_confirmed, release_id, squad_number, tonton_mep, updated_at, id) 
    values
        (?, ?, ?, ?, ?, ?, ?, ?, ?, ?)
2025-12-18 22:01:02 - 
    insert 
    into
        squad
        (created_at, features_empty_confirmed, is_completed, post_mep_empty_confirmed, pre_mep_empty_confirmed, release_id, squad_number, tonton_mep, updated_at, id) 
    values
        (?, ?, ?, ?, ?, ?, ?, ?, ?, ?)
2025-12-18 22:01:02 - 
    insert 
    into
        squad
        (created_at, features_empty_confirmed, is_completed, post_mep_empty_confirmed, pre_mep_empty_confirmed, release_id, squad_number, tonton_mep, updated_at, id) 
    values
        (?, ?, ?, ?, ?, ?, ?, ?, ?, ?)
2025-12-18 22:01:02 - 
    insert 
    into
        squad
        (created_at, features_empty_confirmed, is_completed, post_mep_empty_confirmed, pre_mep_empty_confirmed, release_id, squad_number, tonton_mep, updated_at, id) 
    values
        (?, ?, ?, ?, ?, ?, ?, ?, ?, ?)
2025-12-18 22:01:02 - 
    select
        r1_0.id,
        r1_0.created_at,
        r1_0.description,
        r1_0.name,
        r1_0.release_date,
        r1_0.slug,
        s1_0.release_id,
        s1_0.id,
        s1_0.created_at,
        s1_0.features_empty_confirmed,
        s1_0.is_completed,
        s1_0.post_mep_empty_confirmed,
        s1_0.pre_mep_empty_confirmed,
        s1_0.squad_number,
        s1_0.tonton_mep,
        s1_0.updated_at,
        r1_0.status,
        r1_0.type,
        r1_0.updated_at 
    from
        app_release r1_0 
    left join
        squad s1_0 
            on r1_0.id=s1_0.release_id 
    where
        r1_0.slug=?
2025-12-18 22:01:02 - 
    select
        r1_0.id,
        r1_0.created_at,
        r1_0.description,
        r1_0.name,
        r1_0.release_date,
        r1_0.slug,
        s1_0.release_id,
        s1_0.id,
        s1_0.created_at,
        s1_0.features_empty_confirmed,
        s1_0.is_completed,
        s1_0.post_mep_empty_confirmed,
        s1_0.pre_mep_empty_confirmed,
        s1_0.squad_number,
        s1_0.tonton_mep,
        s1_0.updated_at,
        r1_0.status,
        r1_0.type,
        r1_0.updated_at 
    from
        app_release r1_0 
    left join
        squad s1_0 
            on r1_0.id=s1_0.release_id 
    where
        r1_0.id=?
]]></system-out>
  </testcase>
  <testcase name="testUpdateReleaseStatus_Success" classname="ReleaseController - Tests d&apos;intégration E2E" time="0.022">
    <system-out><![CDATA[2025-12-18 22:01:02 - 
    select
        r1_0.id,
        r1_0.created_at,
        r1_0.description,
        r1_0.name,
        r1_0.release_date,
        r1_0.slug,
        r1_0.status,
        r1_0.type,
        r1_0.updated_at 
    from
        app_release r1_0
2025-12-18 22:01:02 - POST /api/releases - name: Release v1.0.0
2025-12-18 22:01:02 - Release created: cmjbxdkai48xhwrmj
2025-12-18 22:01:02 - PATCH /api/releases/cmjbxdkai48xhwrmj/status - status: in_progress
2025-12-18 22:01:02 - 
    insert 
    into
        app_release
        (created_at, description, name, release_date, slug, status, type, updated_at, id) 
    values
        (?, ?, ?, ?, ?, ?, ?, ?, ?)
2025-12-18 22:01:02 - 
    insert 
    into
        squad
        (created_at, features_empty_confirmed, is_completed, post_mep_empty_confirmed, pre_mep_empty_confirmed, release_id, squad_number, tonton_mep, updated_at, id) 
    values
        (?, ?, ?, ?, ?, ?, ?, ?, ?, ?)
2025-12-18 22:01:02 - 
    insert 
    into
        squad
        (created_at, features_empty_confirmed, is_completed, post_mep_empty_confirmed, pre_mep_empty_confirmed, release_id, squad_number, tonton_mep, updated_at, id) 
    values
        (?, ?, ?, ?, ?, ?, ?, ?, ?, ?)
2025-12-18 22:01:02 - 
    insert 
    into
        squad
        (created_at, features_empty_confirmed, is_completed, post_mep_empty_confirmed, pre_mep_empty_confirmed, release_id, squad_number, tonton_mep, updated_at, id) 
    values
        (?, ?, ?, ?, ?, ?, ?, ?, ?, ?)
2025-12-18 22:01:02 - 
    insert 
    into
        squad
        (created_at, features_empty_confirmed, is_completed, post_mep_empty_confirmed, pre_mep_empty_confirmed, release_id, squad_number, tonton_mep, updated_at, id) 
    values
        (?, ?, ?, ?, ?, ?, ?, ?, ?, ?)
2025-12-18 22:01:02 - 
    insert 
    into
        squad
        (created_at, features_empty_confirmed, is_completed, post_mep_empty_confirmed, pre_mep_empty_confirmed, release_id, squad_number, tonton_mep, updated_at, id) 
    values
        (?, ?, ?, ?, ?, ?, ?, ?, ?, ?)
2025-12-18 22:01:02 - 
    insert 
    into
        squad
        (created_at, features_empty_confirmed, is_completed, post_mep_empty_confirmed, pre_mep_empty_confirmed, release_id, squad_number, tonton_mep, updated_at, id) 
    values
        (?, ?, ?, ?, ?, ?, ?, ?, ?, ?)
2025-12-18 22:01:02 - 
    select
        r1_0.id,
        r1_0.created_at,
        r1_0.description,
        r1_0.name,
        r1_0.release_date,
        r1_0.slug,
        s1_0.release_id,
        s1_0.id,
        s1_0.created_at,
        s1_0.features_empty_confirmed,
        s1_0.is_completed,
        s1_0.post_mep_empty_confirmed,
        s1_0.pre_mep_empty_confirmed,
        s1_0.squad_number,
        s1_0.tonton_mep,
        s1_0.updated_at,
        r1_0.status,
        r1_0.type,
        r1_0.updated_at 
    from
        app_release r1_0 
    left join
        squad s1_0 
            on r1_0.id=s1_0.release_id 
    where
        r1_0.slug=?
2025-12-18 22:01:02 - 
    select
        r1_0.id,
        r1_0.created_at,
        r1_0.description,
        r1_0.name,
        r1_0.release_date,
        r1_0.slug,
        s1_0.release_id,
        s1_0.id,
        s1_0.created_at,
        s1_0.features_empty_confirmed,
        s1_0.is_completed,
        s1_0.post_mep_empty_confirmed,
        s1_0.pre_mep_empty_confirmed,
        s1_0.squad_number,
        s1_0.tonton_mep,
        s1_0.updated_at,
        r1_0.status,
        r1_0.type,
        r1_0.updated_at 
    from
        app_release r1_0 
    left join
        squad s1_0 
            on r1_0.id=s1_0.release_id 
    where
        r1_0.id=?
2025-12-18 22:01:02 - Release status updated: cmjbxdkai48xhwrmj -> in_progress
]]></system-out>
  </testcase>
  <testcase name="testGetAllReleases_Empty" classname="ReleaseController - Tests d&apos;intégration E2E" time="0.013">
    <system-out><![CDATA[2025-12-18 22:01:02 - 
    select
        r1_0.id,
        r1_0.created_at,
        r1_0.description,
        r1_0.name,
        r1_0.release_date,
        r1_0.slug,
        r1_0.status,
        r1_0.type,
        r1_0.updated_at 
    from
        app_release r1_0
2025-12-18 22:01:02 - GET /api/releases
2025-12-18 22:01:02 - 
    select
        r1_0.id,
        r1_0.created_at,
        r1_0.description,
        r1_0.name,
        r1_0.release_date,
        r1_0.slug,
        r1_0.status,
        r1_0.type,
        r1_0.updated_at 
    from
        app_release r1_0 
    where
        r1_0.release_date>?
2025-12-18 22:01:02 - 
    select
        r1_0.id,
        r1_0.created_at,
        r1_0.description,
        r1_0.name,
        r1_0.release_date,
        r1_0.slug,
        r1_0.status,
        r1_0.type,
        r1_0.updated_at 
    from
        app_release r1_0 
    where
        r1_0.release_date<? 
    order by
        r1_0.release_date desc 
    fetch
        first ? rows only
]]></system-out>
  </testcase>
  <testcase name="testDeleteRelease_Success" classname="ReleaseController - Tests d&apos;intégration E2E" time="0.029">
    <system-out><![CDATA[2025-12-18 22:01:02 - 
    select
        r1_0.id,
        r1_0.created_at,
        r1_0.description,
        r1_0.name,
        r1_0.release_date,
        r1_0.slug,
        r1_0.status,
        r1_0.type,
        r1_0.updated_at 
    from
        app_release r1_0
2025-12-18 22:01:02 - POST /api/releases - name: Release to Delete
2025-12-18 22:01:02 - Release created: cmjbxdkbi6zu6kzy7
2025-12-18 22:01:02 - DELETE /api/releases/cmjbxdkbi6zu6kzy7
2025-12-18 22:01:02 - 
    insert 
    into
        app_release
        (created_at, description, name, release_date, slug, status, type, updated_at, id) 
    values
        (?, ?, ?, ?, ?, ?, ?, ?, ?)
2025-12-18 22:01:02 - 
    insert 
    into
        squad
        (created_at, features_empty_confirmed, is_completed, post_mep_empty_confirmed, pre_mep_empty_confirmed, release_id, squad_number, tonton_mep, updated_at, id) 
    values
        (?, ?, ?, ?, ?, ?, ?, ?, ?, ?)
2025-12-18 22:01:02 - 
    insert 
    into
        squad
        (created_at, features_empty_confirmed, is_completed, post_mep_empty_confirmed, pre_mep_empty_confirmed, release_id, squad_number, tonton_mep, updated_at, id) 
    values
        (?, ?, ?, ?, ?, ?, ?, ?, ?, ?)
2025-12-18 22:01:02 - 
    insert 
    into
        squad
        (created_at, features_empty_confirmed, is_completed, post_mep_empty_confirmed, pre_mep_empty_confirmed, release_id, squad_number, tonton_mep, updated_at, id) 
    values
        (?, ?, ?, ?, ?, ?, ?, ?, ?, ?)
2025-12-18 22:01:02 - 
    insert 
    into
        squad
        (created_at, features_empty_confirmed, is_completed, post_mep_empty_confirmed, pre_mep_empty_confirmed, release_id, squad_number, tonton_mep, updated_at, id) 
    values
        (?, ?, ?, ?, ?, ?, ?, ?, ?, ?)
2025-12-18 22:01:02 - 
    insert 
    into
        squad
        (created_at, features_empty_confirmed, is_completed, post_mep_empty_confirmed, pre_mep_empty_confirmed, release_id, squad_number, tonton_mep, updated_at, id) 
    values
        (?, ?, ?, ?, ?, ?, ?, ?, ?, ?)
2025-12-18 22:01:02 - 
    insert 
    into
        squad
        (created_at, features_empty_confirmed, is_completed, post_mep_empty_confirmed, pre_mep_empty_confirmed, release_id, squad_number, tonton_mep, updated_at, id) 
    values
        (?, ?, ?, ?, ?, ?, ?, ?, ?, ?)
2025-12-18 22:01:02 - 
    select
        r1_0.id,
        r1_0.created_at,
        r1_0.description,
        r1_0.name,
        r1_0.release_date,
        r1_0.slug,
        s1_0.release_id,
        s1_0.id,
        s1_0.created_at,
        s1_0.features_empty_confirmed,
        s1_0.is_completed,
        s1_0.post_mep_empty_confirmed,
        s1_0.pre_mep_empty_confirmed,
        s1_0.squad_number,
        s1_0.tonton_mep,
        s1_0.updated_at,
        r1_0.status,
        r1_0.type,
        r1_0.updated_at 
    from
        app_release r1_0 
    left join
        squad s1_0 
            on r1_0.id=s1_0.release_id 
    where
        r1_0.slug=?
2025-12-18 22:01:02 - 
    select
        r1_0.id,
        r1_0.created_at,
        r1_0.description,
        r1_0.name,
        r1_0.release_date,
        r1_0.slug,
        s1_0.release_id,
        s1_0.id,
        s1_0.created_at,
        s1_0.features_empty_confirmed,
        s1_0.is_completed,
        s1_0.post_mep_empty_confirmed,
        s1_0.pre_mep_empty_confirmed,
        s1_0.squad_number,
        s1_0.tonton_mep,
        s1_0.updated_at,
        r1_0.status,
        r1_0.type,
        r1_0.updated_at 
    from
        app_release r1_0 
    left join
        squad s1_0 
            on r1_0.id=s1_0.release_id 
    where
        r1_0.id=?
2025-12-18 22:01:02 - Release deleted: cmjbxdkbi6zu6kzy7
2025-12-18 22:01:02 - GET /api/releases/cmjbxdkbi6zu6kzy7
2025-12-18 22:01:02 - 
    delete 
    from
        squad 
    where
        id=?
2025-12-18 22:01:02 - 
    delete 
    from
        squad 
    where
        id=?
2025-12-18 22:01:02 - 
    delete 
    from
        squad 
    where
        id=?
2025-12-18 22:01:02 - 
    delete 
    from
        squad 
    where
        id=?
2025-12-18 22:01:02 - 
    delete 
    from
        squad 
    where
        id=?
2025-12-18 22:01:02 - 
    delete 
    from
        squad 
    where
        id=?
2025-12-18 22:01:02 - 
    delete 
    from
        app_release 
    where
        id=?
2025-12-18 22:01:02 - 
    select
        r1_0.id,
        r1_0.created_at,
        r1_0.description,
        r1_0.name,
        r1_0.release_date,
        r1_0.slug,
        s1_0.release_id,
        s1_0.id,
        s1_0.created_at,
        s1_0.features_empty_confirmed,
        s1_0.is_completed,
        s1_0.post_mep_empty_confirmed,
        s1_0.pre_mep_empty_confirmed,
        s1_0.squad_number,
        s1_0.tonton_mep,
        s1_0.updated_at,
        r1_0.status,
        r1_0.type,
        r1_0.updated_at 
    from
        app_release r1_0 
    left join
        squad s1_0 
            on r1_0.id=s1_0.release_id 
    where
        r1_0.slug=?
2025-12-18 22:01:02 - 
    select
        r1_0.id,
        r1_0.created_at,
        r1_0.description,
        r1_0.name,
        r1_0.release_date,
        r1_0.slug,
        s1_0.release_id,
        s1_0.id,
        s1_0.created_at,
        s1_0.features_empty_confirmed,
        s1_0.is_completed,
        s1_0.post_mep_empty_confirmed,
        s1_0.pre_mep_empty_confirmed,
        s1_0.squad_number,
        s1_0.tonton_mep,
        s1_0.updated_at,
        r1_0.status,
        r1_0.type,
        r1_0.updated_at 
    from
        app_release r1_0 
    left join
        squad s1_0 
            on r1_0.id=s1_0.release_id 
    where
        r1_0.id=?
]]></system-out>
  </testcase>
  <testcase name="testCreateRelease_Success" classname="ReleaseController - Tests d&apos;intégration E2E" time="0.009">
    <system-out><![CDATA[2025-12-18 22:01:02 - 
    select
        r1_0.id,
        r1_0.created_at,
        r1_0.description,
        r1_0.name,
        r1_0.release_date,
        r1_0.slug,
        r1_0.status,
        r1_0.type,
        r1_0.updated_at 
    from
        app_release r1_0
2025-12-18 22:01:02 - POST /api/releases - name: Release v1.0.0
2025-12-18 22:01:02 - Release created: cmjbxdkcbdl01ko6r
]]></system-out>
  </testcase>
  <testcase name="testCreateRelease_MissingName" classname="ReleaseController - Tests d&apos;intégration E2E" time="0.007">
    <system-out><![CDATA[2025-12-18 22:01:02 - 
    select
        r1_0.id,
        r1_0.created_at,
        r1_0.description,
        r1_0.name,
        r1_0.release_date,
        r1_0.slug,
        r1_0.status,
        r1_0.type,
        r1_0.updated_at 
    from
        app_release r1_0
]]></system-out>
  </testcase>
  <testcase name="testUpdateRelease_Success" classname="ReleaseController - Tests d&apos;intégration E2E" time="0.02">
    <system-out><![CDATA[2025-12-18 22:01:02 - 
    select
        r1_0.id,
        r1_0.created_at,
        r1_0.description,
        r1_0.name,
        r1_0.release_date,
        r1_0.slug,
        r1_0.status,
        r1_0.type,
        r1_0.updated_at 
    from
        app_release r1_0
2025-12-18 22:01:02 - POST /api/releases - name: Release v1.0.0
2025-12-18 22:01:02 - Release created: cmjbxdkcsgaswxz81
2025-12-18 22:01:02 - PUT /api/releases/cmjbxdkcsgaswxz81 - update request
2025-12-18 22:01:02 - 
    insert 
    into
        app_release
        (created_at, description, name, release_date, slug, status, type, updated_at, id) 
    values
        (?, ?, ?, ?, ?, ?, ?, ?, ?)
2025-12-18 22:01:02 - 
    insert 
    into
        squad
        (created_at, features_empty_confirmed, is_completed, post_mep_empty_confirmed, pre_mep_empty_confirmed, release_id, squad_number, tonton_mep, updated_at, id) 
    values
        (?, ?, ?, ?, ?, ?, ?, ?, ?, ?)
2025-12-18 22:01:02 - 
    insert 
    into
        squad
        (created_at, features_empty_confirmed, is_completed, post_mep_empty_confirmed, pre_mep_empty_confirmed, release_id, squad_number, tonton_mep, updated_at, id) 
    values
        (?, ?, ?, ?, ?, ?, ?, ?, ?, ?)
2025-12-18 22:01:02 - 
    insert 
    into
        squad
        (created_at, features_empty_confirmed, is_completed, post_mep_empty_confirmed, pre_mep_empty_confirmed, release_id, squad_number, tonton_mep, updated_at, id) 
    values
        (?, ?, ?, ?, ?, ?, ?, ?, ?, ?)
2025-12-18 22:01:02 - 
    insert 
    into
        squad
        (created_at, features_empty_confirmed, is_completed, post_mep_empty_confirmed, pre_mep_empty_confirmed, release_id, squad_number, tonton_mep, updated_at, id) 
    values
        (?, ?, ?, ?, ?, ?, ?, ?, ?, ?)
2025-12-18 22:01:02 - 
    insert 
    into
        squad
        (created_at, features_empty_confirmed, is_completed, post_mep_empty_confirmed, pre_mep_empty_confirmed, release_id, squad_number, tonton_mep, updated_at, id) 
    values
        (?, ?, ?, ?, ?, ?, ?, ?, ?, ?)
2025-12-18 22:01:02 - 
    insert 
    into
        squad
        (created_at, features_empty_confirmed, is_completed, post_mep_empty_confirmed, pre_mep_empty_confirmed, release_id, squad_number, tonton_mep, updated_at, id) 
    values
        (?, ?, ?, ?, ?, ?, ?, ?, ?, ?)
2025-12-18 22:01:02 - 
    select
        r1_0.id,
        r1_0.created_at,
        r1_0.description,
        r1_0.name,
        r1_0.release_date,
        r1_0.slug,
        s1_0.release_id,
        s1_0.id,
        s1_0.created_at,
        s1_0.features_empty_confirmed,
        s1_0.is_completed,
        s1_0.post_mep_empty_confirmed,
        s1_0.pre_mep_empty_confirmed,
        s1_0.squad_number,
        s1_0.tonton_mep,
        s1_0.updated_at,
        r1_0.status,
        r1_0.type,
        r1_0.updated_at 
    from
        app_release r1_0 
    left join
        squad s1_0 
            on r1_0.id=s1_0.release_id 
    where
        r1_0.slug=?
2025-12-18 22:01:02 - 
    select
        r1_0.id,
        r1_0.created_at,
        r1_0.description,
        r1_0.name,
        r1_0.release_date,
        r1_0.slug,
        s1_0.release_id,
        s1_0.id,
        s1_0.created_at,
        s1_0.features_empty_confirmed,
        s1_0.is_completed,
        s1_0.post_mep_empty_confirmed,
        s1_0.pre_mep_empty_confirmed,
        s1_0.squad_number,
        s1_0.tonton_mep,
        s1_0.updated_at,
        r1_0.status,
        r1_0.type,
        r1_0.updated_at 
    from
        app_release r1_0 
    left join
        squad s1_0 
            on r1_0.id=s1_0.release_id 
    where
        r1_0.id=?
2025-12-18 22:01:02 - Release updated: cmjbxdkcsgaswxz81
]]></system-out>
  </testcase>
  <testcase name="testGetReleaseByName_Success" classname="ReleaseController - Tests d&apos;intégration E2E" time="0.019">
    <system-out><![CDATA[2025-12-18 22:01:02 - 
    select
        r1_0.id,
        r1_0.created_at,
        r1_0.description,
        r1_0.name,
        r1_0.release_date,
        r1_0.slug,
        r1_0.status,
        r1_0.type,
        r1_0.updated_at 
    from
        app_release r1_0
2025-12-18 22:01:02 - POST /api/releases - name: Release v1.0.0
2025-12-18 22:01:02 - Release created: cmjbxdkddhro6csr9
2025-12-18 22:01:02 - GET /api/releases/cmjbxdkddhro6csr9
2025-12-18 22:01:02 - 
    insert 
    into
        app_release
        (created_at, description, name, release_date, slug, status, type, updated_at, id) 
    values
        (?, ?, ?, ?, ?, ?, ?, ?, ?)
2025-12-18 22:01:02 - 
    insert 
    into
        squad
        (created_at, features_empty_confirmed, is_completed, post_mep_empty_confirmed, pre_mep_empty_confirmed, release_id, squad_number, tonton_mep, updated_at, id) 
    values
        (?, ?, ?, ?, ?, ?, ?, ?, ?, ?)
2025-12-18 22:01:02 - 
    insert 
    into
        squad
        (created_at, features_empty_confirmed, is_completed, post_mep_empty_confirmed, pre_mep_empty_confirmed, release_id, squad_number, tonton_mep, updated_at, id) 
    values
        (?, ?, ?, ?, ?, ?, ?, ?, ?, ?)
2025-12-18 22:01:02 - 
    insert 
    into
        squad
        (created_at, features_empty_confirmed, is_completed, post_mep_empty_confirmed, pre_mep_empty_confirmed, release_id, squad_number, tonton_mep, updated_at, id) 
    values
        (?, ?, ?, ?, ?, ?, ?, ?, ?, ?)
2025-12-18 22:01:02 - 
    insert 
    into
        squad
        (created_at, features_empty_confirmed, is_completed, post_mep_empty_confirmed, pre_mep_empty_confirmed, release_id, squad_number, tonton_mep, updated_at, id) 
    values
        (?, ?, ?, ?, ?, ?, ?, ?, ?, ?)
2025-12-18 22:01:02 - 
    insert 
    into
        squad
        (created_at, features_empty_confirmed, is_completed, post_mep_empty_confirmed, pre_mep_empty_confirmed, release_id, squad_number, tonton_mep, updated_at, id) 
    values
        (?, ?, ?, ?, ?, ?, ?, ?, ?, ?)
2025-12-18 22:01:02 - 
    insert 
    into
        squad
        (created_at, features_empty_confirmed, is_completed, post_mep_empty_confirmed, pre_mep_empty_confirmed, release_id, squad_number, tonton_mep, updated_at, id) 
    values
        (?, ?, ?, ?, ?, ?, ?, ?, ?, ?)
2025-12-18 22:01:02 - 
    select
        r1_0.id,
        r1_0.created_at,
        r1_0.description,
        r1_0.name,
        r1_0.release_date,
        r1_0.slug,
        s1_0.release_id,
        s1_0.id,
        s1_0.created_at,
        s1_0.features_empty_confirmed,
        s1_0.is_completed,
        s1_0.post_mep_empty_confirmed,
        s1_0.pre_mep_empty_confirmed,
        s1_0.squad_number,
        s1_0.tonton_mep,
        s1_0.updated_at,
        r1_0.status,
        r1_0.type,
        r1_0.updated_at 
    from
        app_release r1_0 
    left join
        squad s1_0 
            on r1_0.id=s1_0.release_id 
    where
        r1_0.slug=?
2025-12-18 22:01:02 - 
    select
        r1_0.id,
        r1_0.created_at,
        r1_0.description,
        r1_0.name,
        r1_0.release_date,
        r1_0.slug,
        s1_0.release_id,
        s1_0.id,
        s1_0.created_at,
        s1_0.features_empty_confirmed,
        s1_0.is_completed,
        s1_0.post_mep_empty_confirmed,
        s1_0.pre_mep_empty_confirmed,
        s1_0.squad_number,
        s1_0.tonton_mep,
        s1_0.updated_at,
        r1_0.status,
        r1_0.type,
        r1_0.updated_at 
    from
        app_release r1_0 
    left join
        squad s1_0 
            on r1_0.id=s1_0.release_id 
    where
        r1_0.id=?
]]></system-out>
  </testcase>
</testsuite>