<?xml version="1.0" encoding="UTF-8"?>
<testsuite xmlns:xsi="http://www.w3.org/2001/XMLSchema-instance" xsi:noNamespaceSchemaLocation="https://maven.apache.org/surefire/maven-surefire-plugin/xsd/surefire-test-report.xsd" version="3.0.2" name="com.catsbanque.mabanquetools.repository.EventRepositoryTest" time="5.902" tests="6" errors="0" skipped="0" failures="0">
  <properties>
[...]
</properties>
  <testcase name="shouldFindByCategoryAndDateRange" classname="com.catsbanque.mabanquetools.repository.EventRepositoryTest" time="0.53">
    <system-out><![CDATA[22:00:52.044 [main] INFO org.springframework.test.context.support.AnnotationConfigContextLoaderUtils -- Could not detect default configuration classes for test class [com.catsbanque.mabanquetools.repository.EventRepositoryTest]: EventRepositoryTest does not declare any static, non-private, non-final, nested classes annotated with @Configuration.
22:00:52.171 [main] INFO org.springframework.boot.test.context.SpringBootTestContextBootstrapper -- Found @SpringBootConfiguration com.catsbanque.mabanquetools.MaBanqueToolsApiApplication for test class com.catsbanque.mabanquetools.repository.EventRepositoryTest

  .   ____          _            __ _ _
 /\\ / ___'_ __ _ _(_)_ __  __ _ \ \ \ \
( ( )\___ | '_ | '_| | '_ \/ _` | \ \ \ \
 \\/  ___)| |_)| | | | | || (_| |  ) ) ) )
  '  |____| .__|_| |_|_| |_\__, | / / / /
 =========|_|==============|___/=/_/_/_/

 :: Spring Boot ::                (v4.0.1)

2025-12-18 22:00:52 - Starting EventRepositoryTest using Java 24.0.1 with PID 68155 (started by bilal in /Users/bilal/Documents/Projets perso/Claude/Planning/mabanquetools-backend)
2025-12-18 22:00:52 - The following 1 profile is active: "test"
2025-12-18 22:00:54 - HHH90000025: H2Dialect does not need to be specified explicitly using 'hibernate.dialect' (remove the property setting and it will be selected by default)
2025-12-18 22:00:55 - 
    drop table if exists action cascade 
Hibernate: 
    drop table if exists action cascade 
2025-12-18 22:00:55 - 
    drop table if exists app_release cascade 
Hibernate: 
    drop table if exists app_release cascade 
2025-12-18 22:00:55 - 
    drop table if exists app_user cascade 
Hibernate: 
    drop table if exists app_user cascade 
2025-12-18 22:00:55 - 
    drop table if exists event cascade 
Hibernate: 
    drop table if exists event cascade 
2025-12-18 22:00:55 - 
    drop table if exists feature cascade 
Hibernate: 
    drop table if exists feature cascade 
2025-12-18 22:00:55 - 
    drop table if exists feature_flipping cascade 
Hibernate: 
    drop table if exists feature_flipping cascade 
2025-12-18 22:00:55 - 
    drop table if exists game cascade 
Hibernate: 
    drop table if exists game cascade 
2025-12-18 22:00:55 - 
    drop table if exists game_score cascade 
Hibernate: 
    drop table if exists game_score cascade 
2025-12-18 22:00:55 - 
    drop table if exists history cascade 
Hibernate: 
    drop table if exists history cascade 
2025-12-18 22:00:55 - 
    drop table if exists microservice cascade 
Hibernate: 
    drop table if exists microservice cascade 
2025-12-18 22:00:55 - 
    drop table if exists release_history cascade 
Hibernate: 
    drop table if exists release_history cascade 
2025-12-18 22:00:55 - 
    drop table if exists release_note_entry cascade 
Hibernate: 
    drop table if exists release_note_entry cascade 
2025-12-18 22:00:55 - 
    drop table if exists settings cascade 
Hibernate: 
    drop table if exists settings cascade 
2025-12-18 22:00:55 - 
    drop table if exists squad cascade 
Hibernate: 
    drop table if exists squad cascade 
2025-12-18 22:00:55 - 
    drop table if exists user_permissions cascade 
Hibernate: 
    drop table if exists user_permissions cascade 
2025-12-18 22:00:55 - 
    create table action (
        order_index integer not null,
        created_at timestamp(6) not null,
        updated_at timestamp(6) not null,
        phase varchar(20) not null,
        status varchar(20) not null,
        id varchar(25) not null,
        squad_id varchar(25) not null,
        type varchar(50) not null,
        description TEXT,
        title varchar(255) not null,
        primary key (id)
    )
Hibernate: 
    create table action (
        order_index integer not null,
        created_at timestamp(6) not null,
        updated_at timestamp(6) not null,
        phase varchar(20) not null,
        status varchar(20) not null,
        id varchar(25) not null,
        squad_id varchar(25) not null,
        type varchar(50) not null,
        description TEXT,
        title varchar(255) not null,
        primary key (id)
    )
2025-12-18 22:00:55 - 
    create table app_release (
        created_at timestamp(6) not null,
        release_date timestamp(6) not null,
        updated_at timestamp(6) not null,
        status varchar(20) not null,
        type varchar(20) not null,
        id varchar(25) not null,
        description TEXT,
        name varchar(255) not null,
        slug varchar(255) unique,
        primary key (id)
    )
Hibernate: 
    create table app_release (
        created_at timestamp(6) not null,
        release_date timestamp(6) not null,
        updated_at timestamp(6) not null,
        status varchar(20) not null,
        type varchar(20) not null,
        id varchar(25) not null,
        description TEXT,
        name varchar(255) not null,
        slug varchar(255) unique,
        primary key (id)
    )
2025-12-18 22:00:55 - 
    create table app_user (
        created_at timestamp(6) not null,
        updated_at timestamp(6) not null,
        theme_preference varchar(20) not null,
        id varchar(25) not null,
        first_name varchar(100) not null,
        last_name varchar(100) not null,
        email varchar(255) not null unique,
        password varchar(255) not null,
        widget_order TEXT not null,
        primary key (id)
    )
Hibernate: 
    create table app_user (
        created_at timestamp(6) not null,
        updated_at timestamp(6) not null,
        theme_preference varchar(20) not null,
        id varchar(25) not null,
        first_name varchar(100) not null,
        last_name varchar(100) not null,
        email varchar(255) not null unique,
        password varchar(255) not null,
        widget_order TEXT not null,
        primary key (id)
    )
2025-12-18 22:00:55 - 
    create table event (
        end_time varchar(5),
        start_time varchar(5),
        created_at timestamp(6) not null,
        updated_at timestamp(6) not null,
        date varchar(10) not null,
        end_date varchar(10),
        color varchar(20) not null,
        id varchar(25) not null,
        category varchar(50) not null,
        icon varchar(50) not null,
        description TEXT,
        title varchar(255) not null,
        primary key (id)
    )
Hibernate: 
    create table event (
        end_time varchar(5),
        start_time varchar(5),
        created_at timestamp(6) not null,
        updated_at timestamp(6) not null,
        date varchar(10) not null,
        end_date varchar(10),
        color varchar(20) not null,
        id varchar(25) not null,
        category varchar(50) not null,
        icon varchar(50) not null,
        description TEXT,
        title varchar(255) not null,
        primary key (id)
    )
2025-12-18 22:00:55 - 
    create table feature (
        created_at timestamp(6) not null,
        updated_at timestamp(6) not null,
        id varchar(25) not null,
        squad_id varchar(25) not null,
        type varchar(50) not null,
        description TEXT,
        title varchar(255) not null,
        primary key (id)
    )
Hibernate: 
    create table feature (
        created_at timestamp(6) not null,
        updated_at timestamp(6) not null,
        id varchar(25) not null,
        squad_id varchar(25) not null,
        type varchar(50) not null,
        description TEXT,
        title varchar(255) not null,
        primary key (id)
    )
2025-12-18 22:00:55 - 
    create table feature_flipping (
        created_at timestamp(6) not null,
        updated_at timestamp(6) not null,
        rule_state varchar(20),
        action_id varchar(25) not null unique,
        id varchar(25) not null,
        flipping_type varchar(50) not null,
        rule_action varchar(50) not null,
        theme varchar(100),
        rule_name varchar(255) not null,
        target_caisses TEXT,
        target_clients TEXT not null,
        target_os TEXT not null,
        target_versions TEXT not null,
        primary key (id)
    )
Hibernate: 
    create table feature_flipping (
        created_at timestamp(6) not null,
        updated_at timestamp(6) not null,
        rule_state varchar(20),
        action_id varchar(25) not null unique,
        id varchar(25) not null,
        flipping_type varchar(50) not null,
        rule_action varchar(50) not null,
        theme varchar(100),
        rule_name varchar(255) not null,
        target_caisses TEXT,
        target_clients TEXT not null,
        target_os TEXT not null,
        target_versions TEXT not null,
        primary key (id)
    )
2025-12-18 22:00:55 - 
    create table game (
        is_active boolean not null,
        created_at timestamp(6) not null,
        updated_at timestamp(6) not null,
        id varchar(25) not null,
        icon varchar(50) not null,
        slug varchar(100) not null unique,
        name varchar(200) not null,
        description TEXT,
        primary key (id)
    )
Hibernate: 
    create table game (
        is_active boolean not null,
        created_at timestamp(6) not null,
        updated_at timestamp(6) not null,
        id varchar(25) not null,
        icon varchar(50) not null,
        slug varchar(100) not null unique,
        name varchar(200) not null,
        description TEXT,
        primary key (id)
    )
2025-12-18 22:00:55 - 
    create table game_score (
        accuracy float(53),
        score integer not null,
        wpm integer,
        created_at timestamp(6) not null,
        game_id varchar(25) not null,
        id varchar(25) not null,
        user_id varchar(25),
        visitor_name varchar(100),
        metadata TEXT,
        primary key (id)
    )
Hibernate: 
    create table game_score (
        accuracy float(53),
        score integer not null,
        wpm integer,
        created_at timestamp(6) not null,
        game_id varchar(25) not null,
        id varchar(25) not null,
        user_id varchar(25),
        visitor_name varchar(100),
        metadata TEXT,
        primary key (id)
    )
2025-12-18 22:00:55 - 
    create table history (
        timestamp timestamp(6) not null,
        event_id varchar(25),
        id varchar(25) not null,
        user_id varchar(25),
        action varchar(50) not null,
        user_display_name varchar(100),
        event_data TEXT not null,
        previous_data TEXT,
        primary key (id)
    )
Hibernate: 
    create table history (
        timestamp timestamp(6) not null,
        event_id varchar(25),
        id varchar(25) not null,
        user_id varchar(25),
        action varchar(50) not null,
        user_display_name varchar(100),
        event_data TEXT not null,
        previous_data TEXT,
        primary key (id)
    )
2025-12-18 22:00:55 - 
    create table microservice (
        display_order integer,
        is_active boolean,
        created_at timestamp(6) not null,
        updated_at timestamp(6) not null,
        squad varchar(20) not null,
        id varchar(25) not null,
        name varchar(100) not null unique,
        solution varchar(100),
        description TEXT,
        primary key (id)
    )
Hibernate: 
    create table microservice (
        display_order integer,
        is_active boolean,
        created_at timestamp(6) not null,
        updated_at timestamp(6) not null,
        squad varchar(20) not null,
        id varchar(25) not null,
        name varchar(100) not null unique,
        solution varchar(100),
        description TEXT,
        primary key (id)
    )
2025-12-18 22:00:55 - 
    create table release_history (
        timestamp timestamp(6) not null,
        id varchar(25) not null,
        release_id varchar(25),
        user_id varchar(25),
        action varchar(50) not null,
        user_display_name varchar(100),
        previous_data TEXT,
        release_data TEXT not null,
        primary key (id)
    )
Hibernate: 
    create table release_history (
        timestamp timestamp(6) not null,
        id varchar(25) not null,
        release_id varchar(25),
        user_id varchar(25),
        action varchar(50) not null,
        user_display_name varchar(100),
        previous_data TEXT,
        release_data TEXT not null,
        primary key (id)
    )
2025-12-18 22:00:55 - 
    create table release_note_entry (
        deploy_order integer,
        part_en_mep boolean not null,
        created_at timestamp(6) not null,
        updated_at timestamp(6) not null,
        id varchar(25) not null,
        microservice_id varchar(25),
        release_id varchar(25) not null,
        parent_version varchar(50),
        previous_tag varchar(50),
        squad varchar(50) not null,
        tag varchar(50),
        microservice varchar(100),
        changes JSON,
        comment TEXT,
        status enum ('DEPLOYED_PROD','HOM2','IN_PROGRESS_PROD','ROLLBACK'),
        primary key (id)
    )
Hibernate: 
    create table release_note_entry (
        deploy_order integer,
        part_en_mep boolean not null,
        created_at timestamp(6) not null,
        updated_at timestamp(6) not null,
        id varchar(25) not null,
        microservice_id varchar(25),
        release_id varchar(25) not null,
        parent_version varchar(50),
        previous_tag varchar(50),
        squad varchar(50) not null,
        tag varchar(50),
        microservice varchar(100),
        changes JSON,
        comment TEXT,
        status enum ('DEPLOYED_PROD','HOM2','IN_PROGRESS_PROD','ROLLBACK'),
        primary key (id)
    )
2025-12-18 22:00:55 - 
    create table settings (
        created_at timestamp(6) not null,
        updated_at timestamp(6) not null,
        theme varchar(20) not null,
        id varchar(25) not null,
        custom_categories TEXT not null,
        primary key (id)
    )
Hibernate: 
    create table settings (
        created_at timestamp(6) not null,
        updated_at timestamp(6) not null,
        theme varchar(20) not null,
        id varchar(25) not null,
        custom_categories TEXT not null,
        primary key (id)
    )
2025-12-18 22:00:55 - 
    create table squad (
        features_empty_confirmed boolean not null,
        is_completed boolean not null,
        post_mep_empty_confirmed boolean not null,
        pre_mep_empty_confirmed boolean not null,
        squad_number integer not null,
        created_at timestamp(6) not null,
        updated_at timestamp(6) not null,
        id varchar(25) not null,
        release_id varchar(25) not null,
        tonton_mep varchar(100),
        primary key (id)
    )
Hibernate: 
    create table squad (
        features_empty_confirmed boolean not null,
        is_completed boolean not null,
        post_mep_empty_confirmed boolean not null,
        pre_mep_empty_confirmed boolean not null,
        squad_number integer not null,
        created_at timestamp(6) not null,
        updated_at timestamp(6) not null,
        id varchar(25) not null,
        release_id varchar(25) not null,
        tonton_mep varchar(100),
        primary key (id)
    )
2025-12-18 22:00:55 - 
    create table user_permissions (
        created_at timestamp(6) not null,
        updated_at timestamp(6) not null,
        id varchar(25) not null,
        user_id varchar(25) not null,
        module enum ('ADMIN','CALENDAR','RELEASES') not null,
        permission_level enum ('NONE','READ','WRITE') not null,
        primary key (id),
        constraint uk_user_module unique (user_id, module)
    )
Hibernate: 
    create table user_permissions (
        created_at timestamp(6) not null,
        updated_at timestamp(6) not null,
        id varchar(25) not null,
        user_id varchar(25) not null,
        module enum ('ADMIN','CALENDAR','RELEASES') not null,
        permission_level enum ('NONE','READ','WRITE') not null,
        primary key (id),
        constraint uk_user_module unique (user_id, module)
    )
2025-12-18 22:00:55 - 
    create index idx_action_squad_id 
       on action (squad_id)
Hibernate: 
    create index idx_action_squad_id 
       on action (squad_id)
2025-12-18 22:00:55 - 
    create index idx_action_phase 
       on action (phase)
Hibernate: 
    create index idx_action_phase 
       on action (phase)
2025-12-18 22:00:55 - 
    create index idx_action_type 
       on action (type)
Hibernate: 
    create index idx_action_type 
       on action (type)
2025-12-18 22:00:55 - 
    create index idx_release_date 
       on app_release (release_date)
Hibernate: 
    create index idx_release_date 
       on app_release (release_date)
2025-12-18 22:00:55 - 
    create index idx_release_status 
       on app_release (status)
Hibernate: 
    create index idx_release_status 
       on app_release (status)
2025-12-18 22:00:55 - 
    create index idx_release_type 
       on app_release (type)
Hibernate: 
    create index idx_release_type 
       on app_release (type)
2025-12-18 22:00:55 - 
    create index idx_user_email 
       on app_user (email)
Hibernate: 
    create index idx_user_email 
       on app_user (email)
2025-12-18 22:00:55 - 
    create index idx_event_date 
       on event (date)
Hibernate: 
    create index idx_event_date 
       on event (date)
2025-12-18 22:00:55 - 
    create index idx_event_category 
       on event (category)
Hibernate: 
    create index idx_event_category 
       on event (category)
2025-12-18 22:00:55 - 
    create index idx_feature_squad_id 
       on feature (squad_id)
Hibernate: 
    create index idx_feature_squad_id 
       on feature (squad_id)
2025-12-18 22:00:55 - 
    create index idx_ff_action_id 
       on feature_flipping (action_id)
Hibernate: 
    create index idx_ff_action_id 
       on feature_flipping (action_id)
2025-12-18 22:00:55 - 
    create index idx_ff_rule_name 
       on feature_flipping (rule_name)
Hibernate: 
    create index idx_ff_rule_name 
       on feature_flipping (rule_name)
2025-12-18 22:00:55 - 
    create index idx_game_slug 
       on game (slug)
Hibernate: 
    create index idx_game_slug 
       on game (slug)
2025-12-18 22:00:55 - 
    create index idx_game_is_active 
       on game (is_active)
Hibernate: 
    create index idx_game_is_active 
       on game (is_active)
2025-12-18 22:00:55 - 
    create index idx_game_score_game_id 
       on game_score (game_id, score)
Hibernate: 
    create index idx_game_score_game_id 
       on game_score (game_id, score)
2025-12-18 22:00:55 - 
    create index idx_game_score_user_id 
       on game_score (user_id)
Hibernate: 
    create index idx_game_score_user_id 
       on game_score (user_id)
2025-12-18 22:00:55 - 
    create index idx_game_score_created_at 
       on game_score (created_at)
Hibernate: 
    create index idx_game_score_created_at 
       on game_score (created_at)
2025-12-18 22:00:55 - 
    create index idx_history_timestamp 
       on history (timestamp)
Hibernate: 
    create index idx_history_timestamp 
       on history (timestamp)
2025-12-18 22:00:55 - 
    create index idx_history_user_id 
       on history (user_id)
Hibernate: 
    create index idx_history_user_id 
       on history (user_id)
2025-12-18 22:00:55 - 
    create index idx_release_history_timestamp 
       on release_history (timestamp)
Hibernate: 
    create index idx_release_history_timestamp 
       on release_history (timestamp)
2025-12-18 22:00:55 - 
    create index idx_release_history_user_id 
       on release_history (user_id)
Hibernate: 
    create index idx_release_history_user_id 
       on release_history (user_id)
2025-12-18 22:00:55 - 
    create index idx_release_history_release_id 
       on release_history (release_id)
Hibernate: 
    create index idx_release_history_release_id 
       on release_history (release_id)
2025-12-18 22:00:55 - 
    create index idx_release_note_release_id 
       on release_note_entry (release_id)
Hibernate: 
    create index idx_release_note_release_id 
       on release_note_entry (release_id)
2025-12-18 22:00:55 - 
    create index idx_release_note_squad 
       on release_note_entry (squad)
Hibernate: 
    create index idx_release_note_squad 
       on release_note_entry (squad)
2025-12-18 22:00:55 - 
    create index idx_release_note_deploy_order 
       on release_note_entry (deploy_order)
Hibernate: 
    create index idx_release_note_deploy_order 
       on release_note_entry (deploy_order)
2025-12-18 22:00:55 - 
    create index idx_squad_release_id 
       on squad (release_id)
Hibernate: 
    create index idx_squad_release_id 
       on squad (release_id)
2025-12-18 22:00:55 - 
    create index idx_user_permission_user_id 
       on user_permissions (user_id)
Hibernate: 
    create index idx_user_permission_user_id 
       on user_permissions (user_id)
2025-12-18 22:00:55 - 
    create index idx_user_permission_module 
       on user_permissions (module)
Hibernate: 
    create index idx_user_permission_module 
       on user_permissions (module)
2025-12-18 22:00:55 - 
    alter table if exists action 
       add constraint FKf3cing1xnlpeg3lud080hw0t9 
       foreign key (squad_id) 
       references squad
Hibernate: 
    alter table if exists action 
       add constraint FKf3cing1xnlpeg3lud080hw0t9 
       foreign key (squad_id) 
       references squad
2025-12-18 22:00:55 - 
    alter table if exists feature 
       add constraint FKjx3n6i50kqqnhvw5tvyfih90x 
       foreign key (squad_id) 
       references squad
Hibernate: 
    alter table if exists feature 
       add constraint FKjx3n6i50kqqnhvw5tvyfih90x 
       foreign key (squad_id) 
       references squad
2025-12-18 22:00:55 - 
    alter table if exists feature_flipping 
       add constraint FKlvvp11c4j0gqb94x6lm1s1jpi 
       foreign key (action_id) 
       references action
Hibernate: 
    alter table if exists feature_flipping 
       add constraint FKlvvp11c4j0gqb94x6lm1s1jpi 
       foreign key (action_id) 
       references action
2025-12-18 22:00:55 - 
    alter table if exists game_score 
       add constraint FKi6n7osvt9yxwwfltnmf76dgc0 
       foreign key (game_id) 
       references game
Hibernate: 
    alter table if exists game_score 
       add constraint FKi6n7osvt9yxwwfltnmf76dgc0 
       foreign key (game_id) 
       references game
2025-12-18 22:00:55 - 
    alter table if exists game_score 
       add constraint FKt2be92ygtkcihqj3uue4kfcoi 
       foreign key (user_id) 
       references app_user
Hibernate: 
    alter table if exists game_score 
       add constraint FKt2be92ygtkcihqj3uue4kfcoi 
       foreign key (user_id) 
       references app_user
2025-12-18 22:00:55 - 
    alter table if exists history 
       add constraint FKo95dbvpqdosm8gd5w4yirw1kc 
       foreign key (user_id) 
       references app_user
Hibernate: 
    alter table if exists history 
       add constraint FKo95dbvpqdosm8gd5w4yirw1kc 
       foreign key (user_id) 
       references app_user
2025-12-18 22:00:55 - 
    alter table if exists release_history 
       add constraint FK863k8qypalf5c7oq1ok82aevd 
       foreign key (user_id) 
       references app_user
Hibernate: 
    alter table if exists release_history 
       add constraint FK863k8qypalf5c7oq1ok82aevd 
       foreign key (user_id) 
       references app_user
2025-12-18 22:00:55 - 
    alter table if exists release_note_entry 
       add constraint FKln3o86fm0ng74ku88uy93c1je 
       foreign key (microservice_id) 
       references microservice
Hibernate: 
    alter table if exists release_note_entry 
       add constraint FKln3o86fm0ng74ku88uy93c1je 
       foreign key (microservice_id) 
       references microservice
2025-12-18 22:00:55 - 
    alter table if exists release_note_entry 
       add constraint FK8r6c0yqntof15uy23mfe8ycmx 
       foreign key (release_id) 
       references app_release
Hibernate: 
    alter table if exists release_note_entry 
       add constraint FK8r6c0yqntof15uy23mfe8ycmx 
       foreign key (release_id) 
       references app_release
2025-12-18 22:00:55 - 
    alter table if exists squad 
       add constraint FKnt5gjttwff9iywa3ov3giu0b1 
       foreign key (release_id) 
       references app_release
Hibernate: 
    alter table if exists squad 
       add constraint FKnt5gjttwff9iywa3ov3giu0b1 
       foreign key (release_id) 
       references app_release
2025-12-18 22:00:55 - 
    alter table if exists user_permissions 
       add constraint FK9ir9q1vwhap2jywi1lk3qq54c 
       foreign key (user_id) 
       references app_user
Hibernate: 
    alter table if exists user_permissions 
       add constraint FK9ir9q1vwhap2jywi1lk3qq54c 
       foreign key (user_id) 
       references app_user
2025-12-18 22:00:57 - Started EventRepositoryTest in 4.907 seconds (process running for 6.192)
2025-12-18 22:00:57 - 
    insert 
    into
        event
        (category, color, created_at, date, description, end_date, end_time, icon, start_time, title, updated_at, id) 
    values
        (?, ?, ?, ?, ?, ?, ?, ?, ?, ?, ?, ?)
Hibernate: 
    insert 
    into
        event
        (category, color, created_at, date, description, end_date, end_time, icon, start_time, title, updated_at, id) 
    values
        (?, ?, ?, ?, ?, ?, ?, ?, ?, ?, ?, ?)
2025-12-18 22:00:57 - 
    insert 
    into
        event
        (category, color, created_at, date, description, end_date, end_time, icon, start_time, title, updated_at, id) 
    values
        (?, ?, ?, ?, ?, ?, ?, ?, ?, ?, ?, ?)
Hibernate: 
    insert 
    into
        event
        (category, color, created_at, date, description, end_date, end_time, icon, start_time, title, updated_at, id) 
    values
        (?, ?, ?, ?, ?, ?, ?, ?, ?, ?, ?, ?)
2025-12-18 22:00:57 - 
    insert 
    into
        event
        (category, color, created_at, date, description, end_date, end_time, icon, start_time, title, updated_at, id) 
    values
        (?, ?, ?, ?, ?, ?, ?, ?, ?, ?, ?, ?)
Hibernate: 
    insert 
    into
        event
        (category, color, created_at, date, description, end_date, end_time, icon, start_time, title, updated_at, id) 
    values
        (?, ?, ?, ?, ?, ?, ?, ?, ?, ?, ?, ?)
2025-12-18 22:00:57 - 
    select
        e1_0.id,
        e1_0.category,
        e1_0.color,
        e1_0.created_at,
        e1_0.date,
        e1_0.description,
        e1_0.end_date,
        e1_0.end_time,
        e1_0.icon,
        e1_0.start_time,
        e1_0.title,
        e1_0.updated_at 
    from
        event e1_0 
    where
        e1_0.category=? 
        and e1_0.date>=? 
        and e1_0.date<=? 
    order by
        e1_0.date,
        e1_0.start_time
Hibernate: 
    select
        e1_0.id,
        e1_0.category,
        e1_0.color,
        e1_0.created_at,
        e1_0.date,
        e1_0.description,
        e1_0.end_date,
        e1_0.end_time,
        e1_0.icon,
        e1_0.start_time,
        e1_0.title,
        e1_0.updated_at 
    from
        event e1_0 
    where
        e1_0.category=? 
        and e1_0.date>=? 
        and e1_0.date<=? 
    order by
        e1_0.date,
        e1_0.start_time
]]></system-out>
    <system-err><![CDATA[Mockito is currently self-attaching to enable the inline-mock-maker. This will no longer work in future releases of the JDK. Please add Mockito as an agent to your build as described in Mockito's documentation: https://javadoc.io/doc/org.mockito/mockito-core/latest/org.mockito/org/mockito/Mockito.html#0.3
WARNING: A Java agent has been loaded dynamically (/Users/bilal/.m2/repository/net/bytebuddy/byte-buddy-agent/1.17.8/byte-buddy-agent-1.17.8.jar)
WARNING: If a serviceability tool is in use, please run with -XX:+EnableDynamicAgentLoading to hide this warning
WARNING: If a serviceability tool is not in use, please run with -Djdk.instrument.traceUsage for more information
WARNING: Dynamic loading of agents will be disallowed by default in a future release
]]></system-err>
  </testcase>
  <testcase name="shouldHandleEventWithEndDate" classname="com.catsbanque.mabanquetools.repository.EventRepositoryTest" time="0.017">
    <system-out><![CDATA[2025-12-18 22:00:57 - 
    insert 
    into
        event
        (category, color, created_at, date, description, end_date, end_time, icon, start_time, title, updated_at, id) 
    values
        (?, ?, ?, ?, ?, ?, ?, ?, ?, ?, ?, ?)
Hibernate: 
    insert 
    into
        event
        (category, color, created_at, date, description, end_date, end_time, icon, start_time, title, updated_at, id) 
    values
        (?, ?, ?, ?, ?, ?, ?, ?, ?, ?, ?, ?)
]]></system-out>
  </testcase>
  <testcase name="shouldFindEventsInDateRange" classname="com.catsbanque.mabanquetools.repository.EventRepositoryTest" time="0.011">
    <system-out><![CDATA[2025-12-18 22:00:57 - 
    insert 
    into
        event
        (category, color, created_at, date, description, end_date, end_time, icon, start_time, title, updated_at, id) 
    values
        (?, ?, ?, ?, ?, ?, ?, ?, ?, ?, ?, ?)
Hibernate: 
    insert 
    into
        event
        (category, color, created_at, date, description, end_date, end_time, icon, start_time, title, updated_at, id) 
    values
        (?, ?, ?, ?, ?, ?, ?, ?, ?, ?, ?, ?)
2025-12-18 22:00:57 - 
    insert 
    into
        event
        (category, color, created_at, date, description, end_date, end_time, icon, start_time, title, updated_at, id) 
    values
        (?, ?, ?, ?, ?, ?, ?, ?, ?, ?, ?, ?)
Hibernate: 
    insert 
    into
        event
        (category, color, created_at, date, description, end_date, end_time, icon, start_time, title, updated_at, id) 
    values
        (?, ?, ?, ?, ?, ?, ?, ?, ?, ?, ?, ?)
2025-12-18 22:00:57 - 
    insert 
    into
        event
        (category, color, created_at, date, description, end_date, end_time, icon, start_time, title, updated_at, id) 
    values
        (?, ?, ?, ?, ?, ?, ?, ?, ?, ?, ?, ?)
Hibernate: 
    insert 
    into
        event
        (category, color, created_at, date, description, end_date, end_time, icon, start_time, title, updated_at, id) 
    values
        (?, ?, ?, ?, ?, ?, ?, ?, ?, ?, ?, ?)
2025-12-18 22:00:57 - 
    select
        e1_0.id,
        e1_0.category,
        e1_0.color,
        e1_0.created_at,
        e1_0.date,
        e1_0.description,
        e1_0.end_date,
        e1_0.end_time,
        e1_0.icon,
        e1_0.start_time,
        e1_0.title,
        e1_0.updated_at 
    from
        event e1_0 
    where
        e1_0.date>=? 
        and e1_0.date<=? 
    order by
        e1_0.date,
        e1_0.start_time
Hibernate: 
    select
        e1_0.id,
        e1_0.category,
        e1_0.color,
        e1_0.created_at,
        e1_0.date,
        e1_0.description,
        e1_0.end_date,
        e1_0.end_time,
        e1_0.icon,
        e1_0.start_time,
        e1_0.title,
        e1_0.updated_at 
    from
        event e1_0 
    where
        e1_0.date>=? 
        and e1_0.date<=? 
    order by
        e1_0.date,
        e1_0.start_time
]]></system-out>
  </testcase>
  <testcase name="shouldFindAllOrderedByDate" classname="com.catsbanque.mabanquetools.repository.EventRepositoryTest" time="0.022">
    <system-out><![CDATA[2025-12-18 22:00:57 - 
    insert 
    into
        event
        (category, color, created_at, date, description, end_date, end_time, icon, start_time, title, updated_at, id) 
    values
        (?, ?, ?, ?, ?, ?, ?, ?, ?, ?, ?, ?)
Hibernate: 
    insert 
    into
        event
        (category, color, created_at, date, description, end_date, end_time, icon, start_time, title, updated_at, id) 
    values
        (?, ?, ?, ?, ?, ?, ?, ?, ?, ?, ?, ?)
2025-12-18 22:00:57 - 
    insert 
    into
        event
        (category, color, created_at, date, description, end_date, end_time, icon, start_time, title, updated_at, id) 
    values
        (?, ?, ?, ?, ?, ?, ?, ?, ?, ?, ?, ?)
Hibernate: 
    insert 
    into
        event
        (category, color, created_at, date, description, end_date, end_time, icon, start_time, title, updated_at, id) 
    values
        (?, ?, ?, ?, ?, ?, ?, ?, ?, ?, ?, ?)
2025-12-18 22:00:57 - 
    insert 
    into
        event
        (category, color, created_at, date, description, end_date, end_time, icon, start_time, title, updated_at, id) 
    values
        (?, ?, ?, ?, ?, ?, ?, ?, ?, ?, ?, ?)
Hibernate: 
    insert 
    into
        event
        (category, color, created_at, date, description, end_date, end_time, icon, start_time, title, updated_at, id) 
    values
        (?, ?, ?, ?, ?, ?, ?, ?, ?, ?, ?, ?)
2025-12-18 22:00:57 - 
    select
        e1_0.id,
        e1_0.category,
        e1_0.color,
        e1_0.created_at,
        e1_0.date,
        e1_0.description,
        e1_0.end_date,
        e1_0.end_time,
        e1_0.icon,
        e1_0.start_time,
        e1_0.title,
        e1_0.updated_at 
    from
        event e1_0 
    order by
        e1_0.date,
        e1_0.start_time
Hibernate: 
    select
        e1_0.id,
        e1_0.category,
        e1_0.color,
        e1_0.created_at,
        e1_0.date,
        e1_0.description,
        e1_0.end_date,
        e1_0.end_time,
        e1_0.icon,
        e1_0.start_time,
        e1_0.title,
        e1_0.updated_at 
    from
        event e1_0 
    order by
        e1_0.date,
        e1_0.start_time
]]></system-out>
  </testcase>
  <testcase name="shouldFindEventsByDate" classname="com.catsbanque.mabanquetools.repository.EventRepositoryTest" time="0.013">
    <system-out><![CDATA[2025-12-18 22:00:57 - 
    insert 
    into
        event
        (category, color, created_at, date, description, end_date, end_time, icon, start_time, title, updated_at, id) 
    values
        (?, ?, ?, ?, ?, ?, ?, ?, ?, ?, ?, ?)
Hibernate: 
    insert 
    into
        event
        (category, color, created_at, date, description, end_date, end_time, icon, start_time, title, updated_at, id) 
    values
        (?, ?, ?, ?, ?, ?, ?, ?, ?, ?, ?, ?)
2025-12-18 22:00:57 - 
    insert 
    into
        event
        (category, color, created_at, date, description, end_date, end_time, icon, start_time, title, updated_at, id) 
    values
        (?, ?, ?, ?, ?, ?, ?, ?, ?, ?, ?, ?)
Hibernate: 
    insert 
    into
        event
        (category, color, created_at, date, description, end_date, end_time, icon, start_time, title, updated_at, id) 
    values
        (?, ?, ?, ?, ?, ?, ?, ?, ?, ?, ?, ?)
2025-12-18 22:00:57 - 
    select
        e1_0.id,
        e1_0.category,
        e1_0.color,
        e1_0.created_at,
        e1_0.date,
        e1_0.description,
        e1_0.end_date,
        e1_0.end_time,
        e1_0.icon,
        e1_0.start_time,
        e1_0.title,
        e1_0.updated_at 
    from
        event e1_0 
    where
        e1_0.date=? 
    order by
        e1_0.start_time
Hibernate: 
    select
        e1_0.id,
        e1_0.category,
        e1_0.color,
        e1_0.created_at,
        e1_0.date,
        e1_0.description,
        e1_0.end_date,
        e1_0.end_time,
        e1_0.icon,
        e1_0.start_time,
        e1_0.title,
        e1_0.updated_at 
    from
        event e1_0 
    where
        e1_0.date=? 
    order by
        e1_0.start_time
]]></system-out>
  </testcase>
  <testcase name="shouldFindEventsByCategory" classname="com.catsbanque.mabanquetools.repository.EventRepositoryTest" time="0.011">
    <system-out><![CDATA[2025-12-18 22:00:57 - 
    insert 
    into
        event
        (category, color, created_at, date, description, end_date, end_time, icon, start_time, title, updated_at, id) 
    values
        (?, ?, ?, ?, ?, ?, ?, ?, ?, ?, ?, ?)
Hibernate: 
    insert 
    into
        event
        (category, color, created_at, date, description, end_date, end_time, icon, start_time, title, updated_at, id) 
    values
        (?, ?, ?, ?, ?, ?, ?, ?, ?, ?, ?, ?)
2025-12-18 22:00:57 - 
    insert 
    into
        event
        (category, color, created_at, date, description, end_date, end_time, icon, start_time, title, updated_at, id) 
    values
        (?, ?, ?, ?, ?, ?, ?, ?, ?, ?, ?, ?)
Hibernate: 
    insert 
    into
        event
        (category, color, created_at, date, description, end_date, end_time, icon, start_time, title, updated_at, id) 
    values
        (?, ?, ?, ?, ?, ?, ?, ?, ?, ?, ?, ?)
2025-12-18 22:00:57 - 
    insert 
    into
        event
        (category, color, created_at, date, description, end_date, end_time, icon, start_time, title, updated_at, id) 
    values
        (?, ?, ?, ?, ?, ?, ?, ?, ?, ?, ?, ?)
Hibernate: 
    insert 
    into
        event
        (category, color, created_at, date, description, end_date, end_time, icon, start_time, title, updated_at, id) 
    values
        (?, ?, ?, ?, ?, ?, ?, ?, ?, ?, ?, ?)
2025-12-18 22:00:57 - 
    select
        e1_0.id,
        e1_0.category,
        e1_0.color,
        e1_0.created_at,
        e1_0.date,
        e1_0.description,
        e1_0.end_date,
        e1_0.end_time,
        e1_0.icon,
        e1_0.start_time,
        e1_0.title,
        e1_0.updated_at 
    from
        event e1_0 
    where
        e1_0.category=?
Hibernate: 
    select
        e1_0.id,
        e1_0.category,
        e1_0.color,
        e1_0.created_at,
        e1_0.date,
        e1_0.description,
        e1_0.end_date,
        e1_0.end_time,
        e1_0.icon,
        e1_0.start_time,
        e1_0.title,
        e1_0.updated_at 
    from
        event e1_0 
    where
        e1_0.category=?
2025-12-18 22:00:57 - 
    select
        e1_0.id,
        e1_0.category,
        e1_0.color,
        e1_0.created_at,
        e1_0.date,
        e1_0.description,
        e1_0.end_date,
        e1_0.end_time,
        e1_0.icon,
        e1_0.start_time,
        e1_0.title,
        e1_0.updated_at 
    from
        event e1_0 
    where
        e1_0.category=?
Hibernate: 
    select
        e1_0.id,
        e1_0.category,
        e1_0.color,
        e1_0.created_at,
        e1_0.date,
        e1_0.description,
        e1_0.end_date,
        e1_0.end_time,
        e1_0.icon,
        e1_0.start_time,
        e1_0.title,
        e1_0.updated_at 
    from
        event e1_0 
    where
        e1_0.category=?
]]></system-out>
  </testcase>
</testsuite>